0 0
0.01 -3.46792e-05
0.02 -3.65036e-05
0.03 -3.32318e-05
0.04 -3.76394e-05
0.05 -3.21682e-05
0.06 -3.86613e-05
0.07 -3.14846e-05
0.08 -3.88293e-05
0.09 -3.17098e-05
0.1 -3.84835e-05
0.11 -3.2154e-05
0.12 -3.77603e-05
0.13 -3.32609e-05
0.14 -3.64531e-05
0.15 -3.4527e-05
0.16 -3.52714e-05
0.17 -3.57677e-05
0.18 -3.39252e-05
0.19 -3.70506e-05
0.2 -3.29019e-05
0.21 -3.78043e-05
0.22 -3.22772e-05
0.23 -3.83417e-05
0.24 -3.19432e-05
0.25 -3.83373e-05
0.26 -3.22325e-05
0.27 -3.79016e-05
0.28 -3.27371e-05
0.29 -3.72316e-05
0.3 -3.3607e-05
0.31 -3.62028e-05
0.32 -3.46193e-05
0.33 -3.52501e-05
0.34 -3.55461e-05
0.35 -3.43364e-05
0.36 -3.65732e-05
0.37 -3.35759e-05
0.38 -3.6907e-05
0.39 -3.30965e-05
0.4 -3.73849e-05
0.41 -3.2883e-05
0.42 -3.72205e-05
0.43 -3.31802e-05
0.44 -3.69926e-05
0.45 -3.36202e-05
0.46 -3.66644e-05
0.47 -3.44044e-05
0.48 -3.60376e-05
0.49 -3.52025e-05
0.5 -3.54109e-05
0.51 -3.57365e-05
0.52 -3.48537e-05
0.53 -3.63682e-05
0.54 -3.41571e-05
0.55 -3.63631e-05
0.56 -3.38961e-05
0.57 -3.63814e-05
0.58 -3.35291e-05
0.59 -3.63182e-05
0.6 -3.39866e-05
0.61 -3.585e-05
0.62 -3.41715e-05
0.63 -3.58534e-05
0.64 -3.52091e-05
0.65 -3.56949e-05
0.66 -3.56202e-05
0.67 -3.46506e-05
0.68 -3.53401e-05
0.69 -3.41721e-05
0.7 -3.5964e-05
0.71 -3.38293e-05
0.72 -3.59006e-05
0.73 -3.39058e-05
0.74 -3.62502e-05
0.75 -3.45019e-05
0.76 -3.68641e-05
0.77 -3.47725e-05
0.78 -3.61005e-05
0.79 -3.52621e-05
0.8 -3.61561e-05
0.81 -3.52969e-05
0.82 -3.56382e-05
0.83 -3.60805e-05
0.84 -3.52418e-05
0.85 -3.60369e-05
0.86 -3.48941e-05
0.87 -3.58476e-05
0.88 -3.46475e-05
0.89 -3.70173e-05
0.9 -3.48946e-05
0.91 -3.60694e-05
0.92 -3.51493e-05
0.93 -3.67452e-05
0.94 -3.47496e-05
0.95 -3.58708e-05
0.96 -3.4718e-05
0.97 -3.43826e-05
0.98 -3.42851e-05
0.99 -3.51799e-05
1 -3.46621e-05
1.01 -3.41931e-05
1.02 -3.60444e-05
1.03 -3.52994e-05
1.04 -3.5541e-05
1.05 -3.55637e-05
1.06 -3.69381e-05
1.07 -3.47676e-05
1.08 -3.59625e-05
1.09 -3.53385e-05
1.1 -3.44425e-05
1.11 -3.32742e-05
1.12 -3.54424e-05
1.13 -3.46861e-05
1.14 -3.35881e-05
1.15 -3.45741e-05
1.16 -3.5065e-05
1.17 -3.40508e-05
1.18 -3.37324e-05
1.19 -3.54267e-05
1.2 -3.41497e-05
1.21 -3.50345e-05
1.22 -3.59943e-05
1.23 -3.55766e-05
1.24 -3.24206e-05
1.25 -3.465e-05
1.26 -3.5421e-05
1.27 -3.38664e-05
1.28 -3.31871e-05
1.29 -3.54845e-05
1.3 -3.43799e-05
1.31 -3.30848e-05
1.32 -3.47569e-05
1.33 -3.48936e-05
1.34 -3.35283e-05
1.35 -3.3715e-05
1.36 -3.55512e-05
1.37 -3.43629e-05
1.38 -3.47679e-05
1.39 -3.43952e-05
1.4 -3.40847e-05
1.41 -3.34934e-05
1.42 -3.50303e-05
1.43 -3.39995e-05
1.44 -3.37476e-05
1.45 -3.42866e-05
1.46 -3.46523e-05
1.47 -3.36265e-05
1.48 -3.40267e-05
1.49 -3.46994e-05
1.5 -3.38673e-05
1.51 -3.38895e-05
1.52 -3.43192e-05
1.53 -3.43698e-05
1.54 -3.34161e-05
1.55 -3.43789e-05
1.56 -3.41955e-05
1.57 -3.39396e-05
1.58 -3.37201e-05
1.59 -3.45711e-05
1.6 -3.38661e-05
1.61 -3.42658e-05
1.62 -3.5344e-05
1.63 -3.48423e-05
1.64 -3.31999e-05
1.65 -3.46742e-05
1.66 -3.61684e-05
1.67 -3.33835e-05
1.68 -3.26738e-05
1.69 -3.51354e-05
1.7 -3.49062e-05
1.71 -3.24158e-05
1.72 -3.43542e-05
1.73 -3.52143e-05
1.74 -3.3322e-05
1.75 -3.32321e-05
1.76 -3.56139e-05
1.77 -3.53554e-05
1.78 -3.54923e-05
1.79 -3.61062e-05
1.8 -3.40087e-05
1.81 -3.25262e-05
1.82 -3.46197e-05
1.83 -3.51031e-05
1.84 -3.27993e-05
1.85 -3.37886e-05
1.86 -3.51399e-05
1.87 -3.37588e-05
1.88 -3.29884e-05
1.89 -3.50058e-05
1.9 -3.43053e-05
1.91 -3.31151e-05
1.92 -3.41726e-05
1.93 -3.49292e-05
1.94 -3.33341e-05
1.95 -3.36824e-05
1.96 -3.48687e-05
1.97 -3.39504e-05
1.98 -3.36e-05
1.99 -3.55276e-05
2 -3.59077e-05
2.01 -3.40921e-05
2.02 -3.49043e-05
2.03 -3.67141e-05
2.04 -3.65855e-05
2.05 -3.65673e-05
2.06 -3.82525e-05
2.07 -3.59053e-05
2.08 -3.21762e-05
2.09 -3.34517e-05
2.1 -3.58698e-05
2.11 -3.34801e-05
2.12 -3.26731e-05
2.13 -3.53438e-05
2.14 -3.54061e-05
2.15 -3.40231e-05
2.16 -3.55551e-05
2.17 -3.65117e-05
2.18 -3.4355e-05
2.19 -3.47364e-05
2.2 -3.62829e-05
2.21 -3.39216e-05
2.22 -3.21506e-05
2.23 -3.56962e-05
2.24 -3.63617e-05
2.25 -3.27371e-05
2.26 -3.28515e-05
2.27 -3.56477e-05
2.28 -3.4577e-05
2.29 -3.43345e-05
2.3 -3.74708e-05
2.31 -3.75399e-05
2.32 -3.56795e-05
2.33 -3.68875e-05
2.34 -3.73675e-05
2.35 -3.47628e-05
2.36 -3.51946e-05
2.37 -3.72354e-05
2.38 -3.59152e-05
2.39 -3.45699e-05
2.4 -3.59472e-05
2.41 -3.44771e-05
2.42 -3.224e-05
2.43 -3.41599e-05
2.44 -3.53838e-05
2.45 -3.29405e-05
2.46 -3.31385e-05
2.47 -3.53001e-05
2.48 -3.39046e-05
2.49 -3.27166e-05
2.5 -3.46016e-05
2.51 -3.47596e-05
2.52 -3.35067e-05
2.53 -3.5037e-05
2.54 -3.52423e-05
2.55 -3.35824e-05
2.56 -3.42616e-05
2.57 -3.48337e-05
2.58 -3.29598e-05
2.59 -3.34352e-05
2.6 -3.57962e-05
2.61 -3.70427e-05
2.62 -3.80914e-05
2.63 -3.81985e-05
2.64 -3.58479e-05
2.65 -3.35824e-05
2.66 -3.35679e-05
2.67 -3.40402e-05
2.68 -3.38592e-05
2.69 -3.3794e-05
2.7 -3.53391e-05
2.71 -3.69465e-05
2.72 -3.56815e-05
2.73 -3.32702e-05
2.74 -3.38544e-05
2.75 -3.46657e-05
2.76 -3.33012e-05
2.77 -3.32346e-05
2.78 -3.45193e-05
2.79 -3.38064e-05
2.8 -3.30012e-05
2.81 -3.41364e-05
2.82 -3.42325e-05
2.83 -3.31506e-05
2.84 -3.37278e-05
2.85 -3.54383e-05
2.86 -3.68136e-05
2.87 -3.81274e-05
2.88 -3.75326e-05
2.89 -3.46511e-05
2.9 -3.28949e-05
2.91 -3.37522e-05
2.92 -3.42002e-05
2.93 -3.37626e-05
2.94 -3.55695e-05
2.95 -3.85806e-05
2.96 -3.82692e-05
2.97 -3.65066e-05
2.98 -3.75552e-05
2.99 -3.84789e-05
3 -3.69431e-05
3.01 -3.60453e-05
3.02 -3.52692e-05
3.03 -3.28141e-05
3.04 -3.27247e-05
3.05 -3.47359e-05
3.06 -3.38946e-05
3.07 -3.24362e-05
3.08 -3.4015e-05
3.09 -3.44828e-05
3.1 -3.27789e-05
3.11 -3.32788e-05
3.12 -3.45885e-05
3.13 -3.33927e-05
3.14 -3.28392e-05
3.15 -3.42831e-05
3.16 -3.44641e-05
3.17 -3.46324e-05
3.18 -3.64174e-05
3.19 -3.70907e-05
3.2 -3.68882e-05
3.21 -3.78646e-05
3.22 -3.78538e-05
3.23 -3.67068e-05
3.24 -3.63879e-05
3.25 -3.56805e-05
3.26 -3.46797e-05
3.27 -3.54698e-05
3.28 -3.5569e-05
3.29 -3.37035e-05
3.3 -3.38646e-05
3.31 -3.57287e-05
3.32 -3.56201e-05
3.33 -3.49323e-05
3.34 -3.56697e-05
3.35 -3.56912e-05
3.36 -3.4925e-05
3.37 -3.53189e-05
3.38 -3.58316e-05
3.39 -3.52246e-05
3.4 -3.5878e-05
3.41 -3.79407e-05
3.42 -3.79125e-05
3.43 -3.64793e-05
3.44 -3.71323e-05
3.45 -3.79753e-05
3.46 -3.6087e-05
3.47 -3.44565e-05
3.48 -3.5025e-05
3.49 -3.4319e-05
3.5 -3.23667e-05
3.51 -3.38603e-05
3.52 -3.6665e-05
3.53 -3.55812e-05
3.54 -3.44076e-05
3.55 -3.73242e-05
3.56 -3.80655e-05
3.57 -3.41992e-05
3.58 -3.3802e-05
3.59 -3.68857e-05
3.6 -3.57077e-05
3.61 -3.35083e-05
3.62 -3.56951e-05
3.63 -3.64673e-05
3.64 -3.40278e-05
3.65 -3.46632e-05
3.66 -3.65737e-05
3.67 -3.49061e-05
3.68 -3.40654e-05
3.69 -3.6074e-05
3.7 -3.57341e-05
3.71 -3.4032e-05
3.72 -3.5237e-05
3.73 -3.60648e-05
3.74 -3.4444e-05
3.75 -3.45776e-05
3.76 -3.60075e-05
3.77 -3.50809e-05
3.78 -3.42613e-05
3.79 -3.55785e-05
3.8 -3.5588e-05
3.81 -3.43117e-05
3.82 -3.49294e-05
3.83 -3.57183e-05
3.84 -3.46903e-05
3.85 -3.4731e-05
3.86 -3.67915e-05
3.87 -3.79834e-05
3.88 -3.82138e-05
3.89 -3.90533e-05
3.9 -3.91183e-05
3.91 -3.81915e-05
3.92 -3.8171e-05
3.93 -3.72916e-05
3.94 -3.43353e-05
3.95 -3.37565e-05
3.96 -3.58793e-05
3.97 -3.54273e-05
3.98 -3.37329e-05
3.99 -3.44396e-05
4 -3.38033e-05
4.01 -3.07498e-05
4.02 -3.0422e-05
4.03 -3.19493e-05
4.04 -3.15001e-05
4.05 -3.19203e-05
4.06 -3.46735e-05
4.07 -3.54319e-05
4.08 -3.4183e-05
4.09 -3.45615e-05
4.1 -3.5334e-05
4.11 -3.4496e-05
4.12 -3.42874e-05
4.13 -3.51717e-05
4.14 -3.48574e-05
4.15 -3.42013e-05
4.16 -3.4834e-05
4.17 -3.50163e-05
4.18 -3.44296e-05
4.19 -3.59046e-05
4.2 -3.88363e-05
4.21 -3.91885e-05
4.22 -3.76396e-05
4.23 -3.80737e-05
4.24 -3.91241e-05
4.25 -3.81934e-05
4.26 -3.77037e-05
4.27 -3.81667e-05
4.28 -3.59467e-05
4.29 -3.30866e-05
4.3 -3.39816e-05
4.31 -3.4091e-05
4.32 -3.00267e-05
4.33 -2.90322e-05
4.34 -3.24683e-05
4.35 -3.25587e-05
4.36 -3.09202e-05
4.37 -3.33695e-05
4.38 -3.55158e-05
4.39 -3.39854e-05
4.4 -3.37193e-05
4.41 -3.5227e-05
4.42 -3.45256e-05
4.43 -3.35423e-05
4.44 -3.47251e-05
4.45 -3.48905e-05
4.46 -3.36153e-05
4.47 -3.41431e-05
4.48 -3.50766e-05
4.49 -3.51864e-05
4.5 -3.75827e-05
4.51 -3.98434e-05
4.52 -3.77586e-05
4.53 -3.65598e-05
4.54 -3.89851e-05
4.55 -3.87726e-05
4.56 -3.6567e-05
4.57 -3.79257e-05
4.58 -3.89151e-05
4.59 -3.54416e-05
4.6 -3.30291e-05
4.61 -3.43547e-05
4.62 -3.40503e-05
4.63 -3.22345e-05
4.64 -3.35648e-05
4.65 -3.45549e-05
4.66 -3.27443e-05
4.67 -3.35656e-05
4.68 -3.56018e-05
4.69 -3.34602e-05
4.7 -3.16711e-05
4.71 -3.41014e-05
4.72 -3.52003e-05
4.73 -3.32098e-05
4.74 -3.33518e-05
4.75 -3.49609e-05
4.76 -3.39414e-05
4.77 -3.30298e-05
4.78 -3.44676e-05
4.79 -3.44912e-05
4.8 -3.31235e-05
4.81 -3.38016e-05
4.82 -3.4604e-05
4.83 -3.34683e-05
4.84 -3.36177e-05
4.85 -3.6566e-05
4.86 -3.86545e-05
4.87 -3.77047e-05
4.88 -3.67797e-05
4.89 -3.78241e-05
4.9 -3.77024e-05
4.91 -3.49024e-05
4.92 -3.35049e-05
4.93 -3.46137e-05
4.94 -3.4117e-05
4.95 -3.2705e-05
4.96 -3.35795e-05
4.97 -3.35833e-05
4.98 -3.20752e-05
4.99 -3.35407e-05
5 -3.5053e-05
5.01 -3.29958e-05
5.02 -3.25517e-05
5.03 -3.47163e-05
5.04 -3.39288e-05
5.05 -3.2348e-05
5.06 -3.39312e-05
5.07 -3.45068e-05
5.08 -3.30017e-05
5.09 -3.50529e-05
5.1 -3.87523e-05
5.11 -3.773e-05
5.12 -3.57263e-05
5.13 -3.75691e-05
5.14 -3.83205e-05
5.15 -3.61716e-05
5.16 -3.65067e-05
5.17 -3.74204e-05
5.18 -3.45426e-05
5.19 -3.24574e-05
5.2 -3.38036e-05
5.21 -3.37526e-05
5.22 -3.24001e-05
5.23 -3.33106e-05
5.24 -3.40036e-05
5.25 -3.22962e-05
5.26 -3.10678e-05
5.27 -3.19791e-05
5.28 -3.33763e-05
5.29 -3.36047e-05
5.3 -3.34589e-05
5.31 -3.57359e-05
5.32 -3.83922e-05
5.33 -3.69442e-05
5.34 -3.42704e-05
5.35 -3.38365e-05
5.36 -3.33663e-05
5.37 -3.36815e-05
5.38 -3.64996e-05
5.39 -3.75679e-05
5.4 -3.6033e-05
5.41 -3.62361e-05
5.42 -3.73763e-05
5.43 -3.64507e-05
5.44 -3.59229e-05
5.45 -3.70553e-05
5.46 -3.68517e-05
5.47 -3.58189e-05
5.48 -3.65143e-05
5.49 -3.70634e-05
5.5 -3.60912e-05
5.51 -3.60731e-05
5.52 -3.68868e-05
5.53 -3.63312e-05
5.54 -3.47257e-05
5.55 -3.2791e-05
5.56 -3.15979e-05
5.57 -3.25582e-05
5.58 -3.3301e-05
5.59 -3.21166e-05
5.6 -3.19754e-05
5.61 -3.30931e-05
5.62 -3.25344e-05
5.63 -3.17256e-05
5.64 -3.2655e-05
5.65 -3.28757e-05
5.66 -3.18479e-05
5.67 -3.23024e-05
5.68 -3.3999e-05
5.69 -3.45734e-05
5.7 -3.41063e-05
5.71 -3.40906e-05
5.72 -3.50718e-05
5.73 -3.62563e-05
5.74 -3.62984e-05
5.75 -3.55861e-05
5.76 -3.5759e-05
5.77 -3.63611e-05
5.78 -3.65665e-05
5.79 -3.66913e-05
5.8 -3.59857e-05
5.81 -3.46306e-05
5.82 -3.34328e-05
5.83 -3.18239e-05
5.84 -3.11205e-05
5.85 -3.23566e-05
5.86 -3.25288e-05
5.87 -3.13317e-05
5.88 -3.22901e-05
5.89 -3.40526e-05
5.9 -3.4138e-05
5.91 -3.52623e-05
5.92 -3.68288e-05
5.93 -3.54743e-05
5.94 -3.51136e-05
5.95 -3.7611e-05
5.96 -3.71819e-05
5.97 -3.46397e-05
5.98 -3.52756e-05
5.99 -3.63319e-05
6 -3.49006e-05
6.01 -3.479e-05
6.02 -3.61416e-05
6.03 -3.49935e-05
6.04 -3.27511e-05
6.05 -3.25109e-05
6.06 -3.26911e-05
6.07 -3.18993e-05
6.08 -3.13087e-05
6.09 -3.13621e-05
6.1 -3.1569e-05
6.11 -3.23108e-05
6.12 -3.38313e-05
6.13 -3.50465e-05
6.14 -3.52596e-05
6.15 -3.50465e-05
6.16 -3.48629e-05
6.17 -3.40867e-05
6.18 -3.28382e-05
6.19 -3.31166e-05
6.2 -3.51673e-05
6.21 -3.5736e-05
6.22 -3.4426e-05
6.23 -3.43097e-05
6.24 -3.43274e-05
6.25 -3.25185e-05
6.26 -3.21697e-05
6.27 -3.39353e-05
6.28 -3.42772e-05
6.29 -3.42788e-05
6.3 -3.53878e-05
6.31 -3.55217e-05
6.32 -3.59251e-05
6.33 -3.81638e-05
6.34 -3.8467e-05
6.35 -3.66238e-05
6.36 -3.63227e-05
6.37 -3.55323e-05
6.38 -3.33802e-05
6.39 -3.40094e-05
6.4 -3.47316e-05
6.41 -3.15114e-05
6.42 -3.02122e-05
6.43 -3.33873e-05
6.44 -3.46877e-05
6.45 -3.3631e-05
6.46 -3.45411e-05
6.47 -3.51906e-05
6.48 -3.37967e-05
6.49 -3.41486e-05
6.5 -3.70647e-05
6.51 -3.89336e-05
6.52 -3.79847e-05
6.53 -3.59002e-05
6.54 -3.48375e-05
6.55 -3.4371e-05
6.56 -3.2954e-05
6.57 -3.20837e-05
6.58 -3.37526e-05
6.59 -3.52715e-05
6.6 -3.40238e-05
6.61 -3.33107e-05
6.62 -3.46891e-05
6.63 -3.46083e-05
6.64 -3.33647e-05
6.65 -3.41406e-05
6.66 -3.55017e-05
6.67 -3.51176e-05
6.68 -3.49091e-05
6.69 -3.62551e-05
6.7 -3.71479e-05
6.71 -3.73722e-05
6.72 -3.83515e-05
6.73 -3.90736e-05
6.74 -3.83473e-05
6.75 -3.73892e-05
6.76 -3.6888e-05
6.77 -3.52248e-05
6.78 -3.2969e-05
6.79 -3.3341e-05
6.8 -3.48025e-05
6.81 -3.38401e-05
6.82 -3.35845e-05
6.83 -3.54645e-05
6.84 -3.45021e-05
6.85 -3.2554e-05
6.86 -3.49351e-05
6.87 -3.58949e-05
6.88 -3.22523e-05
6.89 -3.24091e-05
6.9 -3.5613e-05
6.91 -3.38231e-05
6.92 -3.18009e-05
6.93 -3.45563e-05
6.94 -3.48768e-05
6.95 -3.20965e-05
6.96 -3.32487e-05
6.97 -3.51664e-05
6.98 -3.3635e-05
6.99 -3.44451e-05
7 -3.72402e-05
7.01 -3.5864e-05
7.02 -3.52039e-05
7.03 -3.87735e-05
7.04 -3.86176e-05
7.05 -3.54273e-05
7.06 -3.71792e-05
7.07 -3.91299e-05
7.08 -3.63567e-05
7.09 -3.60144e-05
7.1 -3.86376e-05
7.11 -3.65291e-05
7.12 -3.32705e-05
7.13 -3.53895e-05
7.14 -3.68483e-05
7.15 -3.43199e-05
7.16 -3.52726e-05
7.17 -3.89717e-05
7.18 -3.79751e-05
7.19 -3.68241e-05
7.2 -4.00903e-05
7.21 -4.01468e-05
7.22 -3.61163e-05
7.23 -3.59908e-05
7.24 -3.69773e-05
7.25 -3.36961e-05
7.26 -3.18649e-05
7.27 -3.3756e-05
7.28 -3.29434e-05
7.29 -3.09951e-05
7.3 -3.34395e-05
7.31 -3.54273e-05
7.32 -3.40248e-05
7.33 -3.46341e-05
7.34 -3.62323e-05
7.35 -3.46212e-05
7.36 -3.444e-05
7.37 -3.76867e-05
7.38 -3.796e-05
7.39 -3.57503e-05
7.4 -3.80539e-05
7.41 -4.19825e-05
7.42 -4.03286e-05
7.43 -3.69755e-05
7.44 -3.74245e-05
7.45 -3.76033e-05
7.46 -3.53351e-05
7.47 -3.46825e-05
7.48 -3.53221e-05
7.49 -3.54306e-05
7.5 -3.66804e-05
7.51 -3.76574e-05
7.52 -3.63005e-05
7.53 -3.59606e-05
7.54 -3.79428e-05
7.55 -3.80433e-05
7.56 -3.5928e-05
7.57 -3.59452e-05
7.58 -3.7425e-05
7.59 -3.66991e-05
7.6 -3.57436e-05
7.61 -3.68287e-05
7.62 -3.70319e-05
7.63 -3.58963e-05
7.64 -3.63393e-05
7.65 -3.71361e-05
7.66 -3.60645e-05
7.67 -3.44433e-05
7.68 -3.29418e-05
7.69 -3.1831e-05
7.7 -3.24539e-05
7.71 -3.29047e-05
7.72 -3.03647e-05
7.73 -2.82392e-05
7.74 -2.94802e-05
7.75 -3.07228e-05
7.76 -3.15611e-05
7.77 -3.34477e-05
7.78 -3.33342e-05
7.79 -3.30058e-05
7.8 -3.66654e-05
7.81 -3.82949e-05
7.82 -3.49172e-05
7.83 -3.41819e-05
7.84 -3.67746e-05
7.85 -3.65564e-05
7.86 -3.53472e-05
7.87 -3.65125e-05
7.88 -3.68131e-05
7.89 -3.55408e-05
7.9 -3.59424e-05
7.91 -3.68304e-05
7.92 -3.59714e-05
7.93 -3.64485e-05
7.94 -3.87901e-05
7.95 -3.8628e-05
7.96 -3.68513e-05
7.97 -3.72044e-05
7.98 -3.68423e-05
7.99 -3.42154e-05
8 -3.44767e-05
8.01 -3.72366e-05
8.02 -3.66056e-05
8.03 -3.47847e-05
8.04 -3.68484e-05
8.05 -3.83942e-05
8.06 -3.624e-05
8.07 -3.56203e-05
8.08 -3.70097e-05
8.09 -3.66394e-05
8.1 -3.64783e-05
8.11 -3.787e-05
8.12 -3.84339e-05
8.13 -3.91372e-05
8.14 -4.05919e-05
8.15 -4.01453e-05
8.16 -3.87955e-05
8.17 -3.8415e-05
8.18 -3.65488e-05
8.19 -3.34668e-05
8.2 -3.20865e-05
8.21 -3.09692e-05
8.22 -2.85925e-05
8.23 -2.76031e-05
8.24 -2.87155e-05
8.25 -2.88782e-05
8.26 -2.80507e-05
8.27 -2.94931e-05
8.28 -3.24944e-05
8.29 -3.3394e-05
8.3 -3.3846e-05
8.31 -3.64957e-05
8.32 -3.73552e-05
8.33 -3.51385e-05
8.34 -3.53513e-05
8.35 -3.72002e-05
8.36 -3.53945e-05
8.37 -3.28195e-05
8.38 -3.3128e-05
8.39 -3.3052e-05
8.4 -3.27109e-05
8.41 -3.52519e-05
8.42 -3.7088e-05
8.43 -3.56681e-05
8.44 -3.53702e-05
8.45 -3.64148e-05
8.46 -3.41443e-05
8.47 -3.08899e-05
8.48 -3.1812e-05
8.49 -3.34631e-05
8.5 -3.18968e-05
8.51 -3.1299e-05
8.52 -3.30183e-05
8.53 -3.26103e-05
8.54 -3.12579e-05
8.55 -3.23874e-05
8.56 -3.30441e-05
8.57 -3.26158e-05
8.58 -3.55614e-05
8.59 -3.91206e-05
8.6 -3.9058e-05
8.61 -4.06309e-05
8.62 -4.49422e-05
8.63 -4.46597e-05
8.64 -4.19381e-05
8.65 -4.33381e-05
8.66 -4.30157e-05
8.67 -3.79584e-05
8.68 -3.75082e-05
8.69 -4.05679e-05
8.7 -3.81339e-05
8.71 -3.66618e-05
8.72 -4.14438e-05
8.73 -4.17652e-05
8.74 -3.69118e-05
8.75 -3.68351e-05
8.76 -3.76143e-05
8.77 -3.35116e-05
8.78 -3.13914e-05
8.79 -3.30295e-05
8.8 -3.25262e-05
8.81 -3.14623e-05
8.82 -3.36824e-05
8.83 -3.56227e-05
8.84 -3.53221e-05
8.85 -3.60335e-05
8.86 -3.69361e-05
8.87 -3.58129e-05
8.88 -3.54956e-05
8.89 -3.67512e-05
8.9 -3.63317e-05
8.91 -3.47642e-05
8.92 -3.34901e-05
8.93 -3.09023e-05
8.94 -2.80445e-05
8.95 -2.73388e-05
8.96 -2.7e-05
8.97 -2.7331e-05
8.98 -3.10551e-05
8.99 -3.44523e-05
9 -3.48101e-05
9.01 -3.64931e-05
9.02 -3.85642e-05
9.03 -3.62276e-05
9.04 -3.31937e-05
9.05 -3.19786e-05
9.06 -2.8315e-05
9.07 -2.43645e-05
9.08 -2.46786e-05
9.09 -2.38728e-05
9.1 -1.97893e-05
9.11 -2.08048e-05
9.12 -2.57879e-05
9.13 -2.6423e-05
9.14 -2.71208e-05
9.15 -3.22933e-05
9.16 -3.44177e-05
9.17 -3.38724e-05
9.18 -3.74327e-05
9.19 -4.05987e-05
9.2 -4.03372e-05
9.21 -4.32715e-05
9.22 -4.84262e-05
9.23 -4.85497e-05
9.24 -4.69427e-05
9.25 -4.87901e-05
9.26 -4.90649e-05
9.27 -4.62456e-05
9.28 -4.69778e-05
9.29 -4.92395e-05
9.3 -4.73822e-05
9.31 -4.62941e-05
9.32 -4.86112e-05
9.33 -4.83197e-05
9.34 -4.54273e-05
9.35 -4.41172e-05
9.36 -4.19871e-05
9.37 -3.65098e-05
9.38 -2.93072e-05
9.39 -2.12431e-05
9.4 -1.30657e-05
9.41 -8.10531e-06
9.42 -7.52781e-06
9.43 -8.4639e-06
9.44 -1.04634e-05
9.45 -1.58544e-05
9.46 -2.33839e-05
9.47 -3.03211e-05
9.48 -3.61103e-05
9.49 -3.92424e-05
9.5 -3.96452e-05
9.51 -4.01165e-05
9.52 -4.05851e-05
9.53 -3.82458e-05
9.54 -3.41961e-05
9.55 -3.1571e-05
9.56 -2.96723e-05
9.57 -2.78281e-05
9.58 -2.84216e-05
9.59 -2.98774e-05
9.6 -2.87603e-05
9.61 -2.79701e-05
9.62 -2.94464e-05
9.63 -3.01156e-05
9.64 -3.09107e-05
9.65 -3.39117e-05
9.66 -3.61101e-05
9.67 -3.64868e-05
9.68 -3.73069e-05
9.69 -3.83309e-05
9.7 -3.77297e-05
9.71 -3.61266e-05
9.72 -3.60164e-05
9.73 -3.61548e-05
9.74 -3.30116e-05
9.75 -2.92522e-05
9.76 -2.84937e-05
9.77 -2.70169e-05
9.78 -2.43115e-05
9.79 -2.66644e-05
9.8 -3.13207e-05
9.81 -3.13176e-05
9.82 -3.19548e-05
9.83 -3.71444e-05
9.84 -3.85319e-05
9.85 -3.45543e-05
9.86 -3.30776e-05
9.87 -3.36433e-05
9.88 -3.23853e-05
9.89 -3.22435e-05
9.9 -3.32758e-05
9.91 -3.19453e-05
9.92 -3.1932e-05
9.93 -3.62186e-05
9.94 -3.91669e-05
9.95 -4.02323e-05
9.96 -4.51645e-05
9.97 -4.97276e-05
9.98 -4.77121e-05
9.99 -4.40717e-05
10 -4.1274e-05
10.01 -3.43937e-05
10.02 -2.73846e-05
10.03 -2.68512e-05
10.04 -2.68534e-05
10.05 -2.40884e-05
10.06 -2.54047e-05
10.07 -2.95596e-05
10.08 -2.97434e-05
10.09 -2.94978e-05
10.1 -3.1838e-05
10.11 -3.08736e-05
10.12 -2.75229e-05
10.13 -2.90028e-05
10.14 -3.12304e-05
10.15 -2.90241e-05
10.16 -2.97219e-05
10.17 -3.56568e-05
10.18 -3.93456e-05
10.19 -4.18365e-05
10.2 -4.71872e-05
10.21 -4.96597e-05
10.22 -4.76826e-05
10.23 -4.79616e-05
10.24 -4.98044e-05
10.25 -4.91026e-05
10.26 -4.86731e-05
10.27 -4.92739e-05
10.28 -4.82299e-05
10.29 -4.66444e-05
10.3 -4.44418e-05
10.31 -4.04194e-05
10.32 -3.69751e-05
10.33 -3.39205e-05
10.34 -2.98609e-05
10.35 -2.79809e-05
10.36 -2.91141e-05
10.37 -2.98907e-05
10.38 -2.96626e-05
10.39 -3.05754e-05
10.4 -3.37935e-05
10.41 -3.7382e-05
10.42 -3.80147e-05
10.43 -3.67712e-05
10.44 -3.67145e-05
10.45 -3.58134e-05
10.46 -3.20755e-05
10.47 -2.93278e-05
10.48 -2.88274e-05
10.49 -2.766e-05
10.5 -2.70846e-05
10.51 -2.89673e-05
10.52 -3.03155e-05
10.53 -2.98846e-05
10.54 -3.07332e-05
10.55 -3.29371e-05
10.56 -3.36776e-05
10.57 -3.33819e-05
10.58 -3.38814e-05
10.59 -3.51471e-05
10.6 -3.71694e-05
10.61 -3.93579e-05
10.62 -4.10109e-05
10.63 -4.35066e-05
10.64 -4.76563e-05
10.65 -5.08941e-05
10.66 -5.22842e-05
10.67 -5.48721e-05
10.68 -5.71847e-05
10.69 -5.55892e-05
10.7 -5.40833e-05
10.71 -5.51461e-05
10.72 -5.3635e-05
10.73 -5.0491e-05
10.74 -4.99678e-05
10.75 -4.76111e-05
10.76 -4.16743e-05
10.77 -3.83334e-05
10.78 -3.6403e-05
10.79 -3.13975e-05
10.8 -2.74757e-05
10.81 -2.60758e-05
10.82 -2.21771e-05
10.83 -1.77109e-05
10.84 -1.69409e-05
10.85 -1.51461e-05
10.86 -1.03163e-05
10.87 -8.48997e-06
10.88 -8.85696e-06
10.89 -6.85677e-06
10.9 -6.31393e-06
10.91 -8.52313e-06
10.92 -8.12158e-06
10.93 -7.72289e-06
10.94 -1.20645e-05
10.95 -1.55341e-05
10.96 -1.61091e-05
10.97 -2.13952e-05
10.98 -3.12416e-05
10.99 -3.94511e-05
11 -4.75607e-05
11.01 -5.65051e-05
11.02 -6.06901e-05
11.03 -6.03695e-05
11.04 -6.0551e-05
11.05 -5.99146e-05
11.06 -5.61514e-05
11.07 -5.03443e-05
11.08 -4.16449e-05
11.09 -3.21422e-05
11.1 -2.73749e-05
11.11 -2.51549e-05
11.12 -2.19339e-05
11.13 -2.2096e-05
11.14 -2.63529e-05
11.15 -2.82967e-05
11.16 -2.77341e-05
11.17 -2.92992e-05
11.18 -3.15004e-05
11.19 -3.17913e-05
11.2 -3.34948e-05
11.21 -3.73873e-05
11.22 -3.98571e-05
11.23 -4.22299e-05
11.24 -4.61615e-05
11.25 -4.81711e-05
11.26 -4.85955e-05
11.27 -4.99176e-05
11.28 -4.88463e-05
11.29 -4.54853e-05
11.3 -4.46269e-05
11.31 -4.47363e-05
11.32 -4.35093e-05
11.33 -4.38418e-05
11.34 -4.51427e-05
11.35 -4.55011e-05
11.36 -4.67841e-05
11.37 -4.69155e-05
11.38 -4.37985e-05
11.39 -4.2329e-05
11.4 -4.25435e-05
11.41 -3.82732e-05
11.42 -3.31591e-05
11.43 -3.3873e-05
11.44 -3.48508e-05
11.45 -3.12481e-05
11.46 -2.90299e-05
11.47 -2.93903e-05
11.48 -2.6348e-05
11.49 -2.16527e-05
11.5 -2.06283e-05
11.51 -2.0533e-05
11.52 -1.89355e-05
11.53 -1.93015e-05
11.54 -2.10737e-05
11.55 -2.21132e-05
11.56 -2.56601e-05
11.57 -3.09842e-05
11.58 -3.29724e-05
11.59 -3.28321e-05
11.6 -3.34978e-05
11.61 -3.39156e-05
11.62 -3.51534e-05
11.63 -3.78314e-05
11.64 -3.81099e-05
11.65 -3.75237e-05
11.66 -4.1186e-05
11.67 -4.51554e-05
11.68 -4.53215e-05
11.69 -4.7092e-05
11.7 -5.15069e-05
11.71 -5.26148e-05
11.72 -5.1004e-05
11.73 -4.97686e-05
11.74 -4.61687e-05
11.75 -3.93919e-05
11.76 -3.38936e-05
11.77 -3.10662e-05
11.78 -2.91648e-05
11.79 -2.8916e-05
11.8 -3.03292e-05
11.81 -3.1338e-05
11.82 -3.27573e-05
11.83 -3.45183e-05
11.84 -3.37528e-05
11.85 -3.24834e-05
11.86 -3.37582e-05
11.87 -3.43446e-05
11.88 -3.29388e-05
11.89 -3.32198e-05
11.9 -3.43748e-05
11.91 -3.34778e-05
11.92 -3.29197e-05
11.93 -3.41214e-05
11.94 -3.40523e-05
11.95 -3.303e-05
11.96 -3.35486e-05
11.97 -3.32638e-05
11.98 -3.13307e-05
11.99 -3.25526e-05
12 -3.66643e-05
12.01 -3.94844e-05
12.02 -4.23633e-05
12.03 -4.50788e-05
12.04 -4.39449e-05
12.05 -4.06543e-05
12.06 -3.76854e-05
12.07 -3.31175e-05
12.08 -2.68834e-05
12.09 -2.22434e-05
12.1 -2.06934e-05
12.11 -2.02412e-05
12.12 -2.05565e-05
12.13 -2.32247e-05
12.14 -2.6346e-05
12.15 -2.86902e-05
12.16 -3.24294e-05
12.17 -3.60571e-05
12.18 -3.68972e-05
12.19 -3.72872e-05
12.2 -3.70358e-05
12.21 -3.39238e-05
12.22 -3.24022e-05
12.23 -3.4856e-05
12.24 -3.50902e-05
12.25 -3.28855e-05
12.26 -3.42558e-05
12.27 -3.74761e-05
12.28 -3.93236e-05
12.29 -4.35209e-05
12.3 -5.00063e-05
12.31 -5.37513e-05
12.32 -5.64245e-05
12.33 -6.10087e-05
12.34 -6.43831e-05
12.35 -6.53534e-05
12.36 -6.56866e-05
12.37 -6.38968e-05
12.38 -5.93434e-05
12.39 -5.33183e-05
12.4 -4.46647e-05
12.41 -3.39384e-05
12.42 -2.43428e-05
12.43 -1.58449e-05
12.44 -8.20619e-06
12.45 -3.82306e-06
12.46 -1.73366e-06
12.47 4.25246e-07
12.48 9.86727e-07
12.49 -1.13222e-06
12.5 -7.63027e-07
12.51 -9.6277e-07
12.52 -5.80746e-06
12.53 -9.92251e-06
12.54 -1.03733e-05
12.55 -1.26944e-05
12.56 -1.82116e-05
12.57 -2.2321e-05
12.58 -2.767e-05
12.59 -3.70268e-05
12.6 -4.66484e-05
12.61 -5.31336e-05
12.62 -5.96659e-05
12.63 -6.55008e-05
12.64 -6.69333e-05
12.65 -6.6456e-05
12.66 -6.73575e-05
12.67 -6.45404e-05
12.68 -5.76973e-05
12.69 -5.48685e-05
12.7 -5.49188e-05
12.71 -5.21776e-05
12.72 -5.0465e-05
12.73 -5.15588e-05
12.74 -4.97178e-05
12.75 -4.5942e-05
12.76 -4.20851e-05
12.77 -3.43851e-05
12.78 -2.49294e-05
12.79 -1.95402e-05
12.8 -1.5092e-05
12.81 -8.84768e-06
12.82 -5.61849e-06
12.83 -5.15687e-06
12.84 -2.76505e-06
12.85 -2.03938e-07
12.86 -6.81662e-07
12.87 -2.48634e-06
12.88 -5.39004e-06
12.89 -1.03277e-05
12.9 -1.62897e-05
12.91 -2.26898e-05
12.92 -3.02579e-05
12.93 -3.86439e-05
12.94 -4.64045e-05
12.95 -5.05191e-05
12.96 -4.99713e-05
12.97 -4.87729e-05
12.98 -4.83719e-05
12.99 -4.52296e-05
13 -4.03215e-05
13.01 -3.89685e-05
13.02 -3.99517e-05
13.03 -3.91565e-05
13.04 -3.94672e-05
13.05 -4.36555e-05
13.06 -4.64346e-05
13.07 -4.61029e-05
13.08 -4.78978e-05
13.09 -4.98793e-05
13.1 -4.6278e-05
13.11 -4.22915e-05
13.12 -4.10994e-05
13.13 -3.55793e-05
13.14 -2.71204e-05
13.15 -2.41408e-05
13.16 -2.40973e-05
13.17 -2.26892e-05
13.18 -2.30325e-05
13.19 -2.44438e-05
13.2 -2.33405e-05
13.21 -2.2578e-05
13.22 -2.40647e-05
13.23 -2.39455e-05
13.24 -2.26467e-05
13.25 -2.34683e-05
13.26 -2.42406e-05
13.27 -2.30353e-05
13.28 -2.31104e-05
13.29 -2.52196e-05
13.3 -2.71924e-05
13.31 -2.96917e-05
13.32 -3.36758e-05
13.33 -3.65988e-05
13.34 -3.70084e-05
13.35 -3.75535e-05
13.36 -3.89304e-05
13.37 -3.74203e-05
13.38 -3.38697e-05
13.39 -3.40604e-05
13.4 -3.66077e-05
13.41 -3.73664e-05
13.42 -3.85568e-05
13.43 -4.04874e-05
13.44 -4.09597e-05
13.45 -4.2485e-05
13.46 -4.6122e-05
13.47 -5.00297e-05
13.48 -5.40366e-05
13.49 -5.6581e-05
13.5 -5.72461e-05
13.51 -5.89435e-05
13.52 -6.06469e-05
13.53 -5.92667e-05
13.54 -5.72636e-05
13.55 -5.63603e-05
13.56 -5.3206e-05
13.57 -4.80013e-05
13.58 -4.42622e-05
13.59 -4.04971e-05
13.6 -3.54311e-05
13.61 -3.23096e-05
13.62 -3.05653e-05
13.63 -2.70191e-05
13.64 -2.36134e-05
13.65 -2.26529e-05
13.66 -2.1559e-05
13.67 -1.9397e-05
13.68 -2.03494e-05
13.69 -2.46197e-05
13.7 -2.64467e-05
13.71 -2.5145e-05
13.72 -2.51734e-05
13.73 -2.52844e-05
13.74 -2.23076e-05
13.75 -2.03626e-05
13.76 -2.28342e-05
13.77 -2.55036e-05
13.78 -2.73734e-05
13.79 -3.25078e-05
13.8 -3.82592e-05
13.81 -3.97874e-05
13.82 -4.06243e-05
13.83 -4.34941e-05
13.84 -4.37047e-05
13.85 -4.13549e-05
13.86 -4.11872e-05
13.87 -4.1483e-05
13.88 -3.96041e-05
13.89 -3.76485e-05
13.9 -3.57489e-05
13.91 -3.2818e-05
13.92 -3.05524e-05
13.93 -2.90323e-05
13.94 -2.64719e-05
13.95 -2.37684e-05
13.96 -2.21111e-05
13.97 -2.02872e-05
13.98 -1.95627e-05
13.99 -2.31453e-05
14 -3.04725e-05
14.01 -3.94349e-05
14.02 -4.90195e-05
14.03 -5.58174e-05
14.04 -5.73233e-05
14.05 -5.72898e-05
14.06 -5.83354e-05
14.07 -5.70856e-05
14.08 -5.32058e-05
14.09 -5.0657e-05
14.1 -4.78128e-05
14.11 -4.18418e-05
14.12 -3.66764e-05
14.13 -3.41269e-05
14.14 -3.07851e-05
14.15 -2.72187e-05
14.16 -2.49973e-05
14.17 -2.23717e-05
14.18 -2.07786e-05
14.19 -2.2772e-05
14.2 -2.66739e-05
14.21 -3.17523e-05
14.22 -3.97624e-05
14.23 -4.93278e-05
14.24 -5.6911e-05
14.25 -6.18714e-05
14.26 -6.54993e-05
14.27 -6.76226e-05
14.28 -6.66818e-05
14.29 -6.22217e-05
14.3 -5.61351e-05
14.31 -4.88499e-05
14.32 -3.84928e-05
14.33 -2.7351e-05
14.34 -2.09859e-05
14.35 -1.87861e-05
14.36 -1.59285e-05
14.37 -1.28626e-05
14.38 -1.28271e-05
14.39 -1.45162e-05
14.4 -1.48838e-05
14.41 -1.54316e-05
14.42 -1.81675e-05
14.43 -2.06287e-05
14.44 -2.22281e-05
14.45 -2.53239e-05
14.46 -2.7008e-05
14.47 -2.51143e-05
14.48 -2.4678e-05
14.49 -2.65507e-05
14.5 -2.62148e-05
14.51 -2.67798e-05
14.52 -3.21204e-05
14.53 -3.689e-05
14.54 -4.07989e-05
14.55 -4.96108e-05
14.56 -5.94333e-05
14.57 -6.41949e-05
14.58 -6.68333e-05
14.59 -6.86779e-05
14.6 -6.72618e-05
14.61 -6.41972e-05
14.62 -5.91791e-05
14.63 -5.03417e-05
14.64 -4.15112e-05
14.65 -3.26045e-05
14.66 -2.14164e-05
14.67 -1.61456e-05
14.68 -1.81203e-05
14.69 -1.67036e-05
14.7 -1.39051e-05
14.71 -1.73603e-05
14.72 -2.02336e-05
14.73 -1.91646e-05
14.74 -2.18603e-05
14.75 -2.56083e-05
14.76 -2.35472e-05
14.77 -2.13241e-05
14.78 -2.16437e-05
14.79 -1.78495e-05
14.8 -1.10665e-05
14.81 -7.41593e-06
14.82 -6.46943e-06
14.83 -6.35756e-06
14.84 -8.01763e-06
14.85 -1.10409e-05
14.86 -1.54837e-05
14.87 -2.28994e-05
14.88 -3.04786e-05
14.89 -3.54506e-05
14.9 -4.3109e-05
14.91 -5.59666e-05
14.92 -6.67219e-05
14.93 -7.36275e-05
14.94 -8.20926e-05
14.95 -8.98059e-05
14.96 -9.17539e-05
14.97 -9.15099e-05
14.98 -9.13654e-05
14.99 -8.70666e-05
15 -7.83072e-05
15.01 -6.95694e-05
15.02 -6.11781e-05
15.03 -5.00099e-05
15.04 -3.6407e-05
15.05 -2.12296e-05
15.06 -6.61451e-06
15.07 1.80447e-06
15.08 4.46218e-06
15.09 1.00095e-05
15.1 1.96389e-05
15.11 2.06905e-05
15.12 1.63795e-05
15.13 1.67601e-05
15.14 1.14783e-05
15.15 2.95957e-06
15.16 -4.12478e-06
15.17 -9.49156e-06
15.18 -1.64619e-05
15.19 -2.05884e-05
15.2 -2.1621e-05
15.21 -2.69744e-05
15.22 -3.16139e-05
15.23 -3.29684e-05
15.24 -3.57061e-05
15.25 -4.16986e-05
15.26 -4.42364e-05
15.27 -4.70751e-05
15.28 -5.19817e-05
15.29 -5.51677e-05
15.3 -5.56333e-05
15.31 -5.79855e-05
15.32 -5.92062e-05
15.33 -5.71824e-05
15.34 -5.57898e-05
15.35 -5.48259e-05
15.36 -5.09497e-05
15.37 -4.60513e-05
15.38 -4.264e-05
15.39 -3.85369e-05
15.4 -3.32811e-05
15.41 -2.50047e-05
15.42 -1.4098e-05
15.43 -4.98636e-06
15.44 -1.57388e-08
15.45 4.08605e-06
15.46 4.92655e-06
15.47 3.75368e-07
15.48 -3.13095e-06
15.49 -7.20395e-06
15.5 -1.38546e-05
15.51 -2.06727e-05
15.52 -2.8106e-05
15.53 -3.98333e-05
15.54 -4.8053e-05
15.55 -4.74941e-05
15.56 -4.98842e-05
15.57 -5.75601e-05
15.58 -5.82331e-05
15.59 -5.3604e-05
15.6 -5.47746e-05
15.61 -5.53745e-05
15.62 -5.02858e-05
15.63 -4.91741e-05
15.64 -5.23728e-05
15.65 -5.02718e-05
15.66 -4.5847e-05
15.67 -4.17856e-05
15.68 -3.31256e-05
15.69 -2.20299e-05
15.7 -1.58533e-05
15.71 -1.37238e-05
15.72 -1.29847e-05
15.73 -1.39368e-05
15.74 -1.66143e-05
15.75 -1.97389e-05
15.76 -2.43599e-05
15.77 -3.17429e-05
15.78 -4.05022e-05
15.79 -4.8804e-05
15.8 -5.60945e-05
15.81 -6.06408e-05
15.82 -6.21368e-05
15.83 -6.30561e-05
15.84 -6.4157e-05
15.85 -6.40584e-05
15.86 -6.38762e-05
15.87 -6.55242e-05
15.88 -6.66182e-05
15.89 -6.51518e-05
15.9 -6.32007e-05
15.91 -5.97743e-05
15.92 -5.1774e-05
15.93 -4.25979e-05
15.94 -3.53728e-05
15.95 -2.81454e-05
15.96 -2.37424e-05
15.97 -2.58502e-05
15.98 -2.88105e-05
15.99 -2.93271e-05
16 -3.18871e-05
16.01 -3.5637e-05
16.02 -3.6555e-05
16.03 -3.70752e-05
16.04 -3.86011e-05
16.05 -3.83085e-05
16.06 -3.61912e-05
16.07 -3.34865e-05
16.08 -2.91716e-05
16.09 -2.5621e-05
16.1 -2.56023e-05
16.11 -2.56175e-05
16.12 -2.33584e-05
16.13 -2.3218e-05
16.14 -2.454e-05
16.15 -2.24542e-05
16.16 -2.06293e-05
16.17 -2.40317e-05
16.18 -2.74887e-05
16.19 -2.7956e-05
16.2 -3.076e-05
16.21 -3.51504e-05
16.22 -3.42839e-05
16.23 -3.0396e-05
16.24 -2.93043e-05
16.25 -2.80672e-05
16.26 -2.49324e-05
16.27 -2.50605e-05
16.28 -2.70439e-05
16.29 -2.51693e-05
16.3 -2.43705e-05
16.31 -3.02164e-05
16.32 -3.64849e-05
16.33 -3.9359e-05
16.34 -4.3803e-05
16.35 -4.89862e-05
16.36 -4.93299e-05
16.37 -4.75845e-05
16.38 -4.69377e-05
16.39 -4.28722e-05
16.4 -3.70166e-05
16.41 -3.64513e-05
16.42 -3.71627e-05
16.43 -3.46581e-05
16.44 -3.5497e-05
16.45 -3.96338e-05
16.46 -3.98583e-05
16.47 -3.96548e-05
16.48 -4.18629e-05
16.49 -3.90593e-05
16.5 -3.34696e-05
16.51 -3.37182e-05
16.52 -3.5137e-05
16.53 -3.27742e-05
16.54 -3.27831e-05
16.55 -3.50776e-05
16.56 -3.3766e-05
16.57 -3.23048e-05
16.58 -3.32308e-05
16.59 -2.93974e-05
16.6 -2.23633e-05
16.61 -2.13664e-05
16.62 -2.15137e-05
16.63 -1.64864e-05
16.64 -1.43483e-05
16.65 -1.63868e-05
16.66 -1.47132e-05
16.67 -1.35584e-05
16.68 -1.85053e-05
16.69 -2.20202e-05
16.7 -2.14096e-05
16.71 -2.43812e-05
16.72 -3.05539e-05
16.73 -3.29659e-05
16.74 -3.38827e-05
16.75 -3.89699e-05
16.76 -4.42877e-05
16.77 -4.5025e-05
16.78 -4.56751e-05
16.79 -4.83349e-05
16.8 -4.78339e-05
16.81 -4.56838e-05
16.82 -4.63574e-05
16.83 -4.56775e-05
16.84 -4.11385e-05
16.85 -3.8117e-05
16.86 -3.74809e-05
16.87 -3.57994e-05
16.88 -3.57121e-05
16.89 -3.91677e-05
16.9 -4.19319e-05
16.91 -4.35712e-05
16.92 -4.72057e-05
16.93 -5.02236e-05
16.94 -4.93912e-05
16.95 -4.78792e-05
16.96 -4.7875e-05
16.97 -4.66542e-05
16.98 -4.38125e-05
16.99 -4.19657e-05
17 -4.14008e-05
17.01 -4.10631e-05
17.02 -3.96944e-05
17.03 -3.66889e-05
17.04 -3.41469e-05
17.05 -3.34503e-05
17.06 -3.153e-05
17.07 -2.75985e-05
17.08 -2.63701e-05
17.09 -2.74936e-05
17.1 -2.65882e-05
17.11 -2.68176e-05
17.12 -3.08904e-05
17.13 -3.20212e-05
17.14 -2.97595e-05
17.15 -3.24559e-05
17.16 -3.77374e-05
17.17 -3.78191e-05
17.18 -3.67869e-05
17.19 -3.87118e-05
17.2 -3.8594e-05
17.21 -3.64273e-05
17.22 -3.56649e-05
17.23 -3.35351e-05
17.24 -2.97266e-05
17.25 -2.81602e-05
17.26 -2.64152e-05
17.27 -2.21922e-05
17.28 -2.02695e-05
17.29 -2.10368e-05
17.3 -1.95217e-05
17.31 -1.79016e-05
17.32 -2.11955e-05
17.33 -2.49723e-05
17.34 -2.4664e-05
17.35 -2.53242e-05
17.36 -2.89801e-05
17.37 -3.05127e-05
17.38 -3.17837e-05
17.39 -3.61741e-05
17.4 -3.94048e-05
17.41 -4.14977e-05
17.42 -4.58116e-05
17.43 -4.89056e-05
17.44 -4.94219e-05
17.45 -5.14928e-05
17.46 -5.41242e-05
17.47 -5.44122e-05
17.48 -5.53842e-05
17.49 -5.814e-05
17.5 -5.82556e-05
17.51 -5.69817e-05
17.52 -5.78672e-05
17.53 -5.70393e-05
17.54 -5.38427e-05
17.55 -5.35123e-05
17.56 -5.40294e-05
17.57 -5.13806e-05
17.58 -5.00736e-05
17.59 -5.11936e-05
17.6 -4.78339e-05
17.61 -4.12109e-05
17.62 -3.76476e-05
17.63 -3.2807e-05
17.64 -2.33801e-05
17.65 -1.65902e-05
17.66 -1.40811e-05
17.67 -1.1088e-05
17.68 -9.10055e-06
17.69 -1.00684e-05
17.7 -1.1189e-05
17.71 -1.2684e-05
17.72 -1.62907e-05
17.73 -2.03289e-05
17.74 -2.43325e-05
17.75 -2.94166e-05
17.76 -3.38472e-05
17.77 -3.55248e-05
17.78 -3.6133e-05
17.79 -3.80467e-05
17.8 -3.93373e-05
17.81 -3.81245e-05
17.82 -3.74135e-05
17.83 -3.74561e-05
17.84 -3.48776e-05
17.85 -3.24124e-05
17.86 -3.31283e-05
17.87 -3.31784e-05
17.88 -3.18639e-05
17.89 -3.26446e-05
17.9 -3.30877e-05
17.91 -3.05378e-05
17.92 -2.88274e-05
17.93 -2.85316e-05
17.94 -2.65974e-05
17.95 -2.58948e-05
17.96 -2.84758e-05
17.97 -3.02636e-05
17.98 -3.08341e-05
17.99 -3.34328e-05
18 -3.5928e-05
18.01 -3.49237e-05
18.02 -3.36023e-05
18.03 -3.4157e-05
18.04 -3.25661e-05
18.05 -3.06736e-05
18.06 -3.42764e-05
18.07 -3.77443e-05
18.08 -3.63969e-05
18.09 -3.74755e-05
18.1 -4.05284e-05
18.11 -3.80713e-05
18.12 -3.46173e-05
18.13 -3.41574e-05
18.14 -3.04374e-05
18.15 -2.52078e-05
18.16 -2.45281e-05
18.17 -2.36766e-05
18.18 -2.03158e-05
18.19 -2.0093e-05
18.2 -2.17867e-05
18.21 -2.21091e-05
18.22 -2.4109e-05
18.23 -2.7487e-05
18.24 -2.79663e-05
18.25 -2.79934e-05
18.26 -3.13202e-05
18.27 -3.28129e-05
18.28 -3.04121e-05
18.29 -3.18943e-05
18.3 -3.68249e-05
18.31 -3.73015e-05
18.32 -3.74408e-05
18.33 -4.30046e-05
18.34 -4.74554e-05
18.35 -4.74293e-05
18.36 -4.91333e-05
18.37 -5.16853e-05
18.38 -4.98537e-05
18.39 -4.83618e-05
18.4 -5.02625e-05
18.41 -4.84894e-05
18.42 -4.41033e-05
18.43 -4.55296e-05
18.44 -4.76367e-05
18.45 -4.27513e-05
18.46 -3.83005e-05
18.47 -3.78493e-05
18.48 -3.25865e-05
18.49 -2.484e-05
18.5 -2.31178e-05
18.51 -2.21822e-05
18.52 -1.82121e-05
18.53 -1.87303e-05
18.54 -2.35903e-05
18.55 -2.57868e-05
18.56 -2.73228e-05
18.57 -3.2389e-05
18.58 -3.65274e-05
18.59 -3.68834e-05
18.6 -3.81354e-05
18.61 -4.03291e-05
18.62 -4.0495e-05
18.63 -4.16387e-05
18.64 -4.29189e-05
18.65 -3.9208e-05
18.66 -3.56144e-05
18.67 -3.554e-05
18.68 -3.08652e-05
18.69 -2.34317e-05
18.7 -2.33578e-05
18.71 -2.53816e-05
18.72 -2.24677e-05
18.73 -2.19944e-05
18.74 -2.50497e-05
18.75 -2.40308e-05
18.76 -2.35824e-05
18.77 -2.89188e-05
18.78 -3.11768e-05
18.79 -2.92045e-05
18.8 -3.16431e-05
18.81 -3.40476e-05
18.82 -3.02293e-05
18.83 -2.90072e-05
18.84 -3.27337e-05
18.85 -3.19052e-05
18.86 -2.89539e-05
18.87 -3.1322e-05
18.88 -3.27401e-05
18.89 -3.01484e-05
18.9 -3.22874e-05
18.91 -3.78245e-05
18.92 -3.8539e-05
18.93 -3.96359e-05
18.94 -4.58338e-05
18.95 -4.87832e-05
18.96 -4.80612e-05
18.97 -5.07247e-05
18.98 -5.35401e-05
18.99 -5.32678e-05
19 -5.3782e-05
19.01 -5.33289e-05
19.02 -4.80433e-05
19.03 -4.28496e-05
19.04 -4.09597e-05
19.05 -3.61242e-05
19.06 -2.80694e-05
19.07 -2.51252e-05
19.08 -2.55275e-05
19.09 -2.29356e-05
19.1 -2.21272e-05
19.11 -2.63706e-05
19.12 -2.95195e-05
19.13 -3.25403e-05
19.14 -4.08978e-05
19.15 -4.85487e-05
19.16 -5.07404e-05
19.17 -5.43387e-05
19.18 -6.04564e-05
19.19 -6.29904e-05
19.2 -6.41674e-05
19.21 -6.82722e-05
19.22 -7.1061e-05
19.23 -6.96376e-05
19.24 -6.84251e-05
19.25 -6.88873e-05
19.26 -6.64973e-05
19.27 -6.0793e-05
19.28 -5.69864e-05
19.29 -5.4884e-05
19.3 -4.97545e-05
19.31 -4.44321e-05
19.32 -4.28136e-05
19.33 -3.91272e-05
19.34 -3.2455e-05
19.35 -3.03977e-05
19.36 -3.04005e-05
19.37 -2.61774e-05
19.38 -2.45495e-05
19.39 -2.68728e-05
19.4 -2.40645e-05
19.41 -2.18598e-05
19.42 -2.82463e-05
19.43 -3.0885e-05
19.44 -2.75079e-05
19.45 -3.30011e-05
19.46 -4.1385e-05
19.47 -4.00902e-05
19.48 -3.99397e-05
19.49 -4.50584e-05
19.5 -4.30184e-05
19.51 -3.80199e-05
19.52 -3.90105e-05
19.53 -3.72379e-05
19.54 -2.98711e-05
19.55 -2.80518e-05
19.56 -2.86557e-05
19.57 -2.25147e-05
19.58 -1.81825e-05
19.59 -2.08773e-05
19.6 -2.00138e-05
19.61 -1.5314e-05
19.62 -1.53189e-05
19.63 -1.65817e-05
19.64 -1.48839e-05
19.65 -1.48225e-05
19.66 -1.65279e-05
19.67 -1.56075e-05
19.68 -1.58044e-05
19.69 -2.02672e-05
19.7 -2.31318e-05
19.71 -2.30604e-05
19.72 -2.58624e-05
19.73 -3.0009e-05
19.74 -3.14328e-05
19.75 -3.35494e-05
19.76 -3.72042e-05
19.77 -3.83215e-05
19.78 -3.77463e-05
19.79 -3.81994e-05
19.8 -3.67226e-05
19.81 -3.19715e-05
19.82 -2.77924e-05
19.83 -2.5062e-05
19.84 -2.12396e-05
19.85 -1.80769e-05
19.86 -1.69489e-05
19.87 -1.52655e-05
19.88 -1.41472e-05
19.89 -1.56735e-05
19.9 -1.61198e-05
19.91 -1.42057e-05
19.92 -1.29225e-05
19.93 -1.1582e-05
19.94 -1.04486e-05
19.95 -1.16978e-05
19.96 -1.375e-05
19.97 -1.60968e-05
19.98 -2.08169e-05
19.99 -2.63793e-05
20 -3.13483e-05
20.01 -3.6507e-05
20.02 -4.01757e-05
20.03 -4.13666e-05
20.04 -4.29151e-05
20.05 -4.49826e-05
20.06 -4.53521e-05
20.07 -4.53075e-05
20.08 -4.58618e-05
20.09 -4.55682e-05
20.1 -4.44411e-05
20.11 -4.26278e-05
20.12 -4.05257e-05
20.13 -3.95509e-05
20.14 -3.7847e-05
20.15 -3.42418e-05
20.16 -3.20131e-05
20.17 -3.11923e-05
20.18 -2.95454e-05
20.19 -2.95175e-05
20.2 -3.10915e-05
20.21 -3.04151e-05
20.22 -2.92835e-05
20.23 -3.16322e-05
20.24 -3.49553e-05
20.25 -3.6876e-05
20.26 -4.02361e-05
20.27 -4.42316e-05
20.28 -4.50941e-05
20.29 -4.48861e-05
20.3 -4.57977e-05
20.31 -4.54433e-05
20.32 -4.42766e-05
20.33 -4.38406e-05
20.34 -4.2541e-05
20.35 -4.08311e-05
20.36 -4.11317e-05
20.37 -4.19917e-05
20.38 -4.12943e-05
20.39 -4.09203e-05
20.4 -4.1714e-05
20.41 -4.16051e-05
20.42 -4.04481e-05
20.43 -3.87706e-05
20.44 -3.6621e-05
20.45 -3.54788e-05
20.46 -3.36428e-05
20.47 -2.94742e-05
20.48 -2.70686e-05
20.49 -2.7053e-05
20.5 -2.51935e-05
20.51 -2.31719e-05
20.52 -2.33482e-05
20.53 -2.25906e-05
20.54 -2.18509e-05
20.55 -2.53067e-05
20.56 -2.87586e-05
20.57 -2.84874e-05
20.58 -3.09495e-05
20.59 -3.63641e-05
20.6 -3.72067e-05
20.61 -3.67016e-05
20.62 -4.05768e-05
20.63 -4.27599e-05
20.64 -4.03728e-05
20.65 -4.02007e-05
20.66 -4.22889e-05
20.67 -4.1188e-05
20.68 -3.91606e-05
20.69 -3.9485e-05
20.7 -3.91215e-05
20.71 -3.71733e-05
20.72 -3.66251e-05
20.73 -3.74672e-05
20.74 -3.73507e-05
20.75 -3.67789e-05
20.76 -3.71665e-05
20.77 -3.74609e-05
20.78 -3.74378e-05
20.79 -3.83563e-05
20.8 -3.9734e-05
20.81 -4.09447e-05
20.82 -4.18876e-05
20.83 -4.28907e-05
20.84 -4.54468e-05
20.85 -4.85369e-05
20.86 -4.94078e-05
20.87 -5.04134e-05
20.88 -5.37266e-05
20.89 -5.5598e-05
20.9 -5.55058e-05
20.91 -5.73369e-05
20.92 -6.00359e-05
20.93 -6.01588e-05
20.94 -5.9237e-05
20.95 -5.90128e-05
20.96 -5.73588e-05
20.97 -5.44752e-05
20.98 -5.27554e-05
20.99 -5.02499e-05
21 -4.53877e-05
21.01 -4.08648e-05
21.02 -3.79375e-05
21.03 -3.57169e-05
21.04 -3.34254e-05
21.05 -3.04136e-05
21.06 -2.83147e-05
21.07 -2.83369e-05
21.08 -2.78139e-05
21.09 -2.65215e-05
21.1 -2.72711e-05
21.11 -2.86845e-05
21.12 -2.87612e-05
21.13 -2.83657e-05
21.14 -2.71056e-05
21.15 -2.51529e-05
21.16 -2.48048e-05
21.17 -2.50961e-05
21.18 -2.35093e-05
21.19 -2.24519e-05
21.2 -2.38388e-05
21.21 -2.41506e-05
21.22 -2.27834e-05
21.23 -2.38535e-05
21.24 -2.63331e-05
21.25 -2.69205e-05
21.26 -2.80954e-05
21.27 -3.0349e-05
21.28 -3.00805e-05
21.29 -2.96185e-05
21.3 -3.08182e-05
21.31 -2.90643e-05
21.32 -2.55279e-05
21.33 -2.46442e-05
21.34 -2.37318e-05
21.35 -2.13361e-05
21.36 -2.09968e-05
21.37 -2.19237e-05
21.38 -2.1774e-05
21.39 -2.27329e-05
21.4 -2.51816e-05
21.41 -2.66779e-05
21.42 -2.82158e-05
21.43 -3.03078e-05
21.44 -3.07851e-05
21.45 -3.11322e-05
21.46 -3.30777e-05
21.47 -3.34806e-05
21.48 -3.19393e-05
21.49 -3.22925e-05
21.5 -3.34503e-05
21.51 -3.25754e-05
21.52 -3.28909e-05
21.53 -3.57807e-05
21.54 -3.7142e-05
21.55 -3.79972e-05
21.56 -4.161e-05
21.57 -4.44731e-05
21.58 -4.48111e-05
21.59 -4.59856e-05
21.6 -4.71971e-05
21.61 -4.69987e-05
21.62 -4.7696e-05
21.63 -4.83974e-05
21.64 -4.7042e-05
21.65 -4.60987e-05
21.66 -4.68266e-05
21.67 -4.56583e-05
21.68 -4.15175e-05
21.69 -3.81996e-05
21.7 -3.68224e-05
21.71 -3.4771e-05
21.72 -3.10938e-05
21.73 -2.70089e-05
21.74 -2.42126e-05
21.75 -2.20772e-05
21.76 -1.81759e-05
21.77 -1.43859e-05
21.78 -1.4462e-05
21.79 -1.53204e-05
21.8 -1.30941e-05
21.81 -1.23433e-05
21.82 -1.57268e-05
21.83 -1.78806e-05
21.84 -1.89723e-05
21.85 -2.36183e-05
21.86 -2.70848e-05
21.87 -2.60279e-05
21.88 -2.78059e-05
21.89 -3.23036e-05
21.9 -3.1253e-05
21.91 -2.95887e-05
21.92 -3.45226e-05
21.93 -3.73067e-05
21.94 -3.48827e-05
21.95 -3.71707e-05
21.96 -4.09283e-05
21.97 -3.84982e-05
21.98 -3.81309e-05
21.99 -4.15264e-05
22 -3.93535e-05
22.01 -3.77886e-05
22.02 -4.34237e-05
22.03 -4.4769e-05
22.04 -4.23884e-05
22.05 -4.83785e-05
22.06 -5.39639e-05
22.07 -5.10066e-05
22.08 -5.27923e-05
22.09 -5.97571e-05
22.1 -5.8419e-05
22.11 -5.61449e-05
22.12 -6.20273e-05
22.13 -6.24544e-05
22.14 -5.51228e-05
22.15 -5.57006e-05
22.16 -5.92635e-05
22.17 -5.33284e-05
22.18 -4.85048e-05
22.19 -5.10482e-05
22.2 -4.84736e-05
22.21 -4.15688e-05
22.22 -4.06669e-05
22.23 -4.007e-05
22.24 -3.48041e-05
22.25 -3.28209e-05
22.26 -3.33397e-05
22.27 -2.86527e-05
22.28 -2.33694e-05
22.29 -2.33057e-05
22.3 -2.33073e-05
22.31 -2.15569e-05
22.32 -2.24425e-05
22.33 -2.36862e-05
22.34 -2.21423e-05
22.35 -2.22122e-05
22.36 -2.58457e-05
22.37 -2.76866e-05
22.38 -2.6005e-05
22.39 -2.54618e-05
22.4 -2.5943e-05
22.41 -2.3252e-05
22.42 -2.08469e-05
22.43 -2.29202e-05
22.44 -2.40206e-05
22.45 -2.31652e-05
22.46 -2.62892e-05
22.47 -2.9357e-05
22.48 -2.83334e-05
22.49 -3.07651e-05
22.5 -3.66346e-05
22.51 -3.76872e-05
22.52 -3.66148e-05
22.53 -3.90348e-05
22.54 -4.16842e-05
22.55 -4.18704e-05
22.56 -4.23783e-05
22.57 -4.47758e-05
22.58 -4.63834e-05
22.59 -4.61568e-05
22.6 -4.79114e-05
22.61 -5.08374e-05
22.62 -4.95491e-05
22.63 -4.77585e-05
22.64 -5.12391e-05
22.65 -5.43936e-05
22.66 -5.26762e-05
22.67 -5.18748e-05
22.68 -5.39674e-05
22.69 -5.43266e-05
22.7 -5.29692e-05
22.71 -5.27755e-05
22.72 -5.28991e-05
22.73 -5.08539e-05
22.74 -4.61317e-05
22.75 -4.13569e-05
22.76 -3.75976e-05
22.77 -3.23257e-05
22.78 -2.66228e-05
22.79 -2.33618e-05
22.8 -2.08139e-05
22.81 -1.7467e-05
22.82 -1.49877e-05
22.83 -1.31881e-05
22.84 -1.11283e-05
22.85 -1.05697e-05
22.86 -1.1802e-05
22.87 -1.09283e-05
22.88 -7.21932e-06
22.89 -6.06479e-06
22.9 -8.28914e-06
22.91 -8.2851e-06
22.92 -6.49306e-06
22.93 -8.49956e-06
22.94 -1.24498e-05
22.95 -1.32425e-05
22.96 -1.35796e-05
22.97 -1.67129e-05
22.98 -2.00482e-05
22.99 -2.26343e-05
23 -2.5001e-05
23.01 -2.68877e-05
23.02 -3.01399e-05
23.03 -3.38392e-05
23.04 -3.54915e-05
23.05 -3.82747e-05
23.06 -4.25078e-05
23.07 -4.31519e-05
23.08 -4.31742e-05
23.09 -4.6726e-05
23.1 -4.78921e-05
23.11 -4.66253e-05
23.12 -4.9795e-05
23.13 -5.30618e-05
23.14 -5.20564e-05
23.15 -5.28905e-05
23.16 -5.60596e-05
23.17 -5.62266e-05
23.18 -5.45559e-05
23.19 -5.37485e-05
23.2 -5.30785e-05
23.21 -5.29331e-05
23.22 -5.34277e-05
23.23 -5.16396e-05
23.24 -4.77921e-05
23.25 -4.5138e-05
23.26 -4.11067e-05
23.27 -3.30044e-05
23.28 -2.70072e-05
23.29 -2.60484e-05
23.3 -2.32416e-05
23.31 -1.80756e-05
23.32 -1.68042e-05
23.33 -1.68166e-05
23.34 -1.41971e-05
23.35 -1.33496e-05
23.36 -1.43752e-05
23.37 -1.32389e-05
23.38 -1.25797e-05
23.39 -1.37121e-05
23.4 -1.38528e-05
23.41 -1.49507e-05
23.42 -1.77706e-05
23.43 -1.96568e-05
23.44 -2.20868e-05
23.45 -2.55249e-05
23.46 -2.72744e-05
23.47 -2.97399e-05
23.48 -3.43328e-05
23.49 -3.63344e-05
23.5 -3.67217e-05
23.51 -4.12058e-05
23.52 -4.70287e-05
23.53 -4.87573e-05
23.54 -5.02448e-05
23.55 -5.51935e-05
23.56 -5.83134e-05
23.57 -5.7032e-05
23.58 -5.63678e-05
23.59 -5.60529e-05
23.6 -5.18908e-05
23.61 -4.79526e-05
23.62 -4.83942e-05
23.63 -4.76932e-05
23.64 -4.45229e-05
23.65 -4.53838e-05
23.66 -4.7773e-05
23.67 -4.60097e-05
23.68 -4.60542e-05
23.69 -5.15585e-05
23.7 -5.52476e-05
23.71 -5.59166e-05
23.72 -5.93932e-05
23.73 -6.34486e-05
23.74 -6.39572e-05
23.75 -6.46721e-05
23.76 -6.67653e-05
23.77 -6.68572e-05
23.78 -6.57438e-05
23.79 -6.51762e-05
23.8 -6.40281e-05
23.81 -6.08618e-05
23.82 -5.55573e-05
23.83 -5.12615e-05
23.84 -5.00345e-05
23.85 -4.73356e-05
23.86 -4.0972e-05
23.87 -3.66272e-05
23.88 -3.59557e-05
23.89 -3.29687e-05
23.9 -2.63762e-05
23.91 -2.05061e-05
23.92 -1.72089e-05
23.93 -1.45375e-05
23.94 -9.99573e-06
23.95 -5.3649e-06
23.96 -3.81218e-06
23.97 -1.48993e-06
23.98 5.82498e-06
23.99 1.09293e-05
24 9.05133e-06
24.01 9.72768e-06
24.02 1.27169e-05
24.03 9.14224e-06
24.04 5.03003e-06
24.05 2.48506e-06
24.06 -4.23367e-06
24.07 -1.28986e-05
24.08 -1.52047e-05
24.09 -1.70672e-05
24.1 -2.31869e-05
24.11 -2.53746e-05
24.12 -2.40279e-05
24.13 -2.72613e-05
24.14 -3.2842e-05
24.15 -3.32824e-05
24.16 -3.45718e-05
24.17 -4.00089e-05
24.18 -4.30527e-05
24.19 -4.29313e-05
24.2 -4.62103e-05
24.21 -4.99411e-05
24.22 -5.04486e-05
24.23 -5.22491e-05
24.24 -5.6354e-05
24.25 -5.78903e-05
24.26 -5.76441e-05
24.27 -5.85033e-05
24.28 -5.9299e-05
24.29 -6.06008e-05
24.3 -6.14245e-05
24.31 -5.91242e-05
24.32 -5.68027e-05
24.33 -5.80572e-05
24.34 -5.79273e-05
24.35 -5.50031e-05
24.36 -5.52549e-05
24.37 -5.69882e-05
24.38 -5.43879e-05
24.39 -5.3068e-05
24.4 -5.63527e-05
24.41 -5.54852e-05
24.42 -5.14745e-05
24.43 -5.17473e-05
24.44 -5.0717e-05
24.45 -4.42455e-05
24.46 -4.08536e-05
24.47 -3.94808e-05
24.48 -3.19545e-05
24.49 -2.38103e-05
24.5 -2.16296e-05
24.51 -1.86824e-05
24.52 -1.31938e-05
24.53 -1.18852e-05
24.54 -1.27396e-05
24.55 -9.85626e-06
24.56 -7.11944e-06
24.57 -8.98412e-06
24.58 -1.00421e-05
24.59 -8.00718e-06
24.6 -8.25825e-06
24.61 -1.11094e-05
24.62 -1.23547e-05
24.63 -1.27726e-05
24.64 -1.41298e-05
24.65 -1.61923e-05
24.66 -1.76413e-05
24.67 -1.85584e-05
24.68 -2.10269e-05
24.69 -2.4532e-05
24.7 -2.62208e-05
24.71 -2.74815e-05
24.72 -2.98197e-05
24.73 -3.04926e-05
24.74 -2.94118e-05
24.75 -2.95892e-05
24.76 -2.98006e-05
24.77 -2.77626e-05
24.78 -2.69329e-05
24.79 -2.89177e-05
24.8 -3.00857e-05
24.81 -3.01512e-05
24.82 -3.12344e-05
24.83 -3.13767e-05
24.84 -2.99969e-05
24.85 -2.96767e-05
24.86 -3.02549e-05
24.87 -3.05688e-05
24.88 -3.16432e-05
24.89 -3.296e-05
24.9 -3.41552e-05
24.91 -3.7013e-05
24.92 -4.00032e-05
24.93 -4.00973e-05
24.94 -3.97774e-05
24.95 -4.17403e-05
24.96 -4.20383e-05
24.97 -3.90889e-05
24.98 -3.8245e-05
24.99 -3.94834e-05
25 -3.68317e-05
25.01 -3.37208e-05
25.02 -3.58956e-05
25.03 -3.74759e-05
25.04 -3.55358e-05
25.05 -3.76933e-05
25.06 -4.21521e-05
25.07 -4.15091e-05
25.08 -4.15036e-05
25.09 -4.63439e-05
25.1 -4.83517e-05
25.11 -4.63573e-05
25.12 -4.68671e-05
25.13 -4.82036e-05
25.14 -4.68978e-05
25.15 -4.64552e-05
25.16 -4.79536e-05
25.17 -4.75032e-05
25.18 -4.63798e-05
25.19 -4.73917e-05
25.2 -4.72185e-05
25.21 -4.44501e-05
25.22 -4.31098e-05
25.23 -4.24406e-05
25.24 -3.93439e-05
25.25 -3.70857e-05
25.26 -3.66836e-05
25.27 -3.43977e-05
25.28 -3.14202e-05
25.29 -3.0212e-05
25.3 -2.85001e-05
25.31 -2.59852e-05
25.32 -2.45295e-05
25.33 -2.4084e-05
25.34 -2.43607e-05
25.35 -2.48223e-05
25.36 -2.44579e-05
25.37 -2.41485e-05
25.38 -2.46571e-05
25.39 -2.46722e-05
25.4 -2.44883e-05
25.41 -2.62542e-05
25.42 -2.88783e-05
25.43 -2.89068e-05
25.44 -2.83317e-05
25.45 -3.06683e-05
25.46 -3.27059e-05
25.47 -3.17147e-05
25.48 -3.14334e-05
25.49 -3.33849e-05
25.5 -3.45847e-05
25.51 -3.49856e-05
25.52 -3.60991e-05
25.53 -3.68818e-05
25.54 -3.78748e-05
25.55 -4.01308e-05
25.56 -4.06705e-05
25.57 -3.9996e-05
25.58 -4.21675e-05
25.59 -4.43299e-05
25.6 -4.22631e-05
25.61 -3.99669e-05
25.62 -4.03067e-05
25.63 -3.97789e-05
25.64 -3.85729e-05
25.65 -3.95474e-05
25.66 -3.98565e-05
25.67 -3.66331e-05
25.68 -3.38714e-05
25.69 -3.3656e-05
25.7 -3.229e-05
25.71 -3.03539e-05
25.72 -3.08359e-05
25.73 -3.05916e-05
25.74 -2.84492e-05
25.75 -2.80322e-05
25.76 -2.84244e-05
25.77 -2.76243e-05
25.78 -2.76617e-05
25.79 -2.88655e-05
25.8 -3.00474e-05
25.81 -3.17933e-05
25.82 -3.27627e-05
25.83 -3.26328e-05
25.84 -3.48244e-05
25.85 -3.81422e-05
25.86 -3.89542e-05
25.87 -3.93525e-05
25.88 -4.16806e-05
25.89 -4.36963e-05
25.9 -4.34267e-05
25.91 -4.30092e-05
25.92 -4.54328e-05
25.93 -4.81649e-05
25.94 -4.74059e-05
25.95 -4.69434e-05
25.96 -4.99365e-05
25.97 -5.15031e-05
25.98 -4.99091e-05
25.99 -4.9204e-05
26 -4.88327e-05
26.01 -4.65327e-05
26.02 -4.45519e-05
26.03 -4.38994e-05
26.04 -4.27131e-05
26.05 -4.11337e-05
26.06 -3.94648e-05
26.07 -3.67247e-05
26.08 -3.46371e-05
26.09 -3.50667e-05
26.1 -3.4825e-05
26.11 -3.16525e-05
26.12 -2.93673e-05
26.13 -2.88494e-05
26.14 -2.65314e-05
26.15 -2.36137e-05
26.16 -2.17678e-05
26.17 -1.88634e-05
26.18 -1.60186e-05
26.19 -1.53327e-05
26.2 -1.40786e-05
26.21 -1.16592e-05
26.22 -1.18619e-05
26.23 -1.36977e-05
26.24 -1.32388e-05
26.25 -1.36181e-05
26.26 -1.7698e-05
26.27 -2.0113e-05
26.28 -2.07768e-05
26.29 -2.56562e-05
26.3 -3.09591e-05
26.31 -3.13776e-05
26.32 -3.32041e-05
26.33 -3.80858e-05
26.34 -3.86894e-05
26.35 -3.77286e-05
26.36 -4.05181e-05
26.37 -4.09095e-05
26.38 -3.813e-05
26.39 -4.0395e-05
26.4 -4.42902e-05
26.41 -4.30771e-05
26.42 -4.2962e-05
26.43 -4.69013e-05
26.44 -4.75566e-05
26.45 -4.59042e-05
26.46 -4.74872e-05
26.47 -4.83016e-05
26.48 -4.62534e-05
26.49 -4.61856e-05
26.5 -4.58127e-05
26.51 -4.20536e-05
26.52 -4.11753e-05
26.53 -4.24016e-05
26.54 -3.91357e-05
26.55 -3.70266e-05
26.56 -3.9515e-05
26.57 -3.83401e-05
26.58 -3.55455e-05
26.59 -3.88654e-05
26.6 -4.1688e-05
26.61 -3.87154e-05
26.62 -3.80916e-05
26.63 -4.10096e-05
26.64 -4.07423e-05
26.65 -4.0997e-05
26.66 -4.48492e-05
26.67 -4.46291e-05
26.68 -4.13585e-05
26.69 -4.29558e-05
26.7 -4.33844e-05
26.71 -3.7908e-05
26.72 -3.65926e-05
26.73 -3.87916e-05
26.74 -3.49562e-05
26.75 -3.19911e-05
26.76 -3.44297e-05
26.77 -3.22203e-05
26.78 -2.7416e-05
26.79 -2.85001e-05
26.8 -2.93746e-05
26.81 -2.66756e-05
26.82 -2.76193e-05
26.83 -3.11917e-05
26.84 -3.16844e-05
26.85 -3.15092e-05
26.86 -3.31484e-05
26.87 -3.42217e-05
26.88 -3.47666e-05
26.89 -3.5973e-05
26.9 -3.60853e-05
26.91 -3.5699e-05
26.92 -3.74304e-05
26.93 -3.84116e-05
26.94 -3.60605e-05
26.95 -3.57201e-05
26.96 -3.87244e-05
26.97 -3.83251e-05
26.98 -3.5054e-05
26.99 -3.53948e-05
27 -3.78449e-05
27.01 -3.73356e-05
27.02 -3.51047e-05
27.03 -3.48755e-05
27.04 -3.59796e-05
27.05 -3.53553e-05
27.06 -3.30413e-05
27.07 -3.12433e-05
27.08 -2.98978e-05
27.09 -2.76383e-05
27.1 -2.55125e-05
27.11 -2.45023e-05
27.12 -2.33353e-05
27.13 -2.19682e-05
27.14 -2.18807e-05
27.15 -2.24705e-05
27.16 -2.22994e-05
27.17 -2.23675e-05
27.18 -2.39225e-05
27.19 -2.48937e-05
27.2 -2.41945e-05
27.21 -2.60539e-05
27.22 -3.11267e-05
27.23 -3.29769e-05
27.24 -3.20951e-05
27.25 -3.51331e-05
27.26 -3.78343e-05
27.27 -3.53992e-05
27.28 -3.66158e-05
27.29 -4.25482e-05
27.3 -4.23133e-05
27.31 -3.99948e-05
27.32 -4.5162e-05
27.33 -4.91503e-05
27.34 -4.5842e-05
27.35 -4.52483e-05
27.36 -4.85634e-05
27.37 -4.7019e-05
27.38 -4.34775e-05
27.39 -4.35144e-05
27.4 -4.2744e-05
27.41 -3.95078e-05
27.42 -3.83791e-05
27.43 -3.82975e-05
27.44 -3.55934e-05
27.45 -3.29524e-05
27.46 -3.21869e-05
27.47 -2.97157e-05
27.48 -2.63191e-05
27.49 -2.57351e-05
27.5 -2.46978e-05
27.51 -2.07005e-05
27.52 -1.89569e-05
27.53 -2.07335e-05
27.54 -2.02581e-05
27.55 -1.70126e-05
27.56 -1.62754e-05
27.57 -1.74967e-05
27.58 -1.63992e-05
27.59 -1.52802e-05
27.6 -1.68001e-05
27.61 -1.70701e-05
27.62 -1.55928e-05
27.63 -1.68724e-05
27.64 -1.94117e-05
27.65 -1.97755e-05
27.66 -2.09449e-05
27.67 -2.37672e-05
27.68 -2.42273e-05
27.69 -2.41745e-05
27.7 -2.72834e-05
27.71 -2.94778e-05
27.72 -2.86668e-05
27.73 -2.98268e-05
27.74 -3.25863e-05
27.75 -3.21132e-05
27.76 -3.16873e-05
27.77 -3.53353e-05
27.78 -3.70632e-05
27.79 -3.42969e-05
27.8 -3.41304e-05
27.81 -3.67872e-05
27.82 -3.69697e-05
27.83 -3.78452e-05
27.84 -4.11698e-05
27.85 -4.21357e-05
27.86 -4.21502e-05
27.87 -4.46572e-05
27.88 -4.60794e-05
27.89 -4.5638e-05
27.9 -4.73066e-05
27.91 -4.88561e-05
27.92 -4.74201e-05
27.93 -4.75375e-05
27.94 -4.97835e-05
27.95 -4.88577e-05
27.96 -4.72007e-05
27.97 -4.89101e-05
27.98 -4.97482e-05
27.99 -4.88715e-05
28 -5.05668e-05
28.01 -5.18106e-05
28.02 -5.03968e-05
28.03 -5.18573e-05
28.04 -5.49551e-05
28.05 -5.31718e-05
28.06 -5.05315e-05
28.07 -5.24648e-05
28.08 -5.26734e-05
28.09 -4.78535e-05
28.1 -4.51948e-05
28.11 -4.53361e-05
28.12 -4.2158e-05
28.13 -3.83568e-05
28.14 -3.80323e-05
28.15 -3.71701e-05
28.16 -3.4331e-05
28.17 -3.31019e-05
28.18 -3.27786e-05
28.19 -3.12474e-05
28.2 -3.07503e-05
28.21 -3.19182e-05
28.22 -3.18244e-05
28.23 -3.14544e-05
28.24 -3.42261e-05
28.25 -3.75381e-05
28.26 -3.77326e-05
28.27 -3.82255e-05
28.28 -4.18923e-05
28.29 -4.41134e-05
28.3 -4.34404e-05
28.31 -4.55676e-05
28.32 -4.97048e-05
28.33 -4.94034e-05
28.34 -4.78059e-05
28.35 -5.06028e-05
28.36 -5.22259e-05
28.37 -4.94741e-05
28.38 -4.94335e-05
28.39 -5.20001e-05
28.4 -5.06904e-05
28.41 -4.90488e-05
28.42 -5.09602e-05
28.43 -5.02837e-05
28.44 -4.68818e-05
28.45 -4.79584e-05
28.46 -4.96466e-05
28.47 -4.61141e-05
28.48 -4.45463e-05
28.49 -4.65415e-05
28.5 -4.35642e-05
28.51 -3.89739e-05
28.52 -3.95402e-05
28.53 -3.88589e-05
28.54 -3.4491e-05
28.55 -3.34608e-05
28.56 -3.34883e-05
28.57 -2.95845e-05
28.58 -2.72631e-05
28.59 -2.83298e-05
28.6 -2.66769e-05
28.61 -2.38362e-05
28.62 -2.43553e-05
28.63 -2.46093e-05
28.64 -2.23346e-05
28.65 -2.14698e-05
28.66 -2.22036e-05
28.67 -2.0792e-05
28.68 -1.90612e-05
28.69 -1.95431e-05
28.7 -1.87846e-05
28.71 -1.605e-05
28.72 -1.54245e-05
28.73 -1.55877e-05
28.74 -1.39161e-05
28.75 -1.3045e-05
28.76 -1.32717e-05
28.77 -1.25392e-05
28.78 -1.24208e-05
28.79 -1.39443e-05
28.8 -1.41817e-05
28.81 -1.27527e-05
28.82 -1.312e-05
28.83 -1.47997e-05
28.84 -1.45884e-05
28.85 -1.50074e-05
28.86 -1.77636e-05
28.87 -1.90302e-05
28.88 -1.94215e-05
28.89 -2.23269e-05
28.9 -2.58537e-05
28.91 -2.85606e-05
28.92 -3.22326e-05
28.93 -3.60872e-05
28.94 -3.892e-05
28.95 -4.1599e-05
28.96 -4.33213e-05
28.97 -4.34109e-05
28.98 -4.46618e-05
28.99 -4.71559e-05
29 -4.69819e-05
29.01 -4.57736e-05
29.02 -4.74202e-05
29.03 -4.83157e-05
29.04 -4.63941e-05
29.05 -4.61583e-05
29.06 -4.65948e-05
29.07 -4.45187e-05
29.08 -4.34017e-05
29.09 -4.38198e-05
29.1 -4.18903e-05
29.11 -3.92259e-05
29.12 -3.81782e-05
29.13 -3.64747e-05
29.14 -3.40724e-05
29.15 -3.29348e-05
29.16 -3.12773e-05
29.17 -2.8392e-05
29.18 -2.70658e-05
29.19 -2.66206e-05
29.2 -2.48607e-05
29.21 -2.38621e-05
29.22 -2.4821e-05
29.23 -2.43442e-05
29.24 -2.2058e-05
29.25 -2.19556e-05
29.26 -2.32171e-05
29.27 -2.14424e-05
29.28 -1.93999e-05
29.29 -2.10585e-05
29.3 -2.18366e-05
29.31 -1.91865e-05
29.32 -1.91736e-05
29.33 -2.22622e-05
29.34 -2.2309e-05
29.35 -2.15385e-05
29.36 -2.40718e-05
29.37 -2.63419e-05
29.38 -2.69981e-05
29.39 -2.93409e-05
29.4 -3.28737e-05
29.41 -3.52378e-05
29.42 -3.74586e-05
29.43 -4.13736e-05
29.44 -4.46211e-05
29.45 -4.54634e-05
29.46 -4.76786e-05
29.47 -5.18688e-05
29.48 -5.30346e-05
29.49 -5.2021e-05
29.5 -5.34954e-05
29.51 -5.46841e-05
29.52 -5.35224e-05
29.53 -5.37729e-05
29.54 -5.40247e-05
29.55 -5.1211e-05
29.56 -5.01361e-05
29.57 -5.16738e-05
29.58 -5.00605e-05
29.59 -4.7647e-05
29.6 -4.8628e-05
29.61 -4.84277e-05
29.62 -4.58391e-05
29.63 -4.56836e-05
29.64 -4.63479e-05
29.65 -4.39971e-05
29.66 -4.13771e-05
29.67 -4.12848e-05
29.68 -4.08851e-05
29.69 -3.95225e-05
29.7 -4.01086e-05
29.71 -4.1124e-05
29.72 -4.00162e-05
29.73 -3.90662e-05
29.74 -3.97597e-05
29.75 -4.05043e-05
29.76 -4.06463e-05
29.77 -4.04791e-05
29.78 -4.03528e-05
29.79 -4.05059e-05
29.8 -4.05918e-05
29.81 -4.04157e-05
29.82 -4.04354e-05
29.83 -4.06146e-05
29.84 -4.04745e-05
29.85 -3.96043e-05
29.86 -3.84019e-05
29.87 -3.83124e-05
29.88 -3.86483e-05
29.89 -3.7127e-05
29.9 -3.56223e-05
29.91 -3.58815e-05
29.92 -3.42304e-05
29.93 -3.15025e-05
29.94 -3.22916e-05
29.95 -3.26968e-05
29.96 -2.92762e-05
29.97 -2.81381e-05
29.98 -2.99824e-05
29.99 -2.82647e-05
30 -2.56373e-05
30.01 -2.70082e-05
30.02 -2.69385e-05
30.03 -2.4459e-05
30.04 -2.67222e-05
30.05 -2.99142e-05
30.06 -2.73686e-05
30.07 -2.67231e-05
30.08 -3.14952e-05
30.09 -3.26725e-05
30.1 -3.13837e-05
30.11 -3.47775e-05
30.12 -3.72476e-05
30.13 -3.56902e-05
30.14 -3.81599e-05
30.15 -4.2959e-05
30.16 -4.16056e-05
30.17 -3.92397e-05
30.18 -4.26332e-05
30.19 -4.50382e-05
30.2 -4.34653e-05
30.21 -4.40988e-05
30.22 -4.5353e-05
30.23 -4.31262e-05
30.24 -4.13326e-05
30.25 -4.16142e-05
30.26 -4.11495e-05
30.27 -4.03447e-05
30.28 -3.91635e-05
30.29 -3.67948e-05
30.3 -3.54087e-05
30.31 -3.47929e-05
30.32 -3.27653e-05
30.33 -3.08271e-05
30.34 -3.00355e-05
30.35 -2.86456e-05
30.36 -2.66929e-05
30.37 -2.52683e-05
30.38 -2.38411e-05
30.39 -2.22417e-05
30.4 -2.20215e-05
30.41 -2.29361e-05
30.42 -2.27696e-05
30.43 -2.20774e-05
30.44 -2.25776e-05
30.45 -2.29581e-05
30.46 -2.23677e-05
30.47 -2.27444e-05
30.48 -2.43908e-05
30.49 -2.46435e-05
30.5 -2.32615e-05
30.51 -2.38349e-05
30.52 -2.59933e-05
30.53 -2.62315e-05
30.54 -2.60498e-05
30.55 -2.7733e-05
30.56 -2.95853e-05
30.57 -3.08236e-05
30.58 -3.23029e-05
30.59 -3.39984e-05
30.6 -3.53685e-05
30.61 -3.68434e-05
30.62 -3.95131e-05
30.63 -4.21085e-05
30.64 -4.26924e-05
30.65 -4.34762e-05
30.66 -4.61887e-05
30.67 -4.6939e-05
30.68 -4.49903e-05
30.69 -4.49498e-05
30.7 -4.54466e-05
30.71 -4.27861e-05
30.72 -4.09416e-05
30.73 -4.15016e-05
30.74 -3.93882e-05
30.75 -3.65788e-05
30.76 -3.78964e-05
30.77 -3.7584e-05
30.78 -3.31332e-05
30.79 -3.31731e-05
30.8 -3.64077e-05
30.81 -3.35524e-05
30.82 -2.96893e-05
30.83 -3.16451e-05
30.84 -3.2081e-05
30.85 -2.84247e-05
30.86 -2.78641e-05
30.87 -2.87645e-05
30.88 -2.65016e-05
30.89 -2.60254e-05
30.9 -2.85936e-05
30.91 -2.87969e-05
30.92 -2.82695e-05
30.93 -3.03814e-05
30.94 -3.21599e-05
30.95 -3.26788e-05
30.96 -3.34062e-05
30.97 -3.34717e-05
30.98 -3.39285e-05
30.99 -3.56437e-05
31 -3.55283e-05
31.01 -3.38781e-05
31.02 -3.37656e-05
31.03 -3.35678e-05
31.04 -3.24953e-05
31.05 -3.30038e-05
31.06 -3.30925e-05
31.07 -3.06955e-05
31.08 -2.99148e-05
31.09 -3.085e-05
31.1 -2.93122e-05
31.11 -2.81976e-05
31.12 -3.01578e-05
31.13 -3.02437e-05
31.14 -2.83619e-05
31.15 -2.9332e-05
31.16 -3.06099e-05
31.17 -2.92132e-05
31.18 -2.97836e-05
31.19 -3.27207e-05
31.2 -3.25246e-05
31.21 -3.1785e-05
31.22 -3.42789e-05
31.23 -3.46039e-05
31.24 -3.20982e-05
31.25 -3.30919e-05
31.26 -3.53897e-05
31.27 -3.48768e-05
31.28 -3.57762e-05
31.29 -3.87373e-05
31.3 -3.90558e-05
31.31 -3.84661e-05
31.32 -4.02008e-05
31.33 -4.09306e-05
31.34 -3.90586e-05
31.35 -3.83357e-05
31.36 -3.895e-05
31.37 -3.81827e-05
31.38 -3.73163e-05
31.39 -3.82292e-05
31.4 -3.87624e-05
31.41 -3.73392e-05
31.42 -3.6687e-05
31.43 -3.80261e-05
31.44 -3.87286e-05
31.45 -3.82642e-05
31.46 -3.8734e-05
31.47 -3.97745e-05
31.48 -3.97457e-05
31.49 -3.92273e-05
31.5 -3.95218e-05
31.51 -3.98754e-05
31.52 -3.91865e-05
31.53 -3.79162e-05
31.54 -3.71468e-05
31.55 -3.69533e-05
31.56 -3.60783e-05
31.57 -3.49786e-05
31.58 -3.46097e-05
31.59 -3.39682e-05
31.6 -3.34129e-05
31.61 -3.41615e-05
31.62 -3.4431e-05
31.63 -3.36784e-05
31.64 -3.39839e-05
31.65 -3.46343e-05
31.66 -3.40279e-05
31.67 -3.3752e-05
31.68 -3.44932e-05
31.69 -3.43445e-05
31.7 -3.37631e-05
31.71 -3.42315e-05
31.72 -3.45349e-05
31.73 -3.39467e-05
31.74 -3.40561e-05
31.75 -3.46303e-05
31.76 -3.42819e-05
31.77 -3.40597e-05
31.78 -3.53499e-05
31.79 -3.65112e-05
31.8 -3.52285e-05
31.81 -3.34757e-05
31.82 -3.42874e-05
31.83 -3.52375e-05
31.84 -3.3276e-05
31.85 -3.16178e-05
31.86 -3.27574e-05
31.87 -3.29069e-05
31.88 -3.04027e-05
31.89 -2.92303e-05
31.9 -3.03637e-05
31.91 -3.01454e-05
31.92 -2.85309e-05
31.93 -2.88455e-05
31.94 -3.02054e-05
31.95 -3.03407e-05
31.96 -3.0953e-05
31.97 -3.20431e-05
31.98 -3.1739e-05
31.99 -3.24194e-05
32 -3.5129e-05
32.01 -3.66999e-05
32.02 -3.71263e-05
32.03 -3.85093e-05
32.04 -3.93865e-05
32.05 -3.85657e-05
32.06 -3.84556e-05
32.07 -4.01177e-05
32.08 -4.10572e-05
32.09 -4.02998e-05
32.1 -4.0099e-05
32.11 -4.07859e-05
32.12 -4.05547e-05
32.13 -3.99821e-05
32.14 -4.04501e-05
32.15 -4.11477e-05
32.16 -4.17876e-05
32.17 -4.23996e-05
32.18 -4.20279e-05
32.19 -4.14807e-05
32.2 -4.19656e-05
32.21 -4.21126e-05
32.22 -4.13126e-05
32.23 -4.06216e-05
32.24 -3.99002e-05
32.25 -3.94899e-05
32.26 -3.99618e-05
32.27 -3.94721e-05
32.28 -3.77391e-05
32.29 -3.84472e-05
32.3 -4.08761e-05
32.31 -4.0225e-05
32.32 -3.89697e-05
32.33 -4.1439e-05
32.34 -4.28262e-05
32.35 -4.11811e-05
32.36 -4.22835e-05
32.37 -4.45933e-05
32.38 -4.35316e-05
32.39 -4.23675e-05
32.4 -4.27492e-05
32.41 -4.1926e-05
32.42 -4.10037e-05
32.43 -4.07981e-05
32.44 -3.93127e-05
32.45 -3.77167e-05
32.46 -3.75795e-05
32.47 -3.67235e-05
32.48 -3.49374e-05
32.49 -3.43388e-05
32.5 -3.34665e-05
32.51 -3.13491e-05
32.52 -3.0347e-05
32.53 -2.98634e-05
32.54 -2.81682e-05
32.55 -2.73412e-05
32.56 -2.74941e-05
32.57 -2.61692e-05
32.58 -2.48064e-05
32.59 -2.53366e-05
32.6 -2.53036e-05
32.61 -2.36641e-05
32.62 -2.35949e-05
32.63 -2.50628e-05
32.64 -2.48102e-05
32.65 -2.36106e-05
32.66 -2.3626e-05
32.67 -2.37242e-05
32.68 -2.33249e-05
32.69 -2.30223e-05
32.7 -2.2638e-05
32.71 -2.28294e-05
32.72 -2.41477e-05
32.73 -2.5324e-05
32.74 -2.59173e-05
32.75 -2.671e-05
32.76 -2.74565e-05
32.77 -2.85403e-05
32.78 -3.02884e-05
32.79 -3.11384e-05
32.8 -3.1239e-05
32.81 -3.25145e-05
32.82 -3.39395e-05
32.83 -3.45169e-05
32.84 -3.54859e-05
32.85 -3.62134e-05
32.86 -3.64291e-05
32.87 -3.78652e-05
32.88 -3.89247e-05
32.89 -3.81422e-05
32.9 -3.88403e-05
32.91 -4.096e-05
32.92 -4.09768e-05
32.93 -4.09454e-05
32.94 -4.3038e-05
32.95 -4.31785e-05
32.96 -4.1412e-05
32.97 -4.29401e-05
32.98 -4.55504e-05
32.99 -4.42131e-05
33 -4.26806e-05
33.01 -4.43648e-05
33.02 -4.4887e-05
33.03 -4.29359e-05
33.04 -4.29242e-05
33.05 -4.42871e-05
33.06 -4.30254e-05
33.07 -4.15278e-05
33.08 -4.27283e-05
33.09 -4.30211e-05
33.1 -4.1242e-05
33.11 -4.09587e-05
33.12 -4.11843e-05
33.13 -3.99893e-05
33.14 -3.9861e-05
33.15 -4.07179e-05
33.16 -3.95384e-05
33.17 -3.79957e-05
33.18 -3.86932e-05
33.19 -3.86985e-05
33.2 -3.62293e-05
33.21 -3.52779e-05
33.22 -3.63727e-05
33.23 -3.49942e-05
33.24 -3.2738e-05
33.25 -3.33006e-05
33.26 -3.32544e-05
33.27 -3.13966e-05
33.28 -3.18613e