0.1 78.9523
0.2 78.8849
0.3 78.8175
0.4 78.7501
0.5 78.6827
0.6 78.6153
0.7 78.548
0.8 78.4806
0.9 78.4132
1 78.3458
0 78.3458
21.4663 77.3831
41.0422 76.4777
54.357 75.7894
62.3426 75.3358
70.086 74.8775
73.8062 74.5968
76.1763 74.3663
78.3154 74.1365
79.9607 73.951
80.9375 73.836
74.0567 74.1588
67.9972 74.4484
62.0745 74.7899
56.7965 75.1075
52.038 75.4074
47.0118 75.7403
41.1729 76.1399
34.0107 76.6024
17.0948 77.4354
-3.62534 78.3853
-24.2906 79.3351
-43.8219 80.2921
-55.6406 81.3381
-60.9418 82.5166
-66.2668 83.6876
-69.6223 84.9379
-72.4287 86.2019
-74.9982 87.4688
-77.1908 88.7573
-78.4798 90.118
-71.7215 88.8323
-65.7666 87.5497
-60.199 86.3033
-55.2862 85.0504
-50.8968 83.7925
-46.0968 82.5702
-40.6504 81.3907
-33.7071 80.2491
-17.0687 79.2628
3.36241 78.3095
23.76 77.3567
42.8788 76.4401
53.5967 75.8042
57.6194 75.4545
62.295 75.0788
65.2009 74.8201
67.9602 74.5664
70.6049 74.3165
72.6409 74.1279
74.1322 73.9941
75.5518 73.8631
76.9131 73.7344
78.2265 73.6075
79.5003 73.482
80.7408 73.3579
81.9531 73.2348
83.1413 73.1125
84.3089 72.991
85.4585 72.8702
86.5926 72.7499
80.3465 73.0485
75.4342 73.296
71.4079 73.5104
68.0002 73.7021
65.0404 73.8779
62.4146 74.0419
60.0443 74.1972
57.8741 74.3459
55.8632 74.4895
53.9816 74.6289
52.2062 74.7651
50.5194 74.8986
48.2721 75.0996
45.6967 75.3418
43.1722 75.5829
40.1282 75.8615
35.7531 76.2326
29.8986 76.6685
14.985 77.4516
-5.21441 78.3996
-25.4038 79.3477
-44.5386 80.3026
-55.4012 81.351
-59.1772 82.5438
-63.4819 83.7284
-66.03 84.9938
-68.5088 86.26
-70.9307 87.5269
-72.7361 88.846
-74.0758 90.2038
-75.3742 91.5623
-76.6377 92.9215
-77.8715 94.2812
-79.0798 95.6414
-80.2662 97.002
-81.4335 98.3629
-82.584 99.7241
-83.7199 101.086
-84.8427 102.447
-85.9541 103.809
-79.8058 102.514
-75.0435 101.196
-71.163 99.8649
-67.8851 98.5248
-65.0375 97.1787
-62.5079 95.8283
-60.2201 94.4748
-58.1204 93.119
-56.1704 91.7616
-54.3412 90.4027
-52.6112 89.0429
-50.9637 87.6823
-48.8086 86.372
-46.2671 85.1005
-43.7721 83.829
-40.7994 82.5814
-36.4486 81.3995
-30.618 80.2499
-15.6215 79.2512
4.56674 78.3012
24.7466 77.3513
43.7219 76.4357
54.1195 75.8055
57.5438 75.4728
61.6566 75.1182
64.1978 74.8701
66.6786 74.6241
69.1088 74.3798
70.7908 74.2163
72.1497 74.0859
73.4704 73.9571
74.7583 73.8296
76.0178 73.7032
77.2527 73.5777
78.4661 73.4532
79.6605 73.3293
80.838 73.2062
82.0007 73.0836
83.15 72.9616
84.2872 72.84
85.4137 72.7189
86.5304 72.5981
87.6382 72.4777
88.4503 72.4416
89.2398 72.4101
90.0216 72.3789
90.7963 72.3481
91.5644 72.3176
92.3266 72.2875
93.0834 72.2576
87.1671 72.5151
82.7672 72.6996
79.2759 72.8409
76.3876 72.9541
73.9225 73.0479
71.7664 73.1278
69.8433 73.1974
68.1006 73.2593
66.4197 73.3383
64.635 73.4746
62.9389 73.6083
61.3171 73.7399
59.7584 73.8696
58.2536 73.9978
56.7955 74.1247
55.378 74.2506
53.9961 74.3754
52.6456 74.4995
51.3228 74.6228
50.0249 74.7455
48.7491 74.8676
47.4934 74.9893
45.724 75.1689
43.4633 75.404
41.2172 75.6388
38.5513 75.9029
34.3816 76.2702
28.9389 76.6927
14.5472 77.4607
-5.58447 78.4084
-25.712 79.3561
-44.7758 80.3108
-55.4196 81.3607
-58.88 82.5573
-62.9022 83.7489
-65.3014 85.0157
-67.6623 86.283
-69.9906 87.5508
-71.5771 88.8833
-72.8523 90.2418
-74.101 91.6008
-75.3264 92.9602
-76.5313 94.3201
-77.7182 95.6802
-78.8891 97.0406
-80.0458 98.4014
-81.1896 99.7623
-82.3219 101.123
-83.4439 102.485
-84.5564 103.846
-85.6604 105.208
-86.7565 106.57
-87.8297 107.936
-88.6106 109.38
-89.3845 110.824
-90.1519 112.268
-90.9135 113.712
-91.6697 115.156
-92.4208 116.601
-93.1672 118.046
-87.2817 116.716
-82.9211 115.347
-79.4639 113.955
-76.6035 112.548
-74.1608 111.13
-72.0228 109.705
-70.1144 108.276
-68.3838 106.842
-66.7463 105.418
-64.9715 104.057
-63.2837 102.696
-61.6688 101.335
-60.1159 99.9725
-58.6159 98.6099
-57.1618 97.2471
-55.7475 95.8841
-54.3681 94.5208
-53.0196 93.1574
-51.6984 91.7938
-50.4016 90.4302
-49.1267 89.0664
-47.8714 87.7026
-46.1394 86.3823
-43.8789 85.11
-41.6327 83.8377
-38.992 82.5844
-34.8218 81.4027
-29.3757 80.2484
-14.9184 79.2454
5.21398 78.2963
25.3423 77.3472
44.3249 76.4307
54.7307 75.7989
58.0248 75.4693
61.9647 75.121
64.3739 74.8771
66.7457 74.6344
69.0851 74.3928
70.6173 74.2397
71.9059 74.1117
73.1679 73.9847
74.4065 73.8588
75.6246 73.7336
76.8244 73.6092
78.008 73.4854
79.177 73.3622
80.3329 73.2395
81.4771 73.1173
82.6106 72.9956
83.7343 72.8742
84.8492 72.7532
85.956 72.6325
87.0022 72.5277
87.7942 72.4955
88.5789 72.4637
89.3569 72.4323
90.1287 72.4012
90.8947 72.3704
91.6555 72.3399
92.4114 72.3096
93.1626 72.2796
93.9096 72.2498
94.6527 72.2202
95.392 72.1908
96.1278 72.1616
96.8603 72.1325
97.5898 72.1036
98.3163 72.0749
99.0402 72.0463
99.7615 72.0178
93.9506 72.2706
89.6769 72.4497
86.2889 72.5869
83.4801 72.6971
81.0751 72.7889
78.9644 72.8675
77.0757 72.9363
75.3589 72.9977
73.7785 73.0533
72.3082 73.1045
70.9284 73.152
69.6239 73.1965
68.3829 73.2386
67.1959 73.2787
66.0554 73.3171
64.9551 73.354
63.89 73.3897
62.8559 73.4244
61.8209 73.4661
60.5215 73.5883
59.2436 73.71
57.9851 73.8313
56.744 73.9522
55.5189 74.0728
54.3084 74.193
53.1111 74.3129
51.9261 74.4326
50.7522 74.552
49.5888 74.6712
48.4349 74.7901
47.2898 74.9089
46.1531 75.0276
44.5346 75.1999
42.3703 75.4329
40.2128 75.6658
37.6896 75.924
33.5907 76.29
28.3352 76.706
14.2202 77.4658
-5.88537 78.4133
-25.9885 79.3609
-45.0481 80.3153
-55.6658 81.365
-59.0314 82.5624
-62.9432 83.7562
-65.2676 85.0238
-67.5657 86.2917
-69.8408 87.56
-71.3261 88.8979
-72.5585 90.257
-73.771 91.6165
-74.9658 92.9763
-76.1448 94.3364
-77.3097 95.6968
-78.4619 97.0574
-79.6025 98.4183
-80.7328 99.7793
-81.8535 101.141
-82.9657 102.502
-84.0698 103.863
-85.1667 105.225
-86.257 106.587
-87.2729 107.967
-88.0501 109.411
-88.8212 110.854
-89.5865 112.298
-90.3466 113.742
-91.1018 115.187
-91.8525 116.631
-92.5989 118.076
-93.3414 119.52
-94.0801 120.965
-94.8154 122.41
-95.5474 123.855
-96.2764 125.3
-97.0025 126.745
-97.7259 128.19
-98.4467 129.635
-99.1651 131.081
-99.8812 132.526
-94.0843 131.195
-89.8271 129.823
-86.4525 128.429
-83.6542 127.02
-81.2574 125.602
-79.153 124.177
-77.2692 122.747
-75.5563 121.313
-73.9789 119.876
-72.511 118.438
-71.133 116.997
-69.8299 115.555
-68.5899 114.112
-67.4037 112.669
-66.2636 111.224
-65.1637 109.779
-64.0988 108.334
-63.0646 106.888
-62.0521 105.443
-60.7528 104.079
-59.4748 102.715
-58.216 101.35
-56.9747 99.9861
-55.7491 98.6218
-54.538 97.2575
-53.3402 95.8932
-52.1545 94.5289
-50.9799 93.1645
-49.8157 91.8002
-48.661 90.4359
-47.5151 89.0715
-46.3775 87.7072
-44.7791 86.3842
-42.6138 85.1119
-40.4553 83.8396
-37.9452 82.584
-33.8453 81.4025
-28.5861 80.2458
-14.4318 79.2402
5.67462 78.2915
25.7786 77.3429
44.7927 76.4252
55.2769 75.79
58.55 75.46
62.4165 75.1137
64.7471 74.8723
67.0516 74.6317
69.333 74.392
70.788 74.2433
72.0275 74.1171
73.2471 73.9917
74.4489 73.867
75.6347 73.743
76.8063 73.6195
77.965 73.4966
79.112 73.3741
80.2485 73.252
81.3753 73.1304
82.4933 73.0091
83.6032 72.8881
84.7057 72.7674
85.8014 72.647
86.8016 72.553
87.5845 72.5211
88.3611 72.4895
89.1319 72.4583
89.8972 72.4273
90.6576 72.3966
91.4132 72.3662
92.1645 72.3359
92.9117 72.3059
93.655 72.2761
94.3948 72.2465
95.1312 72.2171
95.8645 72.1878
96.5947 72.1587
97.3222 72.1297
98.0469 72.1009
98.7692 72.0722
99.4891 72.0436
100.207 72.0151
100.922 71.9868
101.636 71.9586
102.347 71.9304
103.057 71.9024
103.765 71.8744
104.471 71.8466
105.176 71.8188
105.879 71.7911
106.581 71.7634
100.824 72.0138
96.609 72.1904
93.2663 72.3259
90.4903 72.435
88.1086 72.526
86.0143 72.6042
84.1368 72.6729
82.4275 72.7343
80.8518 72.79
79.3842 72.8413
78.0054 72.8891
76.7007 72.9339
75.4586 72.9763
74.2698 73.0166
73.127 73.0553
72.024 73.0925
70.9558 73.1285
69.9184 73.1635
68.9081 73.1975
67.9221 73.2307
66.9577 73.2632
66.0128 73.2951
65.0856 73.3264
64.1743 73.3572
63.2775 73.3876
62.394 73.4177
61.5226 73.4473
60.6623 73.4767
59.7812 73.5146
58.6226 73.6334
57.473 73.7521
56.3316 73.8706
55.198 73.989
54.0716 74.1072
52.9519 74.2253
51.8385 74.3432
50.731 74.4611
49.6291 74.5789
48.5324 74.6965
47.4406 74.8141
46.3535 74.9316
45.2707 75.0489
43.7181 75.2185
41.6006 75.4506
39.4869 75.6827
37.0366 75.9379
32.9749 76.3033
27.8336 76.7153
13.9115 77.4692
-6.17867 78.4167
-26.2672 79.3642
-45.3472 80.3183
-56.0133 81.367
-59.3623 82.5639
-63.2233 83.7581
-65.4944 85.0263
-67.7463 86.2948
-69.9811 87.5634
-71.4098 88.9035
-72.607 90.2632
-73.7888 91.6232
-74.9566 92.9834
-76.1119 94.3439
-77.2558 95.7045
-78.3894 97.0654
-79.5135 98.4265
-80.6291 99.7877
-81.7367 101.149
-82.8371 102.511
-83.9307 103.872
-85.0182 105.234
-86.0999 106.596
-87.0794 107.984
-87.8495 109.428
-88.6142 110.871
-89.3738 112.315
-90.1289 113.76
-90.8796 115.204
-91.6262 116.648
-92.369 118.093
-93.1083 119.537
-93.8442 120.982
-94.577 122.427
-95.3068 123.872
-96.0338 125.317
-96.7581 126.762
-97.48 128.207
-98.1995 129.652
-98.9167 131.098
-99.6319 132.543
-100.345 133.988
-101.056 135.434
-101.766 136.879
-102.473 138.325
-103.179 139.771
-103.884 141.216
-104.586 142.662
-105.288 144.108
-105.988 145.554
-106.687 147
-100.937 145.667
-96.7316 144.294
-93.3958 142.899
-90.625 141.49
-88.2472 140.071
-86.1557 138.646
-84.2803 137.216
-82.5725 135.782
-80.9979 134.346
-79.531 132.907
-78.1527 131.467
-76.8483 130.025
-75.6063 128.583
-74.4175 127.139
-73.2745 125.695
-72.1712 124.25
-71.1028 122.805
-70.0649 121.359
-69.0542 119.913
-68.0677 118.466
-67.1028 117.02
-66.1574 115.573
-65.2296 114.126
-64.3177 112.679
-63.4203 111.231
-62.5361 109.784
-61.6641 108.337
-60.8032 106.889
-59.9368 105.446
-58.7776 104.081
-57.6273 102.716
-56.4852 101.352
-55.3509 99.9874
-54.2238 98.6229
-53.1034 97.2584
-51.9893 95.8939
-50.8811 94.5294
-49.7784 93.165
-48.681 91.8006
-47.5885 90.4361
-46.5006 89.0717
-45.4172 87.7073
-43.8773 86.3836
-41.759 85.1114
-39.6445 83.8393
-37.2023 82.5825
-33.1397 81.4011
-27.9957 80.2429
-14.0477 79.2356
6.04308 78.2871
26.1322 77.3387
45.1831 76.4198
55.7638 75.7809
59.0538 75.4492
62.886 75.1032
65.1613 74.8636
67.4173 74.6247
69.6561 74.3864
71.0654 74.2396
72.2671 74.1148
73.4533 73.9907
74.6254 73.8671
75.7849 73.7441
76.933 73.6214
78.0705 73.4993
79.1986 73.3775
80.3179 73.256
81.4292 73.1349
82.5332 73.0141
83.6303 72.8935
84.7212 72.7732
85.8062 72.6532
86.7755 72.5657
87.549 72.5341
88.317 72.5029
89.08 72.472
89.8383 72.4412
90.5921 72.4108
91.3417 72.3805
92.0875 72.3505
92.8297 72.3206
93.5684 72.291
94.3039 72.2615
95.0364 72.2321
95.766 72.2029
96.4929 72.1739
97.2173 72.145
97.9392 72.1162
98.6588 72.0875
99.3763 72.059
100.092 72.0305
100.805 72.0022
101.517 71.974
102.226 71.9458
102.934 71.9178
103.641 71.8898
104.346 71.8619
105.049 71.8341
105.751 71.8064
106.452 71.7787
107.151 71.7511
107.849 71.7236
108.546 71.6961
109.242 71.6687
109.456 71.66
109.507 71.6576
109.558 71.6552
109.607 71.6529
109.656 71.6506
109.703 71.6484
103.978 71.8973
99.7959 72.0726
96.477 72.2071
93.7172 72.3157
91.3461 72.4065
89.2583 72.4846
87.3845 72.5533
85.677 72.6148
84.1014 72.6707
82.6329 72.7223
81.2525 72.7702
79.9456 72.8153
78.7009 72.8579
77.5092 72.8985
76.3632 72.9374
75.2569 72.9749
74.1853 73.0112
73.1444 73.0463
72.1307 73.0806
71.1412 73.114
70.1733 73.1467
69.225 73.1788
68.2943 73.2103
67.3795 73.2414
66.4794 73.2719
65.5925 73.3021
64.7179 73.332
63.8544 73.3615
63.0013 73.3907
62.1577 73.4197
61.3229 73.4484
60.4963 73.4769
59.6774 73.5052
58.8655 73.5333
58.0603 73.5612
57.2612 73.589
56.468 73.6167
55.6803 73.6442
54.8976 73.6716
53.9736 73.7404
52.883 73.8578
51.7968 73.9751
50.7149 74.0924
49.6369 74.2096
48.5627 74.3267
47.4921 74.4438
46.425 74.5608
45.361 74.6778
44.3002 74.7947
43.2423 74.9115
42.1872 75.0283
41.1348 75.1451
39.8532 75.2874
37.7629 75.519
35.6751 75.7506
33.5016 75.9882
29.4625 76.3532
24.6772 76.7504
11.2216 77.4889
-8.85839 78.4363
-28.9372 79.3838
-47.8239 80.3391
-57.8522 81.3961
-60.6609 82.604
-64.161 83.8137
-66.3919 85.0823
-68.6082 86.3512
-70.7345 87.6272
-71.9163 88.9871
-73.0844 90.3472
-74.2402 91.7077
-75.3849 93.0683
-76.5194 94.4291
-77.6445 95.79
-78.7612 97.1512
-79.8701 98.5125
-80.9718 99.8739
-82.0668 101.235
-83.1557 102.597
-84.2388 103.959
-85.3167 105.321
-86.3511 106.693
-87.118 108.137
-87.88 109.581
-88.6373 111.025
-89.3902 112.469
-90.139 113.913
-90.884 115.357
-91.6253 116.802
-92.3633 118.246
-93.0981 119.691
-93.83 121.136
-94.5589 122.581
-95.2852 124.026
-96.009 125.471
-96.7303 126.916
-97.4494 128.361
-98.1664 129.806
-98.8812 131.252
-99.5942 132.697
-100.305 134.142
-101.015 135.588
-101.722 137.033
-102.428 138.479
-103.133 139.925
-103.836 141.37
-104.537 142.816
-105.238 144.262
-105.936 145.708
-106.634 147.153
-107.331 148.599
-108.026 150.045
-108.721 151.491
-109.414 152.937
-109.56 153.153
-109.609 153.153
-109.657 153.153
-109.704 153.153
-109.751 153.153
-109.796 153.153
-104.076 151.819
-99.8995 150.446
-96.5845 149.05
-93.8275 147.641
-91.4584 146.222
-89.3719 144.797
-87.499 143.367
-85.7919 141.933
-84.2167 140.497
-82.7482 139.059
-81.3677 137.618
-80.0606 136.177
-78.8156 134.735
-77.6235 133.291
-76.4771 131.847
-75.3703 130.402
-74.2983 128.957
-73.2569 127.511
-72.2426 126.066
-71.2525 124.619
-70.284 123.173
-69.3351 121.726
-68.4038 120.279
-67.4885 118.832
-66.5877 117.385
-65.7003 115.938
-64.825 114.49
-63.961 113.043
-63.1072 111.595
-62.263 110.148
-61.4277 108.7
-60.6005 107.252
-59.7809 105.805
-58.9685 104.357
-58.1627 102.909
-57.3631 101.461
-56.5693 100.013
-55.7809 98.5656
-54.9977 97.1177
-54.2194 95.6699
-53.2293 94.2787
-52.1424 92.9142
-51.0598 91.5497
-49.9812 90.1852
-48.9064 88.8207
-47.8351 87.4562
-46.7673 86.0918
-45.7028 84.7273
-44.6413 83.3629
-43.5828 81.9985
-42.5271 80.6341
-41.4741 79.2697
-40.4236 77.9054
-38.4096 76.6265
-36.3211 75.3544
-34.235 74.0823
-30.4593 72.8888
-26.2353 71.7116
-13.6979 70.6878
6.38272 69.7395
