0.1 -2.45567
0.2 -2.61364
0.3 -2.7716
0.4 -2.92957
0.5 -3.08754
0.6 -3.2455
0.7 -3.40347
0.8 -3.56144
0.9 -3.71941
1 -3.87737
0 -3.87737
21.4663 -8.05245
41.0422 -12.3464
54.357 -16.8163
62.3426 -21.01
70.086 -25.1042
73.8062 -28.2925
76.1763 -30.1812
78.3154 -30.9821
79.9607 -31.2579
80.9375 -31.3561
74.0567 -27.8303
67.9972 -24.3207
62.0745 -20.37
56.7965 -16.4417
52.038 -12.5504
47.0118 -8.57345
41.1729 -4.4719
34.0107 -0.485013
17.0948 3.22946
-3.62534 6.49051
-24.2906 9.47881
-43.8219 12.4081
-55.6406 16.4767
-60.9418 20.741
-66.2668 23.7088
-69.6223 25.9624
-72.4287 27.5039
-74.9982 28.5556
-77.1908 29.2975
-78.4798 29.8494
-71.7215 19.5929
-65.7666 11.3069
-60.199 4.94738
-55.2862 -0.149182
-50.8968 -4.24963
-46.0968 -7.43362
-40.6504 -9.92957
-33.7071 -11.8837
-17.0687 -12.8888
3.36241 -13.5936
23.76 -14.2551
42.8788 -14.8898
53.5967 -15.527
57.6194 -16.0952
62.295 -16.6308
65.2009 -17.0937
67.9602 -17.5331
70.6049 -17.9505
72.6409 -18.3195
74.1322 -18.6481
75.5518 -18.9629
76.9131 -19.2648
78.2265 -19.5545
79.5003 -19.8326
80.7408 -20.1
81.9531 -20.3571
83.1413 -20.6044
84.3089 -20.8427
85.4585 -21.0722
86.5926 -21.2934
80.3465 -17.933
75.4342 -14.907
71.4079 -12.1807
68.0002 -9.71827
65.0404 -7.48742
62.4146 -5.46016
60.0443 -3.61223
57.8741 -1.92274
55.8632 -0.373593
53.9816 1.05082
52.2062 2.36407
50.5194 3.57791
48.2721 4.81033
45.6967 6.00745
43.1722 7.10981
40.1282 8.15878
35.7531 9.19701
29.8986 10.1646
14.985 11.0573
-5.21441 11.8327
-25.4038 12.5552
-44.5386 13.2843
-55.4012 14.3938
-59.1772 15.7566
-63.4819 16.9078
-66.03 18.0092
-68.5088 18.9671
-70.9307 19.8074
-72.7361 20.5828
-74.0758 21.2907
-75.3742 21.9196
-76.6377 22.4819
-77.8715 22.9876
-79.0798 23.4448
-80.2662 23.8602
-81.4335 24.2393
-82.584 24.5868
-83.7199 24.9064
-84.8427 25.2015
-85.9541 25.4748
-79.8058 16.3432
-75.0435 9.7612
-71.163 4.78581
-67.8851 0.898042
-65.0375 -2.22117
-62.5079 -4.77853
-60.2201 -6.91342
-58.1204 -8.72298
-56.1704 -10.2769
-54.3412 -11.6262
-52.6112 -12.8095
-50.9637 -13.856
-48.8086 -14.7504
-46.2671 -15.5297
-43.7721 -16.2382
-40.7994 -16.8679
-36.4486 -17.403
-30.618 -17.869
-15.6215 -18.1414
4.56674 -18.3242
24.7466 -18.5021
43.7219 -18.6787
54.1195 -18.8632
57.5438 -19.0336
61.6566 -19.1982
64.1978 -19.3459
66.6786 -19.4901
69.1088 -19.631
70.7908 -19.7554
72.1497 -19.8721
73.4704 -19.9864
74.7583 -20.0986
76.0178 -20.2085
77.2527 -20.3164
78.4661 -20.4222
79.6605 -20.5261
80.838 -20.6281
82.0007 -20.7282
83.15 -20.8265
84.2872 -20.9231
85.4137 -21.0179
86.5304 -21.1111
87.6382 -21.2027
88.4503 -21.2787
89.2398 -21.3529
90.0216 -21.426
90.7963 -21.4981
91.5644 -21.5692
92.3266 -21.6393
93.0834 -21.7084
87.1671 -18.6896
82.7672 -16.1741
79.2759 -13.9944
76.3876 -12.065
73.9225 -10.333
71.7664 -8.76224
69.8433 -7.3266
68.1006 -6.00635
66.4197 -4.72429
64.635 -3.38606
62.9389 -2.15257
61.3171 -1.01135
59.7584 0.0480765
58.2536 1.03462
56.7955 1.95588
55.378 2.81842
53.9961 3.62791
52.6456 4.3893
51.3228 5.10692
50.0249 5.7846
48.7491 6.42571
47.4934 7.03325
45.724 7.65642
43.4633 8.28828
41.2172 8.88519
38.5513 9.46339
34.3816 10.0548
28.9389 10.619
14.5472 11.1548
-5.58447 11.6291
-25.712 12.0804
-44.7758 12.5458
-55.4196 13.278
-58.88 14.2141
-62.9022 15.0392
-65.3014 15.8536
-67.6623 16.5888
-69.9906 17.2559
-71.5771 17.8985
-72.8523 18.4967
-74.101 19.0438
-75.3264 19.5463
-76.5313 20.0096
-77.7182 20.4384
-78.8891 20.8365
-80.0458 21.2073
-81.1896 21.5537
-82.3219 21.8781
-83.4439 22.1827
-84.5564 22.4693
-85.6604 22.7396
-86.7565 22.995
-87.8297 23.2375
-88.6106 23.479
-89.3845 23.7079
-90.1519 23.9252
-90.9135 24.1318
-91.6697 24.3285
-92.4208 24.5162
-93.1672 24.6955
-87.2817 15.7595
-82.9211 9.49599
-79.4639 4.80842
-76.6035 1.15776
-74.1608 -1.77137
-72.0228 -4.17751
-70.1144 -6.19216
-68.3838 -7.90592
-66.7463 -9.37208
-64.9715 -10.6002
-63.2837 -11.6875
-61.6688 -12.6579
-60.1159 -13.53
-58.6159 -14.3187
-57.1618 -15.0358
-55.7475 -15.6911
-54.3681 -16.2927
-53.0196 -16.8472
-51.6984 -17.3603
-50.4016 -17.8366
-49.1267 -18.2802
-47.8714 -18.6945
-46.1394 -19.0688
-43.8789 -19.4066
-41.6327 -19.7259
-38.992 -20.0219
-34.8218 -20.2797
-29.3757 -20.5129
-14.9184 -20.6542
5.21398 -20.7476
25.3423 -20.8393
44.3249 -20.9313
54.7307 -21.0285
58.0248 -21.1193
61.9647 -21.2076
64.3739 -21.2877
66.7457 -21.3665
69.0851 -21.4442
70.6173 -21.5126
71.9059 -21.5778
73.1679 -21.6422
74.4065 -21.7057
75.6246 -21.7685
76.8244 -21.8305
78.008 -21.8917
79.177 -21.9521
80.3329 -22.0118
81.4771 -22.0707
82.6106 -22.129
83.7343 -22.1865
84.8492 -22.2434
85.956 -22.2996
87.0022 -22.3535
87.7942 -22.3994
88.5789 -22.4449
89.3569 -22.4899
90.1287 -22.5345
90.8947 -22.5786
91.6555 -22.6223
92.4114 -22.6656
93.1626 -22.7085
93.9096 -22.751
94.6527 -22.7931
95.392 -22.8348
96.1278 -22.8761
96.8603 -22.9171
97.5898 -22.9577
98.3163 -22.9979
99.0402 -23.0378
99.7615 -23.0773
93.9506 -20.1155
89.6769 -17.6833
86.2889 -15.5874
83.4801 -13.7369
81.0751 -12.0773
78.9644 -10.5725
77.0757 -9.19657
75.3589 -7.9302
73.7785 -6.75839
72.3082 -5.66918
70.9284 -4.65284
69.6239 -3.7013
68.3829 -2.80779
67.1959 -1.96656
66.0554 -1.17264
64.9551 -0.421766
63.89 0.289816
62.8559 0.965388
61.8209 1.61919
60.5215 2.35104
59.2436 3.0429
57.9851 3.6982
56.744 4.31993
55.5189 4.91077
54.3084 5.47312
53.1111 6.00911
51.9261 6.52067
50.7522 7.00953
49.5888 7.47727
48.4349 7.9253
47.2898 8.35492
46.1531 8.76731
44.5346 9.19312
42.3703 9.63342
40.2128 10.0547
37.6896 10.4665
33.5907 10.8944
28.3352 11.3072
14.2202 11.7049
-5.88537 12.0601
-25.9885 12.4014
-45.0481 12.7564
-55.6658 13.3228
-59.0314 14.0621
-62.9432 14.7274
-65.2676 15.3948
-67.5657 16.0076
-69.8408 16.5725
-71.3261 17.1269
-72.5585 17.6482
-73.771 18.1312
-74.9658 18.5802
-76.1448 18.999
-77.3097 19.3906
-78.4619 19.7577
-79.6025 20.1029
-80.7328 20.428
-81.8535 20.735
-82.9657 21.0254
-84.0698 21.3006
-85.1667 21.5619
-86.257 21.8104
-87.2729 22.05
-88.0501 22.2876
-88.8212 22.5142
-89.5865 22.7304
-90.3466 22.937
-91.1018 23.1347
-91.8525 23.3242
-92.5989 23.506
-93.3414 23.6807
-94.0801 23.8486
-94.8154 24.0102
-95.5474 24.1659
-96.2764 24.316
-97.0025 24.461
-97.7259 24.601
-98.4467 24.7365
-99.1651 24.8675
-99.8812 24.9944
-94.0843 16.2126
-89.8271 10.1275
-86.4525 5.58095
-83.6542 2.03469
-81.2574 -0.818802
-79.153 -3.17076
-77.2692 -5.14706
-75.5563 -6.83419
-73.9789 -8.29364
-72.511 -9.57039
-71.133 -10.6981
-69.8299 -11.7027
-68.5899 -12.6041
-67.4037 -13.4182
-66.2636 -14.1578
-65.1637 -14.8331
-64.0988 -15.4527
-63.0646 -16.0235
-62.0521 -16.551
-60.7528 -17.0162
-59.4748 -17.4509
-58.216 -17.8582
-56.9747 -18.2408
-55.7491 -18.6011
-54.538 -18.9411
-53.3402 -19.2626
-52.1545 -19.5672
-50.9799 -19.8562
-49.8157 -20.1311
-48.661 -20.3928
-47.5151 -20.6423
-46.3775 -20.8807
-44.7791 -21.1009
-42.6138 -21.3029
-40.4553 -21.4972
-37.9452 -21.6807
-33.8453 -21.8424
-28.5861 -21.9914
-14.4318 -22.0834
5.67462 -22.1436
25.7786 -22.2031
44.7927 -22.263
55.2769 -22.3266
58.55 -22.3864
62.4165 -22.4448
64.7471 -22.498
67.0516 -22.5506
69.333 -22.6026
70.788 -22.6484
72.0275 -22.6924
73.2471 -22.7359
74.4489 -22.7791
75.6347 -22.8219
76.8063 -22.8642
77.965 -22.9062
79.112 -22.9478
80.2485 -22.989
81.3753 -23.0298
82.4933 -23.0703
83.6032 -23.1104
84.7057 -23.1501
85.8014 -23.1895
86.8016 -23.2267
87.5845 -23.2591
88.3611 -23.2912
89.1319 -23.3231
89.8972 -23.3547
90.6576 -23.3862
91.4132 -23.4174
92.1645 -23.4483
92.9117 -23.4791
93.655 -23.5096
94.3948 -23.5399
95.1312 -23.57
95.8645 -23.5999
96.5947 -23.6296
97.3222 -23.6591
98.0469 -23.6884
98.7692 -23.7175
99.4891 -23.7464
100.207 -23.7751
100.922 -23.8036
101.636 -23.8319
102.347 -23.8601
103.057 -23.888
103.765 -23.9158
104.471 -23.9434
105.176 -23.9708
105.879 -23.998
106.581 -24.0251
100.824 -21.0928
96.609 -18.7013
93.2663 -16.645
90.4903 -14.831
88.1086 -13.2046
86.0143 -11.7297
84.1368 -10.3805
82.4275 -9.13811
80.8518 -7.98766
79.3842 -6.91747
78.0054 -5.91803
76.7007 -4.98148
75.4586 -4.10123
74.2698 -3.27169
73.127 -2.48805
72.024 -1.74616
70.9558 -1.0424
69.9184 -0.373591
68.9081 0.263069
67.9221 0.870073
66.9577 1.44964
66.0128 2.00377
65.0856 2.53423
64.1743 3.04266
63.2775 3.53051
62.394 3.99911
61.5226 4.44968
60.6623 4.88331
59.7812 5.30921
58.6226 5.79191
57.473 6.2544
56.3316 6.69802
55.198 7.12398
54.0716 7.53339
52.9519 7.92727
51.8385 8.30654
50.731 8.67206
49.6291 9.02461
48.5324 9.36492
47.4406 9.69366
46.3535 10.0115
45.2707 10.3189
43.7181 10.6381
41.6006 10.9715
39.4869 11.2931
37.0366 11.6093
32.9749 11.9409
27.8336 12.2631
13.9115 12.5766
-6.17867 12.8579
-26.2672 13.13
-45.3472 13.4141
-56.0133 13.8708
-59.3623 14.4759
-63.2233 15.0284
-65.4944 15.5893
-67.7463 16.1101
-69.9811 16.5953
-71.4098 17.0768
-72.607 17.5333
-73.7888 17.9601
-74.9566 18.3601
-76.1119 18.7359
-77.2558 19.0899
-78.3894 19.4241
-79.5135 19.7402
-80.6291 20.0397
-81.7367 20.324
-82.8371 20.5943
-83.9307 20.8519
-85.0182 21.0975
-86.0999 21.3321
-87.0794 21.5604
-87.8495 21.7866
-88.6142 22.0031
-89.3738 22.2105
-90.1289 22.4094
-90.8796 22.6004
-91.6262 22.7841
-92.369 22.9608
-93.1083 23.131
-93.8442 23.2952
-94.577 23.4536
-95.3068 23.6067
-96.0338 23.7547
-96.7581 23.8978
-97.48 24.0365
-98.1995 24.1708
-98.9167 24.3011
-99.6319 24.4275
-100.345 24.5503
-101.056 24.6696
-101.766 24.7856
-102.473 24.8984
-103.179 25.0083
-103.884 25.1153
-104.586 25.2196
-105.288 25.3213
-105.988 25.4205
-106.687 25.5173
-100.937 16.818
-96.7316 10.8211
-93.3958 6.33989
-90.625 2.83904
-88.2472 0.0160251
-86.1557 -2.31623
-84.2803 -4.28055
-82.5725 -5.96125
-80.9979 -7.41826
-79.531 -8.69548
-78.1527 -9.82583
-76.8483 -10.8345
-75.6063 -11.7411
-74.4175 -12.5613
-73.2745 -13.3075
-72.1712 -13.9899
-71.1028 -14.6167
-70.0649 -15.195
-69.0542 -15.7305
-68.0677 -16.2281
-67.1028 -16.692
-66.1574 -17.1257
-65.2296 -17.5323
-64.3177 -17.9144
-63.4203 -18.2744
-62.5361 -18.6143
-61.6641 -18.9358
-60.8032 -19.2405
-59.9368 -19.5292
-58.7776 -19.7902
-57.6273 -20.0395
-56.4852 -20.2779
-55.3509 -20.5062
-54.2238 -20.7251
-53.1034 -20.9352
-51.9893 -21.1371
-50.8811 -21.3313
-49.7784 -21.5182
-48.681 -21.6984
-47.5885 -21.8723
-46.5006 -22.0401
-45.4172 -22.2024
-43.8773 -22.354
-41.759 -22.4944
-39.6445 -22.6308
-37.2023 -22.7609
-33.1397 -22.8764
-27.9957 -22.984
-14.0477 -23.0513
6.04308 -23.095
26.1322 -23.1383
45.1831 -23.182
55.7638 -23.2286
59.0538 -23.2725
62.886 -23.3156
65.1613 -23.3549
67.4173 -23.3938
69.6561 -23.4324
71.0654 -23.4665
72.2671 -23.4993
73.4533 -23.5318
74.6254 -23.5641
75.7849 -23.5962
76.933 -23.628
78.0705 -23.6596
79.1986 -23.691
80.3179 -23.7221
81.4292 -23.753
82.5332 -23.7837
83.6303 -23.8142
84.7212 -23.8445
85.8062 -23.8746
86.7755 -23.9026
87.549 -23.9274
88.317 -23.9521
89.08 -23.9766
89.8383 -24.0009
90.5921 -24.0251
91.3417 -24.0492
92.0875 -24.0731
92.8297 -24.0969
93.5684 -24.1206
94.3039 -24.1441
95.0364 -24.1675
95.766 -24.1908
96.4929 -24.2139
97.2173 -24.237
97.9392 -24.2599
98.6588 -24.2826
99.3763 -24.3053
100.092 -24.3278
100.805 -24.3502
101.517 -24.3725
102.226 -24.3946
102.934 -24.4167
103.641 -24.4386
104.346 -24.4604
105.049 -24.4821
105.751 -24.5037
106.452 -24.5252
107.151 -24.5466
107.849 -24.5679
108.546 -24.589
109.242 -24.6101
109.456 -24.6302
109.507 -24.6501
109.558 -24.6698
109.607 -24.6894
109.656 -24.709
109.703 -24.7284
103.978 -21.8137
99.7959 -19.4453
96.477 -17.4111
93.7172 -15.6173
91.3461 -14.009
89.2583 -12.5501
87.3845 -11.2153
85.677 -9.98547
84.1014 -8.84618
82.6329 -7.78583
81.2525 -6.79504
79.9456 -5.86606
78.7009 -4.99242
77.5092 -4.16861
76.3632 -3.38991
75.2569 -2.65225
74.1853 -1.95209
73.1444 -1.28629
72.1307 -0.652115
71.1412 -0.047118
70.1733 0.530877
69.225 1.08382
68.2943 1.61347
67.3795 2.1214
66.4794 2.60904
65.5925 3.07771
64.7179 3.52859
63.8544 3.96275
63.0013 4.3812
62.1577 4.78484
61.3229 5.17452
60.4963 5.551
59.6774 5.915
58.8655 6.26719
58.0603 6.60817
57.2612 6.93851
56.468 7.25875
55.6803 7.56938
54.8976 7.87085
53.9736 8.19065
52.883 8.53118
51.7968 8.86036
50.7149 9.17878
49.6369 9.487
48.5627 9.78554
47.4921 10.0749
46.425 10.3555
45.361 10.6278
44.3002 10.8921
43.2423 11.1489
42.1872 11.3985
41.1348 11.6411
39.8532 11.8856
37.7629 12.1519
35.6751 12.41
33.5016 12.6617
29.4625 12.9309
24.6772 13.193
11.2216 13.4508
-8.85839 13.6826
-28.9372 13.9078
-47.8239 14.1471
-57.8522 14.5404
-60.6609 15.0601
-64.161 15.5377
-66.3919 16.0175
-68.6082 16.4667
-70.7345 16.8911
-71.9163 17.3195
-73.0844 17.7217
-74.2402 18.1003
-75.3849 18.4574
-76.5194 18.7949
-77.6445 19.1146
-78.7612 19.418
-79.8701 19.7063
-80.9718 19.9807
-82.0668 20.2424
-83.1557 20.4923
-84.2388 20.7312
-85.3167 20.9599
-86.3511 21.1807
-87.118 21.4023
-87.88 21.6148
-88.6373 21.8187
-89.3902 22.0147
-90.139 22.2032
-90.884 22.3848
-91.6253 22.5598
-92.3633 22.7287
-93.0981 22.8917
-93.83 23.0493
-94.5589 23.2018
-95.2852 23.3493
-96.009 23.4923
-96.7303 23.6309
-97.4494 23.7654
-98.1664 23.8959
-98.8812 24.0227
-99.5942 24.146
-100.305 24.2659
-101.015 24.3826
-101.722 24.4962
-102.428 24.607
-103.133 24.7149
-103.836 24.8202
-104.537 24.9229
-105.238 25.0232
-105.936 25.1211
-106.634 25.2168
-107.331 25.3104
-108.026 25.4019
-108.721 25.4914
-109.414 25.5791
-109.56 25.6659
-109.609 25.7511
-109.657 25.8346
-109.704 25.9165
-109.751 25.9967
-109.796 26.0754
-104.076 17.4265
-99.8995 11.4797
-96.5845 7.03344
-93.8275 3.55489
-91.4584 0.745131
-89.3719 -1.58019
-87.499 -3.54196
-85.7919 -5.22317
-84.2167 -6.68284
-82.7482 -7.96421
-81.3677 -9.09973
-80.0606 -10.1143
-78.8156 -11.0273
-77.6235 -11.8541
-76.4771 -12.6071
-75.3703 -13.2963
-74.2983 -13.9301
-73.2569 -14.5153
-72.2426 -15.0576
-71.2525 -15.5619
-70.284 -16.0324
-69.3351 -16.4725
-68.4038 -16.8855
-67.4885 -17.2738
-66.5877 -17.6398
-65.7003 -17.9856
-64.825 -18.3129
-63.961 -18.6233
-63.1072 -18.9181
-62.263 -19.1987
-61.4277 -19.4661
-60.6005 -19.7214
-59.7809 -19.9653
-58.9685 -20.1989
-58.1627 -20.4226
-57.3631 -20.6374
-56.5693 -20.8436
-55.7809 -21.0419
-54.9977 -21.2328
-54.2194 -21.4168
-53.2293 -21.5879
-52.1424 -21.7505
-51.0598 -21.9078
-49.9812 -22.0602
-48.9064 -22.2079
-47.8351 -22.3512
-46.7673 -22.4903
-45.7028 -22.6253
-44.6413 -22.7566
-43.5828 -22.8843
-42.5271 -23.0085
-41.4741 -23.1294
-40.4236 -23.2471
-38.4096 -23.3538
-36.3211 -23.4574
-34.235 -23.5586
-30.4593 -23.6486
-26.2353 -23.7349
-13.6979 -23.7912
6.38272 -23.825
