0.1 3.5896e-20
0.2 -1.20863e-20
0.3 8.974e-21
0.4 1.37466e-21
0.5 -1.7948e-20
0.6 -2.74933e-21
0.7 -1.7948e-20
0.8 1.73767e-21
0.9 1.7948e-20
1 3.31467e-20
0 3.31467e-20
21.4663 0.001
41.0422 0.002
54.357 0.003
62.3426 0.004
70.086 0.005
73.8062 0.006
76.1763 0.007
78.3154 0.008
79.9607 0.009
80.9375 0.01
74.0567 0.009
67.9972 0.008
62.0745 0.007
56.7965 0.006
52.038 0.005
47.0118 0.004
41.1729 0.003
34.0107 0.002
17.0948 0.001
-3.62534 0
-24.2906 -0.001
-43.8219 -0.002
-55.6406 -0.003
-60.9418 -0.004
-66.2668 -0.005
-69.6223 -0.006
-72.4287 -0.007
-74.9982 -0.008
-77.1908 -0.009
-78.4798 -0.01
-71.7215 -0.009
-65.7666 -0.008
-60.199 -0.007
-55.2862 -0.006
-50.8968 -0.005
-46.0968 -0.004
-40.6504 -0.003
-33.7071 -0.002
-17.0687 -0.001
3.36241 0
23.76 0.001
42.8788 0.002
53.5967 0.003
57.6194 0.004
62.295 0.005
65.2009 0.006
67.9602 0.007
70.6049 0.008
72.6409 0.009
74.1322 0.01
75.5518 0.011
76.9131 0.012
78.2265 0.013
79.5003 0.014
80.7408 0.015
81.9531 0.016
83.1413 0.017
84.3089 0.018
85.4585 0.019
86.5926 0.02
80.3465 0.019
75.4342 0.018
71.4079 0.017
68.0002 0.016
65.0404 0.015
62.4146 0.014
60.0443 0.013
57.8741 0.012
55.8632 0.011
53.9816 0.01
52.2062 0.009
50.5194 0.008
48.2721 0.007
45.6967 0.006
43.1722 0.005
40.1282 0.004
35.7531 0.003
29.8986 0.002
14.985 0.001
-5.21441 0
-25.4038 -0.001
-44.5386 -0.002
-55.4012 -0.003
-59.1772 -0.004
-63.4819 -0.005
-66.03 -0.006
-68.5088 -0.007
-70.9307 -0.008
-72.7361 -0.009
-74.0758 -0.01
-75.3742 -0.011
-76.6377 -0.012
-77.8715 -0.013
-79.0798 -0.014
-80.2662 -0.015
-81.4335 -0.016
-82.584 -0.017
-83.7199 -0.018
-84.8427 -0.019
-85.9541 -0.02
-79.8058 -0.019
-75.0435 -0.018
-71.163 -0.017
-67.8851 -0.016
-65.0375 -0.015
-62.5079 -0.014
-60.2201 -0.013
-58.1204 -0.012
-56.1704 -0.011
-54.3412 -0.01
-52.6112 -0.009
-50.9637 -0.008
-48.8086 -0.007
-46.2671 -0.006
-43.7721 -0.005
-40.7994 -0.004
-36.4486 -0.003
-30.618 -0.002
-15.6215 -0.001
4.56674 0
24.7466 0.001
43.7219 0.002
54.1195 0.003
57.5438 0.004
61.6566 0.005
64.1978 0.006
66.6786 0.007
69.1088 0.008
70.7908 0.009
72.1497 0.01
73.4704 0.011
74.7583 0.012
76.0178 0.013
77.2527 0.014
78.4661 0.015
79.6605 0.016
80.838 0.017
82.0007 0.018
83.15 0.019
84.2872 0.02
85.4137 0.021
86.5304 0.022
87.6382 0.023
88.4503 0.024
89.2398 0.025
90.0216 0.026
90.7963 0.027
91.5644 0.028
92.3266 0.029
93.0834 0.03
87.1671 0.029
82.7672 0.028
79.2759 0.027
76.3876 0.026
73.9225 0.025
71.7664 0.024
69.8433 0.023
68.1006 0.022
66.4197 0.021
64.635 0.02
62.9389 0.019
61.3171 0.018
59.7584 0.017
58.2536 0.016
56.7955 0.015
55.378 0.014
53.9961 0.013
52.6456 0.012
51.3228 0.011
50.0249 0.01
48.7491 0.009
47.4934 0.008
45.724 0.007
43.4633 0.006
41.2172 0.005
38.5513 0.004
34.3816 0.003
28.9389 0.002
14.5472 0.001
-5.58447 -1.32349e-23
-25.712 -0.001
-44.7758 -0.002
-55.4196 -0.003
-58.88 -0.004
-62.9022 -0.005
-65.3014 -0.006
-67.6623 -0.007
-69.9906 -0.008
-71.5771 -0.009
-72.8523 -0.01
-74.101 -0.011
-75.3264 -0.012
-76.5313 -0.013
-77.7182 -0.014
-78.8891 -0.015
-80.0458 -0.016
-81.1896 -0.017
-82.3219 -0.018
-83.4439 -0.019
-84.5564 -0.02
-85.6604 -0.021
-86.7565 -0.022
-87.8297 -0.023
-88.6106 -0.024
-89.3845 -0.025
-90.1519 -0.026
-90.9135 -0.027
-91.6697 -0.028
-92.4208 -0.029
-93.1672 -0.03
-87.2817 -0.029
-82.9211 -0.028
-79.4639 -0.027
-76.6035 -0.026
-74.1608 -0.025
-72.0228 -0.024
-70.1144 -0.023
-68.3838 -0.022
-66.7463 -0.021
-64.9715 -0.02
-63.2837 -0.019
-61.6688 -0.018
-60.1159 -0.017
-58.6159 -0.016
-57.1618 -0.015
-55.7475 -0.014
-54.3681 -0.013
-53.0196 -0.012
-51.6984 -0.011
-50.4016 -0.01
-49.1267 -0.009
-47.8714 -0.008
-46.1394 -0.007
-43.8789 -0.006
-41.6327 -0.005
-38.992 -0.004
-34.8218 -0.003
-29.3757 -0.002
-14.9184 -0.001
5.21398 1.32349e-23
25.3423 0.001
44.3249 0.002
54.7307 0.003
58.0248 0.004
61.9647 0.005
64.3739 0.006
66.7457 0.007
69.0851 0.008
70.6173 0.009
71.9059 0.01
73.1679 0.011
74.4065 0.012
75.6246 0.013
76.8244 0.014
78.008 0.015
79.177 0.016
80.3329 0.017
81.4771 0.018
82.6106 0.019
83.7343 0.02
84.8492 0.021
85.956 0.022
87.0022 0.023
87.7942 0.024
88.5789 0.025
89.3569 0.026
90.1287 0.027
90.8947 0.028
91.6555 0.029
92.4114 0.03
93.1626 0.031
93.9096 0.032
94.6527 0.033
95.392 0.034
96.1278 0.035
96.8603 0.036
97.5898 0.037
98.3163 0.038
99.0402 0.039
99.7615 0.04
93.9506 0.039
89.6769 0.038
86.2889 0.037
83.4801 0.036
81.0751 0.035
78.9644 0.034
77.0757 0.033
75.3589 0.032
73.7785 0.031
72.3082 0.03
70.9284 0.029
69.6239 0.028
68.3829 0.027
67.1959 0.026
66.0554 0.025
64.9551 0.024
63.89 0.023
62.8559 0.022
61.8209 0.021
60.5215 0.02
59.2436 0.019
57.9851 0.018
56.744 0.017
55.5189 0.016
54.3084 0.015
53.1111 0.014
51.9261 0.013
50.7522 0.012
49.5888 0.011
48.4349 0.01
47.2898 0.009
46.1531 0.008
44.5346 0.007
42.3703 0.006
40.2128 0.005
37.6896 0.004
33.5907 0.003
28.3352 0.002
14.2202 0.001
-5.88537 0
-25.9885 -0.001
-45.0481 -0.002
-55.6658 -0.003
-59.0314 -0.004
-62.9432 -0.005
-65.2676 -0.006
-67.5657 -0.007
-69.8408 -0.008
-71.3261 -0.009
-72.5585 -0.01
-73.771 -0.011
-74.9658 -0.012
-76.1448 -0.013
-77.3097 -0.014
-78.4619 -0.015
-79.6025 -0.016
-80.7328 -0.017
-81.8535 -0.018
-82.9657 -0.019
-84.0698 -0.02
-85.1667 -0.021
-86.257 -0.022
-87.2729 -0.023
-88.0501 -0.024
-88.8212 -0.025
-89.5865 -0.026
-90.3466 -0.027
-91.1018 -0.028
-91.8525 -0.029
-92.5989 -0.03
-93.3414 -0.031
-94.0801 -0.032
-94.8154 -0.033
-95.5474 -0.034
-96.2764 -0.035
-97.0025 -0.036
-97.7259 -0.037
-98.4467 -0.038
-99.1651 -0.039
-99.8812 -0.04
-94.0843 -0.039
-89.8271 -0.038
-86.4525 -0.037
-83.6542 -0.036
-81.2574 -0.035
-79.153 -0.034
-77.2692 -0.033
-75.5563 -0.032
-73.9789 -0.031
-72.511 -0.03
-71.133 -0.029
-69.8299 -0.028
-68.5899 -0.027
-67.4037 -0.026
-66.2636 -0.025
-65.1637 -0.024
-64.0988 -0.023
-63.0646 -0.022
-62.0521 -0.021
-60.7528 -0.02
-59.4748 -0.019
-58.216 -0.018
-56.9747 -0.017
-55.7491 -0.016
-54.538 -0.015
-53.3402 -0.014
-52.1545 -0.013
-50.9799 -0.012
-49.8157 -0.011
-48.661 -0.01
-47.5151 -0.009
-46.3775 -0.008
-44.7791 -0.007
-42.6138 -0.006
-40.4553 -0.005
-37.9452 -0.004
-33.8453 -0.003
-28.5861 -0.002
-14.4318 -0.001
5.67462 0
25.7786 0.001
44.7927 0.002
55.2769 0.003
58.55 0.004
62.4165 0.005
64.7471 0.006
67.0516 0.007
69.333 0.008
70.788 0.009
72.0275 0.01
73.2471 0.011
74.4489 0.012
75.6347 0.013
76.8063 0.014
77.965 0.015
79.112 0.016
80.2485 0.017
81.3753 0.018
82.4933 0.019
83.6032 0.02
84.7057 0.021
85.8014 0.022
86.8016 0.023
87.5845 0.024
88.3611 0.025
89.1319 0.026
89.8972 0.027
90.6576 0.028
91.4132 0.029
92.1645 0.03
92.9117 0.031
93.655 0.032
94.3948 0.033
95.1312 0.034
95.8645 0.035
96.5947 0.036
97.3222 0.037
98.0469 0.038
98.7692 0.039
99.4891 0.04
100.207 0.041
100.922 0.042
101.636 0.043
102.347 0.044
103.057 0.045
103.765 0.046
104.471 0.047
105.176 0.048
105.879 0.049
106.581 0.05
100.824 0.049
96.609 0.048
93.2663 0.047
90.4903 0.046
88.1086 0.045
86.0143 0.044
84.1368 0.043
82.4275 0.042
80.8518 0.041
79.3842 0.04
78.0054 0.039
76.7007 0.038
75.4586 0.037
74.2698 0.036
73.127 0.035
72.024 0.034
70.9558 0.033
69.9184 0.032
68.9081 0.031
67.9221 0.03
66.9577 0.029
66.0128 0.028
65.0856 0.027
64.1743 0.026
63.2775 0.025
62.394 0.024
61.5226 0.023
60.6623 0.022
59.7812 0.021
58.6226 0.02
57.473 0.019
56.3316 0.018
55.198 0.017
54.0716 0.016
52.9519 0.015
51.8385 0.014
50.731 0.013
49.6291 0.012
48.5324 0.011
47.4406 0.01
46.3535 0.009
45.2707 0.008
43.7181 0.007
41.6006 0.006
39.4869 0.005
37.0366 0.004
32.9749 0.003
27.8336 0.002
13.9115 0.001
-6.17867 0
-26.2672 -0.001
-45.3472 -0.002
-56.0133 -0.003
-59.3623 -0.004
-63.2233 -0.005
-65.4944 -0.006
-67.7463 -0.007
-69.9811 -0.008
-71.4098 -0.009
-72.607 -0.01
-73.7888 -0.011
-74.9566 -0.012
-76.1119 -0.013
-77.2558 -0.014
-78.3894 -0.015
-79.5135 -0.016
-80.6291 -0.017
-81.7367 -0.018
-82.8371 -0.019
-83.9307 -0.02
-85.0182 -0.021
-86.0999 -0.022
-87.0794 -0.023
-87.8495 -0.024
-88.6142 -0.025
-89.3738 -0.026
-90.1289 -0.027
-90.8796 -0.028
-91.6262 -0.029
-92.369 -0.03
-93.1083 -0.031
-93.8442 -0.032
-94.577 -0.033
-95.3068 -0.034
-96.0338 -0.035
-96.7581 -0.036
-97.48 -0.037
-98.1995 -0.038
-98.9167 -0.039
-99.6319 -0.04
-100.345 -0.041
-101.056 -0.042
-101.766 -0.043
-102.473 -0.044
-103.179 -0.045
-103.884 -0.046
-104.586 -0.047
-105.288 -0.048
-105.988 -0.049
-106.687 -0.05
-100.937 -0.049
-96.7316 -0.048
-93.3958 -0.047
-90.625 -0.046
-88.2472 -0.045
-86.1557 -0.044
-84.2803 -0.043
-82.5725 -0.042
-80.9979 -0.041
-79.531 -0.04
-78.1527 -0.039
-76.8483 -0.038
-75.6063 -0.037
-74.4175 -0.036
-73.2745 -0.035
-72.1712 -0.034
-71.1028 -0.033
-70.0649 -0.032
-69.0542 -0.031
-68.0677 -0.03
-67.1028 -0.029
-66.1574 -0.028
-65.2296 -0.027
-64.3177 -0.026
-63.4203 -0.025
-62.5361 -0.024
-61.6641 -0.023
-60.8032 -0.022
-59.9368 -0.021
-58.7776 -0.02
-57.6273 -0.019
-56.4852 -0.018
-55.3509 -0.017
-54.2238 -0.016
-53.1034 -0.015
-51.9893 -0.014
-50.8811 -0.013
-49.7784 -0.012
-48.681 -0.011
-47.5885 -0.01
-46.5006 -0.009
-45.4172 -0.008
-43.8773 -0.007
-41.759 -0.006
-39.6445 -0.005
-37.2023 -0.004
-33.1397 -0.003
-27.9957 -0.002
-14.0477 -0.001
6.04308 0
26.1322 0.001
45.1831 0.002
55.7638 0.003
59.0538 0.004
62.886 0.005
65.1613 0.006
67.4173 0.007
69.6561 0.008
71.0654 0.009
72.2671 0.01
73.4533 0.011
74.6254 0.012
75.7849 0.013
76.933 0.014
78.0705 0.015
79.1986 0.016
80.3179 0.017
81.4292 0.018
82.5332 0.019
83.6303 0.02
84.7212 0.021
85.8062 0.022
86.7755 0.023
87.549 0.024
88.317 0.025
89.08 0.026
89.8383 0.027
90.5921 0.028
91.3417 0.029
92.0875 0.03
92.8297 0.031
93.5684 0.032
94.3039 0.033
95.0364 0.034
95.766 0.035
96.4929 0.036
97.2173 0.037
97.9392 0.038
98.6588 0.039
99.3763 0.04
100.092 0.041
100.805 0.042
101.517 0.043
102.226 0.044
102.934 0.045
103.641 0.046
104.346 0.047
105.049 0.048
105.751 0.049
106.452 0.05
107.151 0.051
107.849 0.052
108.546 0.053
109.242 0.054
109.456 0.055
109.507 0.056
109.558 0.057
109.607 0.058
109.656 0.059
109.703 0.06
103.978 0.059
99.7959 0.058
96.477 0.057
93.7172 0.056
91.3461 0.055
89.2583 0.054
87.3845 0.053
85.677 0.052
84.1014 0.051
82.6329 0.05
81.2525 0.049
79.9456 0.048
78.7009 0.047
77.5092 0.046
76.3632 0.045
75.2569 0.044
74.1853 0.043
73.1444 0.042
72.1307 0.041
71.1412 0.04
70.1733 0.039
69.225 0.038
68.2943 0.037
67.3795 0.036
66.4794 0.035
65.5925 0.034
64.7179 0.033
63.8544 0.032
63.0013 0.031
62.1577 0.03
61.3229 0.029
60.4963 0.028
59.6774 0.027
58.8655 0.026
58.0603 0.025
57.2612 0.024
56.468 0.023
55.6803 0.022
54.8976 0.021
53.9736 0.02
52.883 0.019
51.7968 0.018
50.7149 0.017
49.6369 0.016
48.5627 0.015
47.4921 0.014
46.425 0.013
45.361 0.012
44.3002 0.011
43.2423 0.01
42.1872 0.009
41.1348 0.008
39.8532 0.007
37.7629 0.006
35.6751 0.005
33.5016 0.004
29.4625 0.003
24.6772 0.002
11.2216 0.001
-8.85839 0
-28.9372 -0.001
-47.8239 -0.002
-57.8522 -0.003
-60.6609 -0.004
-64.161 -0.005
-66.3919 -0.006
-68.6082 -0.007
-70.7345 -0.008
-71.9163 -0.009
-73.0844 -0.01
-74.2402 -0.011
-75.3849 -0.012
-76.5194 -0.013
-77.6445 -0.014
-78.7612 -0.015
-79.8701 -0.016
-80.9718 -0.017
-82.0668 -0.018
-83.1557 -0.019
-84.2388 -0.02
-85.3167 -0.021
-86.3511 -0.022
-87.118 -0.023
-87.88 -0.024
-88.6373 -0.025
-89.3902 -0.026
-90.139 -0.027
-90.884 -0.028
-91.6253 -0.029
-92.3633 -0.03
-93.0981 -0.031
-93.83 -0.032
-94.5589 -0.033
-95.2852 -0.034
-96.009 -0.035
-96.7303 -0.036
-97.4494 -0.037
-98.1664 -0.038
-98.8812 -0.039
-99.5942 -0.04
-100.305 -0.041
-101.015 -0.042
-101.722 -0.043
-102.428 -0.044
-103.133 -0.045
-103.836 -0.046
-104.537 -0.047
-105.238 -0.048
-105.936 -0.049
-106.634 -0.05
-107.331 -0.051
-108.026 -0.052
-108.721 -0.053
-109.414 -0.054
-109.56 -0.055
-109.609 -0.056
-109.657 -0.057
-109.704 -0.058
-109.751 -0.059
-109.796 -0.06
-104.076 -0.059
-99.8995 -0.058
-96.5845 -0.057
-93.8275 -0.056
-91.4584 -0.055
-89.3719 -0.054
-87.499 -0.053
-85.7919 -0.052
-84.2167 -0.051
-82.7482 -0.05
-81.3677 -0.049
-80.0606 -0.048
-78.8156 -0.047
-77.6235 -0.046
-76.4771 -0.045
-75.3703 -0.044
-74.2983 -0.043
-73.2569 -0.042
-72.2426 -0.041
-71.2525 -0.04
-70.284 -0.039
-69.3351 -0.038
-68.4038 -0.037
-67.4885 -0.036
-66.5877 -0.035
-65.7003 -0.034
-64.825 -0.033
-63.961 -0.032
-63.1072 -0.031
-62.263 -0.03
-61.4277 -0.029
-60.6005 -0.028
-59.7809 -0.027
-58.9685 -0.026
-58.1627 -0.025
-57.3631 -0.024
-56.5693 -0.023
-55.7809 -0.022
-54.9977 -0.021
-54.2194 -0.02
-53.2293 -0.019
-52.1424 -0.018
-51.0598 -0.017
-49.9812 -0.016
-48.9064 -0.015
-47.8351 -0.014
-46.7673 -0.013
-45.7028 -0.012
-44.6413 -0.011
-43.5828 -0.01
-42.5271 -0.009
-41.4741 -0.008
-40.4236 -0.007
-38.4096 -0.006
-36.3211 -0.005
-34.235 -0.004
-30.4593 -0.003
-26.2353 -0.002
-13.6979 -0.001
6.38272 0
