0.1 -4.05924e-05
0.2 -4.32036e-05
0.3 -4.58148e-05
0.4 -4.8426e-05
0.5 -5.10372e-05
0.6 -5.36484e-05
0.7 -5.62596e-05
0.8 -5.88709e-05
0.9 -6.14821e-05
1 -6.40933e-05
0 -6.40933e-05
21.4663 -2.07148e-05
41.0422 3.46357e-05
54.357 0.000133763
62.3426 0.000277736
70.086 0.000420809
73.8062 0.000596167
76.1763 0.000780846
78.3154 0.000965844
79.9607 0.00115828
80.9375 0.00136248
74.0567 0.00119682
67.9972 0.0010251
62.0745 0.000861412
56.7965 0.000693325
52.038 0.000521918
47.0118 0.000356146
41.1729 0.000201986
34.0107 5.96867e-05
17.0948 -1.01387e-05
-3.62534 -5.58215e-05
-24.2906 -0.000101572
-43.8219 -0.000148082
-55.6406 -0.000193983
-60.9418 -0.000230565
-66.2668 -0.000268057
-69.6223 -0.000296663
-72.4287 -0.000324001
-74.9982 -0.000351214
-77.1908 -0.000375725
-78.4798 -0.000390744
-71.7215 -0.000371407
-65.7666 -0.000350573
-60.199 -0.000323881
-55.2862 -0.000297333
-50.8968 -0.000270866
-46.0968 -0.000239845
-40.6504 -0.000203525
-33.7071 -0.000164044
-17.0687 -0.000117205
3.36241 -7.17157e-05
23.76 -2.61242e-05
42.8788 2.70466e-05
53.5967 0.000136759
57.6194 0.000300954
62.295 0.000460008
65.2009 0.000639681
67.9602 0.000820277
70.6049 0.00100159
72.6409 0.00119315
74.1322 0.00139389
75.5518 0.00159515
76.9131 0.00179681
78.2265 0.00199881
79.5003 0.00220108
80.7408 0.00240359
81.9531 0.00260628
83.1413 0.00280914
84.3089 0.00301214
85.4585 0.00321526
86.5926 0.00341848
80.3465 0.00324837
75.4342 0.0030689
71.4079 0.00288333
68.0002 0.00269358
65.0404 0.00250086
62.4146 0.00230598
60.0443 0.00210948
57.8741 0.00191173
55.8632 0.00171302
53.9816 0.00151353
52.2062 0.00131342
50.5194 0.00111281
48.2721 0.000923393
45.6967 0.000740787
43.1722 0.000557955
40.1282 0.000381684
35.7531 0.000221664
29.8986 7.39129e-05
14.985 -6.20964e-06
-5.21441 -5.25892e-05
-25.4038 -9.89794e-05
-44.5386 -0.000146059
-55.4012 -0.000192661
-59.1772 -0.000229113
-63.4819 -0.000265889
-66.03 -0.000293323
-68.5088 -0.000320718
-70.9307 -0.000348081
-72.7361 -0.000368547
-74.0758 -0.000383903
-75.3742 -0.000399202
-76.6377 -0.000414451
-77.8715 -0.000429659
-79.0798 -0.000444832
-80.2662 -0.000459976
-81.4335 -0.000475093
-82.584 -0.000490188
-83.7199 -0.000505264
-84.8427 -0.000520322
-85.9541 -0.000535366
-79.8058 -0.000516704
-75.0435 -0.000499541
-71.163 -0.000483267
-67.8851 -0.000467552
-65.0375 -0.000452199
-62.5079 -0.000437086
-60.2201 -0.000422134
-58.1204 -0.000407292
-56.1704 -0.000392525
-54.3412 -0.000377808
-52.6112 -0.000363124
-50.9637 -0.000348462
-48.8086 -0.000327023
-46.2671 -0.000300358
-43.7721 -0.000273657
-40.7994 -0.000244126
-36.4486 -0.000206935
-30.618 -0.000167306
-15.6215 -0.000119958
4.56674 -7.38291e-05
24.7466 -2.76722e-05
43.7219 2.56549e-05
54.1195 0.000136483
57.5438 0.000303942
61.6566 0.000466918
64.1978 0.000648608
66.6786 0.000830685
69.1088 0.00101309
70.7908 0.00120895
72.1497 0.00141036
73.4704 0.00161204
74.7583 0.00181397
76.0178 0.0020161
77.2527 0.00221841
78.4661 0.00242087
79.6605 0.00262347
80.838 0.0028262
82.0007 0.00302903
83.15 0.00323196
84.2872 0.00343497
85.4137 0.00363806
86.5304 0.00384122
87.6382 0.00404444
88.4503 0.00426093
89.2398 0.00447814
90.0216 0.00469542
90.7963 0.00491277
91.5644 0.00513017
92.3266 0.00534763
93.0834 0.00556513
87.1671 0.00538836
82.7672 0.00519866
79.2759 0.0050013
76.3876 0.00479894
73.9225 0.00459313
71.7664 0.00438483
69.8433 0.0041747
68.1006 0.00396318
66.4197 0.00375421
64.635 0.00355413
62.9389 0.00335356
61.3171 0.00315258
59.7584 0.00295125
58.2536 0.00274963
56.7955 0.00254776
55.378 0.00234568
53.9961 0.00214341
52.6456 0.00194099
51.3228 0.00173842
50.0249 0.00153574
48.7491 0.00133294
47.4934 0.00113004
45.724 0.000936788
43.4633 0.00075276
41.2172 0.000568675
38.5513 0.000389728
34.3816 0.0002289
28.9389 7.85487e-05
14.5472 -4.64159e-06
-5.58447 -5.11224e-05
-25.712 -9.76075e-05
-44.7758 -0.000144787
-55.4196 -0.000191461
-58.88 -0.000227771
-62.9022 -0.000263899
-65.3014 -0.000291301
-67.6623 -0.000318681
-69.9906 -0.000346042
-71.5771 -0.000364796
-72.8523 -0.000380122
-74.101 -0.00039541
-75.3264 -0.000410665
-76.5313 -0.00042589
-77.7182 -0.00044109
-78.8891 -0.000456267
-80.0458 -0.000471424
-81.1896 -0.000486563
-82.3219 -0.000501685
-83.4439 -0.000516793
-84.5564 -0.000531888
-85.6604 -0.000546971
-86.7565 -0.000562044
-87.8297 -0.000576483
-88.6106 -0.000579667
-89.3845 -0.000582829
-90.1519 -0.000585969
-90.9135 -0.00058909
-91.6697 -0.000592193
-92.4208 -0.00059528
-93.1672 -0.000598351
-87.2817 -0.000584424
-82.9211 -0.000574518
-79.4639 -0.000566934
-76.6035 -0.000560828
-74.1608 -0.000555711
-72.0228 -0.000551279
-70.1144 -0.000547335
-68.3838 -0.000543744
-66.7463 -0.000538584
-64.9715 -0.000524022
-63.2837 -0.000509466
-61.6688 -0.000494912
-60.1159 -0.000480355
-58.6159 -0.000465792
-57.1618 -0.000451221
-55.7475 -0.000436641
-54.3681 -0.000422051
-53.0196 -0.000407451
-51.6984 -0.000392841
-50.4016 -0.00037822
-49.1267 -0.00036359
-47.8714 -0.000348949
-46.1394 -0.000328498
-43.8789 -0.000301646
-41.6327 -0.000274773
-38.992 -0.000245688
-34.8218 -0.000208281
-29.3757 -0.000168817
-14.9184 -0.000121314
5.21398 -7.50236e-05
25.3423 -2.8719e-05
44.3249 2.44068e-05
54.7307 0.000134898
58.0248 0.000302952
61.9647 0.000467102
64.3739 0.000649572
66.7457 0.000832284
69.0851 0.0010152
70.6173 0.00121285
71.9059 0.0014147
73.1679 0.00161674
74.4065 0.00181895
75.6246 0.00202132
76.8244 0.00222382
78.008 0.00242644
79.177 0.00262916
80.3329 0.00283198
81.4771 0.00303489
82.6106 0.00323788
83.7343 0.00344093
84.8492 0.00364405
85.956 0.00384723
87.0022 0.00405291
87.7942 0.00427003
88.5789 0.00448721
89.3569 0.00470445
90.1287 0.00492175
90.8947 0.0051391
91.6555 0.00535651
92.4114 0.00557395
93.1626 0.00579144
93.9096 0.00600897
94.6527 0.00622653
95.392 0.00644413
96.1278 0.00666176
96.8603 0.00687942
97.5898 0.0070971
98.3163 0.00731482
99.0402 0.00753255
99.7615 0.00775032
93.9506 0.0075727
89.6769 0.00738203
86.2889 0.00718393
83.4801 0.00698103
81.0751 0.00677484
78.9644 0.00656629
77.0757 0.00635599
75.3589 0.00614436
73.7785 0.00593171
72.3082 0.00571823
70.9284 0.00550409
69.6239 0.00528942
68.3829 0.00507431
67.1959 0.00485882
66.0554 0.00464302
64.9551 0.00442695
63.89 0.00421066
62.8559 0.00399417
61.8209 0.00377877
60.5215 0.00357601
59.2436 0.00337315
57.9851 0.0031702
56.744 0.00296718
55.5189 0.00276408
54.3084 0.00256091
53.1111 0.00235769
51.9261 0.00215441
50.7522 0.00195109
49.5888 0.00174772
48.4349 0.0015443
47.2898 0.00134085
46.1531 0.00113737
44.5346 0.000942815
42.3703 0.000758371
40.2128 0.000573903
37.6896 0.000393871
33.5907 0.000232773
28.3352 8.11718e-05
14.2202 -3.70558e-06
-5.88537 -5.0224e-05
-25.9885 -9.67449e-05
-45.0481 -0.000143947
-55.6658 -0.000190673
-59.0314 -0.00022699
-62.9432 -0.000262937
-65.2676 -0.000290316
-67.5657 -0.00031768
-69.8408 -0.00034503
-71.3261 -0.000363123
-72.5585 -0.000378412
-73.771 -0.000393672
-74.9658 -0.000408906
-76.1448 -0.000424117
-77.3097 -0.000439308
-78.4619 -0.000454481
-79.6025 -0.000469637
-80.7328 -0.000484778
-81.8535 -0.000499906
-82.9657 -0.000515021
-84.0698 -0.000530125
-85.1667 -0.000545218
-86.257 -0.000560302
-87.2729 -0.000572691
-88.0501 -0.000575894
-88.8212 -0.000579076
-89.5865 -0.000582239
-90.3466 -0.000585385
-91.1018 -0.000588515
-91.8525 -0.000591629
-92.5989 -0.000594729
-93.3414 -0.000597816
-94.0801 -0.000600891
-94.8154 -0.000603954
-95.5474 -0.000607007
-96.2764 -0.000610049
-97.0025 -0.000613082
-97.7259 -0.000616106
-98.4467 -0.000619122
-99.1651 -0.00062213
-99.8812 -0.000625131
-94.0843 -0.000611425
-89.8271 -0.000601763
-86.4525 -0.000594356
-83.6542 -0.000588366
-81.2574 -0.000583318
-79.153 -0.000578922
-77.2692 -0.000574992
-75.5563 -0.000571399
-73.9789 -0.000568058
-72.511 -0.000564905
-71.133 -0.000561897
-69.8299 -0.000558999
-68.5899 -0.000556186
-67.4037 -0.00055344
-66.2636 -0.000550745
-65.1637 -0.00054809
-64.0988 -0.000545467
-63.0646 -0.000542868
-62.0521 -0.000540075
-60.7528 -0.000525523
-59.4748 -0.000510954
-58.216 -0.000496371
-56.9747 -0.000481773
-55.7491 -0.000467162
-54.538 -0.000452538
-53.3402 -0.000437902
-52.1545 -0.000423255
-50.9799 -0.000408597
-49.8157 -0.000393929
-48.661 -0.000379251
-47.5151 -0.000364564
-46.3775 -0.000349869
-44.7791 -0.000329669
-42.6138 -0.000302718
-40.4553 -0.000275755
-37.9452 -0.000246854
-33.8453 -0.000209346
-28.5861 -0.000169982
-14.4318 -0.000122406
5.67462 -7.60358e-05
25.7786 -2.9657e-05
44.7927 2.32094e-05
55.2769 0.000133016
58.55 0.000300996
62.4165 0.00046552
64.7471 0.00064847
67.0516 0.000831588
69.333 0.00101485
70.788 0.00121327
72.0275 0.00141545
73.2471 0.00161778
74.4489 0.00182024
75.6347 0.00202281
76.8063 0.00222549
77.965 0.00242826
79.112 0.00263112
80.2485 0.00283406
81.3753 0.00303707
82.4933 0.00324014
83.6032 0.00344327
84.7057 0.00364646
85.8014 0.00384969
86.8016 0.00405708
87.5845 0.00427425
88.3611 0.00449147
89.1319 0.00470875
89.8972 0.00492607
90.6576 0.00514345
91.4132 0.00536086
92.1645 0.00557832
92.9117 0.00579581
93.655 0.00601334
94.3948 0.00623091
95.1312 0.0064485
95.8645 0.00666613
96.5947 0.00688378
97.3222 0.00710145
98.0469 0.00731916
98.7692 0.00753688
99.4891 0.00775463
100.207 0.00797239
100.922 0.00819018
101.636 0.00840798
102.347 0.00862581
103.057 0.00884365
103.765 0.0090615
104.471 0.00927937
105.176 0.00949726
105.879 0.00971515
106.581 0.00993306
100.824 0.00975502
96.609 0.00956391
93.2663 0.00936548
90.4903 0.00916237
88.1086 0.00895605
86.0143 0.00874742
84.1368 0.00853709
82.4275 0.00832546
80.8518 0.00811281
79.3842 0.00789936
78.0054 0.00768526
76.7007 0.00747063
75.4586 0.00725556
74.2698 0.00704012
73.127 0.00682437
72.024 0.00660835
70.9558 0.00639211
69.9184 0.00617567
68.9081 0.00595906
67.9221 0.00574229
66.9577 0.0055254
66.0128 0.00530839
65.0856 0.00509128
64.1743 0.00487408
63.2775 0.00465679
62.394 0.00443943
61.5226 0.004222
60.6623 0.00400451
59.7812 0.00378836
58.6226 0.00358493
57.473 0.00338146
56.3316 0.00317796
55.198 0.00297443
54.0716 0.00277088
52.9519 0.00256729
51.8385 0.00236368
50.731 0.00216005
49.6291 0.00195639
48.5324 0.00175272
47.4406 0.00154902
46.3535 0.00134531
45.2707 0.00114158
43.7181 0.00094653
41.6006 0.000761899
39.4869 0.000577256
37.0366 0.000396679
32.9749 0.000235449
27.8336 8.30715e-05
13.9115 -2.99548e-06
-6.17867 -4.95346e-05
-26.2672 -9.60753e-05
-45.3472 -0.000143275
-56.0133 -0.000190055
-59.3623 -0.000226449
-63.2233 -0.000262405
-65.4944 -0.000289763
-67.7463 -0.000317109
-69.9811 -0.000344446
-71.4098 -0.000362292
-72.607 -0.000377543
-73.7888 -0.00039277
-74.9566 -0.000407978
-76.1119 -0.000423167
-77.2558 -0.00043834
-78.3894 -0.000453497
-79.5135 -0.000468641
-80.6291 -0.000483773
-81.7367 -0.000498893
-82.8371 -0.000514003
-83.9307 -0.000529103
-85.0182 -0.000544194
-86.0999 -0.000559276
-87.0794 -0.000570531
-87.8495 -0.000573726
-88.6142 -0.000576904
-89.3738 -0.000580065
-90.1289 -0.00058321
-90.8796 -0.000586341
-91.6262 -0.000589457
-92.369 -0.000592561
-93.1083 -0.000595653
-93.8442 -0.000598734
-94.577 -0.000601805
-95.3068 -0.000604865
-96.0338 -0.000607916
-96.7581 -0.000610958
-97.48 -0.000613992
-98.1995 -0.000617018
-98.9167 -0.000620037
-99.6319 -0.000623048
-100.345 -0.000626053
-101.056 -0.000629052
-101.766 -0.000632045
-102.473 -0.000635032
-103.179 -0.000638013
-103.884 -0.000640989
-104.586 -0.000643961
-105.288 -0.000646927
-105.988 -0.00064989
-106.687 -0.000652847
-100.937 -0.000639259
-96.7316 -0.000629712
-93.3958 -0.00062238
-90.625 -0.000616431
-88.2472 -0.000611402
-86.1557 -0.000607009
-84.2803 -0.000603071
-82.5725 -0.000599463
-80.9979 -0.000596103
-79.531 -0.000592929
-78.1527 -0.000589897
-76.8483 -0.000586975
-75.6063 -0.000584138
-74.4175 -0.000581368
-73.2745 -0.00057865
-72.1712 -0.000575973
-71.1028 -0.000573328
-70.0649 -0.000570709
-69.0542 -0.000568108
-68.0677 -0.000565523
-67.1028 -0.000562949
-66.1574 -0.000560383
-65.2296 -0.000557824
-64.3177 -0.000555268
-63.4203 -0.000552715
-62.5361 -0.000550164
-61.6641 -0.000547612
-60.8032 -0.00054506
-59.9368 -0.000541907
-58.7776 -0.000527265
-57.6273 -0.000512611
-56.4852 -0.000497947
-55.3509 -0.000483273
-54.2238 -0.000468589
-53.1034 -0.000453897
-51.9893 -0.000439196
-50.8811 -0.000424487
-49.7784 -0.000409771
-48.681 -0.000395048
-47.5885 -0.000380317
-46.5006 -0.000365581
-45.4172 -0.000350838
-43.8773 -0.000330678
-41.759 -0.000303666
-39.6445 -0.000276646
-37.2023 -0.000247834
-33.1397 -0.000210264
-27.9957 -0.000170969
-14.0477 -0.000123347
6.04308 -7.6927e-05
26.1322 -3.05014e-05
45.1831 2.21039e-05
55.7638 0.000131154
59.0538 0.000298833
62.886 0.000463428
65.1613 0.00064672
67.4173 0.000830137
69.6561 0.00101366
71.0654 0.00121244
72.2671 0.00141488
73.4533 0.00161744
74.6254 0.0018201
75.7849 0.00202285
76.933 0.00222569
78.0705 0.0024286
79.1986 0.00263159
80.3179 0.00283464
81.4292 0.00303774
82.5332 0.00324091
83.6303 0.00344412
84.7212 0.00364737
85.8062 0.00385068
86.7755 0.0040591
87.549 0.00427633
88.317 0.00449362
89.08 0.00471095
89.8383 0.00492832
90.5921 0.00514573
91.3417 0.00536319
92.0875 0.00558068
92.8297 0.0057982
93.5684 0.00601576
94.3039 0.00623334
95.0364 0.00645096
95.766 0.0066686
96.4929 0.00688626
97.2173 0.00710395
97.9392 0.00732166
98.6588 0.0075394
99.3763 0.00775715
100.092 0.00797492
100.805 0.00819271
101.517 0.00841052
102.226 0.00862834
102.934 0.00884618
103.641 0.00906404
104.346 0.0092819
105.049 0.00949979
105.751 0.00971768
106.452 0.00993559
107.151 0.0101535
107.849 0.0103714
108.546 0.0105894
109.242 0.0108073
109.456 0.0110282
109.507 0.0112499
109.558 0.0114718
109.607 0.0116936
109.656 0.0119154
109.703 0.0121372
103.978 0.0119589
99.7959 0.0117676
96.477 0.011569
93.7172 0.0113658
91.3461 0.0111594
89.2583 0.0109507
87.3845 0.0107404
85.677 0.0105288
84.1014 0.0103162
82.6329 0.0101027
81.2525 0.00988868
79.9456 0.00967409
78.7009 0.00945906
77.5092 0.00924367
76.3632 0.00902796
75.2569 0.00881199
74.1853 0.00859578
73.1444 0.00837938
72.1307 0.00816281
71.1412 0.00794609
70.1733 0.00772923
69.225 0.00751226
68.2943 0.00729518
67.3795 0.00707801
66.4794 0.00686076
65.5925 0.00664343
64.7179 0.00642603
63.8544 0.00620857
63.0013 0.00599105
62.1577 0.00577349
61.3229 0.00555588
60.4963 0.00533822
59.6774 0.00512053
58.8655 0.0049028
58.0603 0.00468504
57.2612 0.00446724
56.468 0.00424942
55.6803 0.00403158
54.8976 0.00381371
53.9736 0.00360234
52.883 0.00339862
51.7968 0.00319489
50.7149 0.00299114
49.6369 0.00278737
48.5627 0.00258359
47.4921 0.0023798
46.425 0.00217599
45.361 0.00197218
44.3002 0.00176835
43.2423 0.00156451
42.1872 0.00136067
41.1348 0.00115681
39.8532 0.000957194
37.7629 0.000772459
35.6751 0.000587718
33.5016 0.000404025
29.4625 0.000242717
24.6772 8.75275e-05
11.2216 -1.64303e-06
-8.85839 -4.81952e-05
-28.9372 -9.47486e-05
-47.8239 -0.00014208
-57.8522 -0.000188642
-60.6609 -0.000224246
-64.161 -0.000258441
-66.3919 -0.000285781
-68.6082 -0.000313113
-70.7345 -0.000339517
-71.9163 -0.000354753
-73.0844 -0.000369969
-74.2402 -0.000385166
-75.3849 -0.000400347
-76.5194 -0.000415514
-77.6445 -0.000430667
-78.7612 -0.000445807
-79.8701 -0.000460936
-80.9718 -0.000476055
-82.0668 -0.000491164
-83.1557 -0.000506264
-84.2388 -0.000521356
-85.3167 -0.00053644
-86.3511 -0.000549996
-87.118 -0.000553192
-87.88 -0.000556371
-88.6373 -0.000559534
-89.3902 -0.000562683
-90.139 -0.000565817
-90.884 -0.000568938
-91.6253 -0.000572048
-92.3633 -0.000575146
-93.0981 -0.000578233
-93.83 -0.00058131
-94.5589 -0.000584377
-95.2852 -0.000587435
-96.009 -0.000590485
-96.7303 -0.000593527
-97.4494 -0.000596561
-98.1664 -0.000599588
-98.8812 -0.000602608
-99.5942 -0.000605621
-100.305 -0.000608629
-101.015 -0.00061163
-101.722 -0.000614626
-102.428 -0.000617616
-103.133 -0.000620601
-103.836 -0.000623582
-104.537 -0.000626557
-105.238 -0.000629529
-105.936 -0.000632496
-106.634 -0.000635459
-107.331 -0.000638418
-108.026 -0.000641373
-108.721 -0.000644325
-109.414 -0.000647273
-109.56 -0.000647827
-109.609 -0.000647958
-109.657 -0.000648087
-109.704 -0.000648212
-109.751 -0.000648335
-109.796 -0.000648454
-104.076 -0.000634936
-99.8995 -0.000625452
-96.5845 -0.000618156
-93.8275 -0.000612223
-91.4584 -0.000607196
-89.3719 -0.000602796
-87.499 -0.000598844
-85.7919 -0.000595221
-84.2167 -0.000591841
-82.7482 -0.000588648
-81.3677 -0.000585596
-80.0606 -0.000582654
-78.8156 -0.000579798
-77.6235 -0.000577009
-76.4771 -0.000574272
-75.3703 -0.000571578
-74.2983 -0.000568916
-73.2569 -0.000566281
-72.2426 -0.000563665
-71.2525 -0.000561066
-70.284 -0.000558478
-69.3351 -0.0005559
-68.4038 -0.000553328
-67.4885 -0.000550762
-66.5877 -0.000548198
-65.7003 -0.000545636
-64.825 -0.000543075
-63.961 -0.000540513
-63.1072 -0.000537951
-62.263 -0.000535387
-61.4277 -0.000532822
-60.6005 -0.000530254
-59.7809 -0.000527683
-58.9685 -0.000525109
-58.1627 -0.000522532
-57.3631 -0.000519952
-56.5693 -0.000517368
-55.7809 -0.00051478
-54.9977 -0.000512189
-54.2194 -0.000509595
-53.2293 -0.000498743
-52.1424 -0.000484023
-51.0598 -0.000469296
-49.9812 -0.000454562
-48.9064 -0.000439822
-47.8351 -0.000425076
-46.7673 -0.000410324
-45.7028 -0.000395567
-44.6413 -0.000380805
-43.5828 -0.000366038
-42.5271 -0.000351266
-41.4741 -0.000336489
-40.4236 -0.000321709
-38.4096 -0.000295562
-36.3211 -0.000268505
-34.235 -0.000241443
-30.4593 -0.000205257
-26.2353 -0.000167347
-13.6979 -0.000119899
6.38272 -7.34467e-05
