0.1 38.2882
0.2 -38.2882
0.3 -38.2882
0.4 -38.2882
0.5 -38.2882
0.6 -38.2882
0.7 -38.2882
0.8 -38.2882
0.9 -38.2882
1 -38.2882
0 -38.2882
19.2438 -38.2882
36.0579 -38.2882
52.8613 -38.2882
69.2106 -38.2882
81.2729 -38.2882
84.7489 -38.2882
86.7496 -38.2882
87.8756 -38.2882
88.6931 -38.2882
89.4431 -38.2882
73.1111 -38.2882
57.6526 -38.2882
43.3711 -38.2882
30.3648 -38.2882
18.875 -38.2882
8.7477 -38.2882
-0.386149 -38.2882
-8.52827 -38.2882
-15.7116 -38.2882
-21.9963 -38.2882
-27.4615 -38.2882
-43.2795 -38.2882
-56.4329 -38.2882
-69.1912 -38.2882
-78.1408 -38.2882
-82.314 -38.2882
-83.9487 -38.2882
-84.8372 -38.2882
-85.3022 -38.2882
-85.4835 -38.2882
-69.1812 -38.2882
-53.8396 -38.2882
-39.7535 -38.2882
-27.0097 -38.2882
-15.6439 -38.2882
-5.63063 -38.2882
3.10491 -38.2882
10.6725 -38.2882
17.1023 -38.2882
22.4672 -38.2882
27.1748 -38.2882
35.8302 -38.2882
41.3375 -38.2882
46.8421 -38.2882
51.4909 -38.2882
55.3924 -38.2882
58.6834 -38.2882
61.478 -38.2882
63.869 -38.2882
65.9308 -38.2882
67.7224 -38.2882
69.2912 -38.2882
70.6747 -38.2882
71.9031 -38.2882
73.0009 -38.2882
73.9877 -38.2882
74.8799 -38.2882
75.6905 -38.2882
76.4306 -38.2882
77.1094 -38.2882
61.5655 -38.2882
47.9447 -38.2882
36.1662 -38.2882
25.9926 -38.2882
17.2167 -38.2882
9.63797 -38.2882
3.07335 -38.2882
-2.63776 -38.2882
-7.5884 -38.2882
-11.9299 -38.2882
-15.7989 -38.2882
-19.2605 -38.2882
-22.3704 -38.2882
-25.1755 -38.2882
-27.7155 -38.2882
-30.024 -38.2882
-32.1297 -38.2882
-34.0568 -38.2882
-35.8263 -38.2882
-37.4561 -38.2882
-38.9615 -38.2882
-43.9413 -38.2882
-47.3579 -38.2882
-51.0756 -38.2882
-54.3736 -38.2882
-57.2108 -38.2882
-59.666 -38.2882
-61.8046 -38.2882
-63.6796 -38.2882
-65.3338 -38.2882
-66.8023 -38.2882
-68.1133 -38.2882
-69.2904 -38.2882
-70.3525 -38.2882
-71.3156 -38.2882
-72.1929 -38.2882
-72.9955 -38.2882
-73.7326 -38.2882
-74.4121 -38.2882
-75.0408 -38.2882
-59.6524 -38.2882
-46.3377 -38.2882
-34.9251 -38.2882
-25.1299 -38.2882
-16.719 -38.2882
-9.48242 -38.2882
-3.58579 -38.2882
1.61224 -38.2882
6.21845 -38.2882
10.321 -38.2882
13.993 -38.2882
17.2948 -38.2882
20.2769 -38.2882
22.9814 -38.2882
25.444 -38.2882
27.6944 -38.2882
29.7581 -38.2882
31.6568 -38.2882
33.4089 -38.2882
35.0306 -38.2882
36.5356 -38.2882
37.9359 -38.2882
39.2418 -38.2882
42.1496 -38.2882
44.8899 -38.2882
47.5896 -38.2882
49.9837 -38.2882
52.1183 -38.2882
54.0324 -38.2882
55.758 -38.2882
57.3214 -38.2882
58.7446 -38.2882
60.0458 -38.2882
61.2403 -38.2882
62.341 -38.2882
63.359 -38.2882
64.3035 -38.2882
65.1825 -38.2882
66.0031 -38.2882
66.771 -38.2882
67.4916 -38.2882
68.1694 -38.2882
68.8084 -38.2882
69.412 -38.2882
69.9833 -38.2882
70.5252 -38.2882
71.04 -38.2882
71.53 -38.2882
71.997 -38.2882
72.4429 -38.2882
57.3295 -38.2882
44.5316 -38.2882
33.7246 -38.2882
24.541 -38.2882
16.7029 -38.2882
10.2011 -38.2882
4.6492 -38.2882
-0.254339 -38.2882
-4.60577 -38.2882
-8.48895 -38.2882
-11.9725 -38.2882
-15.113 -38.2882
-17.9572 -38.2882
-20.5442 -38.2882
-22.9065 -38.2882
-25.0719 -38.2882
-27.0636 -38.2882
-28.9015 -38.2882
-30.6027 -38.2882
-32.1819 -38.2882
-33.6516 -38.2882
-35.0231 -38.2882
-36.3058 -38.2882
-37.5083 -38.2882
-38.6378 -38.2882
-39.701 -38.2882
-40.7036 -38.2882
-41.6509 -38.2882
-42.5472 -38.2882
-43.3969 -38.2882
-44.2035 -38.2882
-44.9703 -38.2882
-45.7004 -38.2882
-47.0707 -38.2882
-49.4495 -38.2882
-51.5744 -38.2882
-53.4828 -38.2882
-55.2056 -38.2882
-56.7686 -38.2882
-58.1929 -38.2882
-59.4964 -38.2882
-60.6941 -38.2882
-61.7986 -38.2882
-62.8207 -38.2882
-63.7695 -38.2882
-64.653 -38.2882
-65.478 -38.2882
-66.2503 -38.2882
-66.9752 -38.2882
-67.6572 -38.2882
-68.3001 -38.2882
-68.9076 -38.2882
-69.4826 -38.2882
-70.0279 -38.2882
-70.546 -38.2882
-71.0391 -38.2882
-71.509 -38.2882
-71.9576 -38.2882
-72.3864 -38.2882
-72.7968 -38.2882
-57.7406 -38.2882
-45.0391 -38.2882
-34.3364 -38.2882
-25.2527 -38.2882
-17.9411 -38.2882
-11.718 -38.2882
-6.23893 -38.2882
-1.397 -38.2882
2.90854 -38.2882
6.7592 -38.2882
10.2214 -38.2882
13.3499 -38.2882
16.1896 -38.2882
18.7782 -38.2882
21.1473 -38.2882
23.3233 -38.2882
25.3289 -38.2882
27.1833 -38.2882
28.9028 -38.2882
30.5019 -38.2882
31.9927 -38.2882
33.386 -38.2882
34.6911 -38.2882
35.9163 -38.2882
37.0688 -38.2882
38.155 -38.2882
39.1806 -38.2882
40.1506 -38.2882
41.0696 -38.2882
41.9415 -38.2882
42.77 -38.2882
43.5584 -38.2882
44.3097 -38.2882
45.0264 -38.2882
45.7111 -38.2882
47.1346 -38.2882
49.0818 -38.2882
50.85 -38.2882
52.4628 -38.2882
53.94 -38.2882
55.2985 -38.2882
56.5522 -38.2882
57.7134 -38.2882
58.7921 -38.2882
59.7974 -38.2882
60.7367 -38.2882
61.6167 -38.2882
62.4432 -38.2882
63.2213 -38.2882
63.9552 -38.2882
64.6491 -38.2882
65.3062 -38.2882
65.9297 -38.2882
66.5223 -38.2882
67.0865 -38.2882
67.6245 -38.2882
68.1382 -38.2882
68.6294 -38.2882
69.0997 -38.2882
69.5506 -38.2882
69.9834 -38.2882
70.3994 -38.2882
70.7995 -38.2882
71.1848 -38.2882
71.5563 -38.2882
71.9147 -38.2882
72.2609 -38.2882
72.5955 -38.2882
72.9193 -38.2882
73.2328 -38.2882
58.2976 -38.2882
45.8036 -38.2882
35.3262 -38.2882
26.4563 -38.2882
19.2364 -38.2882
13.1299 -38.2882
7.757 -38.2882
3.00545 -38.2882
-1.22368 -38.2882
-5.0101 -38.2882
-8.41861 -38.2882
-11.5023 -38.2882
-14.3051 -38.2882
-16.8634 -38.2882
-19.2077 -38.2882
-21.3639 -38.2882
-23.3538 -38.2882
-25.196 -38.2882
-26.9066 -38.2882
-28.4992 -38.2882
-29.9859 -38.2882
-31.377 -38.2882
-32.6816 -38.2882
-33.9078 -38.2882
-35.0626 -38.2882
-36.1521 -38.2882
-37.1819 -38.2882
-38.157 -38.2882
-39.0818 -38.2882
-39.9601 -38.2882
-40.7956 -38.2882
-41.5914 -38.2882
-42.3504 -38.2882
-43.0752 -38.2882
-43.7682 -38.2882
-44.4316 -38.2882
-45.0673 -38.2882
-45.6771 -38.2882
-46.2627 -38.2882
-46.8257 -38.2882
-47.3672 -38.2882
-47.8888 -38.2882
-48.3914 -38.2882
-48.8763 -38.2882
-49.3445 -38.2882
-51.5635 -38.2882
-52.3418 -38.2882
-53.813 -38.2882
-55.1683 -38.2882
-56.4197 -38.2882
-57.5791 -38.2882
-58.6565 -38.2882
-59.6608 -38.2882
-60.5994 -38.2882
-61.4789 -38.2882
-62.3051 -38.2882
-63.0829 -38.2882
-63.8167 -38.2882
-64.5104 -38.2882
-65.1675 -38.2882
-65.791 -38.2882
-66.3837 -38.2882
-66.9479 -38.2882
-67.4859 -38.2882
-67.9995 -38.2882
-68.4907 -38.2882
-68.961 -38.2882
-69.4118 -38.2882
-69.8445 -38.2882
-70.2603 -38.2882
-70.6603 -38.2882
-71.0454 -38.2882
-71.4167 -38.2882
-71.7748 -38.2882
-72.1207 -38.2882
-72.4551 -38.2882
-72.7785 -38.2882
-73.0917 -38.2882
-73.3951 -38.2882
-73.6893 -38.2882
-58.7825 -38.2882
-46.333 -38.2882
-35.901 -38.2882
-27.2135 -38.2882
-20.2471 -38.2882
-14.1714 -38.2882
-8.8309 -38.2882
-4.10303 -38.2882
0.109879 -38.2882
3.88629 -38.2882
7.28991 -38.2882
10.3729 -38.2882
13.1783 -38.2882
15.742 -38.2882
18.094 -38.2882
20.2595 -38.2882
22.2601 -38.2882
24.114 -38.2882
25.837 -38.2882
27.4427 -38.2882
28.9429 -38.2882
30.3479 -38.2882
31.6665 -38.2882
32.9067 -38.2882
34.0755 -38.2882
35.1791 -38.2882
36.2228 -38.2882
37.2117 -38.2882
38.15 -38.2882
39.0417 -38.2882
39.8903 -38.2882
40.699 -38.2882
41.4707 -38.2882
42.2079 -38.2882
42.9131 -38.2882
43.5883 -38.2882
44.2357 -38.2882
44.8568 -38.2882
45.4535 -38.2882
46.0273 -38.2882
46.5794 -38.2882
47.1112 -38.2882
47.6239 -38.2882
48.1186 -38.2882
48.5963 -38.2882
49.0579 -38.2882
50.0052 -38.2882
51.5035 -38.2882
52.8851 -38.2882
54.1635 -38.2882
55.3501 -38.2882
56.4549 -38.2882
57.4865 -38.2882
58.4523 -38.2882
59.3587 -38.2882
60.2114 -38.2882
61.0152 -38.2882
61.7747 -38.2882
62.4936 -38.2882
63.1753 -38.2882
63.8228 -38.2882
64.439 -38.2882
65.0262 -38.2882
65.5867 -38.2882
66.1223 -38.2882
66.6349 -38.2882
67.1261 -38.2882
67.5974 -38.2882
68.05 -38.2882
68.4853 -38.2882
68.9042 -38.2882
69.3079 -38.2882
69.6972 -38.2882
70.0731 -38.2882
70.4363 -38.2882
70.7875 -38.2882
71.1274 -38.2882
71.4567 -38.2882
71.7758 -38.2882
72.0854 -38.2882
72.386 -38.2882
72.6779 -38.2882
72.9617 -38.2882
73.2377 -38.2882
73.5064 -38.2882
73.768 -38.2882
74.0229 -38.2882
74.2714 -38.2882
74.5138 -38.2882
74.7504 -38.2882
59.9088 -38.2882
47.5642 -38.2882
37.2396 -38.2882
28.4841 -38.2882
21.5503 -38.2882
15.5547 -38.2882
10.2578 -38.2882
5.56597 -38.2882
1.38247 -38.2882
-2.37023 -38.2882
-5.75501 -38.2882
-8.82329 -38.2882
-11.6175 -38.2882
-14.1729 -38.2882
-16.5191 -38.2882
-18.681 -38.2882
-20.6798 -38.2882
-22.5334 -38.2882
-24.2574 -38.2882
-25.8652 -38.2882
-27.3684 -38.2882
-28.7771 -38.2882
-30.1002 -38.2882
-31.3454 -38.2882
-32.5197 -38.2882
-33.6292 -38.2882
-34.6791 -38.2882
-35.6745 -38.2882
-36.6195 -38.2882
-37.5182 -38.2882
-38.3738 -38.2882
-39.1897 -38.2882
-39.9687 -38.2882
-40.7133 -38.2882
-41.4258 -38.2882
-42.1085 -38.2882
-42.7633 -38.2882
-43.392 -38.2882
-43.9961 -38.2882
-44.5773 -38.2882
-45.1368 -38.2882
-45.676 -38.2882
-46.196 -38.2882
-46.698 -38.2882
-47.1829 -38.2882
-47.6517 -38.2882
-48.1052 -38.2882
-48.5442 -38.2882
-48.9696 -38.2882
-49.3819 -38.2882
-49.7819 -38.2882
-50.1701 -38.2882
-50.5471 -38.2882
-50.9135 -38.2882
-51.2698 -38.2882
-51.6163 -38.2882
-53.9474 -38.2882
-54.1362 -38.2882
-55.3209 -38.2882
-56.4241 -38.2882
-57.4543 -38.2882
-58.419 -38.2882
-59.3244 -38.2882
-60.1763 -38.2882
-60.9795 -38.2882
-61.7384 -38.2882
-62.4567 -38.2882
-63.1379 -38.2882
-63.7851 -38.2882
-64.4009 -38.2882
-64.9877 -38.2882
-65.5478 -38.2882
-66.0831 -38.2882
-66.5954 -38.2882
-67.0863 -38.2882
-67.5572 -38.2882
-68.0095 -38.2882
-68.4444 -38.2882
-68.863 -38.2882
-69.2664 -38.2882
-69.6553 -38.2882
-70.0308 -38.2882
-70.3936 -38.2882
-70.7444 -38.2882
-71.0839 -38.2882
-71.4128 -38.2882
-71.7315 -38.2882
-72.0406 -38.2882
-72.3407 -38.2882
-72.6322 -38.2882
-72.9155 -38.2882
-73.1911 -38.2882
-73.4592 -38.2882
-73.7203 -38.2882
-73.9747 -38.2882
-74.2227 -38.2882
-74.4646 -38.2882
-74.7006 -38.2882
-74.931 -38.2882
-75.1561 -38.2882
-60.3312 -38.2882
-48.0114 -38.2882
-37.7111 -38.2882
-29.1986 -38.2882
-22.323 -38.2882
-16.3212 -38.2882
-11.0402 -38.2882
-6.35902 -38.2882
-2.18189 -38.2882
1.56798 -38.2882
4.95281 -38.2882
8.02346 -38.2882
10.8219 -38.2882
13.383 -38.2882
15.7361 -38.2882
17.9058 -38.2882
19.9129 -38.2882
21.7755 -38.2882
23.5089 -38.2882
25.1263 -38.2882
26.6393 -38.2882
28.0579 -38.2882
29.391 -38.2882
30.6461 -38.2882
31.8303 -38.2882
32.9495 -38.2882
34.0092 -38.2882
35.0141 -38.2882
35.9685 -38.2882
36.8763 -38.2882
37.7411 -38.2882
38.5658 -38.2882
39.3535 -38.2882
40.1066 -38.2882
40.8275 -38.2882
41.5183 -38.2882
42.181 -38.2882
42.8175 -38.2882
43.4292 -38.2882
44.0177 -38.2882
44.5845 -38.2882
45.1307 -38.2882
45.6577 -38.2882
46.1663 -38.2882
46.6578 -38.2882
47.1329 -38.2882
47.5926 -38.2882
48.0378 -38.2882
48.469 -38.2882
48.8871 -38.2882
49.2927 -38.2882
49.6864 -38.2882
50.0688 -38.2882
50.4404 -38.2882
50.8017 -38.2882
51.1533 -38.2882
51.4955 -38.2882
53.9858 -38.2882
53.8688 -38.2882
54.9894 -38.2882
56.037 -38.2882
57.0188 -38.2882
57.9413 -38.2882
58.8099 -38.2882
59.6296 -38.2882
60.4046 -38.2882
61.1388 -38.2882
61.8356 -38.2882
62.4979 -38.2882
63.1286 -38.2882
63.73 -38.2882
64.3043 -38.2882
64.8534 -38.2882
65.3793 -38.2882
65.8833 -38.2882
66.3672 -38.2882
66.8321 -38.2882
67.2793 -38.2882
67.71 -38.2882
68.125 -38.2882
68.5255 -38.2882
68.9122 -38.2882
69.2859 -38.2882
69.6474 -38.2882
69.9974 -38.2882
70.3364 -38.2882
70.6652 -38.2882
70.9841 -38.2882
71.2938 -38.2882
71.5946 -38.2882
71.8871 -38.2882
72.1716 -38.2882
72.4485 -38.2882
72.7182 -38.2882
72.981 -38.2882
73.2372 -38.2882
73.4872 -38.2882
73.7311 -38.2882
73.9693 -38.2882
74.202 -38.2882
74.4295 -38.2882
74.6519 -38.2882
74.8694 -38.2882
75.0823 -38.2882
75.2908 -38.2882
75.495 -38.2882
75.695 -38.2882
75.8911 -38.2882
76.0834 -38.2882
76.272 -38.2882
61.4872 -38.2882
49.2288 -38.2882
38.9885 -38.2882
30.3585 -38.2882
23.5118 -38.2882
17.5358 -38.2882
12.2758 -38.2882
7.61142 -38.2882
3.44733 -38.2882
-0.292659 -38.2882
-3.67028 -38.2882
-6.73598 -38.2882
-9.53135 -38.2882
-12.091 -38.2882
-14.4439 -38.2882
-16.6145 -38.2882
-18.6236 -38.2882
-20.4888 -38.2882
-22.2254 -38.2882
-23.8467 -38.2882
-25.364 -38.2882
-26.7872 -38.2882
-28.1252 -38.2882
-29.3855 -38.2882
-30.5751 -38.2882
-31.6999 -38.2882
-32.7652 -38.2882
-33.7759 -38.2882
-34.7362 -38.2882
-35.65 -38.2882
-36.5206 -38.2882
-37.3514 -38.2882
-38.145 -38.2882
-38.9041 -38.2882
-39.631 -38.2882
-40.3277 -38.2882
-40.9964 -38.2882
-41.6387 -38.2882
-42.2562 -38.2882
-42.8506 -38.2882
-43.4231 -38.2882
-43.975 -38.2882
-44.5076 -38.2882
-45.0218 -38.2882
-45.5188 -38.2882
-45.9994 -38.2882
-46.4646 -38.2882
-46.915 -38.2882
-47.3516 -38.2882
-47.7749 -38.2882
-48.1856 -38.2882
-48.5844 -38.2882
-48.9719 -38.2882
-49.3485 -38.2882
-49.7147 -38.2882
-50.0711 -38.2882
-50.4181 -38.2882
-50.7561 -38.2882
-51.0855 -38.2882
-51.4066 -38.2882
-51.7199 -38.2882
-52.0257 -38.2882
-52.3241 -38.2882
-52.6157 -38.2882
-52.9006 -38.2882
-53.1791 -38.2882
-53.8704 -38.2882
-54.9896 -38.2882
-56.0361 -38.2882
-57.0171 -38.2882
-57.9388 -38.2882
-58.8067 -38.2882
-59.6259 -38.2882
-60.4004 -38.2882
-61.1342 -38.2882
-61.8306 -38.2882
-62.4926 -38.2882
-63.1229 -38.2882
-63.724 -38.2882
-64.2981 -38.2882
-64.847 -38.2882
-65.3725 -38.2882
-65.8764 -38.2882
-66.36 -38.2882
-66.8246 -38.2882
-67.2716 -38.2882
-67.702 -38.2882
-68.1168 -38.2882
-68.517 -38.2882
-68.9034 -38.2882
-69.2769 -38.2882
-69.6381 -38.2882
-69.9878 -38.2882
-70.3266 -38.2882
-70.655 -38.2882
-70.9736 -38.2882
-71.2829 -38.2882
-71.5834 -38.2882
-71.8756 -38.2882
-72.1597 -38.2882
-72.4363 -38.2882
-72.7056 -38.2882
-72.9681 -38.2882
-73.2239 -38.2882
-73.4735 -38.2882
-73.7171 -38.2882
-73.9549 -38.2882
-74.1872 -38.2882
-74.4142 -38.2882
-74.6362 -38.2882
-74.8533 -38.2882
-75.0658 -38.2882
-75.2739 -38.2882
-75.4776 -38.2882
-75.6772 -38.2882
-75.8729 -38.2882
-76.0647 -38.2882
-76.2528 -38.2882
-76.4375 -38.2882
-76.6187 -38.2882
-61.8446 -38.2882
-49.6017 -38.2882
-39.376 -38.2882
-30.9254 -38.2882
-24.0978 -38.2882
-18.1342 -38.2882
-12.8826 -38.2882
-8.22305 -38.2882
-4.06108 -38.2882
-0.320926 -38.2882
3.05867 -38.2882
6.12779 -38.2882
8.92773 -38.2882
11.4928 -38.2882
13.8519 -38.2882
16.0291 -38.2882
18.0452 -38.2882
19.9178 -38.2882
21.662 -38.2882
23.2909 -38.2882
24.8158 -38.2882
26.2468 -38.2882
27.5924 -38.2882
28.8604 -38.2882
30.0575 -38.2882
31.1898 -38.2882
32.2625 -38.2882
33.2804 -38.2882
34.2478 -38.2882
35.1685 -38.2882
36.046 -38.2882
36.8834 -38.2882
37.6836 -38.2882
38.449 -38.2882
39.1821 -38.2882
39.885 -38.2882
40.5596 -38.2882
41.2077 -38.2882
41.8309 -38.2882
42.4308 -38.2882
43.0087 -38.2882
43.5659 -38.2882
44.1036 -38.2882
44.6228 -38.2882
45.1247 -38.2882
45.61 -38.2882
46.0798 -38.2882
46.5348 -38.2882
46.9757 -38.2882
47.4033 -38.2882
47.8183 -38.2882
48.2212 -38.2882
48.6126 -38.2882
48.9931 -38.2882
49.3631 -38.2882
49.7232 -38.2882
50.0738 -38.2882
50.4154 -38.2882
50.7482 -38.2882
51.0727 -38.2882
