0.1 76.0501
0.2 75.796
0.3 75.5419
0.4 75.2878
0.5 75.0337
0.6 74.7796
0.7 74.5255
0.8 74.2715
0.9 74.0174
1 73.7633
0 73.7633
26.5207 69.865
52.2433 66.0613
73.8694 62.8276
93.32 59.9987
112.439 57.2215
130.127 54.6084
141.801 52.7669
147.389 51.7517
151.683 50.7964
155.457 49.8376
136.648 52.4786
118.363 55.0495
100.892 57.5115
84.4217 59.8402
69.0666 62.0204
54.8734 64.0469
41.1461 66.1134
27.9173 68.1859
13.2018 70.5945
-11.4991 74.3496
-36.0526 78.1005
-60.4408 81.8477
-81.0638 85.7244
-95.9938 89.9891
-108.701 94.3836
-119.712 98.8321
-128.487 103.472
-135.252 108.287
-140.948 113.151
-145.947 118.045
-127.254 113.535
-109.375 108.998
-92.6016 104.423
-77.0724 99.8037
-62.8414 95.1391
-49.8517 90.4385
-37.0731 85.904
-25.2201 81.3538
-11.2375 77.0812
12.3483 73.2779
35.7768 69.4837
58.922 65.7135
76.1406 62.6721
87.0153 60.6054
96.5837 58.7183
104.914 57.0766
111.939 55.7065
118.426 54.4036
124.474 53.1551
130.069 51.9951
134.745 51.1613
139.139 50.3676
143.301 49.6064
147.272 48.8718
151.082 48.1592
154.758 47.4648
158.321 46.7856
161.786 46.1192
165.169 45.4636
168.479 44.8173
150.652 47.2796
134.772 49.474
120.687 51.4238
108.165 53.1633
96.9894 54.7234
86.9601 56.1331
77.898 57.4177
69.6499 58.5986
62.0867 59.694
55.1012 60.7184
48.6051 61.6839
42.5253 62.6003
36.8018 63.4755
31.0247 64.4726
25.0572 65.6381
19.3055 66.7845
13.4586 67.9894
6.32842 69.562
-1.74131 71.3132
-20.3286 74.5847
-42.6525 78.2937
-64.9343 82.0023
-83.5156 85.8283
-92.7405 90.2208
-100.344 94.7434
-107.02 99.4038
-112.607 104.235
-117.945 109.078
-123.072 113.931
-127.765 118.892
-131.834 124.041
-135.748 129.2
-139.531 134.368
-143.201 139.544
-146.773 144.726
-150.259 149.913
-153.672 155.105
-157.018 160.301
-160.307 165.501
-163.545 170.705
-145.944 166.099
-130.53 161.387
-117.019 156.581
-105.105 151.696
-94.528 146.746
-85.0642 141.743
-76.5232 136.696
-68.7476 131.615
-61.609 126.505
-55.0031 121.374
-48.8451 116.224
-43.0662 111.059
-37.6101 105.882
-32.2371 100.765
-26.4999 95.8553
-20.9535 90.9436
-15.4504 86.0527
-8.49283 81.4504
-0.577987 76.9461
18.1294 73.092
40.371 69.355
62.5796 65.6203
78.8706 62.5991
86.9096 60.8224
94.2942 59.1473
100.215 57.8447
105.662 56.6393
110.91 55.4597
115.986 54.3021
120.219 53.4947
124.289 52.7147
128.228 51.9542
132.054 51.2107
135.78 50.482
139.418 49.7663
142.979 49.062
146.471 48.3679
149.902 47.6828
153.277 47.0058
156.603 46.336
159.884 45.6727
163.124 45.0153
166.328 44.3632
169.499 43.716
172.638 43.0731
175.75 42.4343
178.835 41.7991
181.897 41.1674
184.937 40.5387
187.957 39.9129
170.649 42.3139
155.763 44.3941
142.842 46.2132
131.499 47.8239
121.44 49.2664
112.425 50.5732
104.266 51.7703
96.8085 52.8784
89.9331 53.9138
83.5431 54.8893
77.5612 55.8152
71.9252 56.6997
66.5844 57.5494
61.4974 58.3696
56.6302 59.1646
51.9544 59.938
47.4463 60.6927
43.086 61.4312
38.8564 62.1555
34.7433 62.8674
30.7342 63.5684
26.8185 64.2596
22.9869 64.9421
19.2091 65.6267
14.6623 66.6711
10.1758 67.7107
5.74442 68.7459
-0.224661 70.1956
-6.92531 71.7909
-22.7131 74.7419
-44.7068 78.4446
-66.6848 82.1473
-84.9272 85.9674
-92.8843 90.4062
-99.6209 94.95
-105.117 99.7116
-110.014 104.568
-114.788 109.43
-119.45 114.298
-123.283 119.455
-127.016 124.618
-130.661 129.787
-134.229 134.961
-137.727 140.14
-141.163 145.324
-144.544 150.51
-147.875 155.701
-151.161 160.894
-154.406 166.09
-157.614 171.288
-160.788 176.489
-163.931 181.692
-167.046 186.896
-170.135 192.102
-173.2 197.31
-176.242 202.519
-179.264 207.73
-182.267 212.941
-185.252 218.154
-188.221 223.368
-170.99 218.744
-156.246 214.037
-143.459 209.216
-132.248 204.283
-122.326 199.255
-113.423 194.229
-105.362 189.161
-97.9898 184.063
-91.187 178.94
-84.859 173.798
-78.9299 168.639
-73.3387 163.468
-68.0359 158.287
-62.9812 153.097
-58.1411 147.899
-53.488 142.696
-48.9989 137.488
-44.6543 132.276
-40.4377 127.06
-36.335 121.842
-32.3342 116.621
-28.4249 111.398
-24.5981 106.173
-20.8458 100.946
-16.4048 95.9865
-11.9198 91.0634
-7.48866 86.1404
-1.60829 81.4872
5.11724 76.9364
21.1899 72.9914
43.1861 69.2687
65.1672 65.5471
81.9301 62.4487
89.513 60.704
96.2692 59.0948
101.485 57.8899
106.411 56.745
111.217 55.6156
115.708 54.5996
119.581 53.8414
123.356 53.098
127.044 52.3677
130.655 51.649
134.196 50.9407
137.676 50.2417
141.101 49.551
144.475 48.8679
147.803 48.1916
151.09 47.5215
154.339 46.857
157.553 46.1977
160.736 45.5431
163.889 44.8928
167.016 44.2465
170.118 43.6039
173.196 42.9647
176.254 42.3286
179.291 41.6955
182.31 41.065
185.312 40.4371
188.223 39.9264
191.055 39.5145
193.871 39.1055
196.674 38.6992
199.462 38.2955
202.238 37.8942
205.002 37.4952
207.755 37.0982
210.496 36.7033
213.228 36.3102
196.196 38.7824
181.622 40.8881
169.023 42.6899
157.989 44.2486
148.223 45.6096
139.487 46.8099
131.592 47.8797
124.386 48.8432
117.751 49.7195
111.591 50.5242
105.831 51.2693
100.408 51.9648
95.2727 52.6186
90.385 53.2371
85.7112 53.8257
81.2235 54.3886
76.8988 54.9294
72.635 55.564
68.424 56.2825
64.3231 56.9896
60.321 57.6866
56.4079 58.3746
52.5752 59.0545
48.8154 59.7273
45.122 60.3935
41.4891 61.0539
37.9118 61.709
34.3853 62.3592
30.9057 63.0051
27.4693 63.6469
24.0729 64.285
20.7135 64.9198
17.3886 65.5514
14.0956 66.1801
10.0941 67.1297
5.98366 68.1372
1.89884 69.1429
-3.53292 70.5081
-9.46858 72.0026
-24.1136 74.8224
-45.9996 78.523
-67.8766 82.2236
-86.1763 86.036
-93.8966 90.4756
-100.31 95.0274
-105.386 99.8199
-110.001 104.687
-114.533 109.557
-118.823 114.495
-122.457 119.662
-126.019 124.834
-129.516 130.01
-132.957 135.19
-136.345 140.373
-139.686 145.56
-142.984 150.75
-146.243 155.942
-149.466 161.136
-152.657 166.333
-155.817 171.532
-158.95 176.733
-162.057 181.935
-165.141 187.139
-168.203 192.345
-171.245 197.552
-174.267 202.76
-177.272 207.969
-180.26 213.179
-183.233 218.391
-186.192 223.603
-189.021 228.985
-191.814 234.399
-194.595 239.815
-197.363 245.232
-200.119 250.65
-202.865 256.07
-205.6 261.491
-208.325 266.912
-211.041 272.335
-213.748 277.759
-196.752 273.23
-182.233 268.539
-169.69 263.708
-158.708 258.764
-148.987 253.727
-140.289 248.616
-132.425 243.443
-125.245 238.222
-118.631 232.96
-112.488 227.667
-106.741 222.346
-101.329 217.004
-96.2022 211.644
-91.321 206.269
-86.652 200.882
-82.1678 195.484
-77.8455 190.078
-73.6408 184.696
-69.4316 179.476
-65.3316 174.253
-61.3296 169.028
-57.4158 163.802
-53.582 158.574
-49.8205 153.345
-46.125 148.115
-42.4896 142.883
-38.9095 137.652
-35.3799 132.419
-31.897 127.186
-28.4571 121.953
-25.0569 116.719
-21.6937 111.484
-18.3647 106.25
-15.0675 101.015
-11.133 96.0166
-7.01801 91.0921
-2.92856 86.168
2.4595 81.482
8.41885 76.8937
23.2392 72.9082
45.1287 69.1922
67.0092 65.4769
84.4013 62.2916
91.9803 60.5273
98.4105 58.9532
103.333 57.7783
107.968 56.6684
112.521 55.5692
116.717 54.6125
120.374 53.8836
123.96 53.1656
127.482 52.4572
130.946 51.7576
134.358 51.066
137.722 50.3814
141.043 49.7034
144.324 49.0314
147.569 48.3647
150.782 47.7031
153.963 47.046
157.117 46.3932
160.245 45.7443
163.348 45.0989
166.429 44.4569
169.49 43.8181
172.531 43.1821
175.554 42.5488
178.56 41.918
181.55 41.2896
184.502 40.7007
187.327 40.2868
190.137 39.8756
192.934 39.4671
195.719 39.061
198.491 38.6572
201.252 38.2555
204.002 37.8559
206.743 37.4582
209.473 37.0624
212.195 36.6683
214.908 36.2758
217.613 35.8849
220.31 35.4954
223 35.1073
225.682 34.7206
228.358 34.3351
231.028 33.9509
233.691 33.5678
236.349 33.1858
239.001 32.8048
222.071 35.2636
207.659 37.3479
195.223 39.1281
184.337 40.6678
174.696 42.0132
166.061 43.2015
158.247 44.2626
151.104 45.2201
144.516 46.0927
138.392 46.8953
132.657 47.6398
127.251 48.3357
122.127 48.9908
117.244 49.6113
112.572 50.2022
108.082 50.7678
103.752 51.3115
99.564 51.8363
95.5009 52.3446
91.5494 52.8384
87.6977 53.3195
83.9357 53.7893
80.2547 54.2491
76.647 54.7001
73.1058 55.1431
69.6254 55.5791
66.2005 56.0086
62.7645 56.5162
59.2706 57.1612
55.8196 57.8023
52.4082 58.4399
49.0338 59.0743
45.6936 59.7056
42.3854 60.3342
39.1069 60.9602
35.8563 61.5838
32.6318 62.2051
29.4317 62.8245
26.2546 63.4418
23.0991 64.0574
19.964 64.6713
16.848 65.2837
13.7501 65.8945
10.6693 66.504
6.92422 67.411
2.99624 68.4041
-0.917085 69.3963
-6.0693 70.7176
-11.7813 72.1893
-25.4651 74.8851
-47.1494 78.5696
-69.0262 82.2755
-87.6285 86.0836
-95.4937 90.5034
-101.651 95.0537
-106.543 99.8556
-110.95 104.726
-115.311 109.603
-119.395 114.57
-122.877 119.744
-126.307 124.923
-129.687 130.106
-133.023 135.291
-136.318 140.479
-139.575 145.67
-142.799 150.863
-145.99 156.059
-149.153 161.256
-152.289 166.455
-155.4 171.656
-158.488 176.858
-161.554 182.062
-164.601 187.267
-167.629 192.473
-170.64 197.681
-173.634 202.89
-176.614 208.099
-179.579 213.31
-182.53 218.521
-185.421 223.805
-188.21 229.218
-190.987 234.632
-193.753 240.047
-196.507 245.464
-199.251 250.882
-201.986 256.301
-204.711 261.721
-207.427 267.142
-210.135 272.564
-212.835 277.987
-215.527 283.41
-218.212 288.835
-220.89 294.26
-223.562 299.686
-226.227 305.112
-228.886 310.539
-231.54 315.967
-234.188 321.396
-236.831 326.825
-239.469 332.254
-222.56 327.72
-208.178 323.02
-195.772 318.181
-184.912 313.229
-175.293 308.186
-166.677 303.07
-158.876 297.895
-151.745 292.672
-145.166 287.409
-139.048 282.116
-133.317 276.796
-127.915 271.455
-122.793 266.096
-117.912 260.723
-113.24 255.337
-108.75 249.941
-104.42 244.536
-100.23 239.125
-96.1654 233.706
-92.212 228.283
-88.3582 222.855
-84.594 217.423
-80.9105 211.988
-77.3001 206.55
-73.7562 201.109
-70.2729 195.667
-66.845 190.222
-63.4468 184.803
-59.9498 179.568
-56.4957 174.333
-53.0813 169.097
-49.7036 163.861
-46.3602 158.625
-43.0486 153.389
-39.7668 148.152
-36.5129 142.916
-33.285 137.679
-30.0816 132.443
-26.9011 127.206
-23.7422 121.969
-20.6037 116.733
-17.4844 111.496
-14.3831 106.259
-11.299 101.023
-7.59594 96.0119
-3.66432 91.0882
0.252564 86.1647
5.3778 81.4615
11.0937 76.8672
24.8747 72.8361
46.6918 69.1239
68.4776 65.4115
86.7068 62.1064
94.1858 60.3413
100.437 58.7928
105.206 57.6219
109.652 56.5383
114.027 55.4609
118.047 54.529
121.548 53.8231
124.993 53.1247
128.389 52.4338
131.74 51.7497
135.049 51.0719
138.321 50.3998
141.558 49.7329
144.763 49.0708
147.939 48.4131
151.088 47.7595
154.212 47.1097
157.313 46.4634
160.392 45.8204
163.451 45.1804
166.49 44.5433
169.513 43.9088
172.518 43.2768
175.509 42.6471
178.484 42.0196
181.446 41.3942
184.318 40.8902
187.118 40.4796
189.905 40.071
192.681 39.6646
195.446 39.2605
198.199 38.8584
200.943 38.4583
203.678 38.0599
206.403 37.6634
209.12 37.2685
211.828 36.8751
214.529 36.4833
217.222 36.0928
219.909 35.7038
222.588 35.316
225.261 34.9294
227.928 34.544
230.59 34.1598
233.245 33.7766
235.895 33.3944
238.541 33.0132
241.181 32.633
243.816 32.2536
246.447 31.8751
249.074 31.4975
251.696 31.1206
254.314 30.7445
256.929 30.3691
259.539 29.9945
262.146 29.6205
264.75 29.2471
247.882 31.698
233.562 33.7701
221.216 35.5385
210.407 37.0684
200.828 38.4063
192.242 39.5894
184.464 40.6471
177.346 41.6028
170.776 42.4748
164.663 43.2778
158.933 44.0235
153.528 44.7211
148.401 45.3783
143.514 46.0012
138.835 46.5947
134.336 47.163
129.997 47.7095
125.798 48.2371
121.723 48.7483
117.76 49.2449
113.895 49.7287
110.121 50.2013
106.427 50.6638
102.806 51.1174
99.2523 51.563
95.7589 52.0014
92.3211 52.4333
88.9342 52.8594
85.5943 53.2802
82.2976 53.6962
79.0409 54.1078
75.8213 54.5154
72.6362 54.9194
69.483 55.32
66.3597 55.7176
63.2643 56.1123
60.1949 56.5044
57.0664 57.0086
53.8771 57.6258
50.7096 58.2413
47.5625 58.855
44.4348 59.4673
41.3254 60.0781
38.2333 60.6875
35.1575 61.2957
32.0973 61.9027
29.0518 62.5085
26.0202 63.1132
23.002 63.7169
19.9964 64.3197
17.0028 64.9215
14.0207 65.5225
11.0496 66.1226
8.08896 66.7219
4.48065 67.6099
0.659908 68.5951
-3.15152 69.5797
-8.13321 70.8746
-13.7564 72.3406
-26.7136 74.9391
-48.1246 78.5978
-70.0363 82.311
-88.9982 86.1159
-97.0708 90.4979
-103.119 95.0583
-107.935 99.8609
-112.182 104.733
-116.413 109.615
-120.372 114.592
-123.735 119.772
-127.06 124.957
-130.345 130.145
-133.595 135.336
-136.812 140.528
-139.998 145.723
-143.157 150.92
-146.289 156.118
-149.398 161.318
-152.484 166.52
-155.55 171.723
-158.596 176.927
-161.624 182.132
-164.635 187.339
-167.63 192.547
-170.61 197.756
-173.576 202.965
-176.529 208.176
-179.47 213.388
-182.399 218.6
-185.225 223.95
-187.993 229.362
-190.752 234.777
-193.5 240.194
-196.238 245.611
-198.967 251.029
-201.687 256.449
-204.399 261.869
-207.103 267.29
-209.799 272.712
-212.488 278.135
-215.17 283.559
-217.846 288.983
-220.515 294.408
-223.178 299.834
-225.836 305.26
-228.488 310.687
-231.135 316.115
-233.777 321.543
-236.414 326.971
-239.046 332.4
-241.674 337.83
-244.298 343.26
-246.917 348.69
-249.533 354.121
-252.144 359.553
-254.753 364.984
-257.357 370.416
-259.958 375.849
-262.556 381.282
-265.151 386.715
-248.298 382.178
-233.994 377.473
-221.666 372.629
-210.872 367.673
-201.306 362.628
-192.73 357.51
-184.959 352.334
-177.847 347.111
-171.281 341.849
-165.169 336.556
-159.441 331.237
-154.037 325.897
-148.91 320.54
-144.022 315.168
-139.342 309.784
-134.842 304.39
-130.501 298.987
-126.3 293.577
-122.223 288.16
-118.258 282.738
-114.391 277.312
-110.614 271.882
-106.918 266.448
-103.295 261.011
-99.7379 255.572
-96.2419 250.13
-92.8014 244.687
-89.4119 239.242
-86.0693 233.796
-82.7699 228.348
-79.5105 222.899
-76.2883 217.45
-73.1004 211.999
-69.9446 206.548
-66.8187 201.096
-63.7206 195.644
-60.6486 190.191
-57.5468 184.808
-54.3548 179.57
-51.1846 174.332
-48.0349 169.094
-44.9045 163.857
-41.7925 158.619
-38.6978 153.381
-35.6194 148.144
-32.5566 142.907
-29.5086 137.669
-26.4745 132.432
-23.4538 127.195
-20.4457 121.958
-17.4497 116.721
-14.4652 111.484
-11.4917 106.247
-8.52862 101.01
-4.95001 95.9964
-1.12621 91.0735
2.68775 86.1509
7.64964 81.4373
13.2767 76.8445
26.3013 72.7753
