0.1 59.2164
0.2 59.1506
0.3 59.0848
0.4 59.019
0.5 58.9531
0.6 58.8873
0.7 58.8215
0.8 58.7557
0.9 58.6899
1 58.6241
0 58.6241
24.7679 57.6261
48.0144 56.6779
67.7156 55.8639
85.0565 55.1678
102.574 54.4588
118.401 53.8021
126.988 53.4205
131.069 53.1839
134.069 52.9576
135.439 52.8422
118.293 53.4877
101.703 54.1361
86.0442 54.7347
71.4343 55.2996
57.8395 55.8451
45.388 56.3503
34.0491 56.8166
22.5996 57.3268
10.3712 57.8858
-10.6204 58.7815
-33.5739 59.7414
-56.0285 60.7034
-73.8385 61.7216
-87.4414 62.8249
-99.1278 63.9495
-108.865 65.0964
-115.643 66.3208
-120.701 67.5669
-124.635 68.8269
-127.716 70.1112
-110.628 68.9423
-94.2843 67.777
-79.0024 66.6025
-64.9266 65.4163
-52.1192 64.2179
-40.572 63.0073
-29.886 61.8036
-19.4163 60.6343
-7.84719 59.5041
12.035 58.5107
33.8244 57.5384
54.9767 56.5832
69.0749 55.8678
77.8796 55.3725
85.9078 54.9047
92.0873 54.5453
97.6144 54.2077
102.61 53.8877
106.733 53.6345
110.11 53.4364
113.144 53.2517
115.899 53.0776
118.423 52.9121
120.757 52.7537
122.933 52.6011
124.976 52.4534
126.906 52.3098
128.74 52.1695
130.492 52.0321
132.172 51.8971
115.931 52.5218
101.62 53.0753
89.1045 53.5634
78.1545 53.9949
68.5577 54.3781
60.1144 54.7205
52.6459 55.029
45.9979 55.3093
40.0403 55.5663
34.6649 55.804
29.7823 56.0257
25.3186 56.2339
21.2131 56.431
17.4154 56.6186
13.8024 56.8069
9.52417 57.0851
5.43334 57.359
0.490143 57.6982
-5.21643 58.0945
-19.7341 58.8427
-40.4846 59.7929
-61.1921 60.7431
-76.4117 61.7482
-83.3383 62.901
-89.5874 64.0678
-94.0861 65.3111
-98.271 66.5584
-102.194 67.8091
-105.279 69.1227
-107.947 70.4592
-110.426 71.7991
-112.743 73.142
-114.922 74.4874
-116.983 75.835
-118.943 77.1844
-120.814 78.5353
-122.608 79.8877
-124.335 81.2412
-126.003 82.5958
-127.618 83.9512
-111.584 82.7663
-97.7048 81.5524
-85.7222 80.3122
-75.3387 79.0499
-66.3018 77.7691
-58.3888 76.473
-51.4098 75.1646
-45.2067 73.8461
-39.6498 72.5195
-34.6332 71.1862
-30.0708 69.8477
-25.8927 68.5048
-22.0416 67.1583
-18.4706 65.809
-15.1411 64.4572
-11.185 63.1766
-7.27564 61.9061
-2.68014 60.6738
2.81619 59.4888
17.487 58.4675
38.1504 57.5095
58.5438 56.5588
71.0403 55.8728
77.2218 55.4467
82.5975 55.0729
86.8813 54.7676
90.9198 54.4708
94.4201 54.2208
97.2511 54.0345
99.8976 53.8556
102.386 53.683
104.737 53.5159
106.969 53.3535
109.098 53.1952
111.135 53.0406
113.092 52.8891
114.978 52.7404
116.8 52.5942
118.565 52.4503
120.279 52.3083
121.947 52.1682
123.387 52.0867
124.707 52.0311
125.988 51.9775
127.234 51.9257
128.447 51.8755
129.63 51.8269
130.787 51.7796
131.918 51.7336
133.026 51.6888
117.347 52.3189
103.969 52.8551
92.5644 53.3081
82.773 53.6925
74.3187 54.0195
66.9679 54.2991
60.5265 54.5397
54.8359 54.7481
49.7673 54.9301
45.2169 55.0904
41.1009 55.2325
37.3516 55.3596
33.9139 55.474
30.7426 55.5777
27.8008 55.6725
24.9419 55.791
22.0732 55.9523
19.3489 56.1096
16.7529 56.2634
14.2711 56.414
11.8917 56.5619
9.60418 56.7073
7.39962 56.8505
5.27013 56.9919
3.20884 57.1314
0.556747 57.3401
-2.41948 57.5888
-5.82082 57.8689
-10.6259 58.2465
-21.9045 58.8872
-42.1255 59.8297
-62.6255 60.7808
-77.0133 61.7917
-82.7058 62.9577
-87.667 64.1543
-91.366 65.4051
-94.9125 66.6586
-97.966 67.9492
-100.393 69.2872
-102.695 70.6282
-104.885 71.9713
-106.976 73.3162
-108.981 74.6628
-110.909 76.0107
-112.769 77.3599
-114.568 78.7103
-116.313 80.0616
-118.008 81.4138
-119.659 82.7669
-121.27 84.1207
-122.793 85.4902
-124.071 86.9203
-125.314 88.3517
-126.524 89.7841
-127.706 91.2174
-128.861 92.6515
-129.991 94.0863
-131.098 95.5219
-132.184 96.9581
-133.251 98.3949
-117.639 97.2281
-104.375 96.0175
-93.095 94.7664
-83.4236 93.4816
-75.0785 92.1685
-67.8239 90.8318
-61.4657 89.4759
-55.8463 88.1041
-50.8383 86.7194
-46.3394 85.3242
-42.2671 83.9202
-38.5548 82.509
-35.1484 81.0919
-32.0038 79.6699
-29.0845 78.2437
-26.3607 76.8141
-23.5615 75.4431
-20.855 74.0835
-18.2736 72.7231
-15.8041 71.362
-13.4346 70.0004
-11.1552 68.6382
-8.95702 67.2757
-6.83244 65.9128
-4.77473 64.5496
-2.29384 63.228
0.680732 61.9539
3.96212 60.6963
8.76792 59.5112
20.2235 58.4501
40.6524 57.4954
61.0199 56.5416
73.5427 55.8483
79.0531 55.4408
83.6595 55.096
87.399 54.808
90.9786 54.5251
93.7966 54.3207
96.2726 54.147
98.621 53.9779
100.859 53.8133
103.001 53.6526
105.056 53.4954
107.035 53.3412
108.946 53.1897
110.795 53.0407
112.59 52.8939
114.334 52.7492
116.033 52.6062
117.692 52.4648
119.104 52.3898
120.43 52.3318
121.721 52.2754
122.979 52.2208
124.206 52.1678
125.406 52.1162
126.579 52.0659
127.729 52.017
128.857 51.9691
129.964 51.9224
131.053 51.8766
132.123 51.8317
133.177 51.7877
134.215 51.7445
135.239 51.7021
136.249 51.6604
137.246 51.6193
138.232 51.5788
139.205 51.539
140.169 51.4996
124.684 52.1229
111.638 52.6471
100.594 53.087
91.1456 53.4588
82.9975 53.7749
75.9096 54.0452
69.6889 54.2783
64.1804 54.4809
59.2607 54.6584
54.831 54.8153
50.8122 54.955
47.1404 55.0804
43.764 55.1937
40.6408 55.2969
37.7361 55.3914
35.0212 55.4785
32.4721 55.5592
30.0687 55.6345
27.7941 55.7049
25.6338 55.7711
23.5756 55.8337
21.6087 55.893
19.7241 55.9495
17.9137 56.0034
16.1707 56.0551
14.4889 56.1048
12.5823 56.2281
10.6805 56.3625
8.8248 56.4959
7.01192 56.6284
5.23865 56.7599
3.5021 56.8907
1.79967 57.0206
0.129008 57.1499
-1.51203 57.2785
-3.58601 57.4565
-6.21988 57.6977
-9.04031 57.9529
-13.5718 58.3253
-23.3581 58.9139
-43.3764 59.8533
-63.6108 60.7992
-79.5462 61.7959
-83.3043 62.98
-87.7912 64.1873
-91.1505 65.4406
-94.4206 66.6969
-97.0347 68.0118
-99.2304 69.3517
-101.344 70.6953
-103.375 72.0406
-105.332 73.3872
-107.222 74.7351
-109.054 76.0841
-110.831 77.4341
-112.56 78.785
-114.246 80.1367
-115.891 81.4892
-117.499 82.8423
-119.074 84.1961
-120.352 85.6278
-121.605 87.0578
-122.828 88.4888
-124.024 89.9207
-125.194 91.3534
-126.34 92.7868
-127.465 94.2209
-128.569 95.6556
-129.655 97.0909
-130.722 98.5268
-131.773 99.9632
-132.809 101.4
-133.831 102.837
-134.838 104.275
-135.833 105.713
-136.816 107.152
-137.788 108.59
-138.749 110.03
-139.701 111.469
-140.642 112.909
-125.189 111.739
-112.193 110.523
-101.2 109.267
-91.7979 107.976
-83.6902 106.659
-76.6365 105.318
-70.444 103.959
-64.9588 102.585
-60.058 101.198
-55.6435 99.802
-51.637 98.3972
-47.975 96.9855
-44.6064 95.5682
-41.4893 94.1461
-38.5892 92.7201
-35.8777 91.2907
-33.331 89.8585
-30.9292 88.4239
-28.6555 86.9872
-26.4954 85.5489
-24.4369 84.109
-22.4693 82.6678
-20.5836 81.2255
-18.7718 79.7823
-17.027 78.3382
-15.3432 76.8934
-13.5348 75.4926
-11.6309 74.1276
-9.773 72.7626
-7.95761 71.3976
-6.18159 70.0325
-4.4421 68.6673
-2.73656 67.3021
-1.06264 65.9369
0.58179 64.5717
2.56893 63.2386
5.20675 61.9643
7.97002 60.6971
12.506 59.5127
22.4111 58.4314
42.5574 57.4773
62.7167 56.5235
76.6942 55.7765
81.2347 55.4003
85.5292 55.0632
88.9699 54.7877
92.2619 54.5139
94.7254 54.3253
96.9759 54.163
99.1157 54.0015
101.173 53.8434
103.156 53.6883
105.074 53.5359
106.931 53.3858
108.734 53.238
110.489 53.0921
112.199 52.948
113.869 52.8055
115.502 52.6645
117.006 52.5534
118.318 52.4959
119.595 52.4393
120.842 52.3843
122.06 52.3308
123.253 52.2786
124.422 52.2277
125.568 52.178
126.693 52.1294
127.799 52.0819
128.887 52.0353
129.958 51.9895
131.013 51.9446
132.053 51.9005
133.079 51.8571
134.092 51.8145
135.093 51.7724
136.081 51.731
137.059 51.6901
138.027 51.6498
138.984 51.61
139.933 51.5707
140.872 51.5319
141.803 51.4935
142.726 51.4555
143.641 51.4179
144.549 51.3807
145.451 51.3438
146.345 51.3073
147.234 51.271
148.116 51.2351
132.731 51.8549
119.845 52.3733
108.965 52.8073
99.6644 53.1738
91.6419 53.4854
84.6566 53.7524
78.5172 53.983
73.0718 54.1838
68.1999 54.3602
63.8055 54.5164
59.8118 54.6559
56.157 54.7814
52.791 54.8951
49.6729 54.9988
46.769 55.094
44.0516 55.1818
41.4972 55.2634
39.0864 55.3395
36.8027 55.4108
34.6319 55.4779
32.5621 55.5414
30.5827 55.6017
28.685 55.6591
26.8609 55.7139
25.1039 55.7665
23.4077 55.817
21.7672 55.8657
20.1776 55.9128
18.6349 55.9584
17.1353 56.0026
15.6754 56.0456
14.2524 56.0875
12.8636 56.1283
11.5064 56.1683
10.1788 56.2073
8.87876 56.2456
7.33044 56.3577
5.75116 56.4844
4.19467 56.6107
2.65976 56.7365
1.14518 56.8619
-0.350235 56.987
-1.82754 57.1117
-3.28773 57.2361
-4.73172 57.3602
-6.55225 57.5266
-9.01533 57.7644
-11.5442 58.0075
-15.9312 58.3775
-24.7632 58.9326
-44.5496 59.867
-64.6886 60.8116
-80.8665 61.8065
-84.7207 62.986
-88.9872 64.1949
-92.1149 65.4506
-95.1857 66.7091
-97.5587 68.033
-99.5782 69.3749
-101.541 70.721
-103.44 72.0683
-105.281 73.4167
-107.069 74.7661
-108.81 76.1164
-110.507 77.4676
-112.165 78.8194
-113.787 80.1719
-115.375 81.5251
-116.933 82.8788
-118.346 84.2684
-119.588 85.6973
-120.802 87.1281
-121.991 88.5596
-123.156 89.992
-124.299 91.425
-125.421 92.8586
-126.524 94.2929
-127.609 95.7278
-128.677 97.1631
-129.729 98.599
-130.767 100.035
-131.791 101.472
-132.801 102.909
-133.8 104.347
-134.787 105.785
-135.762 107.223
-136.728 108.661
-137.684 110.1
-138.63 111.539
-139.568 112.979
-140.497 114.419
-141.418 115.859
-142.332 117.299
-143.238 118.739
-144.138 120.18
-145.031 121.621
-145.918 123.062
-146.799 124.503
-147.674 125.944
-148.544 127.386
-133.178 126.214
-120.319 124.996
-109.465 123.737
-100.188 122.444
-92.1857 121.125
-85.2165 119.783
-79.0899 118.423
-73.6545 117.048
-68.7903 115.661
-64.4016 114.264
-60.4121 112.86
-56.7603 111.448
-53.3962 110.031
-50.2792 108.61
-47.3758 107.184
-44.6582 105.755
-42.1033 104.323
-39.6916 102.889
-37.4066 101.453
-35.2343 100.015
-33.1627 98.5761
-31.1814 97.1354
-29.2816 95.6937
-27.4554 94.251
-25.696 92.8074
-23.9974 91.3631
-22.3545 89.9181
-20.7624 88.4726
-19.2171 87.0266
-17.7149 85.5802
-16.2524 84.1334
-14.8268 82.6862
-13.4352 81.2388
-12.0754 79.7912
-10.7451 78.3433
-9.44237 76.8952
-7.95614 75.4993
-6.37393 74.1335
-4.81459 72.7677
-3.2768 71.402
-1.75931 70.0363
-0.260989 68.6706
1.21923 67.305
2.68234 65.9395
4.12925 64.5739
5.89611 63.2376
8.36257 61.9636
10.8571 60.6917
15.2477 59.508
24.1562 58.4135
44.0174 57.4591
64.0837 56.5062
78.7893 55.7364
83.4422 55.3549
87.5102 55.0172
90.7333 54.7502
93.8181 54.4831
96.076 54.3008
98.1525 54.1466
100.132 53.9911
102.048 53.8384
103.905 53.688
105.71 53.5397
107.467 53.3933
109.18 53.2487
110.853 53.1057
112.49 52.9642
114.093 52.824
115.666 52.6851
117.037 52.5988
118.296 52.5448
119.525 52.4902
120.728 52.437
121.907 52.3851
123.064 52.3343
124.199 52.2847
125.315 52.2361
126.413 52.1885
127.493 52.1418
128.557 52.0959
129.607 52.0508
130.642 52.0065
131.664 51.9629
132.673 51.9199
133.671 51.8776
134.657 51.8359
135.633 51.7947
136.599 51.754
137.555 51.7139
138.502 51.6742
139.441 51.635
140.371 51.5962
141.294 51.5578
142.21 51.5198
143.118 51.4821
144.02 51.4448
144.915 51.4079
145.804 51.3712
146.687 51.3349
147.565 51.2989
148.437 51.2631
149.304 51.2276
150.166 51.1924
151.024 51.1574
151.877 51.1227
152.726 51.0881
153.57 51.0538
154.41 51.0197
155.247 50.9858
156.08 50.9521
140.754 51.5698
127.96 52.0849
117.169 52.5156
107.946 52.8794
99.9857 53.1889
93.0487 53.4544
86.9451 53.684
81.5249 53.8843
76.6696 54.0606
72.285 54.217
68.2957 54.3568
64.641 54.4828
61.2718 54.5971
58.148 54.7015
55.2364 54.7974
52.5096 54.886
49.9448 54.9684
47.5227 55.0453
45.227 55.1174
43.0438 55.1854
40.9611 55.2497
38.9688 55.3107
37.0579 55.3689
35.2207 55.4245
33.4504 55.4778
31.7411 55.5291
30.0876 55.5785
28.4851 55.6262
26.9296 55.6724
25.4173 55.7173
23.945 55.7609
22.5097 55.8033
21.1087 55.8448
19.7396 55.8853
18.4002 55.9249
17.0886 55.9637
15.8029 56.0018
14.5415 56.0392
13.3029 56.076
12.0857 56.1122
10.8886 56.1479
9.71044 56.1831
8.55018 56.2178
7.40681 56.2521
6.27941 56.2859
5.16712 56.3194
3.76663 56.4357
2.35463 56.5588
0.955875 56.6817
-0.430155 56.8043
-1.80407 56.9267
-3.16642 57.049
-4.51776 57.171
-5.85857 57.2929
-7.18932 57.4146
-8.87723 57.5761
-11.2382 57.8121
-13.592 58.048
-17.8895 58.4166
-25.404 58.9294
-45.6232 59.8773
-65.8392 60.8251
-80.9045 61.7793
-86.5736 62.9977
-90.3151 64.1837
-93.2197 65.4374
-96.1255 66.6965
-98.503 68.0288
-100.388 69.3732
-102.229 70.7211
-104.021 72.0704
-105.766 73.4207
-107.469 74.7717
-109.133 76.1234
-110.76 77.4758
-112.355 78.8288
-113.92 80.1823
-115.456 81.5363
-116.966 82.8909
-118.453 84.2458
-119.511 85.744
-120.681 87.1659
-121.834 88.5979
-122.966 90.031
-124.079 91.4647
-125.174 92.899
-126.252 94.3338
-127.314 95.7691
-128.361 97.2049
-129.394 98.6411
-130.414 100.078
-131.422 101.515
-132.417 102.952
-133.402 104.39
-134.376 105.828
-135.34 107.266
-136.294 108.705
-137.24 110.144
-138.177 111.583
-139.106 113.022
-140.027 114.462
-140.941 115.902
-141.848 117.342
-142.748 118.783
-143.642 120.223
-144.53 121.664
-145.412 123.105
-146.289 124.546
-147.16 125.987
-148.026 127.428
-148.887 128.87
-149.743 130.312
-150.595 131.754
-151.443 133.196
-152.286 134.638
-153.125 136.08
-153.961 137.522
-154.792 138.965
-155.621 140.407
-156.445 141.85
-141.161 140.678
-128.353 139.458
-117.579 138.198
-108.37 136.904
-100.422 135.584
-93.4933 134.241
-87.3961 132.881
-81.9806 131.506
-77.1285 130.12
-72.746 128.723
-68.7578 127.319
-65.1035 125.908
-61.7342 124.491
-58.6098 123.07
-55.6972 121.645
-52.9692 120.217
-50.4029 118.785
-47.9791 117.352
-45.6816 115.916
-43.4964 114.479
-41.4117 113.04
-39.4173 111.6
-37.5042 110.159
-35.6648 108.716
-33.8923 107.273
-32.1808 105.829
-30.5249 104.385
-28.9201 102.939
-27.3623 101.494
-25.8478 100.048
-24.3732 98.6012
-22.9356 97.1544
-21.5323 95.7073
-20.1609 94.2599
-18.8193 92.8123
-17.5055 91.3644
-16.2176 89.9164
-14.954 88.4683
-13.7131 87.02
-12.4938 85.5716
-11.2945 84.123
-10.1142 82.6744
-8.95186 81.2257
-7.8064 79.777
-6.67693 78.3281
-5.5626 76.8793
-4.20652 75.4955
-2.79133 74.1295
-1.39035 72.7638
-0.00210712 71.3981
1.374 70.0324
2.73854 68.6668
4.09204 67.3012
5.435 65.9357
6.76789 64.5702
8.41631 63.2336
10.7819 61.9598
13.136 60.6862
17.394 59.5027
24.9662 58.3948
