0.1 98.7378
0.2 98.672
0.3 98.6062
0.4 98.5404
0.5 98.4746
0.6 98.4088
0.7 98.343
0.8 98.2772
0.9 98.2114
1 98.1456
0 98.1456
24.7679 97.1476
49.3355 96.1558
71.1694 95.2552
90.0097 94.4812
107.649 93.768
124.595 93.0743
137.76 92.4921
143.896 92.1458
146.764 91.9135
149.069 91.6835
131.803 92.3587
114.965 93.0186
98.8427 93.6534
83.6446 94.2555
69.52 94.8199
55.8602 95.3968
42.9386 95.9602
30.0767 96.5338
12.166 97.3229
-10.925 98.2862
-33.8736 99.2484
-56.6632 100.209
-77.395 101.187
-93.6809 102.223
-105.816 103.342
-116.06 104.481
-124.719 105.633
-131.145 106.842
-135.801 108.094
-139.607 109.356
-122.448 108.199
-106.006 107.035
-90.5831 105.861
-76.3452 104.675
-63.2188 103.487
-50.5904 102.328
-38.9848 101.164
-27.1059 100.024
-10.1365 98.9905
11.9125 98.015
33.8029 97.042
55.5458 96.0712
74.336 95.189
87.5189 94.5034
95.2042 94.054
103.089 93.5842
109.677 93.1839
114.981 92.8539
119.783 92.5405
124.176 92.2405
128.237 91.9512
131.241 91.7608
133.892 91.5904
136.322 91.4284
138.57 91.273
140.667 91.1232
142.638 90.978
144.502 90.8366
146.275 90.6984
147.971 90.5628
131.693 91.1887
117.309 91.7447
104.703 92.2357
93.6565 92.6703
83.9661 93.0563
75.4359 93.4012
67.8888 93.7118
61.1711 93.9939
55.1524 94.2523
49.7237 94.4912
44.7945 94.7137
40.2905 94.9227
35.5956 95.1803
30.8161 95.4709
26.2842 95.7557
21.9702 96.0352
16.0312 96.4337
10.2276 96.8308
1.04353 97.3935
-19.7549 98.344
-40.5067 99.2945
-61.2159 100.245
-80.6644 101.203
-92.7029 102.249
-98.9225 103.416
-105.053 104.581
-110.114 105.789
-114.146 107.038
-117.94 108.29
-121.534 109.545
-124.869 110.811
-127.275 112.152
-129.529 113.497
-131.654 114.843
-133.668 116.192
-135.586 117.542
-137.42 118.894
-139.182 120.247
-140.88 121.601
-142.521 122.956
-126.469 121.771
-112.554 120.558
-100.533 119.318
-90.1121 118.056
-81.042 116.776
-73.1009 115.48
-66.0989 114.172
-59.8774 112.853
-54.3061 111.527
-49.2783 110.194
-44.7076 108.855
-40.5234 107.512
-36.2765 106.2
-31.7764 104.933
-27.495 103.664
-23.4053 102.395
-17.8415 101.201
-12.229 100.016
-1.90367 98.9323
17.6463 97.966
38.304 97.0082
58.9292 96.051
76.8534 95.1748
86.7096 94.5901
92.8543 94.163
98.77 93.7428
103.005 93.435
106.9 93.1432
110.609 92.8578
114.158 92.5779
116.942 92.376
119.355 92.2066
121.641 92.0421
123.816 91.8821
125.893 91.726
127.885 91.5732
129.802 91.4234
131.651 91.2762
133.44 91.1314
135.176 90.9887
136.863 90.8479
138.506 90.7088
140.11 90.5712
141.678 90.435
143.213 90.3001
144.718 90.1663
146.195 90.0335
147.647 89.9018
148.91 89.8204
150.033 89.7748
134.34 90.4056
120.936 90.9429
109.504 91.3971
99.6865 91.7827
91.2096 92.1107
83.8401 92.391
77.3837 92.6322
71.6297 92.8582
66.3679 93.0976
61.5934 93.321
57.2288 93.5309
53.2115 93.7298
49.4907 93.9192
46.0246 94.1007
42.7791 94.2755
39.7256 94.4444
36.8402 94.6083
34.103 94.7679
31.4969 94.9236
29.0074 95.076
26.6221 95.2255
24.3303 95.3723
22.0046 95.5297
18.8533 95.783
15.7676 96.0348
12.7419 96.2855
8.47779 96.6229
3.64107 97.0016
-3.53291 97.4909
-22.1098 98.3866
-42.5274 99.3354
-62.9291 100.284
-82.0848 101.241
-93.262 102.291
-98.1402 103.473
-103.493 104.643
-107.336 105.882
-110.747 107.137
-114.038 108.394
-117.224 109.652
-119.625 110.977
-121.736 112.322
-123.758 113.668
-125.702 115.016
-127.576 116.365
-129.388 117.715
-131.143 119.066
-132.849 120.419
-134.509 121.772
-136.129 123.125
-137.711 124.48
-139.259 125.835
-140.776 127.19
-142.265 128.546
-143.727 129.903
-145.166 131.26
-146.582 132.617
-147.968 133.978
-149.065 135.414
-150.142 136.85
-134.522 135.683
-121.246 134.473
-109.954 133.222
-100.273 131.937
-91.9198 130.624
-84.6595 129.288
-78.2975 127.932
-72.6759 126.56
-67.5482 125.21
-62.8419 123.872
-58.5352 122.53
-54.5672 121.184
-50.8883 119.835
-47.4579 118.484
-44.2425 117.13
-41.2146 115.775
-38.3508 114.419
-35.6316 113.061
-33.0405 111.702
-30.5634 110.343
-28.1883 108.983
-25.9046 107.622
-23.7033 106.26
-20.5958 104.984
-17.5143 103.71
-14.491 102.437
-10.337 101.219
-5.50018 100.034
1.8468 98.9111
20.5342 97.9447
40.9547 96.9905
61.3597 96.0366
79.4723 95.151
89.0816 94.5678
94.5895 94.1583
99.9058 93.7571
103.487 93.4742
106.933 93.196
110.263 92.9218
113.419 92.6593
115.677 92.494
117.836 92.3327
119.906 92.1749
121.899 92.0203
123.821 91.8684
125.682 91.7191
127.486 91.572
129.239 91.4269
130.946 91.2837
132.612 91.1421
134.239 91.0021
135.831 90.8634
137.392 90.726
138.922 90.5898
140.426 90.4546
141.905 90.3205
143.361 90.1872
144.643 90.1009
145.781 90.0526
146.899 90.0054
147.996 89.9592
149.075 89.9139
150.136 89.8695
151.182 89.826
152.212 89.7833
153.229 89.7412
154.232 89.6999
155.223 89.6592
156.202 89.6191
157.17 89.5795
141.68 90.203
128.625 90.7275
117.572 91.1677
108.115 91.5398
99.9601 91.8561
92.8666 92.1266
86.6413 92.3598
81.1294 92.5624
76.207 92.74
71.7754 92.8969
67.7552 93.0366
64.0825 93.1619
60.7055 93.2752
57.5821 93.3783
54.6773 93.4728
51.9625 93.5598
49.4137 93.6405
47.0107 93.7156
44.7366 93.786
42.3958 93.9009
40.0234 94.0483
37.739 94.1932
35.5343 94.3362
33.4019 94.4773
31.3353 94.6167
29.3288 94.7546
27.3774 94.8912
25.4766 95.0265
23.6222 95.1607
21.8109 95.2938
20.0393 95.426
18.3045 95.5574
16.6038 95.6879
14.0094 95.9183
11.3283 96.1608
8.6747 96.4029
5.03328 96.7133
0.489207 97.0863
-6.50767 97.5656
-23.3304 98.4084
-43.646 99.3567
-63.9522 100.305
-83.0583 101.261
-94.0386 102.311
-98.4952 103.498
-103.575 104.669
-106.968 105.92
-110.141 107.177
-113.229 108.436
-116.203 109.699
-118.247 111.044
-120.216 112.391
-122.118 113.739
-123.959 115.087
-125.745 116.437
-127.482 117.788
-129.174 119.14
-130.825 120.492
-132.439 121.845
-134.02 123.199
-135.569 124.553
-137.089 125.908
-138.583 127.263
-140.052 128.619
-141.499 129.975
-142.924 131.332
-144.33 132.689
-145.5 134.107
-146.594 135.542
-147.67 136.978
-148.729 138.414
-149.771 139.851
-150.799 141.288
-151.813 142.726
-152.814 144.163
-153.802 145.602
-154.779 147.04
-155.745 148.48
-156.701 149.919
-157.647 151.358
-142.189 150.189
-129.185 148.973
-118.184 147.717
-108.775 146.427
-100.661 145.109
-93.6028 143.769
-87.4065 142.41
-81.9184 141.035
-77.0154 139.649
-72.5994 138.253
-68.5918 136.848
-64.9292 135.436
-61.5603 134.019
-58.443 132.597
-55.5431 131.171
-52.8318 129.741
-50.2855 128.309
-47.8842 126.874
-45.611 125.438
-43.3664 124.02
-40.9952 122.658
-38.7114 121.296
-36.5066 119.933
-34.3735 118.569
-32.3059 117.206
-30.2979 115.842
-28.3446 114.478
-26.4415 113.114
-24.5848 111.75
-22.7707 110.386
-20.9961 109.021
-19.2582 107.657
-17.5543 106.292
-15.0469 105
-12.362 103.726
-9.70447 102.452
-6.11985 101.222
-1.57129 100.038
5.47962 98.9078
22.4267 97.927
42.7458 96.9744
63.0554 96.0221
81.9701 95.1094
92.3967 94.4818
96.4741 94.1299
101.492 93.7379
104.784 93.4642
107.98 93.1939
111.092 92.9265
113.943 92.6831
116.013 92.5245
118.009 92.369
119.936 92.2161
121.803 92.0657
123.616 91.9176
125.378 91.7714
127.095 91.627
128.771 91.4843
130.41 91.3431
132.014 91.2033
133.586 91.0648
135.129 90.9274
136.645 90.7911
138.136 90.6558
139.604 90.5214
141.051 90.3879
142.451 90.2633
143.586 90.2142
144.701 90.1661
145.798 90.1191
146.877 90.0729
147.939 90.0277
148.986 89.9832
150.019 89.9395
151.038 89.8965
152.044 89.8542
153.039 89.8125
154.022 89.7714
154.994 89.7309
155.956 89.6909
156.909 89.6514
157.352 89.6316
157.65 89.6176
157.939 89.604
158.221 89.5908
158.495 89.578
158.761 89.5656
159.02 89.5536
159.273 89.5419
159.52 89.5305
144.135 90.1502
131.241 90.6689
120.356 91.1029
111.052 91.4696
103.026 91.7814
96.0375 92.0484
89.8958 92.279
84.4486 92.4799
79.5752 92.6563
75.1797 92.8126
71.1851 92.9521
67.5297 93.0776
64.1633 93.1913
61.0449 93.295
58.1409 93.3901
55.4234 93.478
52.869 93.5595
50.4583 93.6356
48.1747 93.7069
46.0041 93.774
43.9345 93.8375
41.9554 93.8977
40.0579 93.9551
38.2342 94.0099
36.4774 94.0625
34.7816 94.113
33.1414 94.1617
31.5522 94.2087
30.0098 94.2543
28.5105 94.2985
26.9203 94.3768
25.1694 94.5076
23.4526 94.6376
21.7676 94.767
20.1122 94.8957
18.4846 95.0238
16.8829 95.1514
15.3055 95.2785
13.7511 95.4051
12.2182 95.5312
10.7055 95.657
9.21198 95.7823
7.7365 95.9073
5.80304 96.0837
3.31344 96.3222
0.839555 96.5604
-2.12831 96.833
-6.52274 97.2033
-12.0765 97.627
-28.169 98.4492
-48.4255 99.3972
-68.6756 100.345
-86.9472 101.309
-96.1431 102.395
-101.099 103.567
-105.603 104.759
-108.672 106.017
-111.668 107.277
-114.601 108.537
-116.934 109.849
-118.839 111.196
-120.685 112.545
-122.479 113.894
-124.224 115.244
-125.925 116.595
-127.587 117.947
-129.211 119.3
-130.803 120.653
-132.363 122.007
-133.895 123.361
-135.401 124.715
-136.882 126.071
-138.341 127.426
-139.779 128.782
-141.197 130.139
-142.482 131.528
-143.592 132.962
-144.683 134.396
-145.757 135.832
-146.815 137.267
-147.857 138.703
-148.886 140.14
-149.901 141.577
-150.903 143.015
-151.894 144.452
-152.874 145.89
-153.842 147.329
-154.801 148.768
-155.751 150.207
-156.691 151.646
-157.623 153.086
-157.94 153.153
-158.219 153.153
-158.491 153.153
-158.755 153.153
-159.012 153.153
-159.263 153.153
-159.508 153.153
-159.746 153.153
-159.979 153.153
-144.614 151.982
-131.748 150.763
-120.891 149.504
-111.61 148.212
-103.604 146.892
-96.6323 145.55
-90.5031 144.19
-85.0656 142.815
-80.1995 141.429
-75.8093 140.032
-71.8185 138.627
-68.1655 137.216
-64.8006 135.799
-61.6828 134.377
-58.7787 132.952
-56.0606 131.523
-53.5052 130.091
-51.0931 128.657
-48.8077 127.221
-46.6352 125.783
-44.5634 124.344
-42.5819 122.903
-40.682 121.461
-38.8556 120.019
-37.0962 118.575
-35.3976 117.131
-33.7546 115.686
-32.1625 114.24
-30.6172 112.794
-29.115 111.348
-27.6526 109.901
-26.2028 108.46
-24.4827 107.094
-22.7944 105.729
-21.1357 104.363
-19.5046 102.998
-17.8995 101.632
-16.3187 100.267
-14.7608 98.9016
-13.2244 97.5362
-11.7083 96.1708
-10.2114 94.8054
-8.73244 93.44
-7.27061 92.0747
-4.82123 90.7968
-2.3432 89.523
0.119956 88.2492
4.45863 87.0627
9.67675 85.897
23.9448 84.8866
44.2052 83.9351
64.4592 82.9836
82.1915 82.1075
90.2333 81.5828
95.2062 81.1886
99.2485 80.8573
102.334 80.5903
105.349 80.3259
108.223 80.0724
110.21 79.9168
112.132 79.7637
113.995 79.6131
115.805 79.4646
117.567 79.318
119.284 79.1732
120.961 79.0301
122.602 78.8884
124.208 78.7481
125.783 78.6091
127.33 78.4712
128.849 78.3344
130.344 78.1986
131.817 78.0637
133.268 77.9297
134.495 77.8589
135.637 77.8089
136.759 77.76
137.862 77.7121
138.947 77.6651
140.017 77.619
141.071 77.5737
142.11 77.5292
143.136 77.4853
144.149 77.4422
145.15 77.3997
146.14 77.3578
147.119 77.3164
148.088 77.2756
149.047 77.2353
149.997 77.1955
150.938 77.1561
151.871 77.1172
152.796 77.0787
153.713 77.0406
154.623 77.0029
155.527 76.9655
156.424 76.9285
157.315 76.8917
158.2 76.8553
158.957 76.8239
159.193 76.8127
159.424 76.8018
159.649 76.7912
159.869 76.7808
160.084 76.7706
160.295 76.7607
160.502 76.7511
160.704 76.7416
160.902 76.7324
161.096 76.7233
145.774 77.3408
132.973 77.8561
122.179 78.2869
112.954 78.6508
104.992 78.9604
98.0536 79.226
91.9484 79.4556
86.5269 79.656
81.6705 79.8323
77.2849 79.9887
73.2947 80.1286
69.6393 80.2546
66.2695 80.3689
63.1451 80.4734
60.233 80.5693
57.5059 80.6579
54.9408 80.7403
52.5184 80.8172
50.2224 80.8894
48.0389 80.9574
45.9561 81.0217
43.9636 81.0828
42.0526 81.1409
40.2153 81.1966
38.445 81.2499
36.7356 81.3011
35.082 81.3505
33.4795 81.3983
31.9239 81.4445
30.4116 81.4894
28.9393 81.533
27.504 81.5755
26.103 81.6169
24.734 81.6574
23.3946 81.697
22.083 81.7359
20.7974 81.774
19.536 81.8114
18.2974 81.8482
17.0803 81.8844
15.8832 81.9201
14.7051 81.9552
13.4913 82.0046
12.0195 82.129
10.5641 82.253
9.12426 82.3768
7.69917 82.5003
6.28811 82.6235
4.89037 82.7465
3.50533 82.8693
2.13238 82.9918
0.770939 83.1142
-0.579505 83.2363
-1.91945 83.3583
-3.85155 83.5458
-6.22039 83.782
-8.57956 84.018
-12.3543 84.3508
-16.7314 84.723
-29.707 85.4396
-49.9249 86.3875
-70.138 87.3353
-87.5 88.3065
-94.599 89.4315
-99.4028 90.605
-102.881 91.8404
-105.799 93.1008
-108.662 94.3618
-110.991 95.6688
-112.834 97.017
-114.627 98.3661
-116.372 99.716
-118.075 101.067
-119.739 102.418
-121.367 103.771
-122.961 105.123
-124.526 106.477
-126.062 107.831
-127.573 109.185
-129.059 110.54
-130.523 111.895
-131.966 113.251
-133.331 114.624
-134.467 116.056
-135.584 117.49
-136.682 118.924
-137.763 120.359
-138.828 121.794
-139.877 123.23
-140.913 124.666
-141.935 126.102
-142.945 127.539
-143.942 128.976
-144.929 130.414
-145.904 131.852
-146.87 133.29
-147.826 134.729
-148.773 136.168
-149.712 137.607
-150.642 139.046
-151.565 140.486
-152.48 141.926
-153.388 143.366
-154.289 144.806
-155.184 146.247
-156.073 147.687
-156.956 149.128
-157.833 150.569
-158.705 152.01
-159.439 153.153
-159.663 153.153
-159.882 153.153
-160.096 153.153
-160.305 153.153
-160.51 153.153
-160.711 153.153
-160.908 153.153
-161.101 153.153
-161.291 153.153
-161.476 153.153
-146.166 151.981
-133.383 150.761
-122.606 149.5
-113.395 148.207
-105.445 146.886
-98.515 145.543
-92.4165 144.183
-86.9998 142.808
-82.1468 141.422
-77.7633 140.025
-73.7743 138.621
-70.1193 137.21
-66.7494 135.793
-63.6243 134.372
-60.7112 132.947
-57.9827 131.519
-55.416 130.087
-52.9918 128.654
-50.6939 127.218
-48.5084 125.781
-46.4234 124.342
-44.4286 122.902
-42.5153 121.46
-40.6757 120.018
-38.9029 118.575
-37.1911 117.131
-35.5351 115.686
-33.9302 114.241
-32.3722 112.796
-30.8574 111.35
-29.3827 109.903
-27.9449 108.456
-26.5415 107.009
-25.1701 105.562
-23.8284 104.114
-22.5144 102.666
-21.2264 101.218
-19.9627 99.7702
-18.7218 98.3219
-17.5023 96.8735
-16.303 95.425
-15.1227 93.9764
-13.9603 92.5277
-12.8147 91.0789
-11.4415 89.6916
-9.99891 88.3258
-8.57107 86.9601
-7.15728 85.5943
-5.75685 84.2287
-4.36914 82.8631
-2.99354 81.4975
-1.6295 80.132
-0.276475 78.7665
1.06602 77.401
2.43408 76.0387
4.80619 74.7651
7.16856 73.4915
10.3138 72.2546
14.6122 71.0715
25.3945 70.0113
