0.1 8.05431e-21
0.2 -2.82788e-20
0.3 -1.82589e-20
0.4 -3.70498e-20
0.5 -4.49268e-20
0.6 -1.70027e-20
0.7 -5.63802e-20
0.8 -6.28236e-20
0.9 -2.09412e-20
1 -3.13231e-20
0 -3.13231e-20
24.7679 0.001
47.771 0.002
66.7377 0.003
84.4363 0.004
101.924 0.005
117.533 0.006
125.418 0.007
129.447 0.008
132.214 0.009
133.542 0.01
116.387 0.009
99.8442 0.008
84.232 0.007
69.7455 0.006
56.3147 0.005
43.9457 0.004
32.6799 0.003
21.56 0.002
9.80012 0.001
-10.5493 0
-33.5033 -0.001
-55.831 -0.002
-73.2627 -0.003
-86.6047 -0.004
-98.3167 -0.005
-107.802 -0.006
-114.457 -0.007
-119.397 -0.008
-123.236 -0.009
-125.962 -0.01
-108.891 -0.009
-92.6305 -0.008
-77.3958 -0.007
-63.3656 -0.006
-50.6044 -0.005
-39.1002 -0.004
-28.7031 -0.003
-18.2716 -0.002
-7.46424 -0.001
12.0264 5.29396e-23
33.8135 0.001
54.8025 0.002
67.8872 0.003
76.7453 0.004
84.4676 0.005
90.5962 0.006
96.083 0.007
101.046 0.008
104.879 0.009
108.226 0.01
111.238 0.011
113.975 0.012
116.486 0.013
118.809 0.014
120.977 0.015
123.013 0.016
124.939 0.017
126.769 0.018
128.518 0.019
130.197 0.02
113.959 0.019
99.6569 0.018
87.1519 0.017
76.213 0.016
66.6273 0.015
58.1943 0.014
50.7352 0.013
44.0957 0.012
38.1457 0.011
32.777 0.01
27.9003 0.009
23.4419 0.008
19.341 0.007
15.5474 0.006
12.0193 0.005
7.96565 0.004
3.87953 0.003
-0.726231 0.002
-6.36687 0.001
-19.7256 0
-40.4757 -0.001
-61.1827 -0.002
-75.6972 -0.003
-82.173 -0.004
-88.1162 -0.005
-92.5955 -0.006
-96.7646 -0.007
-100.594 -0.008
-103.472 -0.009
-106.126 -0.01
-108.592 -0.011
-110.899 -0.012
-113.07 -0.013
-115.124 -0.014
-117.078 -0.015
-118.944 -0.016
-120.734 -0.017
-122.457 -0.018
-124.121 -0.019
-125.733 -0.02
-109.703 -0.019
-95.828 -0.018
-83.8509 -0.017
-73.4731 -0.016
-64.4413 -0.015
-56.5327 -0.014
-49.5576 -0.013
-43.3577 -0.012
-37.8035 -0.011
-32.789 -0.01
-28.2285 -0.009
-24.0518 -0.008
-20.2018 -0.007
-16.6318 -0.006
-13.3029 -0.005
-9.64963 -0.004
-5.74158 -0.003
-1.48087 -0.002
4.00639 -0.001
17.4675 0
38.1316 0.001
58.3654 0.002
69.9245 0.003
76.0344 0.004
81.1057 0.005
85.3781 0.006
89.4073 0.007
92.6288 0.008
95.4478 0.009
98.0842 0.01
100.564 0.011
102.907 0.012
105.134 0.013
107.257 0.014
109.289 0.015
111.242 0.016
113.124 0.017
114.943 0.018
116.705 0.019
118.416 0.02
119.922 0.021
121.281 0.022
122.598 0.023
123.876 0.024
125.118 0.025
126.329 0.026
127.51 0.027
128.664 0.028
129.794 0.029
130.9 0.03
115.223 0.029
101.848 0.028
90.4467 0.027
80.6585 0.026
72.207 0.025
64.8585 0.024
58.419 0.023
52.7298 0.022
47.6623 0.021
43.1128 0.02
38.9974 0.019
35.2486 0.018
31.8111 0.017
28.64 0.016
25.6983 0.015
22.9554 0.014
20.2304 0.013
17.5076 0.012
14.9125 0.011
12.4315 0.01
10.0526 0.009
7.76543 0.008
5.56108 0.007
3.4317 0.006
1.37043 0.005
-0.962854 0.004
-3.94014 0.003
-6.99927 0.002
-11.8062 0.001
-21.9831 0
-41.9769 -0.001
-62.5389 -0.002
-76.0187 -0.003
-81.4621 -0.004
-86.1255 -0.005
-89.8089 -0.006
-93.3545 -0.007
-96.137 -0.008
-98.5528 -0.009
-100.851 -0.01
-103.039 -0.011
-105.128 -0.012
-107.131 -0.013
-109.057 -0.014
-110.915 -0.015
-112.713 -0.016
-114.456 -0.017
-116.151 -0.018
-117.8 -0.019
-119.382 -0.02
-120.695 -0.021
-121.971 -0.022
-123.211 -0.023
-124.42 -0.024
-125.6 -0.025
-126.753 -0.026
-127.881 -0.027
-128.987 -0.028
-130.072 -0.029
-131.138 -0.03
-115.526 -0.029
-102.264 -0.028
-90.9855 -0.027
-81.3155 -0.026
-72.9714 -0.025
-65.7176 -0.024
-59.3599 -0.023
-53.7408 -0.022
-48.733 -0.021
-44.2342 -0.02
-40.1619 -0.019
-36.4495 -0.018
-33.0429 -0.017
-29.8981 -0.016
-26.9786 -0.015
-24.2545 -0.014
-21.7009 -0.013
-19.0091 -0.012
-16.4291 -0.011
-13.9603 -0.01
-11.5914 -0.009
-9.31239 -0.008
-7.11447 -0.007
-4.99003 -0.006
-2.93238 -0.005
-0.771444 -0.004
2.20408 -0.003
5.14197 -0.002
9.94956 -0.001
20.2961 -8.47033e-22
40.6563 0.001
60.7681 0.002
72.4296 0.003
77.7822 0.004
82.067 0.005
85.8325 0.006
89.3367 0.007
91.9529 0.008
94.4239 0.009
96.7697 0.01
99.0057 0.011
101.145 0.012
103.199 0.013
105.176 0.014
107.085 0.015
108.934 0.016
110.727 0.017
112.47 0.018
114.169 0.019
115.638 0.02
117.002 0.021
118.326 0.022
119.615 0.023
120.871 0.024
122.096 0.025
123.294 0.026
124.466 0.027
125.615 0.028
126.741 0.029
127.847 0.03
128.934 0.031
130.004 0.032
131.057 0.033
132.094 0.034
133.117 0.035
134.126 0.036
135.123 0.037
136.108 0.038
137.081 0.039
138.043 0.04
122.559 0.039
109.515 0.038
98.4717 0.037
89.0244 0.036
80.8771 0.035
73.79 0.034
67.5698 0.033
62.0617 0.032
57.1423 0.031
52.7128 0.03
48.6942 0.029
45.0225 0.028
41.6462 0.027
38.523 0.026
35.6183 0.025
32.9034 0.024
30.3542 0.023
27.9508 0.022
25.6761 0.021
23.5158 0.02
21.4575 0.019
19.4905 0.018
17.6058 0.017
15.7954 0.016
14.0522 0.015
12.3703 0.014
10.7344 0.013
8.83218 0.012
6.97625 0.011
5.1631 0.01
3.38954 0.009
1.6527 0.008
-0.0500139 0.007
-1.72096 0.006
-3.36229 0.005
-5.11696 0.004
-7.75173 0.003
-10.3619 0.002
-14.7629 0.001
-23.4666 0
-43.3411 -0.001
-63.5539 -0.002
-79.1529 -0.003
-82.0512 -0.004
-86.2382 -0.005
-89.5817 -0.006
-92.8511 -0.007
-95.1901 -0.008
-97.3746 -0.009
-99.4859 -0.01
-101.515 -0.011
-103.47 -0.012
-105.36 -0.013
-107.19 -0.014
-108.967 -0.015
-110.695 -0.016
-112.379 -0.017
-114.024 -0.018
-115.632 -0.019
-116.964 -0.02
-118.246 -0.021
-119.497 -0.022
-120.719 -0.023
-121.913 -0.024
-123.081 -0.025
-124.226 -0.026
-125.349 -0.027
-126.453 -0.028
-127.537 -0.029
-128.603 -0.03
-129.654 -0.031
-130.689 -0.032
-131.709 -0.033
-132.716 -0.034
-133.711 -0.035
-134.693 -0.036
-135.664 -0.037
-136.625 -0.038
-137.575 -0.039
-138.517 -0.04
-123.064 -0.039
-110.068 -0.038
-99.0764 -0.037
-89.6756 -0.036
-81.5686 -0.035
-74.5156 -0.034
-68.3236 -0.033
-62.8387 -0.032
-57.9381 -0.031
-53.5239 -0.03
-49.5174 -0.029
-45.8556 -0.028
-42.487 -0.027
-39.3699 -0.026
-36.4698 -0.025
-33.7582 -0.024
-31.2115 -0.023
-28.8096 -0.022
-26.5358 -0.021
-24.3757 -0.02
-22.3171 -0.019
-20.3495 -0.018
-18.4636 -0.017
-16.6517 -0.016
-14.9069 -0.015
-13.223 -0.014
-11.5947 -0.013
-9.78067 -0.012
-7.92262 -0.011
-6.10698 -0.01
-4.33071 -0.009
-2.59096 -0.008
-0.88515 -0.007
0.789044 -0.006
2.43374 -0.005
4.10153 -0.004
6.74021 -0.003
9.3544 -0.002
13.6981 -0.001
22.5138 0
42.4972 0.001
62.6358 0.002
75.0872 0.003
79.989 0.004
83.9349 0.005
87.4037 0.006
90.55 0.007
92.8923 0.008
95.1233 0.009
97.2616 0.01
99.3173 0.011
101.299 0.012
103.215 0.013
105.071 0.014
106.874 0.015
108.628 0.016
110.337 0.017
112.006 0.018
113.563 0.019
114.908 0.02
116.217 0.021
117.492 0.022
118.737 0.023
119.954 0.024
121.145 0.025
122.312 0.026
123.457 0.027
124.581 0.028
125.686 0.029
126.773 0.03
127.843 0.031
128.897 0.032
129.936 0.033
130.961 0.034
131.974 0.035
132.973 0.036
133.962 0.037
134.939 0.038
135.906 0.039
136.863 0.04
137.811 0.041
138.749 0.042
139.68 0.043
140.602 0.044
141.517 0.045
142.425 0.046
143.326 0.047
144.22 0.048
145.108 0.049
145.99 0.05
130.606 0.049
117.721 0.048
106.841 0.047
97.541 0.046
89.5188 0.045
82.5339 0.044
76.3947 0.043
70.9495 0.042
66.0778 0.041
61.6834 0.04
57.6898 0.039
54.035 0.038
50.669 0.037
47.5509 0.036
44.647 0.035
41.9295 0.034
39.3751 0.033
36.9642 0.032
34.6804 0.031
32.5096 0.03
30.4397 0.029
28.4603 0.028
26.5624 0.027
24.7383 0.026
22.9812 0.025
21.2849 0.024
19.6443 0.023
18.0547 0.022
16.5119 0.021
15.0122 0.02
13.5523 0.019
12.1292 0.018
10.7403 0.017
9.38307 0.016
8.05539 0.015
6.75527 0.014
5.47754 0.013
3.89777 0.012
2.34094 0.011
0.805693 0.01
-0.709217 0.009
-2.20495 0.008
-3.68256 0.007
-5.14305 0.006
-6.58732 0.005
-8.08981 0.004
-10.5536 0.003
-13.0031 0.002
-17.1297 0.001
-24.2583 0
-44.5214 -0.001
-64.779 -0.002
-79.3978 -0.003
-83.4826 -0.004
-87.2963 -0.005
-90.3518 -0.006
-93.4049 -0.007
-95.692 -0.008
-97.6783 -0.009
-99.6346 -0.01
-101.533 -0.011
-103.374 -0.012
-105.163 -0.013
-106.904 -0.014
-108.602 -0.015
-110.26 -0.016
-111.882 -0.017
-113.471 -0.018
-115.029 -0.019
-116.243 -0.02
-117.481 -0.021
-118.694 -0.022
-119.882 -0.023
-121.045 -0.024
-122.187 -0.025
-123.308 -0.026
-124.41 -0.027
-125.494 -0.028
-126.561 -0.029
-127.612 -0.03
-128.649 -0.031
-129.672 -0.032
-130.682 -0.033
-131.68 -0.034
-132.666 -0.035
-133.641 -0.036
-134.606 -0.037
-135.561 -0.038
-136.507 -0.039
-137.444 -0.04
-138.373 -0.041
-139.294 -0.042
-140.207 -0.043
-141.113 -0.044
-142.013 -0.045
-142.906 -0.046
-143.792 -0.047
-144.673 -0.048
-145.548 -0.049
-146.417 -0.05
-131.083 -0.049
-118.191 -0.048
-107.34 -0.047
-98.0642 -0.046
-90.0623 -0.045
-83.0935 -0.044
-76.9672 -0.043
-71.5319 -0.042
-66.6676 -0.041
-62.279 -0.04
-58.2894 -0.039
-54.6375 -0.038
-51.2733 -0.037
-48.1562 -0.036
-45.2527 -0.035
-42.5351 -0.034
-39.98 -0.033
-37.5682 -0.032
-35.2831 -0.031
-33.1107 -0.03
-31.039 -0.029
-29.0577 -0.028
-27.1577 -0.027
-25.3314 -0.026
-23.572 -0.025
-21.8733 -0.024
-20.2303 -0.023
-18.6381 -0.022
-17.0928 -0.021
-15.5905 -0.02
-14.1279 -0.019
-12.7022 -0.018
-11.3106 -0.017
-9.95072 -0.016
-8.62036 -0.015
-7.31755 -0.014
-6.04049 -0.013
-4.51998 -0.012
-2.95939 -0.011
-1.42128 -0.01
0.0965032 -0.009
1.59512 -0.008
3.07563 -0.007
4.53901 -0.006
5.98618 -0.005
7.43508 -0.004
9.90219 -0.003
12.3548 -0.002
16.4295 -0.001
23.6506 0
43.6696 0.001
64.2157 0.002
81.0518 0.003
82.1975 0.004
86.0097 0.005
89.1778 0.006
91.763 0.007
93.8246 0.008
95.9361 0.009
97.9084 0.01
99.8484 0.011
101.711 0.012
103.529 0.013
105.294 0.014
107.016 0.015
108.697 0.016
110.341 0.017
112.201 0.018
113.374 0.019
114.904 0.02
116.092 0.021
117.343 0.022
118.541 0.023
119.722 0.024
120.879 0.025
122.015 0.026
123.132 0.027
124.23 0.028
125.311 0.029
126.376 0.03
127.426 0.031
128.461 0.032
129.484 0.033
130.493 0.034
131.491 0.035
132.478 0.036
133.454 0.037
134.42 0.038
135.377 0.039
136.324 0.04
137.263 0.041
138.194 0.042
139.116 0.043
140.032 0.044
140.941 0.045
141.842 0.046
142.738 0.047
143.627 0.048
144.51 0.049
145.388 0.05
146.26 0.051
147.128 0.052
147.99 0.053
148.736 0.054
149.019 0.055
149.213 0.056
149.422 0.057
149.623 0.058
149.82 0.059
150.014 0.06
134.669 0.059
121.933 0.058
111.135 0.057
101.907 0.056
93.9434 0.055
87.0039 0.054
80.8982 0.053
75.4764 0.052
70.6199 0.051
66.2342 0.05
62.2439 0.049
58.5885 0.048
55.2186 0.047
52.0942 0.046
49.182 0.045
46.4548 0.044
43.8896 0.043
41.4671 0.042
39.171 0.041
36.9874 0.04
34.9044 0.039
32.9117 0.038
31.0006 0.037
29.1631 0.036
27.3926 0.035
25.683 0.034
24.0292 0.033
22.4265 0.032
20.8708 0.031
19.3583 0.03
17.8858 0.029
16.4503 0.028
15.0491 0.027
13.6799 0.026
12.3404 0.025
11.0286 0.024
9.74274 0.023
8.48119 0.022
7.24242 0.021
6.02506 0.02
4.82782 0.019
3.64955 0.018
2.48916 0.017
1.34567 0.016
0.218146 0.015
-0.894254 0.014
-1.99232 0.013
-3.20675 0.012
-4.60386 0.011
-5.99046 0.01
-7.36488 0.009
-8.72773 0.008
-10.0795 0.007
-11.4208 0.006
-12.752 0.005
-14.0736 0.004
-16.2478 0.003
-18.5814 0.002
-22.3262 0.001
-28.9596 0
-48.1661 -0.001
-68.0638 -0.002
-83.6988 -0.003
-86.0522 -0.004
-89.0537 -0.005
-92.4346 -0.006
-94.6805 -0.007
-96.8762 -0.008
-98.6819 -0.009
-100.565 -0.01
-102.341 -0.011
-104.093 -0.012
-105.793 -0.013
-107.458 -0.014
-109.086 -0.015
-110.681 -0.016
-112.245 -0.017
-113.509 -0.018
-114.856 -0.019
-116.026 -0.02
-117.26 -0.021
-118.415 -0.022
-119.582 -0.023
-120.707 -0.024
-121.825 -0.025
-122.918 -0.026
-123.999 -0.027
-125.06 -0.028
-126.109 -0.029
-127.142 -0.03
-128.163 -0.031
-129.17 -0.032
-130.167 -0.033
-131.151 -0.034
-132.126 -0.035
-133.09 -0.036
-134.046 -0.037
-134.992 -0.038
-135.929 -0.039
-136.858 -0.04
-137.78 -0.041
-138.694 -0.042
-139.602 -0.043
-140.502 -0.044
-141.397 -0.045
-142.285 -0.046
-143.167 -0.047
-144.044 -0.048
-144.915 -0.049
-145.781 -0.05
-146.643 -0.051
-147.499 -0.052
-148.352 -0.053
-148.888 -0.054
-149.581 -0.055
-149.444 -0.056
-149.876 -0.057
-149.906 -0.058
-150.209 -0.059
-150.316 -0.06
-134.889 -0.059
-122.228 -0.058
-111.469 -0.057
-102.274 -0.056
-94.3363 -0.055
-87.4175 -0.054
-81.3278 -0.053
-75.9181 -0.052
-71.0705 -0.051
-66.6914 -0.05
-62.7057 -0.049
-59.0533 -0.048
-55.6853 -0.047
-52.5618 -0.046
-49.6498 -0.045
-46.9222 -0.044
-44.3562 -0.043
-41.9324 -0.042
-39.6349 -0.041
-37.4496 -0.04
-35.3647 -0.039
-33.37 -0.038
-31.4567 -0.037
-29.617 -0.036
-27.8442 -0.035
-26.1323 -0.034
-24.4761 -0.033
-22.871 -0.032
-21.3128 -0.031
-19.7979 -0.03
-18.3229 -0.029
-16.885 -0.028
-15.4814 -0.027
-14.1097 -0.026
-12.7678 -0.025
-11.4536 -0.024
-10.1654 -0.023
-8.90143 -0.022
-7.66032 -0.021
-6.44062 -0.02
-5.24108 -0.019
-4.06052 -0.018
-2.89787 -0.017
-1.75214 -0.016
-0.622401 -0.015
0.492192 -0.014
1.59243 -0.013
2.67905 -0.012
3.89682 -0.011
5.29451 -0.01
6.67202 -0.009
8.03744 -0.008
9.39176 -0.007
10.7355 -0.006
12.0692 -0.005
13.3931 -0.004
15.1697 -0.003
17.5441 -0.002
20.8369 -0.001
26.184 0
