0.1 -1.93583e-05
0.2 2.44279e-05
0.3 0.000104031
0.4 7.77702e-05
0.5 5.15097e-05
0.6 2.52491e-05
0.7 -1.01146e-06
0.8 -2.52515e-06
0.9 -4.95664e-06
1 -7.38814e-06
0 -7.38814e-06
19.2438 6.8081e-05
36.0579 0.000167381
52.8613 0.000266705
69.2106 0.000370949
81.2729 0.000507214
84.7489 0.000706852
86.7496 0.000917117
87.8756 0.00114507
88.6931 0.00137825
89.4431 0.00161047
73.1111 0.0015099
57.6526 0.00140175
43.3711 0.00128337
30.3648 0.00115393
18.875 0.00102077
8.7477 0.000886301
-0.386149 0.000737787
-8.52827 0.000575274
-15.7116 0.000399258
-21.9963 0.000210618
-27.4615 1.04997e-05
-43.2795 -4.86751e-05
-56.4329 -7.36998e-05
-69.1912 -9.92709e-05
-78.1408 -0.000123897
-82.314 -0.000141396
-83.9487 -0.000155139
-84.8372 -0.000167834
-85.3022 -0.000173099
-85.4835 -0.000171199
-69.1812 -0.000143333
-53.8396 -0.000116667
-39.7535 -9.19838e-05
-27.0097 -6.96523e-05
-15.6439 -4.99463e-05
-5.63063 -3.29784e-05
3.10491 -1.87086e-05
10.6725 -6.97347e-06
17.1023 1.1566e-05
22.4672 5.09744e-05
27.1748 8.80024e-05
35.8302 0.000201987
41.3375 0.000385151
46.8421 0.000565938
51.4909 0.000748045
55.3924 0.000937013
58.6834 0.00113158
61.478 0.00133067
63.869 0.00153345
65.9308 0.0017392
67.7224 0.0019474
69.2912 0.00215759
70.6747 0.00236944
71.9031 0.00258266
73.0009 0.00279702
73.9877 0.00301235
74.8799 0.0032285
75.6905 0.00344534
76.4306 0.00366278
77.1094 0.00388073
61.5655 0.00377416
47.9447 0.00365262
36.1662 0.00351664
25.9926 0.00336805
17.2167 0.00320845
9.63797 0.00303941
3.07335 0.0028624
-2.63776 0.0026787
-7.5884 0.00249762
-11.9299 0.00231879
-15.7989 0.00213472
-19.2605 0.00194587
-22.3704 0.00175266
-25.1755 0.00155544
-27.7155 0.00135452
-30.024 0.00115018
-32.1297 0.000942691
-34.0568 0.000732268
-35.8263 0.000519118
-37.4561 0.000303429
-38.9615 8.53705e-05
-43.9413 -3.00709e-05
-47.3579 -3.72459e-05
-51.0756 -3.81676e-05
-54.3736 -4.88472e-05
-57.2108 -5.79216e-05
-59.666 -6.56678e-05
-61.8046 -7.23148e-05
-63.6796 -7.80483e-05
-65.3338 -8.30191e-05
-66.8023 -8.73493e-05
-68.1133 -9.11386e-05
-69.2904 -9.44687e-05
-70.3525 -9.74065e-05
-71.3156 -0.000100008
-72.1929 -0.000102318
-72.9955 -0.000104377
-73.7326 -0.000106217
-74.4121 -0.000107864
-75.0408 -0.000109343
-59.6524 -8.2996e-05
-46.3377 -5.99979e-05
-34.9251 -4.05481e-05
-25.1299 -2.42901e-05
-16.719 -1.08749e-05
-9.48242 3.64766e-07
-3.58579 4.34511e-05
1.61224 8.54585e-05
6.21845 0.000126175
10.321 0.000165446
13.993 0.00020316
17.2948 0.000239242
20.2769 0.000273641
22.9814 0.000306327
25.444 0.000337288
27.6944 0.000366523
29.7581 0.000394043
31.6568 0.000419866
33.4089 0.000444015
35.0306 0.000466519
36.5356 0.000487411
37.9359 0.000506725
39.2418 0.000524499
42.1496 0.000625837
44.8899 0.000842262
47.5896 0.0010398
49.9837 0.00124022
52.1183 0.0014431
54.0324 0.00164807
55.758 0.00185481
57.3214 0.00206308
58.7446 0.00227267
60.0458 0.0024834
61.2403 0.00269514
62.341 0.00290776
63.359 0.00312115
64.3035 0.00333523
65.1825 0.00354992
66.0031 0.00376516
66.771 0.00398088
67.4916 0.00419705
68.1694 0.00441361
68.8084 0.00463053
69.412 0.00484777
69.9833 0.00506532
70.5252 0.00528313
71.04 0.00550119
71.53 0.00571948
71.997 0.00593797
72.4429 0.00615666
57.3295 0.0060474
44.5316 0.00592072
33.7246 0.00577864
24.541 0.00562386
16.7029 0.00545847
10.2011 0.00530289
4.6492 0.0051519
-0.254339 0.00499564
-4.60577 0.0048347
-8.48895 0.00466947
-11.9725 0.00450028
-15.113 0.00432742
-17.9572 0.00415114
-20.5442 0.00397167
-22.9065 0.0037892
-25.0719 0.00360393
-27.0636 0.003416
-28.9015 0.00322556
-30.6027 0.00303276
-32.1819 0.00283771
-33.6516 0.00264053
-35.0231 0.00244132
-36.3058 0.00224018
-37.5083 0.00203719
-38.6378 0.00183246
-39.701 0.00162604
-40.7036 0.00141802
-41.6509 0.00120846
-42.5472 0.000997432
-43.3969 0.000784996
-44.2035 0.00057121
-44.9703 0.000356127
-45.7004 0.000139801
-47.0707 -3.07755e-06
-49.4495 -1.10121e-05
-51.5744 -1.80528e-05
-53.4828 -2.43322e-05
-55.2056 -2.99599e-05
-56.7686 -3.50265e-05
-58.1929 -3.96072e-05
-59.4964 -4.37648e-05
-60.6941 -4.75524e-05
-61.7986 -5.10145e-05
-62.8207 -5.41892e-05
-63.7695 -5.71089e-05
-64.653 -5.98016e-05
-65.478 -6.22912e-05
-66.2503 -6.45987e-05
-66.9752 -6.67422e-05
-67.6572 -6.87377e-05
-68.3001 -7.05989e-05
-68.9076 -7.23383e-05
-69.4826 -7.39667e-05
-70.0279 -7.54938e-05
-70.546 -7.6928e-05
-71.0391 -7.82771e-05
-71.509 -7.95479e-05
-71.9576 -8.07466e-05
-72.3864 -8.18787e-05
-72.7968 -8.29493e-05
-57.7406 -5.71622e-05
-45.0391 -3.53207e-05
-34.3364 -1.73144e-05
-25.2527 -2.56763e-06
-17.9411 3.98589e-05
-11.718 9.02215e-05
-6.23893 0.000139496
-1.397 0.000187823
2.90854 0.000234998
6.7592 0.000280874
10.2214 0.000325344
13.3499 0.000368335
16.1896 0.000409801
18.7782 0.000449711
21.1473 0.000488051
23.3233 0.000524819
25.3289 0.000560022
27.1833 0.00059367
28.9028 0.000625784
30.5019 0.000656386
31.9927 0.000685501
33.386 0.000713158
34.6911 0.000739386
35.9163 0.000764217
37.0688 0.000787682
38.155 0.000809814
39.1806 0.000830646
40.1506 0.00085021
41.0696 0.00086854
41.9415 0.000885668
42.77 0.000901626
43.5584 0.000916446
44.3097 0.000930159
45.0264 0.000942797
45.7111 0.000954388
47.1346 0.00106658
49.0818 0.00127076
50.85 0.00147664
52.4628 0.001684
53.94 0.00189265
55.2985 0.00210243
56.5522 0.0023132
57.7134 0.00252485
58.7921 0.00273728
59.7974 0.00295041
60.7367 0.00316416
61.6167 0.00337847
62.4432 0.00359329
63.2213 0.00380856
63.9552 0.00402425
64.6491 0.00424032
65.3062 0.00445674
65.9297 0.00467347
66.5223 0.00489049
67.0865 0.00510778
67.6245 0.00532532
68.1382 0.00554308
68.6294 0.00576106
69.0997 0.00597923
69.5506 0.00619758
69.9834 0.0064161
70.3994 0.00663477
70.7995 0.0068536
71.1848 0.00707256
71.5563 0.00729165
71.9147 0.00751086
72.2609 0.00773019
72.5955 0.00794962
72.9193 0.00816915
73.2328 0.00838878
58.2976 0.00827834
45.8036 0.0081496
35.3262 0.00800524
26.4563 0.0078483
19.2364 0.00770308
13.1299 0.00756231
7.757 0.00741629
3.00545 0.0072657
-1.22368 0.00711092
-5.0101 0.00695228
-8.41861 0.00679005
-11.5023 0.00662449
-14.3051 0.0064558
-16.8634 0.0062842
-19.2077 0.00610983
-21.3639 0.00593286
-23.3538 0.00575342
-25.196 0.00557164
-26.9066 0.00538763
-28.4992 0.0052015
-29.9859 0.00501334
-31.377 0.00482325
-32.6816 0.00463131
-33.9078 0.00443759
-35.0626 0.00424218
-36.1521 0.00404513
-37.1819 0.00384652
-38.157 0.0036464
-39.0818 0.00344483
-39.9601 0.00324187
-40.7956 0.00303756
-41.5914 0.00283196
-42.3504 0.00262512
-43.0752 0.00241708
-43.7682 0.00220787
-44.4316 0.00199755
-45.0673 0.00178614
-45.6771 0.00157369
-46.2627 0.00136024
-46.8257 0.00114581
-47.3672 0.000930438
-47.8888 0.000714156
-48.3914 0.000496993
-48.8763 0.000278979
-49.3445 6.01393e-05
-51.5635 -4.22334e-05
-52.3418 -9.63431e-06
-53.813 -1.45368e-05
-55.1683 -1.90302e-05
-56.4197 -2.31571e-05
-57.5791 -2.69596e-05
-58.6565 -3.04738e-05
-59.6608 -3.37305e-05
-60.5994 -3.67566e-05
-61.4789 -3.95752e-05
-62.3051 -4.22066e-05
-63.0829 -4.46686e-05
-63.8167 -4.69766e-05
-64.5104 -4.91444e-05
-65.1675 -5.11843e-05
-65.791 -5.3107e-05
-66.3837 -5.49222e-05
-66.9479 -5.66385e-05
-67.4859 -5.82635e-05
-67.9995 -5.98044e-05
-68.4907 -6.12673e-05
-68.961 -6.26579e-05
-69.4118 -6.39814e-05
-69.8445 -6.52423e-05
-70.2603 -6.64451e-05
-70.6603 -6.75934e-05
-71.0454 -6.8691e-05
-71.4167 -6.9741e-05
-71.7748 -7.07464e-05
-72.1207 -7.17099e-05
-72.4551 -7.26341e-05
-72.7785 -7.35212e-05
-73.0917 -7.43735e-05
-73.3951 -7.5193e-05
-73.6893 -7.59813e-05
-58.7825 -5.04288e-05
-46.333 -2.90278e-05
-35.901 -1.15234e-05
-27.2135 1.07879e-05
-20.2471 6.27644e-05
-14.1714 0.000114526
-8.8309 0.000165709
-4.10303 0.000216031
0.109879 0.000265292
3.88629 0.000313347
7.28991 0.000360094
10.3729 0.000405461
13.1783 0.000449402
15.742 0.000491887
18.094 0.0005329
20.2595 0.000572438
22.2601 0.000610505
24.114 0.000647109
25.837 0.000682268
27.4427 0.000716
28.9429 0.000748328
30.3479 0.000779276
31.6665 0.00080887
32.9067 0.000837139
34.0755 0.000864109
35.1791 0.000889811
36.2228 0.000914273
37.2117 0.000937525
38.15 0.000959596
39.0417 0.000980516
39.8903 0.00100031
40.699 0.00101902
41.4707 0.00103665
42.2079 0.00105325
42.9131 0.00106884
43.5883 0.00108344
44.2357 0.00109709
44.8568 0.0011098
45.4535 0.00112161
46.0273 0.00113253
46.5794 0.0011426
47.1112 0.00115183
47.6239 0.00116025
48.1186 0.00116787
48.5963 0.00117473
49.0579 0.00118084
50.0052 0.00127433
51.5035 0.0014826
52.8851 0.00169198
54.1635 0.00190235
55.3501 0.00211359
56.4549 0.00232561
57.4865 0.00253833
58.4523 0.00275167
59.3587 0.00296558
60.2114 0.00318
61.0152 0.00339488
61.7747 0.00361019
62.4936 0.00382588
63.1753 0.00404192
63.8228 0.00425828
64.439 0.00447494
65.0262 0.00469188
65.5867 0.00490907
66.1223 0.0051265
66.6349 0.00534414
67.1261 0.00556199
67.5974 0.00578002
68.05 0.00599823
68.4853 0.0062166
68.9042 0.00643513
69.3079 0.0066538
69.6972 0.0068726
70.0731 0.00709154
70.4363 0.00731059
70.7875 0.00752975
71.1274 0.00774902
71.4567 0.00796839
71.7758 0.00818786
72.0854 0.00840741
72.386 0.00862705
72.6779 0.00884677
72.9617 0.00906656
73.2377 0.00928643
73.5064 0.00950637
73.768 0.00972637
74.0229 0.00994643
74.2714 0.0101666
74.5138 0.0103867
74.7504 0.010607
59.9088 0.0104959
47.5642 0.0103661
37.2396 0.0102207
28.4841 0.0100617
21.5503 0.00992696
15.5547 0.00978801
10.2578 0.00964383
5.56597 0.00949531
1.38247 0.00934284
-2.37023 0.00918671
-5.75501 0.00902719
-8.82329 0.0088645
-11.6175 0.00869885
-14.1729 0.00853041
-16.5191 0.00835934
-18.681 0.00818578
-20.6798 0.00800987
-22.5334 0.0078317
-24.2574 0.0076514
-25.8652 0.00746906
-27.3684 0.00728477
-28.7771 0.00709861
-30.1002 0.00691066
-31.3454 0.00672099
-32.5197 0.00652967
-33.6292 0.00633676
-34.6791 0.00614233
-35.6745 0.00594643
-36.6195 0.00574911
-37.5182 0.00555043
-38.3738 0.00535042
-39.1897 0.00514915
-39.9687 0.00494665
-40.7133 0.00474297
-41.4258 0.00453814
-42.1085 0.0043322
-42.7633 0.00412519
-43.392 0.00391714
-43.9961 0.00370809
-44.5773 0.00349807
-45.1368 0.00328711
-45.676 0.00307524
-46.196 0.00286249
-46.698 0.00264888
-47.1829 0.00243444
-47.6517 0.0022192
-48.1052 0.00200318
-48.5442 0.00178641
-48.9696 0.0015689
-49.3819 0.00135069
-49.7819 0.00113178
-50.1701 0.000912207
-50.5471 0.000691982
-50.9135 0.000471127
-51.2698 0.000249659
-51.6163 2.75973e-05
-53.9474 -5.09136e-05
-54.1362 -8.35321e-06
-55.3209 -1.23248e-05
-56.4241 -1.60083e-05
-57.4543 -1.94341e-05
-58.419 -2.26282e-05
-59.3244 -2.56133e-05
-60.1763 -2.84094e-05
-60.9795 -3.10338e-05
-61.7384 -3.3502e-05
-62.4567 -3.58276e-05
-63.1379 -3.80226e-05
-63.7851 -4.00977e-05
-64.4009 -4.20627e-05
-64.9877 -4.39261e-05
-65.5478 -4.56956e-05
-66.0831 -4.73782e-05
-66.5954 -4.89802e-05
-67.0863 -5.05073e-05
-67.5572 -5.19648e-05
-68.0095 -5.33572e-05
-68.4444 -5.46889e-05
-68.863 -5.59639e-05
-69.2664 -5.71857e-05
-69.6553 -5.83576e-05
-70.0308 -5.94826e-05
-70.3936 -6.05637e-05
-70.7444 -6.16032e-05
-71.0839 -6.26037e-05
-71.4128 -6.35673e-05
-71.7315 -6.4496e-05
-72.0406 -6.53918e-05
-72.3407 -6.62564e-05
-72.6322 -6.70914e-05
-72.9155 -6.78983e-05
-73.1911 -6.86787e-05
-73.4592 -6.94337e-05
-73.7203 -7.01648e-05
-73.9747 -7.08729e-05
-74.2227 -7.15592e-05
-74.4646 -7.22248e-05
-74.7006 -7.28706e-05
-74.931 -7.34974e-05
-75.1561 -7.41062e-05
-60.3312 -4.86749e-05
-48.0114 -2.74854e-05
-37.7111 -1.02037e-05
-29.1986 1.53593e-05
-22.323 6.77608e-05
-16.3212 0.000119968
-11.0402 0.000171653
-6.35902 0.000222536
-2.18189 0.000272419
1.56798 0.000321161
4.95281 0.00036866
8.02346 0.000414846
10.8219 0.000459673
13.383 0.00050311
15.7361 0.000545143
17.9058 0.000585765
19.9129 0.00062498
21.7755 0.000662795
23.5089 0.000699225
25.1263 0.000734286
26.6393 0.000768
28.0579 0.000800388
29.391 0.000831476
30.6461 0.000861287
31.8303 0.000889848
32.9495 0.000917187
34.0092 0.000943329
35.0141 0.000968303
35.9685 0.000992136
36.8763 0.00101486
37.7411 0.00103649
38.5658 0.00105706
39.3535 0.0010766
40.1066 0.00109512
40.8275 0.00111267
41.5183 0.00112926
42.181 0.00114492
42.8175 0.00115966
43.4292 0.00117353
44.0177 0.00118653
44.5845 0.00119868
45.1307 0.00121003
45.6577 0.00122057
46.1663 0.00123034
46.6578 0.00123936
47.1329 0.00124764
47.5926 0.0012552
48.0378 0.00126207
48.469 0.00126825
48.8871 0.00127378
49.2927 0.00127866
49.6864 0.00128292
50.0688 0.00128656
50.4404 0.00128962
50.8017 0.00129209
51.1533 0.001294
51.4955 0.00129536
53.9858 0.00141493
53.8688 0.00169106
54.9894 0.00190284
56.037 0.00211532
57.0188 0.00232842
57.9413 0.00254209
58.8099 0.00275628
59.6296 0.00297092
60.4046 0.003186
61.1388 0.00340146
61.8356 0.00361728
62.4979 0.00383343
63.1286 0.00404987
63.73 0.0042666
64.3043 0.00448358
64.8534 0.00470081
65.3793 0.00491825
65.8833 0.0051359
66.3672 0.00535374
66.8321 0.00557177
67.2793 0.00578995
67.71 0.0060083
68.125 0.0062268
68.5255 0.00644543
68.9122 0.00666419
69.2859 0.00688308
69.6474 0.00710208
69.9974 0.00732119
70.3364 0.0075404
70.6652 0.00775971
70.9841 0.00797912
71.2938 0.00819861
71.5946 0.00841818
71.8871 0.00863783
72.1716 0.00885756
72.4485 0.00907736
72.7182 0.00929723
72.981 0.00951716
73.2372 0.00973715
73.4872 0.00995721
73.7311 0.0101773
73.9693 0.0103975
74.202 0.0106177
74.4295 0.010838
74.6519 0.0110583
74.8694 0.0112786
75.0823 0.011499
75.2908 0.0117195
75.495 0.0119399
75.695 0.0121605
75.8911 0.012381
76.0834 0.0126016
76.272 0.0128222
61.4872 0.0127108
49.2288 0.0125804
38.9885 0.0124345
30.3585 0.0122776
23.5118 0.0121438
17.5358 0.0120049
12.2758 0.0118614
7.61142 0.0117138
3.44733 0.0115623
-0.292659 0.0114073
-3.67028 0.0112491
-6.73598 0.0110877
-9.53135 0.0109235
-12.091 0.0107565
-14.4439 0.0105871
-16.6145 0.0104152
-18.6236 0.010241
-20.4888 0.0100646
-22.2254 0.00988616
-23.8467 0.00970572
-25.364 0.00952338
-26.7872 0.00933921
-28.1252 0.00915329
-29.3855 0.0089657
-30.5751 0.00877648
-31.6999 0.00858572
-32.7652 0.00839346
-33.7759 0.00819975
-34.7362 0.00800466
-35.65 0.00780822
-36.5206 0.00761049
-37.3514 0.0074115
-38.145 0.00721131
-38.9041 0.00700994
-39.631 0.00680744
-40.3277 0.00660385
-40.9964 0.0063992
-41.6387 0.00619353
-42.2562 0.00598685
-42.8506 0.00577922
-43.4231 0.00557065
-43.975 0.00536118
-44.5076 0.00515083
-45.0218 0.00493962
-45.5188 0.0047276
-45.9994 0.00451477
-46.4646 0.00430116
-46.915 0.0040868
-47.3516 0.00387171
-47.7749 0.0036559
-48.1856 0.00343941
-48.5844 0.00322224
-48.9719 0.00300442
-49.3485 0.00278597
-49.7147 0.00256691
-50.0711 0.00234724
-50.4181 0.002127
-50.7561 0.00190618
-51.0855 0.00168482
-51.4066 0.00146293
-51.7199 0.00124051
-52.0257 0.0010176
-52.3241 0.000794185
-52.6157 0.000570297
-52.9006 0.000345944
-53.1791 0.000121139
-53.8704 -1.8461e-06
-54.9896 -5.63558e-06
-56.0361 -9.16739e-06
-57.0171 -1.2467e-05
-57.9388 -1.55568e-05
-58.8067 -1.84565e-05
-59.6259 -2.11834e-05
-60.4004 -2.37527e-05
-61.1342 -2.61779e-05
-61.8306 -2.84711e-05
-62.4926 -3.06429e-05
-63.1229 -3.27029e-05
-63.724 -3.46597e-05
-64.2981 -3.6521e-05
-64.847 -3.82939e-05
-65.3725 -3.99846e-05
-65.8764 -4.15989e-05
-66.36 -4.31419e-05
-66.8246 -4.46184e-05
-67.2716 -4.60328e-05
-67.702 -4.7389e-05
-68.1168 -4.86905e-05
-68.517 -4.99408e-05
-68.9034 -5.1143e-05
-69.2769 -5.22998e-05
-69.6381 -5.34138e-05
-69.9878 -5.44874e-05
-70.3266 -5.5523e-05
-70.655 -5.65225e-05
-70.9736 -5.74879e-05
-71.2829 -5.8421e-05
-71.5834 -5.93234e-05
-71.8756 -6.01967e-05
-72.1597 -6.10423e-05
-72.4363 -6.18617e-05
-72.7056 -6.26559e-05
-72.9681 -6.34264e-05
-73.2239 -6.41741e-05
-73.4735 -6.49e-05
-73.7171 -6.56053e-05
-73.9549 -6.62908e-05
-74.1872 -6.69574e-05
-74.4142 -6.76058e-05
-74.6362 -6.8237e-05
-74.8533 -6.88515e-05
-75.0658 -6.94502e-05
-75.2739 -7.00336e-05
-75.4776 -7.06023e-05
-75.6772 -7.1157e-05
-75.8729 -7.16982e-05
-76.0647 -7.22264e-05
-76.2528 -7.27422e-05
-76.4375 -7.32459e-05
-76.6187 -7.37381e-05
-61.8446 -4.83793e-05
-49.6017 -2.73093e-05
-39.376 -1.01447e-05
-30.9254 1.5302e-05
-24.0978 6.76828e-05
-18.1342 0.000119908
-12.8826 0.00017165
-8.22305 0.00022263
-4.06108 0.000272651
-0.320926 0.000321575
3.05867 0.0003693
6.12779 0.000415757
8.92773 0.0004609
11.4928 0.000504699
13.8519 0.000547137
16.0291 0.00058821
18.0452 0.000627917
19.9178 0.000666268
21.662 0.000703274
23.2909 0.000738952
24.8158 0.000773321
26.2468 0.000806401
27.5924 0.000838217
28.8604 0.000868791
30.0575 0.000898148
31.1898 0.000926314
32.2625 0.000953315
33.2804 0.000979176
34.2478 0.00100392
35.1685 0.00102758
36.046 0.00105018
36.8834 0.00107175
37.6836 0.0010923
38.449 0.00111186
39.1821 0.00113046
39.885 0.00114813
40.5596 0.00116488
41.2077 0.00118074
41.8309 0.00119573
42.4308 0.00120987
43.0087 0.00122319
43.5659 0.0012357
44.1036 0.00124743
44.6228 0.0012584
45.1247 0.00126862
45.61 0.00127812
46.0798 0.00128691
46.5348 0.00129501
46.9757 0.00130244
47.4033 0.00130922
47.8183 0.00131537
48.2212 0.00132089
48.6126 0.00132581
48.9931 0.00133014
49.3631 0.0013339
49.7232 0.0013371
50.0738 0.00133975
50.4154 0.00134188
50.7482 0.00134349
51.0727 0.00134459
