0.1 -6.92325
0.2 -7.50459
0.3 -8.08593
0.4 -8.66727
0.5 -9.24861
0.6 -9.82996
0.7 -10.4113
0.8 -10.9926
0.9 -11.574
1 -12.1553
0 -12.1553
24.7679 -25.9568
48.0144 -40.0235
67.7156 -54.134
85.0565 -67.3547
102.574 -80.7001
118.401 -94.0858
126.988 -106.29
131.069 -116.089
134.069 -121.844
135.439 -124.087
118.293 -112.221
101.703 -99.5884
86.0442 -87.4065
71.4343 -75.0236
57.8395 -62.0397
45.388 -48.9769
34.0491 -35.8643
22.5996 -21.6335
10.3712 -7.04603
-10.6204 7.22318
-33.5739 20.6712
-56.0285 34.035
-73.8385 52.127
-87.4414 72.5582
-99.1278 89.542
-108.865 102.261
-115.643 111.465
-120.701 117.127
-124.635 120.48
-127.716 122.493
-110.628 94.7411
-94.2843 68.8731
-79.0024 45.0383
-64.9266 23.5107
-52.1192 4.41155
-40.572 -12.2785
-29.886 -26.3551
-19.4163 -37.7708
-7.84719 -46.7099
12.035 -51.2471
33.8244 -54.789
54.9767 -58.1226
69.0749 -61.3897
77.8796 -64.3275
85.9078 -67.0731
92.0873 -69.4614
97.6144 -71.7152
102.61 -73.8421
106.733 -75.7148
110.11 -77.3883
113.144 -78.9749
115.899 -80.4817
118.423 -81.914
120.757 -83.277
122.933 -84.5752
124.976 -85.8128
126.906 -86.9936
128.74 -88.1211
130.492 -89.1985
132.172 -90.2288
115.931 -78.3056
101.62 -67.1645
89.1045 -56.8137
78.1545 -47.2165
68.5577 -38.3247
60.1144 -30.0862
52.6459 -22.4497
45.9979 -15.3661
40.0403 -8.78958
34.6649 -2.6776
29.7823 3.00885
25.3186 8.3055
21.2131 13.2449
17.4154 17.8569
13.8024 22.2233
9.52417 26.8651
5.43334 31.1757
0.490143 35.4141
-5.21643 39.5221
-19.7341 43.4043
-40.4846 46.768
-61.1921 49.9031
-76.4117 54.1755
-83.3383 60.0928
-89.5874 65.3368
-94.0861 70.335
-98.271 74.6831
-102.194 78.4896
-105.279 82.0176
-107.947 85.1748
-110.426 87.9678
-112.743 90.4528
-114.922 92.6755
-116.983 94.6736
-118.943 96.4783
-120.814 98.1155
-122.608 99.607
-124.335 100.971
-126.003 102.223
-127.618 103.376
-111.584 77.3737
-97.7048 55.3033
-85.7222 36.5386
-75.3387 20.6188
-66.3018 7.09023
-58.3888 -4.44913
-51.4098 -14.3428
-45.2067 -22.8769
-39.6498 -30.2858
-34.6332 -36.7602
-30.0708 -42.4546
-25.8927 -47.494
-22.0416 -51.9804
-18.4706 -55.9967
-15.1411 -59.6109
-11.185 -62.6771
-7.27564 -65.4512
-2.68014 -67.8834
2.81619 -70.002
17.487 -71.2414
38.1504 -72.0222
58.5438 -72.7847
71.0403 -73.5752
77.2218 -74.3191
82.5975 -75.0154
86.8813 -75.6608
90.9198 -76.2912
94.4201 -76.8759
97.2511 -77.404
99.8976 -77.9205
102.386 -78.426
104.737 -78.9208
106.969 -79.4053
109.098 -79.8799
111.135 -80.3449
113.092 -80.8007
114.978 -81.2475
116.8 -81.6856
118.565 -82.1153
120.279 -82.537
121.947 -82.9507
123.387 -83.3132
124.707 -83.6515
125.988 -83.9842
127.234 -84.3115
128.447 -84.6336
129.63 -84.9505
130.787 -85.2625
131.918 -85.5698
133.026 -85.8724
117.347 -73.7988
103.969 -63.4948
92.5644 -54.5541
82.773 -46.6836
74.3187 -39.6749
66.9679 -33.3703
60.5265 -27.6492
54.8359 -22.4183
49.7673 -17.6046
45.2169 -13.1502
41.1009 -9.00866
37.3516 -5.14226
33.9139 -1.51991
30.7426 1.88434
27.8008 5.09235
24.9419 8.33954
22.0732 11.7204
19.3489 14.9062
16.7529 17.9133
14.2711 20.7565
11.8917 23.4489
9.60418 26.0023
7.39962 28.4273
5.27013 30.7333
3.20884 32.9291
0.556747 35.2308
-2.41948 37.5326
-5.82082 39.774
-10.6259 42.0663
-21.9045 44.288
-42.1255 46.2491
-62.6255 48.1052
-77.0133 50.7784
-82.7058 54.6207
-87.667 58.2147
-91.366 61.6737
-94.9125 64.7997
-97.966 67.7253
-100.393 70.4908
-102.695 73.0104
-104.885 75.3149
-106.976 77.4311
-108.981 79.3814
-110.909 81.1848
-112.769 82.8579
-114.568 84.4145
-116.313 85.8668
-118.008 87.2252
-119.659 88.499
-121.27 89.6961
-122.793 90.8346
-124.071 91.9502
-125.314 93.0026
-126.524 93.9972
-127.706 94.9389
-128.861 95.8321
-129.991 96.6807
-131.098 97.4881
-132.184 98.2575
-133.251 98.9918
-117.639 74.099
-104.375 53.3144
-93.095 35.7386
-83.4236 20.8738
-75.0785 8.25096
-67.8239 -2.52659
-61.4657 -11.7874
-55.8463 -19.7999
-50.8383 -26.781
-46.3394 -32.9057
-42.2671 -38.3148
-38.5548 -43.1224
-35.1484 -47.4208
-32.0038 -51.2853
-29.0845 -54.7777
-26.3607 -57.9491
-23.5615 -60.7278
-20.855 -63.259
-18.2736 -65.5941
-15.8041 -67.7557
-13.4346 -69.7629
-11.1552 -71.6323
-8.95702 -73.378
-6.83244 -75.0125
-4.77473 -76.5464
-2.29384 -77.9387
0.680732 -79.1993
3.96212 -80.3724
8.76792 -81.3927
20.2235 -82.1058
40.6524 -82.4908
61.0199 -82.87
73.5427 -83.2687
79.0531 -83.6487
83.6595 -84.0042
87.399 -84.3389
90.9786 -84.6689
93.7966 -84.9638
96.2726 -85.2439
98.621 -85.5204
100.859 -85.7931
103.001 -86.062
105.056 -86.3273
107.035 -86.5891
108.946 -86.8474
110.795 -87.1023
112.59 -87.3539
114.334 -87.6024
116.033 -87.8476
117.692 -88.0898
119.104 -88.2998
120.43 -88.5006
121.721 -88.6991
122.979 -88.8954
124.206 -89.0895
125.406 -89.2814
126.579 -89.4712
127.729 -89.659
128.857 -89.8449
129.964 -90.0287
131.053 -90.2107
132.123 -90.3908
133.177 -90.5691
134.215 -90.7456
135.239 -90.9203
136.249 -91.0933
137.246 -91.2647
138.232 -91.4343
139.205 -91.6024
140.169 -91.7689
124.684 -79.9095
111.638 -69.9549
100.594 -61.3838
91.1456 -53.8666
82.9975 -47.1825
75.9096 -41.1708
69.6889 -35.7121
64.1804 -30.7155
59.2607 -26.111
54.831 -21.8433
50.8122 -17.8687
47.1404 -14.1515
43.764 -10.6625
40.6408 -7.37744
37.7361 -4.27586
35.0212 -1.34033
32.4721 1.44411
30.0687 4.09044
27.7941 6.60999
25.6338 9.01273
23.5756 11.3075
21.6087 13.5022
19.7241 15.6037
17.9137 17.6186
16.1707 19.5524
14.4889 21.4104
12.5823 23.5019
10.6805 25.5511
8.8248 27.5122
7.01192 29.391
5.23865 31.1927
3.5021 32.9223
1.79967 34.5841
0.129008 36.1822
-1.51203 37.7203
-3.58601 39.306
-6.21988 40.9577
-9.04031 42.5605
-13.5718 44.2436
-23.3581 45.8933
-43.3764 47.3656
-63.6108 48.7746
-79.5462 50.6387
-83.3043 53.8319
-87.7912 56.7325
-91.1505 59.5491
-94.4206 62.138
-97.0347 64.6437
-99.2304 67.0034
-101.344 69.1857
-103.375 71.2086
-105.332 73.0896
-107.222 74.8435
-109.054 76.4834
-110.831 78.0204
-112.56 79.4645
-114.246 80.8242
-115.891 82.1071
-117.499 83.3199
-119.074 84.4686
-120.352 85.6135
-121.605 86.6974
-122.828 87.7268
-124.024 88.7061
-125.194 89.6391
-126.34 90.5293
-127.465 91.3798
-128.569 92.1935
-129.655 92.9728
-130.722 93.7201
-131.773 94.4376
-132.809 95.1271
-133.831 95.7905
-134.838 96.4294
-135.833 97.0452
-136.816 97.6393
-137.788 98.2131
-138.749 98.7676
-139.701 99.304
-140.642 99.8232
-125.189 75.1936
-112.193 54.8522
-101.2 37.7546
-91.7979 23.3406
-83.6902 11.1142
-76.6365 0.671064
-70.444 -8.31546
-64.9588 -16.1074
-60.058 -22.9142
-55.6435 -28.9033
-51.637 -34.2088
-47.975 -38.9387
-44.6064 -43.1806
-41.4893 -47.0057
-38.5892 -50.4727
-35.8777 -53.63
-33.331 -56.5177
-30.9292 -59.1695
-28.6555 -61.614
-26.4954 -63.875
-24.4369 -65.9733
-22.4693 -67.9263
-20.5836 -69.7492
-18.7718 -71.4552
-17.027 -73.0557
-15.3432 -74.5606
-13.5348 -75.9387
-11.6309 -77.2112
-9.773 -78.4183
-7.95761 -79.5652
-6.18159 -80.6568
-4.4421 -81.6971
-2.73656 -82.69
-1.06264 -83.6389
0.58179 -84.547
2.56893 -85.3936
5.20675 -86.1656
7.97002 -86.9031
12.506 -87.546
22.4111 -88.0324
42.5574 -88.2819
62.7167 -88.5278
76.6942 -88.7833
81.2347 -89.0313
85.5292 -89.2639
88.9699 -89.4818
92.2619 -89.6988
94.7254 -89.8919
96.9759 -90.0759
99.1157 -90.2594
101.173 -90.4411
103.156 -90.6209
105.074 -90.7989
106.931 -90.9752
108.734 -91.1498
110.489 -91.3227
112.199 -91.494
113.869 -91.6636
115.502 -91.8317
117.006 -91.9893
118.318 -92.1291
119.595 -92.2681
120.842 -92.4058
122.06 -92.5423
123.253 -92.6776
124.422 -92.8119
125.568 -92.945
126.693 -93.077
127.799 -93.208
128.887 -93.3379
129.958 -93.4668
131.013 -93.5947
132.053 -93.7216
133.079 -93.8476
134.092 -93.9725
135.093 -94.0966
136.081 -94.2197
137.059 -94.3419
138.027 -94.4633
138.984 -94.5837
139.933 -94.7033
140.872 -94.822
141.803 -94.9399
142.726 -95.057
143.641 -95.1732
144.549 -95.2887
145.451 -95.4033
146.345 -95.5172
147.234 -95.6302
148.116 -95.7426
132.731 -83.9909
119.845 -74.2018
108.965 -65.7996
99.6644 -58.4396
91.6419 -51.897
84.6566 -46.0111
78.5172 -40.6635
73.0718 -35.7651
68.1999 -31.2473
63.8055 -27.0565
59.8118 -23.1499
56.157 -19.493
52.791 -16.0575
49.6729 -12.8198
46.769 -9.76001
44.0516 -6.86135
41.4972 -4.1093
39.0864 -1.4913
36.8027 1.00363
34.6319 3.38512
32.5621 5.66172
30.5827 7.84103
28.685 9.92987
26.8609 11.9343
25.1039 13.86
23.4077 15.7118
21.7672 17.4943
20.1776 19.2118
18.6349 20.8679
17.1353 22.4662
15.6754 24.01
14.2524 25.5021
12.8636 26.9453
11.5064 28.3421
10.1788 29.695
8.87876 31.0061
7.33044 32.4909
5.75116 33.9664
4.19467 35.3904
2.65976 36.7658
1.14518 38.0952
-0.350235 39.381
-1.82754 40.6253
-3.28773 41.8304
-4.73172 42.9981
-6.55225 44.198
-9.01533 45.4698
-11.5442 46.7038
-15.9312 48.0186
-24.7632 49.3169
-44.5496 50.4858
-64.6886 51.6089
-80.8665 53.0786
-84.7207 55.6492
-88.9872 58.048
-92.1149 60.4076
-95.1857 62.6003
-97.5587 64.7567
-99.5782 66.7966
-101.541 68.7015
-103.44 70.4828
-105.281 72.1525
-107.069 73.7214
-108.81 75.1989
-110.507 76.5931
-112.165 77.9113
-113.787 79.1599
-115.375 80.3448
-116.933 81.4709
-118.346 82.5677
-119.588 83.6383
-120.802 84.659
-121.991 85.6328
-123.156 86.5632
-124.299 87.4533
-125.421 88.3059
-126.524 89.1235
-127.609 89.9084
-128.677 90.6629
-129.729 91.3887
-130.767 92.0876
-131.791 92.7614
-132.801 93.4115
-133.8 94.0392
-134.787 94.6459
-135.762 95.2327
-136.728 95.8007
-137.684 96.3509
-138.63 96.8844
-139.568 97.4018
-140.497 97.9041
-141.418 98.392
-142.332 98.8663
-143.238 99.3275
-144.138 99.7763
-145.031 100.213
-145.918 100.639
-146.799 101.054
-147.674 101.459
-148.544 101.854
-133.178 77.3674
-120.319 57.2513
-109.465 40.3844
-100.188 26.1772
-92.1857 14.1237
-85.2165 3.81856
-79.0899 -5.06185
-73.6545 -12.775
-68.7903 -19.5257
-64.4016 -25.4769
-60.4121 -30.7592
-56.7603 -35.4776
-53.3962 -39.7172
-50.2792 -43.5473
-47.3758 -47.0249
-44.6582 -50.1971
-42.1033 -53.1031
-39.6916 -55.776
-37.4066 -58.2433
-35.2343 -60.5288
-33.1627 -62.6524
-31.1814 -64.6316
-29.2816 -66.4812
-27.4554 -68.2141
-25.696 -69.8416
-23.9974 -71.3736
-22.3545 -72.8186
-20.7624 -74.1845
-19.2171 -75.4779
-17.7149 -76.7048
-16.2524 -77.8707
-14.8268 -78.9802
-13.4352 -80.0378
-12.0754 -81.0472
-10.7451 -82.012
-9.44237 -82.9354
-7.95614 -83.7908
-6.37393 -84.5964
-4.81459 -85.3715
-3.2768 -86.1182
-1.75931 -86.8382
-0.260989 -87.5329
1.21923 -88.204
2.68234 -88.8526
4.12925 -89.4801
5.89611 -90.0727
8.36257 -90.6167
10.8571 -91.1441
15.2477 -91.6047
24.1562 -91.9707
44.0174 -92.1543
64.0837 -92.333
78.7893 -92.5169
83.4422 -92.6978
87.5102 -92.8703
90.7333 -93.0298
93.8181 -93.1894
96.076 -93.3319
98.1525 -93.4672
100.132 -93.6028
102.048 -93.7374
103.905 -93.8709
105.71 -94.0034
107.467 -94.1348
109.18 -94.2653
110.853 -94.3948
112.49 -94.5233
114.093 -94.6509
115.666 -94.7775
117.037 -94.8911
118.296 -94.9964
119.525 -95.1016
120.728 -95.2061
121.907 -95.3098
123.064 -95.4128
124.199 -95.5151
125.315 -95.6168
126.413 -95.7178
127.493 -95.8181
128.557 -95.9179
129.607 -96.0169
130.642 -96.1154
131.664 -96.2133
132.673 -96.3105
133.671 -96.4072
134.657 -96.5033
135.633 -96.5988
136.599 -96.6937
137.555 -96.7881
138.502 -96.882
139.441 -96.9753
140.371 -97.068
141.294 -97.1603
142.21 -97.252
143.118 -97.3432
144.02 -97.4338
144.915 -97.524
145.804 -97.6137
146.687 -97.7029
147.565 -97.7916
148.437 -97.8799
149.304 -97.9676
150.166 -98.0549
151.024 -98.1417
151.877 -98.2281
152.726 -98.314
153.57 -98.3994
154.41 -98.4845
155.247 -98.569
156.08 -98.6532
140.754 -86.9655
127.96 -77.2708
117.169 -68.9622
107.946 -61.6878
99.9857 -55.221
93.0487 -49.4016
86.9451 -44.1121
81.5249 -39.2645
76.6696 -34.7911
72.285 -30.6392
68.2957 -26.7668
64.641 -23.1398
61.2718 -19.7305
58.148 -16.5156
55.2364 -13.4757
52.5096 -10.5943
49.9448 -7.85701
47.5227 -5.25163
45.227 -2.76735
43.0438 -0.394696
40.9611 1.87471
38.9688 4.04834
37.0579 6.13286
35.2207 8.13429
33.4504 10.058
31.7411 11.909
30.0876 13.6917
28.4851 15.4102
26.9296 17.0682
25.4173 18.6692
23.945 20.2162
22.5097 21.7123
21.1087 23.1601
19.7396 24.562
18.4002 25.9205
17.0886 27.2377
15.8029 28.5155
14.5415 29.7558
13.3029 30.9604
12.0857 32.131
10.8886 33.2689
9.71044 34.3758
8.55018 35.4529
7.40681 36.5014
6.27941 37.5227
5.16712 38.5178
3.76663 39.6693
2.35463 40.8019
0.955875 41.9014
-0.430155 42.9692
-1.80407 44.0069
-3.16642 45.0156
-4.51776 45.9968
-5.85857 46.9515
-7.18932 47.881
-8.87723 48.8371
-11.2382 49.8592
-13.592 50.8515
-17.8895 51.9189
-25.404 52.9887
-45.6232 53.9387
-65.8392 54.8614
-80.9045 56.0776
-86.5736 58.1727
-90.3151 60.1886
-93.2197 62.2029
-96.1255 64.0919
-98.503 65.9661
-100.388 67.7524
-102.229 69.4319
-104.021 71.0129
-105.766 72.504
-107.469 73.9132
-109.133 75.2474
-110.76 76.5129
-112.355 77.7153
-113.92 78.8594
-115.456 79.9497
-116.966 80.9903
-118.453 81.9848
-119.511 83.0236
-120.681 83.972
-121.834 84.8849
-122.966 85.7602
-124.079 86.6002
-125.174 87.4073
-126.252 88.1835
-127.314 88.9308
-128.361 89.6509
-129.394 90.3455
-130.414 91.016
-131.422 91.6639
-132.417 92.2903
-133.402 92.8966
-134.376 93.4837
-135.34 94.0527
-136.294 94.6046
-137.24 95.1401
-138.177 95.6602
-139.106 96.1656
-140.027 96.657
-140.941 97.1351
-141.848 97.6005
-142.748 98.0538
-143.642 98.4955
-144.53 98.9262
-145.412 99.3463
-146.289 99.7563
-147.16 100.157
-148.026 100.548
-148.887 100.93
-149.743 101.304
-150.595 101.669
-151.443 102.027
-152.286 102.377
-153.125 102.72
-153.961 103.056
-154.792 103.385
-155.621 103.708
-156.445 104.024
-141.161 79.614
-128.353 59.6425
-117.579 42.9058
-108.37 28.81
-100.422 16.8444
-93.4933 6.60458
-87.3961 -2.23013
-81.9806 -9.91388
-77.1285 -16.6482
-72.746 -22.5934
-68.7578 -27.8777
-65.1035 -32.6042
-61.7342 -36.8566
-58.6098 -40.7031
-55.6972 -44.1998
-52.9692 -47.393
-50.4029 -50.3214
-47.9791 -53.0175
-45.6816 -55.5088
-43.4964 -57.8186
-41.4117 -59.9667
-39.4173 -61.9702
-37.5042 -63.8441
-35.6648 -65.6011
-33.8923 -67.2524
-32.1808 -68.8078
-30.5249 -70.2759
-28.9201 -71.6644
-27.3623 -72.98
-25.8478 -74.2287
-24.3732 -75.4158
-22.9356 -76.5462
-21.5323 -77.6242
-20.1609 -78.6536
-18.8193 -79.6379
-17.5055 -80.5803
-16.2176 -81.4837
-14.954 -82.3506
-13.7131 -83.1835
-12.4938 -83.9846
-11.2945 -84.7558
-10.1142 -85.4989
-8.95186 -86.2157
-7.8064 -86.9077
-6.67693 -87.5763
-5.5626 -88.2228
-4.20652 -88.8227
-2.79133 -89.3976
-1.39035 -89.9556
-0.00210712 -90.4976
1.374 -91.0244
2.73854 -91.5367
4.09204 -92.0352
5.435 -92.5205
6.76789 -92.9933
8.41631 -93.443
10.7819 -93.8581
13.136 -94.2639
17.394 -94.6198
24.9662 -94.9188
