0.1 -3.73465e-05
0.2 -3.97489e-05
0.3 -4.21513e-05
0.4 -4.45537e-05
0.5 -4.69561e-05
0.6 -4.93585e-05
0.7 -5.17609e-05
0.8 -5.41633e-05
0.9 -5.65657e-05
1 -5.89681e-05
0 -5.89681e-05
24.7679 -2.30315e-05
48.916 1.70739e-05
69.3797 8.47101e-05
87.5347 0.000173443
105.133 0.000267169
121.644 0.000367077
133.369 0.000494399
137.521 0.000676825
140.429 0.000861332
142.786 0.00104622
125.542 0.000946057
108.785 0.000842696
92.8013 0.000734258
77.7835 0.000619486
63.8586 0.00049756
51.0863 0.000368115
38.5885 0.000242355
26.734 0.00011443
12.1895 1.18623e-05
-10.8788 -3.02209e-05
-33.8176 -7.25507e-05
-56.6072 -0.000115132
-76.1762 -0.000158912
-90.6492 -0.000198235
-102.4 -0.000234507
-112.411 -0.000270783
-120.328 -0.000304168
-125.839 -0.000331616
-130.158 -0.000358444
-133.712 -0.000384913
-116.57 -0.000358962
-100.176 -0.000333116
-84.8249 -0.000307461
-70.6715 -0.000282043
-57.7873 -0.000256879
-45.9626 -0.000230512
-34.4744 -0.000198797
-23.9108 -0.000166656
-9.43782 -0.000126866
11.9705 -8.52187e-05
33.8139 -4.34698e-05
55.5141 -1.31295e-06
72.2625 7.30849e-05
82.3095 0.000199112
90.6776 0.000337479
97.991 0.000484715
103.708 0.000648215
108.852 0.00081528
113.529 0.000985227
117.657 0.00116079
120.792 0.00135128
123.623 0.0015439
126.206 0.00173824
128.585 0.00193398
130.794 0.00213087
132.861 0.00232872
134.809 0.00252736
136.656 0.00272667
138.417 0.00292654
140.103 0.00312689
123.843 0.00301803
109.496 0.00289618
96.9337 0.0027623
85.9343 0.00261798
76.2894 0.00246469
67.8012 0.00230382
60.2919 0.00213661
53.6076 0.00196413
47.6181 0.00178726
42.2148 0.00160676
37.3077 0.00142323
32.8227 0.00123716
28.6986 0.00104895
24.5648 0.0008647
20.0534 0.00069051
15.757 0.00051532
11.1543 0.00034518
5.36266 0.000190483
-2.21336 5.1167e-05
-19.7531 -1.48303e-05
-40.5038 -6.04384e-05
-61.2117 -0.000106093
-78.9158 -0.00015297
-87.9422 -0.000194332
-94.3181 -0.000231738
-99.9728 -0.000266568
-104.219 -0.000294607
-108.194 -0.000322493
-111.94 -0.000350251
-115.143 -0.000373361
-117.671 -0.000389969
-120.03 -0.000406341
-122.245 -0.000422513
-124.336 -0.000438516
-126.321 -0.000454375
-128.215 -0.00047011
-130.028 -0.000485739
-131.771 -0.000501276
-133.453 -0.000516732
-135.08 -0.000532119
-119.037 -0.000508938
-105.14 -0.000487384
-93.1375 -0.000467363
-82.735 -0.000448634
-73.6811 -0.000430976
-65.7536 -0.000414184
-58.7627 -0.000398079
-52.5499 -0.000382511
-46.9853 -0.000367358
-41.9628 -0.000352523
-37.3958 -0.000337931
-33.2143 -0.000323521
-29.3607 -0.000309247
-25.6536 -0.000293487
-21.381 -0.000268312
-17.2982 -0.000243021
-13.0631 -0.000215891
-7.45466 -0.000180434
-0.0670773 -0.000141717
17.5708 -9.59861e-05
38.2311 -5.12952e-05
58.8585 -6.49351e-06
74.638 6.94907e-05
81.9782 0.00020937
88.0914 0.000359024
92.8958 0.000523672
96.9718 0.000695975
100.834 0.000869641
104.463 0.00104549
107.151 0.00123769
109.674 0.00143108
112.055 0.00162551
114.313 0.00182082
116.464 0.00201692
118.521 0.0022137
120.495 0.00241107
122.396 0.00260898
124.231 0.00280735
126.008 0.00300614
127.732 0.00320531
129.409 0.00340481
131.044 0.00360462
132.64 0.0038047
134.2 0.00400503
135.697 0.0042071
136.921 0.00442089
138.114 0.00463495
139.279 0.00484926
140.418 0.0050638
141.534 0.00527855
125.848 0.0051698
112.456 0.00504412
101.038 0.00490348
91.234 0.00475049
82.7683 0.00458719
75.4081 0.00441535
68.9591 0.00423648
63.2625 0.00405183
58.1892 0.00386243
53.6354 0.00366908
49.5169 0.00347247
45.7512 0.00327378
42.0525 0.00308357
38.604 0.00289191
35.3725 0.00269902
32.3301 0.00250506
29.4536 0.00231017
26.7234 0.00211449
24.1227 0.00191809
21.6375 0.00172108
19.2554 0.00152352
16.966 0.00132548
14.7602 0.00112699
12.6299 0.000928125
9.6736 0.000745063
6.6457 0.000564139
3.67254 0.000382991
-1.09524 0.000223666
-6.88614 7.3232e-05
-21.9559 -7.43968e-06
-42.3821 -5.35314e-05
-62.7916 -9.96401e-05
-80.0688 -0.000147009
-87.6827 -0.000187964
-93.1807 -0.00022558
-97.5782 -0.000257596
-101.127 -0.000285488
-104.536 -0.000313299
-107.743 -0.00033997
-110.057 -0.000356569
-112.257 -0.000373005
-114.359 -0.000389299
-116.372 -0.000405467
-118.308 -0.000421526
-120.175 -0.000437486
-121.98 -0.00045336
-123.73 -0.000469156
-125.431 -0.000484883
-127.086 -0.000500548
-128.701 -0.000516156
-130.279 -0.000531713
-131.824 -0.000547225
-133.338 -0.000562694
-134.823 -0.000578126
-136.123 -0.000586954
-137.285 -0.000591108
-138.421 -0.000595179
-139.535 -0.000599175
-140.626 -0.000603101
-141.698 -0.000606964
-126.082 -0.000580406
-112.812 -0.00055756
-101.526 -0.000538311
-91.8499 -0.000522119
-83.5008 -0.000508523
-76.2433 -0.000497088
-69.8832 -0.000487429
-64.2626 -0.000479218
-59.2541 -0.000472184
-54.7552 -0.000466106
-50.6832 -0.000460804
-46.9716 -0.000456134
-43.4406 -0.000447178
-40.0269 -0.000433298
-36.8248 -0.000419449
-33.8074 -0.000405613
-30.952 -0.000391783
-28.2395 -0.000377948
-25.6537 -0.000364103
-23.1808 -0.000350244
-20.8088 -0.000336367
-18.5275 -0.00032247
-16.328 -0.000308552
-14.2026 -0.00029461
-11.4133 -0.000272205
-8.38801 -0.000246328
-5.41628 -0.000220387
-0.763202 -0.000185115
5.0315 -0.000147163
20.3664 -0.000100913
40.7952 -5.55688e-05
61.208 -1.01683e-05
77.2539 6.30991e-05
84.0723 0.000205303
89.5885 0.000358117
93.6545 0.000528154
97.2342 0.000703333
100.68 0.000879374
103.662 0.00106294
106.022 0.0012572
108.269 0.00145228
110.419 0.00164807
112.482 0.0018445
114.468 0.0020415
116.385 0.002239
118.239 0.00243696
120.039 0.00263532
121.787 0.00283404
123.491 0.0030331
125.152 0.00323246
126.776 0.0034321
128.366 0.00363198
129.923 0.0038321
131.411 0.0040344
132.645 0.00424775
133.852 0.00446136
135.031 0.00467521
136.187 0.00488929
137.32 0.00510357
138.432 0.00531804
139.525 0.00553269
140.599 0.00574751
141.657 0.00596248
142.699 0.00617759
143.726 0.00639284
144.739 0.00660821
145.74 0.0068237
146.728 0.0070393
147.704 0.00725501
148.67 0.00747081
133.182 0.00736076
120.132 0.0072328
109.083 0.00708967
99.6309 0.0069343
91.4792 0.00676891
84.3886 0.00659531
78.1655 0.00641501
72.6553 0.00622923
67.7343 0.00603895
63.3036 0.00584494
59.2841 0.00564784
55.6119 0.00544816
52.2352 0.00524629
49.1119 0.00504259
46.2071 0.00483731
43.4922 0.00463068
40.9433 0.00442289
38.5401 0.00421409
36.2657 0.00400442
34.1058 0.00379397
32.0478 0.00358286
30.0813 0.00337114
28.1344 0.00316154
26.0024 0.00296245
23.936 0.00276304
21.9294 0.00256334
19.9778 0.00236339
18.0765 0.00216319
16.2217 0.00196278
14.4097 0.00176217
12.6374 0.00156137
10.9018 0.00136041
9.2004 0.0011593
7.53078 0.000958036
5.19828 0.000769172
2.54168 0.000586573
-0.0889919 0.000403881
-4.27902 0.000240005
-9.27327 8.41811e-05
-23.1925 -3.5665e-06
-43.5139 -4.98154e-05
-63.8254 -9.6074e-05
-81.075 -0.000143572
-88.316 -0.000184544
-93.4938 -0.000222233
-97.4253 -0.000253293
-100.696 -0.000281113
-103.87 -0.000308876
-106.652 -0.000332703
-108.774 -0.000349135
-110.811 -0.000365445
-112.774 -0.000381646
-114.67 -0.000397751
-116.506 -0.000413769
-118.288 -0.000429709
-120.021 -0.000445579
-121.71 -0.000461386
-123.358 -0.000477134
-124.97 -0.000492831
-126.547 -0.000508479
-128.094 -0.000524083
-129.612 -0.000539646
-131.104 -0.000555173
-132.469 -0.000566391
-133.645 -0.000570727
-134.796 -0.000574982
-135.926 -0.000579163
-137.035 -0.000583276
-138.125 -0.000587324
-139.196 -0.000591313
-140.251 -0.000595247
-141.291 -0.000599129
-142.315 -0.000602963
-143.326 -0.000606751
-144.324 -0.000610498
-145.31 -0.000614205
-146.284 -0.000617874
-147.247 -0.000621508
-148.201 -0.00062511
-149.144 -0.00062868
-133.689 -0.000602356
-120.689 -0.000579948
-109.692 -0.000561193
-100.287 -0.000545471
-92.1759 -0.000532283
-85.1198 -0.00052118
-78.9255 -0.000511776
-73.4388 -0.000503751
-68.5369 -0.000496845
-64.1217 -0.000490846
-60.1146 -0.000485584
-56.4524 -0.000480923
-53.0836 -0.000476753
-49.9664 -0.000472986
-47.0664 -0.000469549
-44.355 -0.000466384
-41.8085 -0.000463444
-39.4069 -0.000460688
-37.1335 -0.000458086
-34.9738 -0.000455609
-32.9156 -0.000453236
-30.9484 -0.000450949
-29.063 -0.000448732
-26.966 -0.000436279
-24.8988 -0.000422498
-22.8909 -0.000408681
-20.9375 -0.000394828
-19.0341 -0.00038094
-17.1769 -0.000367018
-15.3623 -0.000353065
-13.5872 -0.00033908
-11.8486 -0.000325066
-10.144 -0.000311024
-8.47101 -0.000296954
-6.22546 -0.000275906
-3.565 -0.000249705
-0.930329 -0.000223463
3.2029 -0.000189034
8.20983 -0.000151552
22.2925 -0.000105036
42.6173 -5.93783e-05
62.9323 -1.3686e-05
79.7432 5.38885e-05
86.2893 0.000197166
91.4837 0.000351735
95.2343 0.000523607
98.5266 0.000700519
101.723 0.000878047
104.383 0.00106488
106.53 0.00126057
108.594 0.00145686
110.584 0.00165371
112.506 0.00185105
114.368 0.00204882
116.176 0.002247
117.934 0.00244554
119.648 0.00264441
121.321 0.00284358
122.956 0.00304302
124.558 0.00324271
126.127 0.00344264
127.668 0.00364277
129.182 0.0038431
130.485 0.00405261
131.684 0.00426614
132.858 0.0044799
134.01 0.00469387
135.14 0.00490803
136.251 0.00512238
137.343 0.0053369
138.418 0.00555158
139.476 0.0057664
140.52 0.00598137
141.549 0.00619647
142.565 0.00641169
143.569 0.00662702
144.56 0.00684247
145.541 0.00705801
146.511 0.00727366
147.47 0.00748939
148.421 0.00770521
149.362 0.00792112
150.295 0.0081371
151.22 0.00835315
152.137 0.00856928
153.047 0.00878547
153.949 0.00900172
154.846 0.00921804
155.735 0.00943441
156.619 0.00965084
141.233 0.00954013
128.344 0.00941109
117.461 0.00926685
108.158 0.0091105
100.134 0.00894429
93.1475 0.00877005
87.007 0.00858927
81.5609 0.00840315
76.6884 0.00821264
72.2936 0.00801851
68.2997 0.00782135
64.6448 0.00762166
61.2788 0.00741984
58.1607 0.00721621
55.257 0.00701103
52.5397 0.00680453
49.9856 0.00659687
47.575 0.00638822
45.2916 0.0061787
43.1211 0.00596842
41.0515 0.00575746
39.0724 0.0055459
37.175 0.00533382
35.3512 0.00512127
33.5945 0.00490829
31.8986 0.00469494
30.2584 0.00448124
28.6691 0.00426723
27.1267 0.00405295
25.6274 0.00383841
24.1678 0.00362365
22.7451 0.00340867
21.3172 0.00319517
19.6314 0.00299387
17.9752 0.00279244
16.3468 0.00259089
14.7444 0.00238923
13.1663 0.00218747
11.6111 0.00198561
10.0774 0.00178367
8.56406 0.00158164
7.06983 0.00137953
5.59368 0.00117735
4.13461 0.000975099
2.07624 0.000783949
-0.399356 0.000600601
-2.85997 0.000417203
-6.75485 0.000251059
-11.2721 9.19709e-05
-24.4011 -6.7195e-07
-44.6605 -4.7006e-05
-64.9133 -9.33463e-05
-82.3652 -0.000140848
-89.7109 -0.00018225
-94.6738 -0.000219971
-98.3844 -0.000250952
-101.456 -0.000278699
-104.455 -0.000306403
-107.004 -0.000329197
-108.973 -0.000345463
-110.877 -0.000361633
-112.722 -0.000377718
-114.515 -0.000393727
-116.259 -0.000409665
-117.96 -0.00042554
-119.621 -0.000441357
-121.245 -0.000457122
-122.836 -0.000472838
-124.396 -0.000488509
-125.928 -0.00050414
-127.434 -0.000519733
-128.915 -0.000535291
-130.374 -0.000550817
-131.592 -0.000557223
-132.74 -0.000561538
-133.867 -0.000565782
-134.975 -0.00056996
-136.064 -0.000574077
-137.136 -0.000578136
-138.192 -0.000582142
-139.233 -0.000586098
-140.26 -0.000590006
-141.274 -0.00059387
-142.275 -0.000597693
-143.265 -0.000601477
-144.243 -0.000605223
-145.211 -0.000608935
-146.169 -0.000612614
-147.117 -0.000616262
-148.057 -0.00061988
-148.988 -0.00062347
-149.911 -0.000627034
-150.826 -0.000630573
-151.735 -0.000634088
-152.636 -0.00063758
-153.53 -0.000641051
-154.419 -0.000644501
-155.301 -0.000647932
-156.178 -0.000651344
-157.049 -0.000654738
-141.681 -0.000628536
-128.819 -0.000606341
-117.964 -0.000587809
-108.685 -0.000572285
-100.681 -0.000559255
-93.7105 -0.000548266
-87.583 -0.000538935
-82.1469 -0.000530949
-77.2823 -0.000524053
-72.8933 -0.000518042
-68.9037 -0.000512752
-65.2518 -0.00050805
-61.8878 -0.000503829
-58.771 -0.000500005
-55.8677 -0.000496506
-53.1503 -0.000493277
-50.5957 -0.000490271
-48.1842 -0.00048745
-45.8995 -0.000484782
-43.7274 -0.000482241
-41.6561 -0.000479806
-39.6752 -0.000477457
-37.7756 -0.000475181
-35.9497 -0.000472964
-34.1906 -0.000470796
-32.4924 -0.000468666
-30.8497 -0.000466569
-29.2579 -0.000464497
-27.7129 -0.000462444
-26.211 -0.000460407
-24.7488 -0.00045838
-23.3235 -0.000456361
-21.9322 -0.000454347
-20.2694 -0.000441328
-18.6106 -0.000427337
-16.9794 -0.000413316
-15.3741 -0.000399266
-13.7931 -0.000385187
-12.235 -0.000371082
-10.6984 -0.000356952
-9.18213 -0.000342797
-7.68495 -0.000328619
-6.20584 -0.000314419
-4.74382 -0.000300198
-2.7393 -0.000279485
-0.260414 -0.000253066
2.20348 -0.00022662
6.06408 -0.00019259
10.592 -0.000155414
23.8287 -0.000108723
44.0907 -6.2868e-05
64.346 -1.69893e-05
81.5197 4.80722e-05
88.424 0.000187993
93.3989 0.000343781
96.9956 0.000516134
100.082 0.000694312
103.097 0.000872954
105.568 0.00106125
107.553 0.00125805
109.474 0.00145533
111.336 0.00165305
113.145 0.00185116
114.906 0.00204962
116.622 0.0022484
118.299 0.00244748
119.938 0.00264683
121.544 0.00284643
123.119 0.00304626
124.665 0.0032463
126.184 0.00344653
127.679 0.00364695
129.146 0.00384778
130.331 0.00406136
131.492 0.00427515
132.633 0.00448914
133.753 0.00470332
134.855 0.00491767
135.94 0.00513218
137.008 0.00534684
138.061 0.00556164
139.1 0.00577658
140.125 0.00599164
141.137 0.00620682
142.138 0.00642211
143.127 0.00663751
144.105 0.006853
145.073 0.00706859
146.032 0.00728427
146.981 0.00750004
147.922 0.00771588
148.854 0.0079318
149.779 0.00814779
150.696 0.00836385
151.606 0.00857998
152.509 0.00879616
153.406 0.00901241
154.296 0.00922872
155.181 0.00944507
156.06 0.00966149
156.933 0.00987795
157.802 0.0100945
158.665 0.010311
159.524 0.0105276
160.071 0.0107461
160.282 0.0109665
160.488 0.011187
160.69 0.0114076
160.889 0.0116282
161.083 0.0118488
145.761 0.0117376
132.961 0.011608
122.168 0.0114632
112.944 0.0113063
104.983 0.0111397
98.0456 0.0109652
91.9414 0.0107842
86.5208 0.010598
81.6652 0.0104074
77.2803 0.0102133
73.2908 0.0100162
69.636 0.00981658
66.2668 0.00961486
63.1429 0.00941135
60.2313 0.0092063
57.5046 0.00899993
54.9399 0.00879241
52.5178 0.0085839
50.2222 0.00837452
48.0391 0.00816438
45.9565 0.00795356
43.9643 0.00774215
42.0535 0.0075302
40.2165 0.00731778
38.4463 0.00710494
36.7372 0.00689171
35.0837 0.00667814
33.4814 0.00646425
31.926 0.00625009
30.4139 0.00603566
28.9417 0.00582101
27.5065 0.00560614
26.1057 0.00539107
24.7367 0.00517582
23.3975 0.00496041
22.086 0.00474485
20.8004 0.00452914
19.5392 0.00431331
18.3007 0.00409735
17.0836 0.00388129
15.8866 0.00366512
14.7086 0.00344885
13.5484 0.0032325
12.2185 0.00302411
10.7629 0.00282177
9.32291 0.00261937
7.89768 0.00241692
6.48647 0.00221442
5.08861 0.00201186
3.70343 0.00180926
2.33035 0.00160661
0.968785 0.00140392
-0.381779 0.00120118
-1.72184 0.000998413
-3.40983 0.000802112
-5.77903 0.000618347
-8.13854 0.000434552
-11.6327 0.000264401
-15.9278 0.000103906
-27.8951 3.06917e-06
-47.895 -4.46223e-05
-68.1933 -9.05093e-05
-85.5098 -0.000137578
-92.223 -0.00017832
-96.9633 -0.000216563
-100.282 -0.00024574
-103.177 -0.000273729
-106.04 -0.000301385
-108.193 -0.000320439
-110.03 -0.000336754
-111.823 -0.000352798
-113.569 -0.000368772
-115.272 -0.000384682
-116.936 -0.000400536
-118.564 -0.000416337
-120.159 -0.00043209
-121.724 -0.000447799
-123.261 -0.000463467
-124.772 -0.000479098
-126.258 -0.000494693
-127.722 -0.000510256
-129.166 -0.000525789
-130.37 -0.000531991
-131.505 -0.000536439
-132.621 -0.000540692
-133.719 -0.000544883
-134.8 -0.000549016
-135.864 -0.000553095
-136.914 -0.000557122
-137.949 -0.000561101
-138.971 -0.000565036
-139.98 -0.000568928
-140.978 -0.00057278
-141.964 -0.000576594
-142.94 -0.000580372
-143.905 -0.000584117
-144.861 -0.00058783
-145.808 -0.000591512
-146.747 -0.000595166
-147.677 -0.000598793
-148.6 -0.000602393
-149.515 -0.000605969
-150.423 -0.000609522
-151.324 -0.000613052
-152.219 -0.000616561
-153.107 -0.000620049
-153.99 -0.000623518
-154.868 -0.000626969
-155.739 -0.000630401
-156.606 -0.000633817
-157.468 -0.000637217
-158.325 -0.000640601
-159.178 -0.00064397
-160.026 -0.000647325
-160.495 -0.000648789
-160.696 -0.000649562
-160.893 -0.000650086
-161.086 -0.000650597
-161.276 -0.000651096
-161.461 -0.000651583
-146.151 -0.000625462
-133.368 -0.000603378
-122.592 -0.000584964
-113.382 -0.000569535
-105.432 -0.000556571
-98.5025 -0.000545619
-92.4045 -0.000536302
-86.9884 -0.000528308
-82.1358 -0.000521389
-77.7528 -0.000515343
-73.7643 -0.000510008
-70.1098 -0.000505256
-66.7402 -0.000500981
-63.6155 -0.0004971
-60.7028 -0.000493544
-57.9746 -0.000490257
-55.4082 -0.000487193
-52.9843 -0.000484315
-50.6867 -0.000481592
-48.5014 -0.000478997
-46.4166 -0.000476509
-44.4221 -0.000474111
-42.509 -0.000471786
-40.6696 -0.000469523
-38.897 -0.00046731
-37.1854 -0.000465139
-35.5296 -0.000463001
-33.9248 -0.00046089
-32.3669 -0.000458801
-30.8524 -0.000456729
-29.3778 -0.000454669
-27.9402 -0.000452618
-26.5369 -0.000450574
-25.1655 -0.000448533
-23.8239 -0.000446494
-22.5101 -0.000444454
-21.2222 -0.000442412
-19.9586 -0.000440367
-18.7178 -0.000438318
-17.4984 -0.000436263
-16.2992 -0.000434202
-15.1189 -0.000432134
-13.9566 -0.000430058
-12.8112 -0.000427974
-11.4426 -0.0004171
-10 -0.000402914
-8.57224 -0.000388706
-7.1585 -0.000374477
-5.75811 -0.000360228
-4.37045 -0.00034596
-2.99489 -0.000331674
-1.63089 -0.000317369
-0.277902 -0.000303048
1.06456 -0.000288711
2.42713 -0.000274007
4.79923 -0.000247444
7.16159 -0.00022086
10.3009 -0.000190043
14.5992 -0.000152942
25.3605 -0.000107929
