0.1 -4.60825e-05
0.2 -4.84849e-05
0.3 -5.08873e-05
0.4 -5.32897e-05
0.5 -5.56921e-05
0.6 -5.80945e-05
0.7 -6.04969e-05
0.8 -6.28993e-05
0.9 -6.53017e-05
1 -6.77041e-05
0 -6.77041e-05
24.7679 -3.17676e-05
49.3355 5.51578e-06
71.1694 6.21009e-05
90.0097 0.000143931
107.649 0.000237378
124.595 0.000334573
137.76 0.000452979
143.896 0.000615587
146.764 0.00079953
149.069 0.000984351
131.803 0.000884329
114.965 0.000781497
98.8427 0.000673972
83.6446 0.00056039
69.52 0.000439788
55.8602 0.000320918
42.9386 0.000199288
30.0767 7.96316e-05
12.166 1.95094e-06
-10.925 -3.99582e-05
-33.8736 -8.21452e-05
-56.6632 -0.000124606
-77.395 -0.000168092
-93.6809 -0.000210415
-105.816 -0.000247042
-116.06 -0.000283232
-124.719 -0.000319454
-131.145 -0.000350298
-135.801 -0.00037727
-139.607 -0.000403843
-122.448 -0.000377896
-106.006 -0.000352065
-90.5831 -0.000326437
-76.3452 -0.000301062
-63.2188 -0.000274797
-50.5904 -0.000243558
-38.9848 -0.000211904
-27.1059 -0.000177583
-10.1365 -0.000136176
11.9125 -9.49626e-05
33.8029 -5.33035e-05
55.5458 -1.12286e-05
74.336 4.93276e-05
87.5189 0.00014927
95.2042 0.00029425
103.089 0.000435363
109.677 0.00058888
114.981 0.000754968
119.783 0.000924162
124.176 0.00109586
128.237 0.00126959
131.241 0.00145993
133.892 0.00165378
136.322 0.00184915
138.57 0.00204577
140.667 0.0022434
142.638 0.00244188
144.502 0.00264107
146.275 0.00284085
147.971 0.00304113
131.693 0.00293238
117.309 0.00281076
104.703 0.00267715
93.6565 0.0025331
83.9661 0.00238006
75.4359 0.00221942
67.8888 0.0020524
61.1711 0.00188007
55.1524 0.00170334
49.7237 0.00152294
44.7945 0.00133948
40.2905 0.00115348
35.5956 0.000975303
30.8161 0.000802435
26.2842 0.00062839
21.9702 0.000453323
16.0312 0.000299067
10.2276 0.000144468
1.04353 2.06824e-05
-19.7549 -2.48619e-05
-40.5067 -7.0457e-05
-61.2159 -0.000116098
-80.6644 -0.000162566
-92.7029 -0.000208315
-98.9225 -0.000245339
-105.053 -0.00028273
-110.114 -0.000315286
-114.146 -0.000343191
-117.94 -0.000370966
-121.534 -0.000398631
-124.869 -0.000425058
-127.275 -0.000441486
-129.529 -0.000457705
-131.654 -0.000473746
-133.668 -0.000489636
-135.586 -0.000505397
-137.42 -0.000521047
-139.182 -0.000536601
-140.88 -0.000552072
-142.521 -0.000567471
-126.469 -0.000544283
-112.554 -0.000522719
-100.533 -0.000502688
-90.1121 -0.00048395
-81.042 -0.000466286
-73.1009 -0.000449491
-66.0989 -0.000433386
-59.8774 -0.000417819
-54.3061 -0.00040267
-49.2783 -0.00038784
-44.7076 -0.000373254
-40.5234 -0.000358851
-36.2765 -0.000339932
-31.7764 -0.000314835
-27.495 -0.000289619
-23.4053 -0.000264291
-17.8415 -0.000229954
-12.229 -0.000194459
-1.90367 -0.000151585
17.6463 -0.00010628
38.304 -6.15687e-05
58.9292 -1.67483e-05
76.8534 4.48757e-05
86.7096 0.000164304
92.8543 0.00031379
98.77 0.000464592
103.005 0.000635165
106.9 0.000808633
110.609 0.000983291
114.158 0.00115897
116.942 0.00134771
119.355 0.00154191
121.641 0.00173704
123.816 0.00193297
125.893 0.00212961
127.885 0.00232686
129.802 0.00252465
131.651 0.00272293
133.44 0.00292165
135.176 0.00312074
136.863 0.00332018
138.506 0.00351993
140.11 0.00371996
141.678 0.00392025
143.213 0.00412077
144.718 0.0043215
146.195 0.00452242
147.647 0.00472352
148.91 0.00493256
150.033 0.00514724
134.34 0.00503855
120.936 0.00491297
109.504 0.00477244
99.6865 0.00461955
91.2096 0.00445633
83.8401 0.00428457
77.3837 0.00410575
71.6297 0.00392382
66.3679 0.00374336
61.5934 0.0035599
57.2288 0.00337392
53.2115 0.00318586
49.4907 0.00299602
46.0246 0.00280469
42.7791 0.00261208
39.7256 0.00241836
36.8402 0.00222369
34.103 0.00202819
31.4969 0.00183196
29.0074 0.00163509
26.6221 0.00143766
24.3303 0.00123973
22.0046 0.00104349
18.8533 0.000863166
15.7676 0.000682563
12.7419 0.000501708
8.47779 0.000336072
3.64107 0.000177681
-3.53291 3.99316e-05
-22.1098 -1.72745e-05
-42.5274 -6.33679e-05
-62.9291 -0.000109478
-82.0848 -0.000156399
-93.262 -0.000202568
-98.1402 -0.000239149
-103.493 -0.000276756
-107.336 -0.000306333
-110.747 -0.000334138
-114.038 -0.000361874
-117.224 -0.00038955
-119.625 -0.000408405
-121.736 -0.000424707
-123.758 -0.000440882
-125.702 -0.000456946
-127.576 -0.000472911
-129.388 -0.000488789
-131.143 -0.000504588
-132.849 -0.000520317
-134.509 -0.000535983
-136.129 -0.000551592
-137.711 -0.00056715
-139.259 -0.000582662
-140.776 -0.000598132
-142.265 -0.000613563
-143.727 -0.000628959
-145.166 -0.000644323
-146.582 -0.000659658
-147.968 -0.00067455
-149.065 -0.000678492
-150.142 -0.000682369
-134.522 -0.000655807
-121.246 -0.000632956
-109.954 -0.000613703
-100.273 -0.000597508
-91.9198 -0.000583913
-84.6595 -0.000572481
-78.2975 -0.000562828
-72.6759 -0.000554624
-67.5482 -0.000542398
-62.8419 -0.000527862
-58.5352 -0.000513506
-54.5672 -0.000499284
-50.8883 -0.000485158
-47.4579 -0.000471102
-44.2425 -0.000457093
-41.2146 -0.000443114
-38.3508 -0.000429154
-35.6316 -0.000415203
-33.0405 -0.000401252
-30.5634 -0.000387296
-28.1883 -0.00037333
-25.9046 -0.000359352
-23.7033 -0.000345358
-20.5958 -0.00032
-17.5143 -0.000294125
-14.491 -0.000268186
-10.337 -0.000235835
-5.50018 -0.000199493
1.8468 -0.000157957
20.5342 -0.000111524
40.9547 -6.6143e-05
61.3597 -2.07089e-05
79.4723 3.88999e-05
89.0816 0.000158625
94.5895 0.000311495
99.9058 0.000465877
103.487 0.000641056
106.933 0.0008171
110.263 0.000993898
113.419 0.0011727
115.677 0.00136772
117.836 0.00156345
119.906 0.00175984
121.899 0.00195679
123.821 0.00215426
125.682 0.00235218
127.486 0.00255051
129.239 0.00274921
130.946 0.00294824
132.612 0.00314758
134.239 0.0033472
135.831 0.00354707
137.392 0.00374717
138.922 0.00394749
140.426 0.004148
141.905 0.00434869
143.361 0.00454955
144.643 0.0047578
145.781 0.00497204
146.899 0.00518647
147.996 0.00540109
149.075 0.00561587
150.136 0.0058308
151.182 0.00604589
152.212 0.0062611
153.229 0.00647645
154.232 0.00669192
155.223 0.0069075
156.202 0.00712318
157.17 0.00733897
141.68 0.00722893
128.625 0.007101
117.572 0.00695789
108.115 0.00680256
99.9601 0.00663718
92.8666 0.0064636
86.6413 0.00628331
81.1294 0.00609754
76.207 0.00590726
71.7754 0.00571325
67.7552 0.00551615
64.0825 0.00531647
60.7055 0.0051146
57.5821 0.00491089
54.6773 0.0047056
51.9625 0.00449897
49.4137 0.00429117
47.0107 0.00408237
44.7366 0.00387269
42.3958 0.00366991
40.0234 0.00347213
37.739 0.00327389
35.5343 0.00307525
33.4019 0.00287626
31.3353 0.00267693
29.3288 0.00247732
27.3774 0.00227743
25.4766 0.0020773
23.6222 0.00187695
21.8109 0.0016764
20.0393 0.00147566
18.3045 0.00127475
16.6038 0.00107367
14.0094 0.000889211
11.3283 0.000706744
8.6747 0.000524174
5.03328 0.000353611
0.489207 0.000194035
-6.50767 5.46416e-05
-23.3304 -1.33744e-05
-43.646 -5.96257e-05
-63.9522 -0.000105886
-83.0583 -0.000152928
-94.0386 -0.00019927
-98.4952 -0.000235768
-103.575 -0.00027345
-106.968 -0.000301967
-110.141 -0.000329726
-113.229 -0.000357435
-116.203 -0.000384625
-118.247 -0.000400941
-120.216 -0.000417149
-122.118 -0.000433258
-123.959 -0.00044928
-125.745 -0.000465224
-127.482 -0.000481097
-129.174 -0.000496905
-130.825 -0.000512656
-132.439 -0.000528353
-134.02 -0.000544002
-135.569 -0.000559607
-137.089 -0.000575171
-138.583 -0.000590698
-140.052 -0.00060619
-141.499 -0.000621651
-142.924 -0.000637083
-144.33 -0.000652487
-145.5 -0.00065892
-146.594 -0.000662981
-147.67 -0.000666982
-148.729 -0.000670927
-149.771 -0.000674819
-150.799 -0.000678661
-151.813 -0.000682458
-152.814 -0.000686213
-153.802 -0.000689926
-154.779 -0.000693602
-155.745 -0.000697243
-156.701 -0.00070085
-157.647 -0.000704425
-142.189 -0.000678098
-129.185 -0.000655684
-118.184 -0.000636923
-108.775 -0.000621195
-100.661 -0.000608003
-93.6028 -0.000596897
-87.4065 -0.000587491
-81.9184 -0.000579466
-77.0154 -0.000572559
-72.5994 -0.000566561
-68.5918 -0.0005613
-64.9292 -0.00055664
-61.5603 -0.000552472
-58.443 -0.000548706
-55.5431 -0.000545271
-52.8318 -0.000542108
-50.2855 -0.00053917
-47.8842 -0.000536416
-45.611 -0.000533815
-43.3664 -0.000528252
-40.9952 -0.000514535
-38.7114 -0.000500784
-36.5066 -0.000487
-34.3735 -0.000473182
-32.3059 -0.000459331
-30.2979 -0.000445448
-28.3446 -0.000431533
-26.4415 -0.000417588
-24.5848 -0.000403614
-22.7707 -0.000389611
-20.9961 -0.00037558
-19.2582 -0.000361522
-17.5543 -0.000347439
-15.0469 -0.000323679
-12.362 -0.000297484
-9.70447 -0.000271247
-6.11985 -0.00023987
-1.57129 -0.000203159
5.47962 -0.000162461
22.4267 -0.000115456
42.7458 -6.97751e-05
63.0554 -2.40608e-05
81.9701 2.99886e-05
92.3967 0.000141432
96.4741 0.000305268
101.492 0.000461389
104.784 0.000638305
107.98 0.000815839
111.092 0.000993922
113.943 0.00117605
116.013 0.0013723
118.009 0.00156911
119.936 0.00176641
121.803 0.00196415
123.616 0.0021623
125.378 0.00236082
127.095 0.00255966
128.771 0.00275881
130.41 0.00295823
132.014 0.00315791
133.586 0.00335782
135.129 0.00355794
136.645 0.00375826
138.136 0.00395876
139.604 0.00415943
141.051 0.00436025
142.451 0.00456248
143.586 0.0047766
144.701 0.00499091
145.798 0.00520539
146.877 0.00542003
147.939 0.00563483
148.986 0.00584976
150.019 0.00606483
151.038 0.00628002
152.044 0.00649533
153.039 0.00671075
154.022 0.00692628
154.994 0.0071419
155.956 0.00735762
156.909 0.00757342
157.352 0.00779227
157.65 0.008012
157.939 0.00823181
158.221 0.0084517
158.495 0.00867165
158.761 0.00889167
159.02 0.00911176
159.273 0.0093319
159.52 0.0095521
144.135 0.00944137
131.241 0.00931237
120.356 0.00916814
111.052 0.0090118
103.026 0.00884559
96.0375 0.00867136
89.8958 0.00849059
84.4486 0.00830448
79.5752 0.00811397
75.1797 0.00791984
71.1851 0.00772268
67.5297 0.007523
64.1633 0.00732118
61.0449 0.00711755
58.1409 0.00691238
55.4234 0.00670587
52.869 0.00649822
50.4583 0.00628957
48.1747 0.00608004
46.0041 0.00586976
43.9345 0.0056588
41.9554 0.00544725
40.0579 0.00523516
38.2342 0.00502261
36.4774 0.00480963
34.7816 0.00459628
33.1414 0.00438258
31.5522 0.00416858
30.0098 0.00395429
28.5105 0.00373976
26.9203 0.00353055
25.1694 0.00332956
23.4526 0.00312842
21.7676 0.00292715
20.1122 0.00272574
18.4846 0.00252422
16.8829 0.00232259
15.3055 0.00212085
13.7511 0.00191902
12.2182 0.0017171
10.7055 0.00151509
9.21198 0.001313
7.7365 0.00111084
5.80304 0.000917222
3.31344 0.000733938
0.839555 0.000550601
-2.12831 0.000373292
-6.52274 0.000213151
-12.0765 6.30306e-05
-28.169 -9.27284e-06
-48.4255 -5.56082e-05
-68.6756 -0.00010195
-86.9472 -0.000149229
-96.1431 -0.000192996
-101.099 -0.000230715
-105.603 -0.000266235
-108.672 -0.000293979
-111.668 -0.00032168
-114.601 -0.000349343
-116.934 -0.000370188
-118.839 -0.000386358
-120.685 -0.000402443
-122.479 -0.000418451
-124.224 -0.000434389
-125.925 -0.000450264
-127.587 -0.00046608
-129.211 -0.000481844
-130.803 -0.000497559
-132.363 -0.00051323
-133.895 -0.000528859
-135.401 -0.000544451
-136.882 -0.000560008
-138.341 -0.000575533
-139.779 -0.000591028
-141.197 -0.000606495
-142.482 -0.000617213
-143.592 -0.000621397
-144.683 -0.00062552
-145.757 -0.000629584
-146.815 -0.000633595
-147.857 -0.000637554
-148.886 -0.000641467
-149.901 -0.000645335
-150.903 -0.00064916
-151.894 -0.000652947
-152.874 -0.000656696
-153.842 -0.00066041
-154.801 -0.000664091
-155.751 -0.000667741
-156.691 -0.000671361
-157.623 -0.000674953
-157.94 -0.000675867
-158.219 -0.000676626
-158.491 -0.00067736
-158.755 -0.000678069
-159.012 -0.000678756
-159.263 -0.000679421
-159.508 -0.000680066
-159.746 -0.000680691
-159.979 -0.000681297
-144.614 -0.000655103
-131.748 -0.000632899
-120.891 -0.000614366
-111.61 -0.00059884
-103.604 -0.000585807
-96.6323 -0.000574814
-90.5031 -0.00056548
-85.0656 -0.000557491
-80.1995 -0.000550592
-75.8093 -0.000544578
-71.8185 -0.000539285
-68.1655 -0.00053458
-64.8006 -0.000530356
-61.6828 -0.000526529
-58.7787 -0.000523028
-56.0606 -0.000519797
-53.5052 -0.000516789
-51.0931 -0.000513965
-48.8077 -0.000511295
-46.6352 -0.000508752
-44.5634 -0.000506314
-42.5819 -0.000503964
-40.682 -0.000501686
-38.8556 -0.000499467
-37.0962 -0.000497296
-35.3976 -0.000495165
-33.7546 -0.000493066
-32.1625 -0.000490992
-30.6172 -0.000488938
-29.115 -0.000486899
-27.6526 -0.000484871
-26.2028 -0.000481975
-24.4827 -0.000468035
-22.7944 -0.000454061
-21.1357 -0.000440056
-19.5046 -0.000426021
-17.8995 -0.000411958
-16.3187 -0.000397867
-14.7608 -0.00038375
-13.2244 -0.000369609
-11.7083 -0.000355444
-10.2114 -0.000341256
-8.73244 -0.000327046
-7.27061 -0.000312816
-4.82123 -0.000286935
-2.3432 -0.000260507
0.119956 -0.000234053
4.45863 -0.000197449
9.67675 -0.00015917
23.9448 -0.000112295
44.2052 -6.64344e-05
64.4592 -2.05501e-05
82.1915 4.09586e-05
90.2333 0.000171883
95.2062 0.000327683
99.2485 0.000494527
102.334 0.00067271
105.349 0.000851357
108.223 0.00103187
110.21 0.00122866
112.132 0.00142594
113.995 0.00162364
115.805 0.00182174
117.567 0.0020202
119.284 0.00221898
120.961 0.00241806
122.602 0.0026174
124.208 0.002817
125.783 0.00301682
127.33 0.00321686
128.849 0.00341709
130.344 0.0036175
131.817 0.00381808
133.268 0.00401882
134.495 0.00422951
135.637 0.00444349
136.759 0.00465766
137.862 0.004872
138.947 0.0050865
140.017 0.00530115
141.071 0.00551594
142.11 0.00573087
143.136 0.00594593
144.149 0.0061611
145.15 0.00637639
146.14 0.00659178
147.119 0.00680727
148.088 0.00702285
149.047 0.00723853
149.997 0.00745429
150.938 0.00767013
151.871 0.00788604
152.796 0.00810203
153.713 0.00831809
154.623 0.00853421
155.527 0.00875039
156.424 0.00896664
157.315 0.00918294
158.2 0.0093993
158.957 0.00961643
159.193 0.00983667
159.424 0.010057
159.649 0.0102773
159.869 0.0104977
160.084 0.0107181
160.295 0.0109386
160.502 0.0111591
160.704 0.0113796
160.902 0.0116002
161.096 0.0118208
145.774 0.0117097
132.973 0.0115801
122.179 0.0114352
112.954 0.0112784
104.992 0.0111118
98.0536 0.0109373
91.9484 0.0107563
86.5269 0.0105701
81.6705 0.0103795
77.2849 0.0101854
73.2947 0.00998832
69.6393 0.00978871
66.2695 0.009587
63.1451 0.00938349
60.233 0.00917844
57.5059 0.00897208
54.9408 0.00876457
52.5184 0.00855606
50.2224 0.00834668
48.0389 0.00813655
45.9561 0.00792573
43.9636 0.00771432
42.0526 0.00750238
40.2153 0.00728996
38.445 0.00707712
36.7356 0.00686389
35.082 0.00665032
33.4795 0.00643644
31.9239 0.00622228
30.4116 0.00600786
28.9393 0.0057932
27.504 0.00557833
26.103 0.00536327
24.734 0.00514802
23.3946 0.00493261
22.083 0.00471705
20.7974 0.00450135
19.536 0.00428551
18.2974 0.00406956
17.0803 0.0038535
15.8832 0.00363733
14.7051 0.00342106
13.4913 0.00320702
12.0195 0.00300475
10.5641 0.00280242
9.12426 0.00260003
7.69917 0.00239758
6.28811 0.00219508
4.89037 0.00199253
3.50533 0.00178993
2.13238 0.00158728
0.770939 0.00138459
-0.579505 0.00118187
-1.91945 0.000979097
-3.85155 0.000787241
-6.22039 0.000603478
-8.57956 0.000419686
-12.3543 0.000252893
-16.7314 9.3075e-05
-29.707 -3.2965e-07
-49.9249 -4.67174e-05
-70.138 -9.31095e-05
-87.5 -0.00014068
-94.599 -0.000181992
-99.4028 -0.000219731
-102.881 -0.000250273
-105.799 -0.000277955
-108.662 -0.000305604
-110.991 -0.000327169
-112.834 -0.000343285
-114.627 -0.000359325
-116.372 -0.000375297
-118.075 -0.000391207
-119.739 -0.000407059
-121.367 -0.000422859
-122.961 -0.000438611
-124.526 -0.000454319
-126.062 -0.000469986
-127.573 -0.000485616
-129.059 -0.00050121
-130.523 -0.000516772
-131.966 -0.000532304
-133.331 -0.00054538
-134.467 -0.000549699
-135.584 -0.000553953
-136.682 -0.000558144
-137.763 -0.000562277
-138.828 -0.000566356
-139.877 -0.000570383
-140.913 -0.000574363
-141.935 -0.000578297
-142.945 -0.000582189
-143.942 -0.000586041
-144.929 -0.000589855
-145.904 -0.000593633
-146.87 -0.000597378
-147.826 -0.000601091
-148.773 -0.000604773
-149.712 -0.000608427
-150.642 -0.000612053
-151.565 -0.000615654
-152.48 -0.00061923
-153.388 -0.000622782
-154.289 -0.000626312
-155.184 -0.00062982
-156.073 -0.000633309
-156.956 -0.000636777
-157.833 -0.000640228
-158.705 -0.00064366
-159.439 -0.000646497
-159.663 -0.000647109
-159.882 -0.000647703
-160.096 -0.000648282
-160.305 -0.000648847
-160.51 -0.000649396
-160.711 -0.000649932
-160.908 -0.000650455
-161.101 -0.000650965
-161.291 -0.000651462
-161.476 -0.000651948
-146.166 -0.000625827
-133.383 -0.000603744
-122.606 -0.000585329
-113.395 -0.000569898
-105.445 -0.000556933
-98.515 -0.00054598
-92.4165 -0.00053666
-86.9998 -0.000528665
-82.1468 -0.000521745
-77.7633 -0.000515697
-73.7743 -0.00051036
-70.1193 -0.000505606
-66.7494 -0.00050133
-63.6243 -0.000497448
-60.7112 -0.00049389
-57.9827 -0.000490601
-55.416 -0.000487536
-52.9918 -0.000484657
-50.6939 -0.000481932
-48.5084 -0.000479336
-46.4234 -0.000476847
-44.4286 -0.000474448
-42.5153 -0.000472122
-40.6757 -0.000469858
-38.9029 -0.000467644
-37.1911 -0.000465471
-35.5351 -0.000463333
-33.9302 -0.000461221
-32.3722 -0.000459131
-30.8574 -0.000457058
-29.3827 -0.000454997
-27.9449 -0.000452945
-26.5415 -0.0004509
-25.1701 -0.000448859
-23.8284 -0.000446818
-22.5144 -0.000444778
-21.2264 -0.000442736
-19.9627 -0.00044069
-18.7218 -0.00043864
-17.5023 -0.000436584
-16.303 -0.000434522
-15.1227 -0.000432453
-13.9603 -0.000430377
-12.8147 -0.000428292
-11.4415 -0.000417249
-9.99891 -0.000403062
-8.57107 -0.000388854
-7.15728 -0.000374625
-5.75685 -0.000360375
-4.36914 -0.000346107
-2.99354 -0.00033182
-1.6295 -0.000317515
-0.276475 -0.000303194
1.06602 -0.000288856
2.43408 -0.000274089
4.80619 -0.000247525
7.16856 -0.000220941
10.3138 -0.000190091
14.6122 -0.00015299
25.3945 -0.000107958
