0.1 -3.60525e-05
0.2 -3.83716e-05
0.3 -4.06908e-05
0.4 -4.301e-05
0.5 -4.53291e-05
0.6 -4.76483e-05
0.7 -4.99675e-05
0.8 -5.22866e-05
0.9 -5.46058e-05
1 -5.69249e-05
0 -5.69249e-05
26.5207 -2.02971e-05
52.2433 2.15718e-05
73.8694 9.36655e-05
93.32 0.000185843
112.439 0.000280563
130.127 0.000383253
141.801 0.00052292
147.389 0.000701999
151.683 0.000884651
155.457 0.0010676
136.648 0.000966885
118.363 0.000862827
100.892 0.000753586
84.4217 0.000637986
69.0666 0.000515311
54.8734 0.000385301
41.1461 0.000256662
27.9173 0.00012793
13.2018 1.52347e-05
-11.4991 -2.77105e-05
-36.0526 -7.09198e-05
-60.4408 -0.000114389
-81.0638 -0.000159242
-95.9938 -0.000198556
-108.701 -0.000235959
-119.712 -0.000273425
-128.487 -0.000306544
-135.252 -0.000335629
-140.948 -0.000364235
-145.947 -0.000392563
-127.254 -0.000365595
-109.375 -0.000338692
-92.6016 -0.000311921
-77.0724 -0.000285311
-62.8414 -0.000258869
-49.8517 -0.000232311
-37.0731 -0.000199387
-25.2201 -0.000165996
-11.2375 -0.000125692
12.3483 -8.34468e-05
35.7768 -4.07627e-05
58.922 3.16369e-06
76.1406 8.54542e-05
87.0153 0.000216189
96.5837 0.000355694
104.914 0.00050647
111.939 0.000669674
118.426 0.000836113
124.474 0.00100517
130.069 0.00117823
134.745 0.00136535
139.139 0.00155436
143.301 0.0017449
147.272 0.0019367
151.082 0.00212954
154.758 0.00232324
158.321 0.00251767
161.786 0.00271271
165.169 0.00290826
168.479 0.00310426
150.652 0.00299539
134.772 0.00287384
120.687 0.00274069
108.165 0.00259756
96.9894 0.00244589
86.9601 0.00228706
77.898 0.00212225
69.6499 0.00195248
62.0867 0.00177861
55.1012 0.00160132
48.6051 0.00142119
42.5253 0.00123868
36.8018 0.00105418
31.0247 0.000874646
25.0572 0.000702094
19.3055 0.000528569
13.4586 0.000357579
6.32842 0.000203064
-1.74131 5.71082e-05
-20.3286 -1.2513e-05
-42.6525 -5.89727e-05
-64.9343 -0.000105479
-83.5156 -0.00015345
-92.7405 -0.00019464
-100.344 -0.000233312
-107.02 -0.00026804
-112.607 -0.000297799
-117.945 -0.000327433
-123.072 -0.000356965
-127.765 -0.000382908
-131.834 -0.000402511
-135.748 -0.00042192
-139.531 -0.000441163
-143.201 -0.000460267
-146.773 -0.000479251
-150.259 -0.000498132
-153.672 -0.000516924
-157.018 -0.000535639
-160.307 -0.000554287
-163.545 -0.000572877
-145.944 -0.000548315
-130.53 -0.000525165
-117.019 -0.000503322
-105.105 -0.000482564
-94.528 -0.000462692
-85.0642 -0.000443522
-76.5232 -0.000424898
-68.7476 -0.000406692
-61.609 -0.000388801
-55.0031 -0.000371144
-48.8451 -0.00035366
-43.0662 -0.000336299
-37.6101 -0.000319025
-32.2371 -0.000299392
-26.4999 -0.000272325
-20.9535 -0.000245136
-15.4504 -0.000217153
-8.49283 -0.000180319
-0.577987 -0.000141287
18.1294 -9.44721e-05
40.371 -4.88878e-05
62.5796 -3.19624e-06
78.8706 7.99998e-05
86.9096 0.000225188
94.2942 0.000375278
100.215 0.000542174
105.662 0.000713523
110.91 0.000886104
115.986 0.00105974
120.219 0.00124833
124.289 0.00143818
128.228 0.00162894
132.054 0.0018205
135.78 0.00201275
139.418 0.00220562
142.979 0.00239902
146.471 0.00259289
149.902 0.00278719
153.277 0.00298187
156.603 0.00317689
159.884 0.00337222
163.124 0.00356782
166.328 0.00376367
169.499 0.00395975
172.638 0.00415603
175.75 0.00435251
178.835 0.00454916
181.897 0.00474597
184.937 0.00494292
187.957 0.00514001
170.649 0.00502818
155.763 0.00490108
142.842 0.00476156
131.499 0.00461211
121.44 0.00445465
112.425 0.00429071
104.266 0.00412153
96.8085 0.00394809
89.9331 0.00377116
83.5431 0.00359135
77.5612 0.00340914
71.9252 0.00322494
66.5844 0.00303906
61.4974 0.00285174
56.6302 0.0026632
51.9544 0.0024736
47.4463 0.0022831
43.086 0.0020918
38.8564 0.0018998
34.7433 0.00170719
30.7342 0.00151405
26.8185 0.00132042
22.9869 0.00112636
19.2091 0.000932341
14.6623 0.000753581
10.1758 0.000574572
5.74442 0.000395335
-0.224661 0.00023473
-6.92531 8.10009e-05
-22.7131 -5.25734e-06
-44.7068 -5.22e-05
-66.6848 -9.9159e-05
-84.9272 -0.000147602
-92.8843 -0.000188656
-99.6209 -0.000227561
-105.117 -0.000259963
-110.014 -0.000289616
-114.788 -0.000319205
-119.45 -0.000348679
-123.283 -0.000368266
-127.016 -0.000387722
-130.661 -0.000407064
-134.229 -0.000426304
-137.727 -0.000445455
-141.163 -0.000464527
-144.544 -0.000483528
-147.875 -0.000502466
-151.161 -0.000521346
-154.406 -0.000540176
-157.614 -0.000558959
-160.788 -0.0005777
-163.931 -0.000596403
-167.046 -0.000615072
-170.135 -0.000633709
-173.2 -0.000652317
-176.242 -0.000670898
-179.264 -0.000689455
-182.267 -0.00070799
-185.252 -0.000726504
-188.221 -0.000744999
-170.99 -0.000720677
-156.246 -0.000696501
-143.459 -0.000674311
-132.248 -0.000654602
-122.326 -0.000636969
-113.423 -0.000617985
-105.362 -0.000599603
-97.9898 -0.000581574
-91.187 -0.000563808
-84.859 -0.000546234
-78.9299 -0.0005288
-73.3387 -0.000511465
-68.0359 -0.000494198
-62.9812 -0.000476976
-58.1411 -0.000459781
-53.488 -0.000442601
-48.9989 -0.000425424
-44.6543 -0.000408242
-40.4377 -0.000391051
-36.335 -0.000373846
-32.3342 -0.000356623
-28.4249 -0.00033938
-24.5981 -0.000322116
-20.8458 -0.00030483
-16.4048 -0.000278265
-11.9198 -0.000250373
-7.48866 -0.000222424
-1.60829 -0.000186308
5.11724 -0.000147592
21.1899 -0.000100384
43.1861 -5.4114e-05
65.1672 -7.7927e-06
81.9301 7.13016e-05
89.513 0.00021808
96.2692 0.000371415
101.485 0.000542959
106.411 0.000717248
111.217 0.000892278
115.708 0.00107219
119.581 0.00126311
123.356 0.00145471
127.044 0.00164694
130.655 0.0018397
134.196 0.00203295
137.676 0.00222664
141.101 0.00242072
144.475 0.00261515
147.803 0.00280989
151.09 0.00300493
154.339 0.00320024
157.553 0.00339578
160.736 0.00359155
163.889 0.00378752
167.016 0.00398368
170.118 0.00418
173.196 0.00437649
176.254 0.00457313
179.291 0.0047699
182.31 0.0049668
185.312 0.00516382
188.223 0.00536554
191.055 0.00557123
193.871 0.00577705
196.674 0.005983
199.462 0.00618906
202.238 0.00639522
205.002 0.0066015
207.755 0.00680786
210.496 0.00701432
213.228 0.00722086
196.196 0.00711147
181.622 0.00698502
169.023 0.00684447
157.989 0.00669267
148.223 0.00653171
139.487 0.00636332
131.592 0.00618888
124.386 0.00600951
117.751 0.00582609
111.591 0.00563935
105.831 0.00544983
100.408 0.00525799
95.2727 0.00506421
90.385 0.00486877
85.7112 0.00467193
81.2235 0.00447387
76.8988 0.00427478
72.635 0.00407929
68.424 0.00388704
64.3231 0.00369423
60.321 0.00350091
56.4079 0.00330715
52.5752 0.00311299
48.8154 0.00291847
45.122 0.00272362
41.4891 0.00252849
37.9118 0.00233308
34.3853 0.00213744
30.9057 0.00194157
27.4693 0.0017455
24.0729 0.00154924
20.7135 0.00135281
17.3886 0.00115623
14.0956 0.000959497
10.0941 0.000776398
5.98366 0.000595745
1.89884 0.000414995
-3.53292 0.000250413
-9.46858 9.16924e-05
-24.1136 -1.39236e-06
-45.9996 -4.84949e-05
-67.8766 -9.56063e-05
-86.1763 -0.000144155
-93.8966 -0.000185422
-100.31 -0.000224409
-105.386 -0.00025617
-110.001 -0.000285767
-114.533 -0.000315319
-118.823 -0.000342599
-122.457 -0.000362033
-126.019 -0.000381373
-129.516 -0.000400628
-132.957 -0.000419807
-136.345 -0.000438917
-139.686 -0.000457965
-142.984 -0.000476958
-146.243 -0.0004959
-149.466 -0.000514795
-152.657 -0.000533648
-155.817 -0.000552462
-158.95 -0.000571241
-162.057 -0.000589987
-165.141 -0.000608703
-168.203 -0.000627391
-171.245 -0.000646053
-174.267 -0.000664692
-177.272 -0.000683308
-180.26 -0.000701904
-183.233 -0.00072048
-186.192 -0.000739039
-189.021 -0.000751213
-191.814 -0.000762163
-194.595 -0.000773075
-197.363 -0.00078395
-200.119 -0.000794793
-202.865 -0.000805603
-205.6 -0.000816384
-208.325 -0.000827137
-211.041 -0.000837863
-213.748 -0.000848564
-196.752 -0.00082015
-182.233 -0.000795059
-169.69 -0.000773003
-158.708 -0.000753436
-148.987 -0.00073592
-140.289 -0.000720068
-132.425 -0.000705557
-125.245 -0.00069212
-118.631 -0.000679544
-112.488 -0.000667657
-106.741 -0.000656321
-101.329 -0.00064543
-96.2022 -0.000634894
-91.321 -0.000624646
-86.652 -0.00061463
-82.1678 -0.000604799
-77.8455 -0.000595119
-73.6408 -0.000584343
-69.4316 -0.000567306
-65.3316 -0.000550239
-61.3296 -0.000533144
-57.4158 -0.000516017
-53.582 -0.00049886
-49.8205 -0.000481673
-46.125 -0.000464456
-42.4896 -0.000447209
-38.9095 -0.000429933
-35.3799 -0.000412628
-31.897 -0.000395297
-28.4571 -0.000377939
-25.0569 -0.000360555
-21.6937 -0.000343146
-18.3647 -0.000325713
-15.0675 -0.000308257
-11.133 -0.000282616
-7.01801 -0.000254393
-2.92856 -0.000226135
2.4595 -0.000190693
8.41885 -0.000152381
23.2392 -0.000104873
45.1287 -5.82906e-05
67.0092 -1.16776e-05
84.4013 6.28683e-05
91.9803 0.000208696
98.4105 0.000363756
103.333 0.000536782
107.968 0.000712759
112.521 0.000889252
116.717 0.00107184
120.374 0.00126415
123.96 0.00145696
127.482 0.00165023
130.946 0.00184391
134.358 0.00203795
137.722 0.00223233
141.043 0.00242702
144.324 0.00262198
147.569 0.0028172
150.782 0.00301265
153.963 0.00320832
157.117 0.00340418
160.245 0.00360023
163.348 0.00379645
166.429 0.00399282
169.49 0.00418934
172.531 0.00438599
175.554 0.00458277
178.56 0.00477967
181.55 0.00497668
184.502 0.00517528
187.327 0.00538089
190.137 0.00558663
192.934 0.00579249
195.719 0.00599846
198.491 0.00620453
201.252 0.0064107
204.002 0.00661696
206.743 0.00682331
209.473 0.00702974
212.195 0.00723625
214.908 0.00744283
217.613 0.00764948
220.31 0.0078562
223 0.00806298
225.682 0.00826983
228.358 0.00847673
231.028 0.00868368
233.691 0.00889069
236.349 0.00909774
239.001 0.00930485
222.071 0.00919483
207.659 0.00906736
195.223 0.00892579
184.337 0.00877308
174.696 0.00861138
166.061 0.00844241
158.247 0.00826754
151.104 0.00808787
144.516 0.00790426
138.392 0.0077174
132.657 0.00752783
127.251 0.007336
122.127 0.00714226
117.244 0.00694689
112.572 0.00675014
108.082 0.0065522
103.752 0.00635323
99.564 0.00615336
95.5009 0.00595271
91.5494 0.00575137
87.6977 0.00554942
83.9357 0.00534694
80.2547 0.00514398
76.647 0.00494059
73.1058 0.00473682
69.6254 0.00453271
66.2005 0.00432829
62.7645 0.00412695
59.2706 0.00393105
55.8196 0.00373497
52.4082 0.0035387
49.0338 0.00334227
45.6936 0.00314569
42.3854 0.00294896
39.1069 0.0027521
35.8563 0.00255512
32.6318 0.00235803
29.4317 0.00216083
26.2546 0.00196353
23.0991 0.00176614
19.964 0.00156866
16.848 0.0013711
13.7501 0.00117347
10.6693 0.000975761
6.92422 0.000790705
2.99624 0.000609302
-0.917085 0.000427848
-6.0693 0.000261206
-11.7813 0.00010132
-25.4651 1.93223e-06
-47.1494 -4.60719e-05
-69.0262 -9.29258e-05
-87.6285 -0.000141092
-95.4937 -0.000182809
-101.651 -0.000222189
-106.543 -0.000253808
-110.95 -0.000283518
-115.311 -0.000313029
-119.395 -0.000339495
-122.877 -0.000358826
-126.307 -0.000378047
-129.687 -0.000397202
-133.023 -0.000416298
-136.318 -0.000435339
-139.575 -0.000454331
-142.799 -0.000473277
-145.99 -0.000492182
-149.153 -0.000511049
-152.289 -0.00052988
-155.4 -0.000548679
-158.488 -0.000567448
-161.554 -0.000586189
-164.601 -0.000604904
-167.629 -0.000623595
-170.64 -0.000642264
-173.634 -0.000660911
-176.614 -0.000679539
-179.579 -0.000698149
-182.53 -0.000716741
-185.421 -0.000732621
-188.21 -0.000743643
-190.987 -0.000754614
-193.753 -0.00076555
-196.507 -0.000776454
-199.251 -0.000787327
-201.986 -0.000798171
-204.711 -0.000808987
-207.427 -0.000819778
-210.135 -0.000830543
-212.835 -0.000841286
-215.527 -0.000852006
-218.212 -0.000862705
-220.89 -0.000873384
-223.562 -0.000884044
-226.227 -0.000894686
-228.886 -0.00090531
-231.54 -0.000915919
-234.188 -0.000926511
-236.831 -0.000937089
-239.469 -0.000947652
-222.56 -0.000919336
-208.178 -0.000894418
-195.772 -0.000872536
-184.912 -0.000853117
-175.293 -0.000835713
-166.677 -0.000819938
-158.876 -0.000805469
-151.745 -0.000792048
-145.166 -0.000779465
-139.048 -0.000767553
-133.317 -0.000756182
-127.915 -0.000745245
-122.793 -0.000734658
-117.912 -0.000724355
-113.24 -0.00071428
-108.75 -0.00070439
-104.42 -0.000694651
-100.23 -0.000685032
-96.1654 -0.00067551
-92.212 -0.000666067
-88.3582 -0.000656686
-84.594 -0.000647353
-80.9105 -0.000638059
-77.3001 -0.000628793
-73.7562 -0.00061955
-70.2729 -0.000610321
-66.845 -0.000601103
-63.4468 -0.000590867
-59.9498 -0.00057362
-56.4957 -0.000556341
-53.0813 -0.000539032
-49.7036 -0.000521693
-46.3602 -0.000504327
-43.0486 -0.000486934
-39.7668 -0.000469515
-36.5129 -0.000452072
-33.285 -0.000434605
-30.0816 -0.000417116
-26.9011 -0.000399605
-23.7422 -0.000382073
-20.6037 -0.000364522
-17.4844 -0.000346951
-14.3831 -0.000329363
-11.299 -0.000311756
-7.59594 -0.000286341
-3.66432 -0.000257911
0.252564 -0.000229457
5.3778 -0.000194369
11.0937 -0.000155993
24.8747 -0.000108679
46.6918 -6.19006e-05
68.4776 -1.50856e-05
86.7068 5.33474e-05
94.1858 0.000199186
100.437 0.000355423
105.206 0.000528743
109.652 0.000705959
114.027 0.0008835
118.047 0.00106726
121.548 0.00126064
124.993 0.00145439
128.389 0.00164848
131.74 0.00184289
135.049 0.00203759
138.321 0.00223256
141.558 0.00242778
144.763 0.00262322
147.939 0.00281886
151.088 0.0030147
154.212 0.00321072
157.313 0.0034069
160.392 0.00360323
163.451 0.0037997
166.49 0.00399631
169.513 0.00419304
172.518 0.00438989
175.509 0.00458684
178.484 0.0047839
181.446 0.00498106
184.318 0.00518308
187.118 0.00538885
189.905 0.00559472
192.681 0.00580068
195.446 0.00600675
198.199 0.00621291
200.943 0.00641915
203.678 0.00662548
206.403 0.00683189
209.12 0.00703837
211.828 0.00724492
214.529 0.00745154
217.222 0.00765822
219.909 0.00786497
222.588 0.00807177
225.261 0.00827863
227.928 0.00848554
230.59 0.0086925
233.245 0.00889951
235.895 0.00910657
238.541 0.00931367
241.181 0.00952082
243.816 0.009728
246.447 0.00993522
249.074 0.0101425
251.696 0.0103498
254.314 0.0105571
256.929 0.0107645
259.539 0.0109719
262.146 0.0111793
264.75 0.0113868
247.882 0.0112764
233.562 0.0111483
221.216 0.0110062
210.407 0.010853
200.828 0.0106909
192.242 0.0105217
184.464 0.0103467
177.346 0.0101669
170.776 0.00998327
164.663 0.00979641
158.933 0.00960688
153.528 0.00941512
148.401 0.00922146
143.514 0.0090262
138.835 0.00882956
134.336 0.00863173
129.997 0.00843288
125.798 0.00823314
121.723 0.00803261
117.76 0.0078314
113.895 0.00762958
110.121 0.00742722
106.427 0.00722438
102.806 0.00702111
99.2523 0.00681745
95.7589 0.00661345
92.3211 0.00640914
88.9342 0.00620454
85.5943 0.00599969
82.2976 0.0057946
79.0409 0.0055893
75.8213 0.0053838
72.6362 0.00517813
69.483 0.00497229
66.3597 0.00476629
63.2643 0.00456016
60.1949 0.0043539
57.0664 0.0041521
53.8771 0.00395481
50.7096 0.00375742
47.5625 0.00355995
44.4348 0.00336239
41.3254 0.00316477
38.2333 0.00296707
35.1575 0.0027693
32.0973 0.00257148
29.0518 0.00237359
26.0202 0.00217564
23.002 0.00197765
19.9964 0.0017796
17.0028 0.0015815
14.0207 0.00138336
11.0496 0.00118517
8.08896 0.000986948
4.48065 0.000800996
0.659908 0.000619175
-3.15152 0.000437323
-8.13321 0.000269433
-13.7564 0.000109237
-26.7136 4.93456e-06
-48.1246 -4.44784e-05
-70.0363 -9.09554e-05
-88.9982 -0.000138629
-97.0708 -0.000181424
-103.119 -0.000220534
-107.935 -0.000252197
-112.182 -0.000282055
-116.413 -0.000311533
-120.372 -0.00033777
-123.735 -0.000357022
-127.06 -0.000376138
-130.345 -0.0003952
-133.595 -0.000414214
-136.812 -0.000433185
-139.998 -0.000452115
-143.157 -0.000471007
-146.289 -0.000489866
-149.398 -0.000508692
-152.484 -0.000527489
-155.55 -0.000546258
-158.596 -0.000565002
-161.624 -0.000583722
-164.635 -0.000602419
-167.63 -0.000621096
-170.61 -0.000639753
-173.576 -0.000658392
-176.529 -0.000677014
-179.47 -0.00069562
-182.399 -0.00071421
-185.225 -0.000727598
-187.993 -0.000738651
-190.752 -0.00074961
-193.5 -0.000760538
-196.238 -0.000771436
-198.967 -0.000782307
-201.687 -0.000793151
-204.399 -0.00080397
-207.103 -0.000814765
-209.799 -0.000825537
-212.488 -0.000836288
-215.17 -0.000847019
-217.846 -0.000857729
-220.515 -0.000868422
-223.178 -0.000879096
-225.836 -0.000889754
-228.488 -0.000900396
-231.135 -0.000911022
-233.777 -0.000921633
-236.414 -0.00093223
-239.046 -0.000942814
-241.674 -0.000953384
-244.298 -0.000963942
-246.917 -0.000974488
-249.533 -0.000985023
-252.144 -0.000995547
-254.753 -0.00100606
-257.357 -0.00101656
-259.958 -0.00102706
-262.556 -0.00103754
-265.151 -0.00104801
-248.298 -0.00101975
-233.994 -0.000994936
-221.666 -0.000973141
-210.872 -0.000953789
-201.306 -0.000936429
-192.73 -0.000920673
-184.959 -0.000906206
-177.847 -0.00089277
-171.281 -0.00088016
-165.169 -0.000868213
-159.441 -0.0008568
-154.037 -0.000845817
-148.91 -0.000835182
-144.022 -0.000824829
-139.342 -0.000814705
-134.842 -0.000804766
-130.501 -0.000794978
-126.3 -0.000785312
-122.223 -0.000775745
-118.258 -0.000766258
-114.391 -0.000756835
-110.614 -0.000747462
-106.918 -0.00073813
-103.295 -0.000728828
-99.7379 -0.00071955
-96.2419 -0.000710289
-92.8014 -0.00070104
-89.4119 -0.000691799
-86.0693 -0.000682562
-82.7699 -0.000673326
-79.5105 -0.000664088
-76.2883 -0.000654846
-73.1004 -0.000645599
-69.9446 -0.000636346
-66.8187 -0.000627084
-63.7206 -0.000617813
-60.6486 -0.000608532
-57.5468 -0.000596596
-54.3548 -0.000579138
-51.1846 -0.000561656
-48.0349 -0.000544152
-44.9045 -0.000526626
-41.7925 -0.000509081
-38.6978 -0.000491516
-35.6194 -0.000473932
-32.5566 -0.000456331
-29.5086 -0.000438712
-26.4745 -0.000421077
-23.4538 -0.000403426
-20.4457 -0.00038576
-17.4497 -0.000368079
-14.4652 -0.000350384
-11.4917 -0.000332675
-8.52862 -0.000314954
-4.95001 -0.000289518
-1.12621 -0.000260953
2.68775 -0.000232365
7.64964 -0.000197487
13.2767 -0.000158974
26.3013 -0.000111983
