0.1 -9.30146
0.2 -10.1471
0.3 -10.9926
0.4 -11.8382
0.5 -12.6838
0.6 -13.5294
0.7 -14.375
0.8 -15.2206
0.9 -16.0662
1 -16.9118
0 -16.9118
24.7679 -30.7132
49.4404 -44.5359
71.4128 -58.7937
90.8373 -72.8458
108.274 -86.0092
125.298 -98.8857
138.793 -110.744
145.467 -119.285
148.343 -123.28
150.638 -124.827
133.367 -112.169
116.509 -99.4729
100.351 -86.7161
85.106 -73.888
70.9287 -60.9919
56.9972 -46.95
44.0191 -32.8697
30.7277 -18.5669
12.1593 -4.10151
-10.9352 9.21034
-33.8885 22.0102
-56.679 34.1697
-78.0469 46.8616
-94.2168 63.4276
-106.668 80.2508
-116.974 93.8775
-125.702 103.844
-132.46 111.016
-137.201 115.991
-141.072 119.192
-123.909 91.7809
-107.456 65.7465
-92.0147 41.6475
-77.756 19.8277
-64.4046 1.02893
-51.7428 -14.7871
-40.1078 -28.507
-28.2472 -39.6051
-10.1676 -45.988
11.8964 -50.1963
33.7992 -54.1104
55.5534 -57.7523
74.7083 -61.2595
88.2048 -64.6162
96.3326 -67.5917
104.261 -70.4012
111.168 -72.9639
116.513 -75.2178
121.347 -77.3381
125.767 -79.3334
129.847 -81.2118
133.15 -82.8542
135.817 -84.3171
138.26 -85.705
140.518 -87.0229
142.623 -88.2758
144.6 -89.4677
146.468 -90.6028
148.245 -91.6846
149.942 -92.7165
133.66 -80.7673
119.267 -69.5611
106.649 -59.119
95.5903 -49.4128
85.8882 -40.4008
77.3471 -32.036
69.7903 -24.2705
63.0639 -17.058
57.0376 -10.3545
51.6023 -4.11905
46.6675 1.68649
42.1584 7.09718
37.1651 12.8216
32.38 18.1856
27.8428 23.1574
23.2155 27.8526
17.2527 32.5788
11.4448 36.9432
0.0300452 41.1405
-19.7541 44.768
-40.5065 48.0833
-61.2161 51.1749
-80.8208 54.3086
-93.4011 58.8328
-100.072 64.2481
-106.214 69.0274
-111.585 73.3562
-115.631 77.4072
-119.438 80.9633
-123.042 84.1033
-126.476 86.8915
-129.084 89.5197
-131.348 91.9003
-133.482 94.032
-135.503 95.9501
-137.428 97.6842
-139.268 99.2585
-141.034 100.694
-142.736 102.007
-144.381 103.213
-128.326 77.1737
-114.407 55.0348
-102.381 36.1945
-91.9557 20.2027
-82.8816 6.61096
-74.9371 -4.98099
-67.9322 -14.9168
-61.7085 -23.4836
-56.1354 -30.9173
-51.1064 -37.4098
-46.5347 -43.1168
-42.3498 -48.1645
-37.8092 -52.4232
-33.3067 -56.1858
-29.0231 -59.592
-24.7828 -62.6643
-19.0369 -65.2155
-13.4225 -67.5735
-2.13182 -69.2287
17.6649 -70.1473
38.3219 -70.9775
58.9466 -71.7841
77.2608 -72.5946
88.7835 -73.4188
94.0453 -74.18
99.9666 -74.9286
104.512 -75.6089
108.416 -76.2554
112.133 -76.8865
115.687 -77.5027
118.758 -78.0738
121.18 -78.5874
123.472 -79.0901
125.653 -79.5821
127.736 -80.064
129.733 -80.5359
131.653 -80.9984
133.506 -81.4516
135.299 -81.8959
137.037 -82.3316
138.726 -82.759
140.372 -83.1782
141.978 -83.5896
143.547 -83.9933
145.084 -84.3897
146.59 -84.7789
148.069 -85.1611
149.522 -85.5365
150.953 -85.9054
152.159 -86.2269
136.358 -74.7706
123.057 -63.8234
111.62 -54.8637
101.799 -46.9756
93.3198 -39.9505
85.9479 -33.6311
79.4053 -27.502
73.5409 -21.6878
68.2643 -16.313
63.4781 -11.3287
59.1042 -6.69295
55.0795 -2.37004
51.3527 1.67104
47.8819 5.45725
44.6326 9.01217
41.576 12.3565
38.6883 15.5087
35.9491 18.4848
33.3415 21.2994
30.8508 23.9654
28.4645 26.4943
26.172 28.8966
23.5286 31.3344
20.3778 33.842
17.2925 36.2161
14.2672 38.4671
9.66211 40.7978
4.82675 43.0346
-3.41341 45.2273
-22.1468 47.1919
-42.5624 49.0068
-62.9622 50.7371
-82.2812 52.528
-94.0309 55.2522
-99.3794 58.689
-104.731 61.7887
-108.887 64.8019
-112.299 67.6429
-115.591 70.2339
-118.778 72.6066
-121.467 74.8613
-123.58 77.0167
-125.604 79.0015
-127.55 80.8355
-129.426 82.5358
-131.239 84.1166
-132.996 85.5907
-134.703 86.9686
-136.365 88.26
-137.985 89.473
-139.569 90.6149
-141.118 91.6921
-142.636 92.7101
-144.125 93.674
-145.588 94.5883
-147.027 95.4569
-148.444 96.2834
-149.841 97.071
-151.174 97.8286
-152.253 98.5834
-136.632 73.6765
-123.354 52.8705
-112.061 35.2735
-102.378 20.3911
-94.0243 7.7549
-86.7632 -3.03172
-80.4008 -12.2979
-74.6403 -20.0772
-69.4447 -26.8435
-64.7272 -32.7885
-60.4119 -38.0486
-56.4369 -42.7331
-52.7525 -46.9301
-49.3176 -50.7113
-46.0988 -54.1356
-43.0679 -57.2513
-40.2018 -60.0987
-37.4808 -62.7115
-34.8883 -65.1181
-32.4101 -67.3425
-30.034 -69.4051
-27.7496 -71.3236
-25.2678 -73.0764
-22.1224 -74.6278
-19.041 -76.0889
-16.0182 -77.4678
-11.5216 -78.6655
-6.68608 -79.7793
1.73056 -80.6774
20.5747 -81.1469
40.9932 -81.555
61.3964 -81.9558
80.3787 -82.359
91.159 -82.7809
95.8394 -83.1738
101.214 -83.5633
105.05 -83.9162
108.497 -84.2582
111.826 -84.595
115.052 -84.9267
117.529 -85.2219
119.689 -85.5026
121.762 -85.7793
123.756 -86.0522
125.681 -86.3215
127.542 -86.5871
129.347 -86.8491
131.102 -87.1077
132.81 -87.363
134.476 -87.6149
136.104 -87.8636
137.698 -88.1092
139.259 -88.3517
140.79 -88.5911
142.295 -88.8276
143.774 -89.0612
145.23 -89.292
146.665 -89.52
147.897 -89.7219
149.015 -89.9098
150.113 -90.0957
151.193 -90.2797
152.256 -90.4618
153.303 -90.6421
154.334 -90.8205
155.351 -90.9971
156.355 -91.172
157.347 -91.3451
158.326 -91.5166
159.295 -91.6864
143.804 -79.8198
130.748 -69.8538
119.694 -61.2705
110.236 -53.7416
102.08 -47.0467
94.9861 -41.0253
88.7602 -35.5577
83.2478 -30.5531
78.3251 -25.9412
73.8933 -21.6669
69.8729 -17.6862
66.2001 -13.9635
62.8231 -10.4694
59.6995 -7.17977
56.7948 -4.07396
54.08 -1.13455
51.5312 1.65344
49.1283 4.30302
46.7189 7.03451
44.248 9.88537
41.875 12.5895
39.5902 15.1585
37.3852 17.6025
35.2526 19.9307
33.1859 22.1515
31.1794 24.2725
29.228 26.3004
27.3272 28.2416
25.473 30.1016
23.6617 31.8856
21.8902 33.5984
20.1556 35.2443
18.2521 36.8765
15.5422 38.6403
12.8617 40.3295
10.2088 41.9491
6.22514 43.6194
1.68228 45.2667
-5.00992 46.898
-23.3639 48.3808
-43.6783 49.7577
-63.9831 51.0825
-83.2534 52.4618
-94.6489 54.6194
-99.7453 57.3595
-104.823 59.8797
-108.535 62.396
-111.709 64.7793
-114.796 66.9844
-117.808 69.0312
-120.106 71.0388
-122.077 72.9442
-123.979 74.7197
-125.821 76.3787
-127.609 77.9327
-129.347 79.3919
-131.04 80.7651
-132.692 82.0602
-134.307 83.2838
-135.888 84.4423
-137.437 85.5408
-138.958 86.5844
-140.452 87.5773
-141.922 88.5233
-143.369 89.426
-144.795 90.2885
-146.202 91.1137
-147.59 91.9042
-148.711 92.6971
-149.788 93.4607
-150.848 94.1932
-151.892 94.8967
-152.92 95.5731
-153.935 96.2241
-154.937 96.8512
-155.926 97.456
-156.903 98.0396
-157.87 98.6034
-158.826 99.1484
-159.772 99.6757
-144.314 75.0374
-131.308 54.6819
-120.307 37.5697
-110.897 23.1425
-102.783 10.9051
-95.7235 0.453137
-89.5267 -8.54024
-84.0382 -16.3373
-79.135 -23.1479
-74.7188 -29.1394
-70.7111 -34.4465
-67.0484 -39.1773
-63.6794 -43.4194
-60.5621 -47.2444
-57.6622 -50.7108
-54.951 -53.8672
-52.4047 -56.7538
-50.0035 -59.4045
-47.6897 -61.8317
-45.2207 -63.9815
-42.8489 -65.9828
-40.5647 -67.8511
-38.3595 -69.5999
-36.2263 -71.2408
-34.1585 -72.784
-32.1504 -74.2384
-30.1971 -75.6119
-28.2941 -76.9116
-26.4373 -78.1435
-24.6233 -79.3132
-22.8489 -80.4256
-21.1111 -81.4851
-19.2948 -82.4875
-16.5813 -83.3801
-13.8971 -84.2366
-11.2402 -85.0593
-7.31324 -85.796
-2.76588 -86.4807
4.03806 -87.0752
22.4593 -87.3752
42.7771 -87.6318
63.0854 -87.8851
82.164 -88.1405
93.1673 -88.41
97.7213 -88.6634
102.817 -88.9153
106.349 -89.144
109.545 -89.367
112.656 -89.5875
115.691 -89.8055
117.868 -89.9965
119.865 -90.1823
121.794 -90.3662
123.662 -90.5483
125.475 -90.7285
127.239 -90.907
128.957 -91.0837
130.634 -91.2587
132.273 -91.432
133.878 -91.6037
135.451 -91.7738
136.994 -91.9422
138.511 -92.1091
140.003 -92.2745
141.471 -92.4384
142.918 -92.6007
144.345 -92.7616
145.698 -92.916
146.814 -93.0494
147.911 -93.1817
148.991 -93.313
150.055 -93.4432
151.103 -93.5723
152.136 -93.7005
153.156 -93.8277
154.163 -93.9539
155.158 -94.0792
156.142 -94.2035
157.115 -94.3269
158.077 -94.4494
159.031 -94.571
159.975 -94.6917
160.91 -94.8116
161.837 -94.9306
162.756 -95.0487
163.668 -95.1661
164.573 -95.2826
165.471 -95.3983
166.362 -95.5132
167.248 -95.6273
151.86 -83.8727
138.967 -74.0785
128.081 -65.67
118.776 -58.3043
110.749 -51.7566
103.761 -45.8662
97.6191 -40.5147
92.1719 -35.6128
87.2987 -31.092
82.9034 -26.8985
78.9092 -22.9895
75.2542 -19.3305
71.8881 -15.8931
68.7702 -12.6538
65.8666 -9.59255
63.1495 -6.69262
60.5957 -3.93944
58.1854 -1.32046
55.9022 1.17532
53.7321 3.55754
51.6628 5.83477
49.6842 8.01461
47.7871 10.1039
45.9637 12.1087
44.2073 14.0346
42.5118 15.8867
40.872 17.6693
39.2831 19.3869
37.661 21.124
35.8349 23.0381
34.0481 24.8749
32.298 26.6391
30.582 28.3354
28.8977 29.9676
27.2431 31.5395
25.6162 33.0547
24.0152 34.5162
22.4385 35.927
20.8848 37.2899
19.3525 38.6074
17.8405 39.8818
16.3476 41.1153
14.7619 42.3302
12.2572 43.6724
9.76903 44.9674
7.29651 46.2179
3.63046 47.5066
-0.761926 48.7973
-7.82811 50.0679
-24.5398 51.2657
-44.7942 52.3657
-65.0422 53.4304
-84.3736 54.5359
-95.985 56.2668
-100.903 58.5331
-105.793 60.6436
-109.287 62.7778
-112.286 64.8167
-115.22 66.7212
-118.096 68.5049
-120.172 70.283
-122.023 71.9718
-123.82 73.5577
-125.57 75.0505
-127.275 76.4585
-128.939 77.7892
-130.567 79.0492
-132.162 80.2443
-133.725 81.3798
-135.259 82.4604
-136.767 83.4902
-138.251 84.473
-139.711 85.4122
-141.151 86.3109
-142.571 87.1719
-143.972 87.9978
-145.357 88.7908
-146.632 89.5662
-147.709 90.3367
-148.77 91.0774
-149.815 91.7903
-150.846 92.4772
-151.864 93.1395
-152.869 93.7787
-153.862 94.3961
-154.843 94.9931
-155.814 95.5706
-156.775 96.1299
-157.726 96.6718
-158.668 97.1972
-159.602 97.7071
-160.527 98.2022
-161.445 98.6832
-162.355 99.1508
-163.258 99.6057
-164.154 100.048
-165.044 100.48
-165.928 100.9
-166.806 101.309
-167.679 101.709
-152.309 77.2177
-139.445 57.0934
-128.587 40.2184
-119.306 26.0041
-111.3 13.9449
-104.328 3.63536
-98.1991 -5.24827
-92.7622 -12.9637
-87.897 -19.7157
-83.5077 -25.6677
-79.5179 -30.9503
-75.866 -35.6686
-72.5021 -39.9078
-69.3853 -43.7372
-66.4823 -47.214
-63.7652 -50.3852
-61.2108 -53.2902
-58.7996 -55.9619
-56.5152 -58.4281
-54.3436 -60.7123
-52.2726 -62.8347
-50.292 -64.8126
-48.3929 -66.661
-46.5673 -68.3926
-44.8086 -70.0189
-43.1108 -71.5496
-41.4685 -72.9935
-39.8771 -74.3581
-38.3178 -75.6474
-36.4892 -76.8101
-34.6999 -77.9176
-32.9471 -78.9742
-31.2284 -79.9835
-29.5413 -80.9489
-27.8838 -81.8735
-26.254 -82.76
-24.6501 -83.6109
-23.0705 -84.4287
-21.5138 -85.2152
-19.9785 -85.9726
-18.4635 -86.7026
-16.9676 -87.4067
-15.4364 -88.0839
-12.9284 -88.6908
-10.4369 -89.2792
-7.96105 -89.85
-4.32947 -90.3697
0.0665124 -90.853
7.17085 -91.2704
23.9639 -91.5095
44.2208 -91.6932
64.4715 -91.875
83.6813 -92.0584
95.0202 -92.2528
99.6171 -92.4371
104.52 -92.6204
107.9 -92.7876
110.914 -92.9506
113.864 -93.1122
116.755 -93.2723
118.754 -93.412
120.622 -93.5489
122.436 -93.6848
124.201 -93.8196
125.922 -93.9533
127.603 -94.0861
129.246 -94.2178
130.856 -94.3485
132.433 -94.4782
133.982 -94.607
135.504 -94.7348
137.002 -94.8617
138.476 -94.9877
139.929 -95.1127
141.361 -95.2369
142.775 -95.3601
144.172 -95.4825
145.408 -95.594
146.497 -95.6958
147.571 -95.797
148.628 -95.8975
149.671 -95.9974
150.7 -96.0966
151.717 -96.1952
152.721 -96.2933
153.713 -96.3907
154.694 -96.4875
155.665 -96.5838
156.627 -96.6795
157.579 -96.7746
158.522 -96.8692
159.457 -96.9632
160.384 -97.0567
161.303 -97.1496
162.215 -97.242
163.12 -97.3339
164.019 -97.4253
164.911 -97.5161
165.798 -97.6065
166.678 -97.6964
167.553 -97.7857
168.423 -97.8746
169.288 -97.963
170.148 -98.0509
171.003 -98.1384
171.337 -98.222
171.545 -98.3043
171.749 -98.3863
171.948 -98.4678
172.144 -98.5489
156.82 -86.8607
144.018 -77.1627
133.224 -68.85
123.998 -61.572
116.036 -55.102
109.097 -49.2798
102.993 -43.988
97.5715 -39.1383
92.7157 -34.6632
88.3307 -30.5098
84.3413 -26.636
80.6866 -23.0079
77.3176 -19.5975
74.1939 -16.3818
71.2826 -13.3412
68.5562 -10.4592
65.9918 -7.72142
63.5701 -5.11562
61.2748 -2.631
59.092 -0.258089
57.0098 2.01151
55.0179 4.18527
53.1075 6.26987
51.2708 8.27132
49.501 10.195
47.7922 12.046
46.1391 13.8286
44.5371 15.5469
42.982 17.2047
41.4702 18.8055
39.9983 20.3523
38.5635 21.8481
37.1629 23.2956
35.7943 24.6973
34.4553 26.0555
33.1441 27.3723
31.8589 28.6497
30.5979 29.8897
29.3597 31.0939
27.8966 32.4414
26.3714 33.8034
24.8654 35.1211
23.3777 36.3965
21.9073 37.6319
20.4533 38.8292
19.0147 39.9902
17.5909 41.1167
16.1811 42.2103
14.7845 43.2725
13.4006 44.3047
12.0288 45.3083
10.6684 46.2845
9.31902 47.2344
7.05801 48.2897
4.6813 49.3311
2.31458 50.3416
-0.966094 51.3726
-5.26687 52.4266
-11.4144 53.4658
-27.6155 54.459
-47.8302 55.3697
-68.0404 56.2548
-87.2856 57.1811
-98