0.1 -8.72409
0.2 -9.28529
0.3 -9.84649
0.4 -10.4077
0.5 -10.9689
0.6 -11.5301
0.7 -12.0913
0.8 -12.6525
0.9 -13.2137
1 -13.7749
0 -13.7749
26.5207 -27.8357
52.2433 -42.0742
73.8694 -56.5403
93.32 -70.2803
112.439 -83.8847
130.127 -97.3445
141.801 -109.782
147.389 -118.55
151.683 -123.051
155.457 -124.773
136.648 -111.78
118.363 -98.7358
100.892 -85.6134
84.4217 -72.4044
69.0666 -59.1164
54.8734 -45.7763
41.1461 -31.7121
27.9173 -17.2699
13.2018 -2.30913
-11.4991 11.2624
-36.0526 24.2867
-60.4408 36.6226
-81.0638 51.8407
-95.9938 70.6897
-108.701 86.7537
-119.712 98.8962
-128.487 107.855
-135.252 114.018
-140.948 117.972
-145.947 120.507
-127.254 92.9793
-109.375 67.0272
-92.6016 43.179
-77.0724 21.7224
-62.8414 2.75976
-49.8517 -13.7059
-37.0731 -26.9256
-25.2201 -38.3123
-11.2375 -46.6853
12.3483 -50.5963
35.7768 -54.2418
58.922 -57.6492
76.1406 -61.0107
87.0153 -64.0576
96.5837 -66.9009
104.914 -69.4699
111.939 -71.7796
118.426 -73.9558
124.474 -76.0066
130.069 -77.9124
134.745 -79.5425
139.139 -81.0877
143.301 -82.554
147.272 -83.9469
151.082 -85.2712
154.758 -86.5315
158.321 -87.7318
161.786 -88.8761
165.169 -89.9678
168.479 -91.0102
150.652 -78.7184
134.772 -67.2416
120.687 -56.5896
108.165 -46.7259
96.9894 -37.6013
86.9601 -29.1625
77.898 -21.3558
69.6499 -14.1296
62.0867 -7.43533
55.1012 -1.22773
48.6051 4.53491
42.5253 9.89086
36.8018 14.875
31.0247 19.7837
25.0572 24.6498
19.3055 29.1599
13.4586 33.4128
6.32842 37.6732
-1.74131 41.6641
-20.3286 45.3165
-42.6525 48.5379
-64.9343 51.5429
-83.5156 55.1601
-92.7405 60.5876
-100.344 65.6473
-107.02 70.2604
-112.607 74.5031
-117.945 78.2267
-123.072 81.5143
-127.765 84.4986
-131.834 87.2592
-135.748 89.7217
-139.531 91.9296
-143.201 93.9189
-146.773 95.7195
-150.259 97.3561
-153.672 98.8498
-157.018 100.218
-160.307 101.476
-163.545 102.636
-145.944 76.5681
-130.53 54.5138
-117.019 35.8195
-105.105 19.9921
-94.528 6.5607
-85.0642 -4.88621
-76.5232 -14.6966
-68.7476 -23.1579
-61.609 -30.5046
-55.0031 -36.9262
-48.8451 -42.5761
-43.0662 -47.5783
-37.6101 -52.0334
-32.2371 -55.9633
-26.4999 -59.3395
-20.9535 -62.4115
-15.4504 -65.1994
-8.49283 -67.5363
-0.577987 -69.6034
18.1294 -70.6963
40.371 -71.5152
62.5796 -72.3108
78.8706 -73.1356
86.9096 -73.9224
94.2942 -74.684
100.215 -75.3733
105.662 -76.0357
110.91 -76.682
115.986 -77.3127
120.219 -77.8626
124.289 -78.3993
128.228 -78.924
132.054 -79.4374
135.78 -79.9397
139.418 -80.4314
142.979 -80.9128
146.471 -81.3843
149.902 -81.8461
153.277 -82.2987
156.603 -82.7423
159.884 -83.1772
163.124 -83.6036
166.328 -84.0218
169.499 -84.4322
172.638 -84.8348
175.75 -85.23
178.835 -85.6179
181.897 -85.9988
184.937 -86.3728
187.957 -86.7402
170.649 -74.9566
155.763 -64.5371
142.842 -55.2088
131.499 -46.7926
121.44 -39.1537
112.425 -32.1852
104.266 -25.8003
96.8085 -19.9273
89.9331 -14.5062
83.5431 -9.48618
77.5612 -4.82405
71.9252 -0.482559
66.5844 3.57045
61.4974 7.36297
56.6302 10.9195
51.9544 14.2614
47.4463 17.4078
43.086 20.3755
38.8564 23.1793
34.7433 25.8326
30.7342 28.3472
26.8185 30.734
22.9869 33.0025
19.2091 35.1688
14.6623 37.4986
10.1758 39.7077
5.74442 41.8053
-0.224661 43.9719
-6.92531 46.0564
-22.7131 48.0539
-44.7068 49.826
-66.6848 51.5162
-84.9272 53.6009
-92.8843 56.9514
-99.6209 60.155
-105.117 63.2709
-110.014 66.18
-114.788 68.832
-119.45 71.2607
-123.283 73.6335
-127.016 75.8118
-130.661 77.819
-134.229 79.6747
-137.727 81.3959
-141.163 82.997
-144.544 84.4906
-147.875 85.8875
-151.161 87.1972
-154.406 88.4278
-157.614 89.5867
-160.788 90.6802
-163.931 91.714
-167.046 92.6932
-170.135 93.6221
-173.2 94.5049
-176.242 95.3451
-179.264 96.1459
-182.267 96.9103
-185.252 97.6408
-188.221 98.3399
-170.99 72.9322
-156.246 52.211
-143.459 34.8741
-132.248 20.2437
-122.326 7.83393
-113.423 -2.61209
-105.362 -11.5819
-97.9898 -19.343
-91.187 -26.1121
-84.859 -32.0608
-78.9299 -37.3256
-73.3387 -42.0156
-68.0359 -46.2191
-62.9812 -50.0074
-58.1411 -53.4393
-53.488 -56.5631
-48.9989 -59.4189
-44.6543 -62.0402
-40.4377 -64.4554
-36.335 -66.6884
-32.3342 -68.7595
-28.4249 -70.6865
-24.5981 -72.4841
-20.8458 -74.1657
-16.4048 -75.6519
-11.9198 -77.0419
-7.48866 -78.356
-1.60829 -79.5016
5.11724 -80.548
21.1899 -81.1791
43.1861 -81.5925
65.1672 -81.9983
81.9301 -82.4215
89.513 -82.8344
96.2692 -83.2369
101.485 -83.6018
106.411 -83.9575
111.217 -84.3077
115.708 -84.6413
119.581 -84.9431
123.356 -85.2406
127.044 -85.5337
130.655 -85.8226
134.196 -86.1073
137.676 -86.3881
141.101 -86.665
144.475 -86.9381
147.803 -87.2074
151.09 -87.4731
154.339 -87.7352
157.553 -87.9939
160.736 -88.2492
163.889 -88.5011
167.016 -88.7498
170.118 -88.9953
173.196 -89.2377
176.254 -89.477
179.291 -89.7134
182.31 -89.9468
185.312 -90.1774
188.223 -90.3928
191.055 -90.5954
193.871 -90.7957
196.674 -90.9938
199.462 -91.1898
202.238 -91.3836
205.002 -91.5754
207.755 -91.7651
210.496 -91.9528
213.228 -92.1385
196.196 -79.8234
181.622 -69.4467
169.023 -60.4745
157.989 -52.5805
148.223 -45.5447
139.487 -39.2074
131.592 -33.4491
124.386 -28.1787
117.751 -23.3251
111.591 -18.8319
105.831 -14.6536
100.408 -10.7532
95.2727 -7.0998
90.385 -3.66752
85.7112 -0.434428
81.2235 2.6183
76.8988 5.50692
72.635 8.41144
68.424 11.3005
64.3231 14.0371
60.321 16.6334
56.4079 19.1003
52.5752 21.4475
48.8154 23.684
45.122 25.8177
41.4891 27.8557
37.9118 29.8046
34.3853 31.6704
30.9057 33.4584
27.4693 35.1736
24.0729 36.8206
20.7135 38.4034
17.3886 39.926
14.0956 41.3918
10.0941 42.9647
5.98366 44.5036
1.89884 45.9816
-3.53292 47.508
-9.46858 49.0061
-24.1136 50.4739
-45.9996 51.7786
-67.8766 53.0352
-86.1763 54.5852
-93.8966 57.15
-100.31 59.6589
-105.386 62.159
-110.001 64.5179
-114.533 66.7022
-118.823 68.7605
-122.457 70.7713
-126.019 72.6424
-129.516 74.3882
-132.957 76.0216
-136.345 77.5534
-139.686 78.9934
-142.984 80.35
-146.243 81.6306
-149.466 82.8417
-152.657 83.9893
-155.817 85.0785
-158.95 86.1139
-162.057 87.0998
-165.141 88.0398
-168.203 88.9374
-171.245 89.7955
-174.267 90.617
-177.272 91.4043
-180.26 92.1597
-183.233 92.8854
-186.192 93.5831
-189.021 94.2735
-191.814 94.9414
-194.595 95.5847
-197.363 96.2051
-200.119 96.8037
-202.865 97.3819
-205.6 97.9408
-208.325 98.4815
-211.041 99.005
-213.748 99.5123
-196.752 74.9046
-182.233 54.6637
-169.69 37.7155
-158.708 23.4545
-148.987 11.3685
-140.289 1.04654
-132.425 -7.83913
-125.245 -15.5492
-118.631 -22.2906
-112.488 -28.2283
-106.741 -33.4939
-101.329 -38.1934
-96.2022 -42.4125
-91.321 -46.2211
-86.652 -49.6765
-82.1678 -52.8261
-77.8455 -55.7094
-73.6408 -58.3456
-69.4316 -60.7113
-65.3316 -62.9061
-61.3296 -64.9483
-57.4158 -66.8542
-53.582 -68.6373
-49.8205 -70.3099
-46.125 -71.8823
-42.4896 -73.3639
-38.9095 -74.7626
-35.3799 -76.0857
-31.897 -77.3395
-28.4571 -78.5297
-25.0569 -79.6613
-21.6937 -80.7389
-18.3647 -81.7665
-15.0675 -82.7478
-11.133 -83.6387
-7.01801 -84.4792
-2.92856 -85.2871
2.4595 -86.0098
8.41885 -86.6852
23.2392 -87.1122
45.1287 -87.3769
67.0092 -87.6381
84.4013 -87.9103
91.9803 -88.1802
98.4105 -88.4439
103.333 -88.6843
107.968 -88.9192
112.521 -89.1514
116.717 -89.3712
120.374 -89.5727
123.96 -89.772
127.482 -89.9693
130.946 -90.1644
134.358 -90.3575
137.722 -90.5486
141.043 -90.7378
144.324 -90.925
147.569 -91.1103
150.782 -91.2938
153.963 -91.4754
157.117 -91.6552
160.245 -91.8333
163.348 -92.0096
166.429 -92.1842
169.49 -92.3572
172.531 -92.5285
175.554 -92.6982
178.56 -92.8663
181.55 -93.0328
184.502 -93.1948
187.327 -93.342
190.137 -93.4879
192.934 -93.6326
195.719 -93.7761
198.491 -93.9183
201.252 -94.0594
204.002 -94.1993
206.743 -94.338
209.473 -94.4756
212.195 -94.6122
214.908 -94.7476
217.613 -94.8819
220.31 -95.0152
223 -95.1475
225.682 -95.2787
228.358 -95.4089
231.028 -95.5382
233.691 -95.6664
236.349 -95.7937
239.001 -95.92
222.071 -83.7164
207.659 -73.5104
195.223 -64.7126
184.337 -56.9816
174.696 -50.0934
166.061 -43.8877
158.247 -38.2462
151.104 -33.0791
144.516 -28.3166
138.392 -23.9039
132.657 -19.7966
127.251 -15.9587
122.127 -12.3603
117.244 -8.97618
112.572 -5.78522
108.082 -2.76915
103.752 0.0877495
99.564 2.79919
95.5009 5.37719
91.5494 7.83234
87.6977 10.1741
83.9357 12.4107
80.2547 14.5499
76.647 16.5983
73.1058 18.562
69.6254 20.4467
66.2005 22.2573
62.7645 24.0764
59.2706 25.951
55.8196 27.7494
52.4082 29.4763
49.0338 31.1361
45.6936 32.7328
42.3854 34.2703
39.1069 35.7518
35.8563 37.1805
32.6318 38.5595
29.4317 39.8912
26.2546 41.1784
23.0991 42.4232
19.964 43.6279
16.848 44.7945
13.7501 45.9248
10.6693 47.0207
6.92422 48.1952
2.99624 49.3631
-0.917085 50.4927
-6.0693 51.6601
-11.7813 52.8211
-25.4651 53.9699
-47.1494 54.9971
-69.0262 55.9891
-87.6285 57.1979
-95.4937 59.2382
-101.651 61.29
-106.543 63.3585
-110.95 65.332
-115.311 67.1787
-119.395 68.944
-122.877 70.6767
-126.307 72.3033
-129.687 73.8336
-133.023 75.2765
-136.318 76.6395
-139.575 77.9296
-142.799 79.1529
-145.99 80.3147
-149.153 81.42
-152.289 82.4729
-155.4 83.4776
-158.488 84.4374
-161.554 85.3556
-164.601 86.235
-167.629 87.0783
-170.64 87.8879
-173.634 88.6658
-176.614 89.4143
-179.579 90.135
-182.53 90.8296
-185.421 91.5076
-188.21 92.1758
-190.987 92.8209
-193.753 93.4442
-196.507 94.0468
-199.251 94.63
-201.986 95.1948
-204.711 95.7421
-207.427 96.2728
-210.135 96.7879
-212.835 97.2881
-215.527 97.7741
-218.212 98.2466
-220.89 98.7063
-223.562 99.1538
-226.227 99.5896
-228.886 100.014
-231.54 100.428
-234.188 100.832
-236.831 101.226
-239.469 101.611
-222.56 77.1506
-208.178 57.1382
-195.772 40.4208
-184.912 26.3646
-175.293 14.4484
-166.677 4.26103
-158.876 -4.52168
-151.745 -12.1557
-145.166 -18.8433
-139.048 -24.7451
-133.317 -29.9891
-127.915 -34.6784
-122.793 -38.8963
-117.912 -42.7108
-113.24 -46.1775
-108.75 -49.3428
-104.42 -52.245
-100.23 -54.9166
-96.1654 -57.3846
-92.212 -59.6724
-88.3582 -61.7997
-84.594 -63.7835
-80.9105 -65.6385
-77.3001 -67.3774
-73.7562 -69.0114
-70.2729 -70.5502
-66.845 -72.0024
-63.4468 -73.3695
-59.9498 -74.6256
-56.4957 -75.8197
-53.0813 -76.9565
-49.7036 -78.0405
-46.3602 -79.0754
-43.0486 -80.0649
-39.7668 -81.0121
-36.5129 -81.9199
-33.285 -82.791
-30.0816 -83.6277
-26.9011 -84.4322
-23.7422 -85.2066
-20.6037 -85.9527
-17.4844 -86.6722
-14.3831 -87.3665
-11.299 -88.0373
-7.59594 -88.6544
-3.66432 -89.2408
0.252564 -89.8098
5.3778 -90.3263
11.0937 -90.8118
24.8747 -91.1355
46.6918 -91.3268
68.4776 -91.5164
86.7068 -91.7135
94.1858 -91.9111
100.437 -92.1035
105.206 -92.2808
109.652 -92.4533
114.027 -92.6244
118.047 -92.7866
121.548 -92.9356
124.993 -93.0834
128.389 -93.23
131.74 -93.3754
135.049 -93.5196
138.321 -93.6627
141.558 -93.8045
144.763 -93.9453
147.939 -94.0849
151.088 -94.2234
154.212 -94.3609
157.313 -94.4972
160.392 -94.6325
163.451 -94.7668
166.49 -94.9
169.513 -95.0323
172.518 -95.1635
175.509 -95.2937
178.484 -95.423
181.446 -95.5513
184.318 -95.6715
187.118 -95.7853
189.905 -95.8983
192.681 -96.0106
195.446 -96.1222
198.199 -96.2329
200.943 -96.343
203.678 -96.4523
206.403 -96.5609
209.12 -96.6687
211.828 -96.7759
214.529 -96.8824
217.222 -96.9882
219.909 -97.0934
222.588 -97.1978
225.261 -97.3016
227.928 -97.4048
230.59 -97.5073
233.245 -97.6092
235.895 -97.7105
238.541 -97.8112
241.181 -97.9112
243.816 -98.0107
246.447 -98.1095
249.074 -98.2078
251.696 -98.3055
254.314 -98.4026
256.929 -98.4991
259.539 -98.5951
262.146 -98.6906
264.75 -98.7854
247.882 -86.6478
233.562 -76.539
221.216 -67.8381
210.407 -60.1961
200.828 -53.3872
192.242 -47.2513
184.464 -41.6708
177.346 -36.557
170.776 -31.8411
164.663 -27.4689
158.933 -23.3969
153.528 -19.5896
148.401 -16.0176
143.514 -12.6562
138.835 -9.48469
134.336 -6.48508
129.997 -3.64195
125.798 -0.94187
121.723 1.62694
117.76 4.07489
113.895 6.41119
110.121 8.64407
106.427 10.7809
102.806 12.8283
99.2523 14.7923
95.7589 16.6783
92.3211 18.4913
88.9342 20.2356
85.5943 21.9156
82.2976 23.5349
79.0409 25.097
75.8213 26.6052
72.6362 28.0623
69.483 29.4711
66.3597 30.8341
63.2643 32.1538
60.1949 33.4322
57.0664 34.7468
53.8771 36.0927
50.7096 37.3942
47.5625 38.6535
44.4348 39.8728
41.3254 41.0541
38.2333 42.1992
35.1575 43.3099
32.0973 44.3879
29.0518 45.4345
26.0202 46.4513
23.002 47.4396
19.9964 48.4006
17.0028 49.3356
14.0207 50.2456
11.0496 51.1317
8.08896 51.9949
4.48065 52.9216
0.659908 53.8508
-3.15152 54.754
-8.13321 55.6885
-13.7564 56.6261
-26.7136 57.5592
-48.1246 58.3997
-70.0363 59.2107
-88.9982 60.1833
-97.0708 61.8486
-103.119 63.5706
-107.935 65.317
-112.182 67.0014
-116.413 68.5899
-120.372 70.1208
-123.735 71.6329
-127.06 73.062
-130.345 74.4148
-133.595 75.6977
-136.812 76.9164
-139.998 78.0759
-143.157 79.1807
-146.289 80.235
-149.398 81.2424
-152.484 82.2062
-155.55 83.1294
-158.596 84.0149
-161.624 84.865
-164.635 85.6821
-167.63 86.4682
-170.61 87.2253
-173.576 87.955
-176.529 88.6591
-179.47 89.339
-182.399 89.9961
-185.225 90.6461
-187.993 91.2811
-190.752 91.8957
-193.5 92.491
-196.238 93.0678
-198.967 93.6273
-201.687 94.1702
-204.399 94.6974
-207.103 95.2097
-209.799 95.7077
-212.488 96.1923
-215.17 96.6639
-217.846 97.1232
-220.515 97.5708
-223.178 98.0071
-225.836 98.4327
-228.488 98.848
-231.135 99.2535
-233.777 99.6496
-236.414 100.037
-239.046 100.415
-241.674 100.785
-244.298 101.147
-246.917 101.501
-249.533 101.848
-252.144 102.188
-254.753 102.521
-257.357 102.848
-259.958 103.168
-262.556 103.482
-265.151 103.79
-248.298 79.4199
-233.994 59.5422
-221.666 42.9547
-210.872 29.0087
-201.306 17.1792
-192.73 7.05633
-184.959 -1.68125
-177.847 -9.28609
-171.281 -15.9574
-165.169 -21.8529
-159.441 -27.0986
-154.037 -31.7956
-148.91 -36.0259
-144.022 -39.8563
-139.342 -43.3416
-134.842 -46.5274
-130.501 -49.4516
-126.3 -52.146
-122.223 -54.6376
-118.258 -56.9493
-114.391 -59.1007
-110.614 -61.1087
-106.918 -62.9877
-103.295 -64.7505
-99.7379 -66.4081
-96.2419 -67.9702
-92.8014 -69.4453
-89.4119 -70.841
-86.0693 -72.1639
-82.7699 -73.42
-79.5105 -74.6145
-76.2883 -75.7523
-73.1004 -76.8377
-69.9446 -77.8744
-66.8187 -78.866
-63.7206 -79.8155
-60.6486 -80.726
-57.5468 -81.5899
-54.3548 -82.4006
-51.1846 -83.1814
-48.0349 -83.9341
-44.9045 -84.6605
-41.7925 -85.362
-38.6978 -86.04
-35.6194 -86.6958
-32.5566 -87.3307
-29.5086 -87.9457
-26.4745 -88.5419
-23.4538 -89.1203
-20.4457 -89.6817
-17.4497 -90.227
-14.4652 -90.757
-11.4917 -91.2724
-8.52862 -91.7738
-4.95001 -92.2388
-1.12621 -92.683
2.68775 -93.1166
7.64964 -93.5141
13.2767 -93.8882
26.3013 -94.1481
