0.1 -3.62545e-05
0.2 -3.75649e-05
0.3 -3.88753e-05
0.4 -4.01857e-05
0.5 -4.14961e-05
0.6 -4.28065e-05
0.7 -4.41169e-05
0.8 -4.54273e-05
0.9 -4.67377e-05
1 -4.80481e-05
0 -4.80481e-05
24.7679 -1.21115e-05
47.771 3.61655e-05
66.7377 0.00011716
84.4363 0.000210358
101.924 0.00030477
117.533 0.000410196
125.418 0.000571044
129.447 0.000753778
132.214 0.00094304
133.542 0.00114809
116.387 0.00104535
99.8442 0.000938144
84.232 0.000824139
69.7455 0.000701915
56.3147 0.000575158
43.9457 0.000443016
32.6799 0.000303679
21.56 0.000168426
9.80012 4.22035e-05
-10.5493 -1.81537e-05
-33.5033 -6.06627e-05
-55.831 -0.000103684
-73.2627 -0.000146097
-86.6047 -0.000182433
-98.3167 -0.000218861
-107.802 -0.000253073
-114.457 -0.000281242
-119.397 -0.000308453
-123.236 -0.000335086
-125.962 -0.000355935
-108.891 -0.000332511
-92.6305 -0.000308544
-77.3958 -0.000283098
-63.3656 -0.000257655
-50.6044 -0.000232441
-39.1002 -0.000207443
-28.7031 -0.000182073
-18.2716 -0.000149859
-7.46424 -0.000115003
12.0264 -7.28043e-05
33.8135 -3.09499e-05
54.8025 1.53899e-05
67.8872 0.000117464
76.7453 0.000253022
84.4676 0.000398049
90.5962 0.000558939
96.083 0.000723837
101.046 0.000891985
104.879 0.00107667
108.226 0.00126567
111.238 0.00145704
113.975 0.00165031
116.486 0.00184515
118.809 0.00204127
120.977 0.00223844
123.013 0.0024365
124.939 0.00263529
126.769 0.00283471
128.518 0.00303466
130.197 0.00323505
113.959 0.00312606
99.6569 0.00300393
87.1519 0.0028697
76.213 0.00272503
66.6273 0.0025714
58.1943 0.00241023
50.7352 0.00224276
44.0957 0.00207005
38.1457 0.00189301
32.777 0.00171235
27.9003 0.00152869
23.4419 0.00134252
19.341 0.00115423
15.5474 0.000964162
12.0193 0.000772574
7.96565 0.000593262
3.87953 0.000417055
-0.726231 0.000248273
-6.36687 9.29508e-05
-19.7256 -2.26137e-06
-40.4757 -4.78859e-05
-61.1827 -9.35567e-05
-75.6972 -0.00013996
-82.173 -0.000177246
-88.1162 -0.000212422
-92.5955 -0.00024061
-96.7646 -0.00026862
-100.594 -0.000295414
-103.472 -0.000312527
-106.126 -0.000329324
-108.592 -0.000345857
-110.899 -0.000362167
-113.07 -0.00037829
-115.124 -0.000394253
-117.078 -0.00041008
-118.944 -0.000425789
-120.734 -0.000441396
-122.457 -0.000456916
-124.121 -0.00047236
-125.733 -0.000487737
-109.703 -0.000464564
-95.828 -0.000443025
-83.8509 -0.000423022
-73.4731 -0.000404308
-64.4413 -0.000386663
-56.5327 -0.00036988
-49.5576 -0.000353781
-43.3577 -0.000338215
-37.8035 -0.000323063
-32.789 -0.000308227
-28.2285 -0.000293633
-24.0518 -0.000279219
-20.2018 -0.000264942
-16.6318 -0.000250763
-13.3029 -0.000236656
-9.64963 -0.000216353
-5.74158 -0.000190997
-1.48087 -0.000162843
4.00639 -0.000127269
17.4675 -8.30715e-05
38.1316 -3.84081e-05
58.3654 8.76736e-06
69.9245 0.000115628
76.0344 0.000265902
81.1057 0.000428561
85.3781 0.000599591
89.4073 0.000772177
92.6288 0.000958058
95.4478 0.00114928
98.0842 0.00134184
100.564 0.00153554
102.907 0.00173022
105.134 0.00192577
107.257 0.00212205
109.289 0.00231899
111.242 0.00251651
113.124 0.00271454
114.943 0.00291302
116.705 0.00311191
118.416 0.00331116
119.922 0.0035185
121.281 0.00373107
122.598 0.00394402
123.876 0.00415732
125.118 0.00437094
126.329 0.00458484
127.51 0.00479901
128.664 0.00501342
129.794 0.00522805
130.9 0.00544288
115.223 0.00533406
101.848 0.00520825
90.4467 0.00506748
80.6585 0.00491436
72.207 0.00475095
64.8585 0.00457902
58.419 0.00440008
52.7298 0.00421538
47.6623 0.00402594
43.1128 0.00383257
38.9974 0.00363594
35.2486 0.00343659
31.8111 0.00323496
28.64 0.00303139
25.6983 0.00282619
22.9554 0.00261958
20.2304 0.00241837
17.5076 0.00222245
14.9125 0.00202585
12.4315 0.00182865
10.0526 0.00163093
7.76543 0.00143274
5.56108 0.00123413
3.4317 0.00103514
1.37043 0.000835814
-0.962854 0.000642208
-3.94014 0.000460983
-6.99927 0.000281141
-11.8062 0.000122527
-21.9831 6.24893e-06
-41.9769 -4.24996e-05
-62.5389 -8.77561e-05
-76.0187 -0.0001339
-81.4621 -0.00017097
-86.1255 -0.000203248
-89.8089 -0.000231532
-93.3545 -0.000259443
-96.137 -0.000278616
-98.5528 -0.000295708
-100.851 -0.000312302
-103.039 -0.00032873
-105.128 -0.000345016
-107.131 -0.000361179
-109.057 -0.000377232
-110.915 -0.000393189
-112.713 -0.00040906
-114.456 -0.000424854
-116.151 -0.000440579
-117.8 -0.000456242
-119.382 -0.000470606
-120.695 -0.000475267
-121.971 -0.000479798
-123.211 -0.000484215
-124.42 -0.000488527
-125.6 -0.000492744
-126.753 -0.000496874
-127.881 -0.000500924
-128.987 -0.000504901
-130.072 -0.00050881
-131.138 -0.000512656
-115.526 -0.000486106
-102.264 -0.000463264
-90.9855 -0.000444022
-81.3155 -0.000427834
-72.9714 -0.000414239
-65.7176 -0.000402801
-59.3599 -0.000393137
-53.7408 -0.000384918
-48.733 -0.000377875
-44.2342 -0.000371787
-40.1619 -0.000366474
-36.4495 -0.000361792
-33.0429 -0.000357625
-29.8981 -0.000353879
-26.9786 -0.000350476
-24.2545 -0.000347356
-21.7009 -0.000344467
-19.0091 -0.000331306
-16.4291 -0.000317597
-13.9603 -0.000303864
-11.5914 -0.000290102
-9.31239 -0.000276311
-7.11447 -0.000262489
-4.99003 -0.000248637
-2.93238 -0.000234754
-0.771444 -0.000218951
2.20408 -0.000193086
5.14197 -0.000167091
9.94956 -0.000130789
20.2961 -8.77036e-05
40.6563 -4.23565e-05
60.7681 4.24246e-06
72.4296 0.000109249
77.7822 0.000263673
82.067 0.000431635
85.8325 0.000605999
89.3367 0.000782609
91.9529 0.000975022
94.4239 0.00116846
96.7697 0.00136281
99.0057 0.00155797
101.145 0.00175383
103.199 0.00195033
105.176 0.00214738
107.085 0.00234493
108.934 0.00254292
110.727 0.00274132
112.47 0.00294008
114.169 0.00313917
115.638 0.00334765
117.002 0.00355996
118.326 0.00377248
119.615 0.00398533
120.871 0.00419849
122.096 0.00441192
123.294 0.0046256
124.466 0.00483952
125.615 0.00505366
126.741 0.005268
127.847 0.00548252
128.934 0.00569722
130.004 0.00591208
131.057 0.00612709
132.094 0.00634224
133.117 0.00655752
134.126 0.00677293
135.123 0.00698845
136.108 0.00720408
137.081 0.00741981
138.043 0.00763563
122.559 0.00752557
109.515 0.00739757
98.4717 0.0072544
89.0244 0.00709901
80.8771 0.00693359
73.79 0.00675997
67.5698 0.00657966
62.0617 0.00639387
57.1423 0.00620358
52.7128 0.00600957
48.6942 0.00581247
45.0225 0.00561279
41.6462 0.00541093
38.523 0.00520722
35.6183 0.00500195
32.9034 0.00479533
30.3542 0.00458755
27.9508 0.00437876
25.6761 0.00416909
23.5158 0.00395865
21.4575 0.00374754
19.4905 0.00353584
17.6058 0.0033236
15.7954 0.0031109
14.0522 0.00289777
12.3703 0.00268427
10.7344 0.00247084
8.83218 0.00227056
6.97625 0.00207007
5.1631 0.00186939
3.38954 0.00166853
1.6527 0.00146751
-0.0500139 0.00126634
-1.72096 0.00106502
-3.36229 0.00086358
-5.11696 0.000664568
-7.75173 0.000481842
-10.3619 0.00029903
-14.7629 0.000137778
-23.4666 1.14e-05
-43.3411 -3.75627e-05
-63.5539 -8.44508e-05
-79.1529 -0.000130359
-82.0512 -0.000167623
-86.2382 -0.000198902
-89.5817 -0.00022726
-92.8511 -0.000255107
-95.1901 -0.000271186
-97.3746 -0.000288346
-99.4859 -0.000304786
-101.515 -0.00032109
-103.47 -0.000337286
-105.36 -0.000353386
-107.19 -0.0003694
-108.967 -0.000385337
-110.695 -0.000401205
-112.379 -0.000417009
-114.024 -0.000432756
-115.632 -0.000448451
-116.964 -0.000453386
-118.246 -0.000458419
-119.497 -0.000463013
-120.719 -0.000467504
-121.913 -0.000471903
-123.081 -0.000476217
-124.226 -0.000480453
-125.349 -0.000484616
-126.453 -0.000488712
-127.537 -0.000492746
-128.603 -0.000496721
-129.654 -0.000500642
-130.689 -0.000504513
-131.709 -0.000508336
-132.716 -0.000512115
-133.711 -0.000515852
-134.693 -0.000519551
-135.664 -0.000523213
-136.625 -0.00052684
-137.575 -0.000530435
-138.517 -0.000533999
-123.064 -0.000507679
-110.068 -0.000485278
-99.0764 -0.00046653
-89.6756 -0.000450815
-81.5686 -0.000437632
-74.5156 -0.000426533
-68.3236 -0.000417131
-62.8387 -0.000409108
-57.9381 -0.000402201
-53.5239 -0.000396202
-49.5174 -0.000390939
-45.8556 -0.000386276
-42.487 -0.000382104
-39.3699 -0.000378335
-36.4698 -0.000374896
-33.7582 -0.000371728
-31.2115 -0.000368785
-28.8096 -0.000366028
-26.5358 -0.000363422
-24.3757 -0.000360943
-22.3171 -0.000358568
-20.3495 -0.000356279
-18.4636 -0.000354059
-16.6517 -0.000351897
-14.9069 -0.000349782
-13.223 -0.000347703
-11.5947 -0.000345654
-9.78067 -0.000335094
-7.92262 -0.000321241
-6.10698 -0.000307351
-4.33071 -0.000293427
-2.59096 -0.000279469
-0.88515 -0.000265479
0.789044 -0.000251459
2.43374 -0.00023741
4.10153 -0.000222749
6.74021 -0.000196551
9.3544 -0.000170312
13.6981 -0.00013466
22.5138 -9.22389e-05
42.4972 -4.63892e-05
62.6358 -6.08314e-07
75.0872 9.84466e-05
79.989 0.000255267
83.9349 0.000424743
87.4037 0.00060134
90.55 0.00078089
92.8923 0.000975327
95.1233 0.00117039
97.2616 0.00136615
99.3173 0.0015625
101.299 0.0017594
103.215 0.00195679
105.071 0.00215461
106.874 0.00235283
108.628 0.0025514
110.337 0.0027503
112.006 0.0029495
113.563 0.0031525
114.908 0.00336484
116.217 0.00357735
117.492 0.00379017
118.737 0.00400327
119.954 0.00421663
121.145 0.00443023
122.312 0.00464406
123.457 0.00485808
124.581 0.00507231
125.686 0.00528671
126.773 0.00550127
127.843 0.00571599
128.897 0.00593086
129.936 0.00614587
130.961 0.006361
131.974 0.00657625
132.973 0.00679162
133.962 0.00700709
134.939 0.00722266
135.906 0.00743833
136.863 0.00765409
137.811 0.00786994
138.749 0.00808586
139.68 0.00830186
140.602 0.00851794
141.517 0.00873408
142.425 0.00895029
143.326 0.00916656
144.22 0.00938289
145.108 0.00959928
145.99 0.00981572
130.606 0.00970501
117.721 0.00957595
106.841 0.00943169
97.541 0.00927532
89.5188 0.00910909
82.5339 0.00893484
76.3947 0.00875406
70.9495 0.00856794
66.0778 0.00837742
61.6834 0.00818329
57.6898 0.00798613
54.035 0.00778644
50.669 0.00758462
47.5509 0.007381
44.647 0.00717582
41.9295 0.00696932
39.3751 0.00676167
36.9642 0.00655302
34.6804 0.00634351
32.5096 0.00613323
30.4397 0.00592227
28.4603 0.00571072
26.5624 0.00549864
24.7383 0.00528609
22.9812 0.00507312
21.2849 0.00485977
19.6443 0.00464608
18.0547 0.00443208
16.5119 0.0042178
15.0122 0.00400326
13.5523 0.0037885
12.1292 0.00357352
10.7403 0.00335836
9.38307 0.00314301
8.05539 0.00292751
6.75527 0.00271185
5.47754 0.0024962
3.89777 0.0022944
2.34094 0.0020925
0.805693 0.00189052
-0.709217 0.00168846
-2.20495 0.00148632
-3.68256 0.00128411
-5.14305 0.00108183
-6.58732 0.000879484
-8.08981 0.000678415
-10.5536 0.000494999
-13.0031 0.000311537
-17.1297 0.000148213
-24.2583 1.15588e-05
-44.5214 -3.47734e-05
-64.779 -8.11114e-05
-79.3978 -0.000133916
-83.4826 -0.000165307
-87.2963 -0.000198486
-90.3518 -0.000227536
-93.4049 -0.000255536
-95.692 -0.000268462
-97.6783 -0.000286287
-99.6346 -0.000302728
-101.533 -0.000318877
-103.374 -0.000334917
-105.163 -0.000350879
-106.904 -0.000366776
-108.602 -0.000382613
-110.26 -0.000398396
-111.882 -0.000414129
-113.471 -0.000429816
-115.029 -0.000445461
-116.243 -0.000444687
-117.481 -0.000449907
-118.694 -0.000454454
-119.882 -0.000458889
-121.045 -0.000463244
-122.187 -0.000467526
-123.308 -0.00047174
-124.41 -0.00047589
-125.494 -0.000479981
-126.561 -0.000484017
-127.612 -0.000488
-128.649 -0.000491935
-129.672 -0.000495825
-130.682 -0.000499671
-131.68 -0.000503477
-132.666 -0.000507245
-133.641 -0.000510977
-134.606 -0.000514675
-135.561 -0.000518341
-136.507 -0.000521977
-137.444 -0.000525584
-138.373 -0.000529164
-139.294 -0.000532718
-140.207 -0.000536247
-141.113 -0.000539754
-142.013 -0.000543238
-142.906 -0.000546701
-143.792 -0.000550143
-144.673 -0.000553567
-145.548 -0.000556972
-146.417 -0.00056036
-131.083 -0.000534032
-118.191 -0.000511965
-107.34 -0.00049341
-98.0642 -0.000477856
-90.0623 -0.000464799
-83.0935 -0.000453786
-76.9672 -0.000444436
-71.5319 -0.000436432
-66.6676 -0.000429522
-62.279 -0.000423498
-58.2894 -0.000418196
-54.6375 -0.000413484
-51.2733 -0.000409255
-48.1562 -0.000405423
-45.2527 -0.000401917
-42.5351 -0.000398682
-39.98 -0.000395671
-37.5682 -0.000392844
-35.2831 -0.000390171
-33.1107 -0.000387626
-31.039 -0.000385187
-29.0577 -0.000382835
-27.1577 -0.000380555
-25.3314 -0.000378335
-23.572 -0.000376164
-21.8733 -0.000374032
-20.2303 -0.000371932
-18.6381 -0.000369857
-17.0928 -0.000367803
-15.5905 -0.000365763
-14.1279 -0.000363735
-12.7022 -0.000361714
-11.3106 -0.000359697
-9.95072 -0.000357683
-8.62036 -0.00035567
-7.31755 -0.000353654
-6.04049 -0.000351635
-4.51998 -0.000339787
-2.95939 -0.000325757
-1.42128 -0.000311664
0.0965032 -0.000297545
1.59512 -0.000283401
3.07563 -0.000269232
4.53901 -0.000255041
5.98618 -0.000240829
7.43508 -0.000226394
9.90219 -0.000199976
12.3548 -0.00017353
16.4295 -0.000138073
23.6506 -9.56286e-05
43.6696 -4.99791e-05
64.2157 -4.16178e-06
81.0518 6.37362e-05
82.1975 0.000245926
86.0097 0.000416131
89.1778 0.000593778
91.763 0.000781748
93.8246 0.000966918
95.9361 0.00116374
97.9084 0.00136054
99.8484 0.00155807
101.711 0.00175588
103.529 0.00195413
105.294 0.0021527
107.016 0.00235159
108.697 0.00255076
110.341 0.0027502
112.201 0.00294237
113.374 0.00314942
114.904 0.00337085
116.092 0.00358131
117.343 0.00379533
118.541 0.00400861
119.722 0.0042224
120.879 0.0044363
122.015 0.00465042
123.132 0.00486471
124.23 0.00507916
125.311 0.00529377
126.376 0.00550852
127.426 0.00572341
128.461 0.00593843
129.484 0.00615357
130.493 0.00636882
131.491 0.00658417
132.478 0.00679963
133.454 0.00701519
134.42 0.00723083
135.377 0.00744656
136.324 0.00766238
137.263 0.00787826
138.194 0.00809423
139.116 0.00831026
140.032 0.00852636
140.941 0.00874252
141.842 0.00895875
142.738 0.00917503
143.627 0.00939137
144.51 0.00960775
145.388 0.00982419
146.26 0.0100407
147.128 0.0102572
147.99 0.0104738
148.736 0.01069
149.019 0.0109136
149.213 0.0111333
149.422 0.011354
149.623 0.0115745
149.82 0.0117952
150.014 0.0120158
134.669 0.0119052
121.933 0.0117755
111.135 0.0116306
101.907 0.0114737
93.9434 0.0113071
87.0039 0.0111326
80.8982 0.0109516
75.4764 0.0107654
70.6199 0.0105748
66.2342 0.0103807
62.2439 0.0101835
58.5885 0.00998394
55.2186 0.00978222
52.0942 0.0095787
49.182 0.00937365
46.4548 0.00916729
43.8896 0.00895977
41.4671 0.00875127
39.171 0.00854189
36.9874 0.00833175
34.9044 0.00812094
32.9117 0.00790953
31.0006 0.00769758
29.1631 0.00748517
27.3926 0.00727232
25.683 0.0070591
24.0292 0.00684553
22.4265 0.00663165
20.8708 0.00641749
19.3583 0.00620307
17.8858 0.00598841
16.4503 0.00577354
15.0491 0.00555848
13.6799 0.00534324
12.3404 0.00512783
11.0286 0.00491227
9.74274 0.00469657
8.48119 0.00448073
7.24242 0.00426478
6.02506 0.00404872
4.82782 0.00383255
3.64955 0.00361629
2.48916 0.00339993
1.34567 0.00318349
0.218146 0.00296698
-0.894254 0.00275039
-1.99232 0.00253373
-3.20675 0.00232252
-4.60386 0.00211996
-5.99046 0.00191734
-7.36488 0.00171467
-8.72773 0.00151196
-10.0795 0.0013092
-11.4208 0.00110641
-12.752 0.000903586
-14.0736 0.000700725
-16.2478 0.000513148
-18.5814 0.000329345
-22.3262 0.000161826
-28.9596 2.0487e-05
-48.1661 -3.16757e-05
-68.0638 -8.09892e-05
-83.6988 -0.000123614
-86.0522 -0.000161786
-89.0537 -0.000187043
-92.4346 -0.000218931
-94.6805 -0.000238606
-96.8762 -0.000257529
-98.6819 -0.000272756
-100.565 -0.000289357
-102.341 -0.000305278
-104.093 -0.000321373
-105.793 -0.0003373
-107.458 -0.000353208
-109.086 -0.000369043
-110.681 -0.000384835
-112.245 -0.000400576
-113.509 -0.000407267
-114.856 -0.000413671
-116.026 -0.000417409
-117.26 -0.000422601
-118.415 -0.000426771
-119.582 -0.000431429
-120.707 -0.000435667
-121.825 -0.000440047
-122.918 -0.000444233
-123.999 -0.000448437
-125.06 -0.000452536
-126.109 -0.000456612
-127.142 -0.00046062
-128.163 -0.000464592
-129.17 -0.000468514
-130.167 -0.000472397
-131.151 -0.000476239
-132.126 -0.000480046
-133.09 -0.000483816
-134.046 -0.000487554
-134.992 -0.000491261
-135.929 -0.000494937
-136.858 -0.000498585
-137.78 -0.000502207
-138.694 -0.000505803
-139.602 -0.000509374
-140.502 -0.000512923
-141.397 -0.000516449
-142.285 -0.000519955
-143.167 -0.00052344
-144.044 -0.000526906
-144.915 -0.000530354
-145.781 -0.000533784
-146.643 -0.000537198
-147.499 -0.000540595
-148.352 -0.000543977
-148.888 -0.000544483
-149.581 -0.000552929
-149.444 -0.000548016
-149.876 -0.000552348
-149.906 -0.00055024
-150.209 -0.000552582
-150.316 -0.000551811
-134.889 -0.000526137
-122.228 -0.000503709
-111.469 -0.000485649
-102.274 -0.000470445
-94.3363 -0.000457649
-87.4175 -0.000446825
-81.3278 -0.000437604
-75.9181 -0.000429683
-71.0705 -0.000422819
-66.6914 -0.000416815
-62.7057 -0.000411513
-59.0533 -0.000406785
-55.6853 -0.000402529
-52.5618 -0.000398663
-49.6498 -0.000395118
-46.9222 -0.00039184
-44.3562 -0.000388784
-41.9324 -0.000385912
-39.6349 -0.000383193
-37.4496 -0.000380602
-35.3647 -0.000378117
-33.37 -0.000375721
-31.4567 -0.000373398
-29.617 -0.000371137
-27.8442 -0.000368925
-26.1323 -0.000366755
-24.4761 -0.000364618
-22.871 -0.000362508
-21.3128 -0.000360419
-19.7979 -0.000358347
-18.3229 -0.000356288
-16.885 -0.000354237
-15.4814 -0.000352193
-14.1097 -0.000350153
-12.7678 -0.000348113
-11.4536 -0.000346074
-10.1654 -0.000344032
-8.90143 -0.000341987
-7.66032 -0.000339938
-6.44062 -0.000337883
-5.24108 -0.000335822
-4.06052 -0.000333754
-2.89787 -0.000331678
-1.75214 -0.000329594
-0.622401 -0.000327502
0.492192 -0.000325401
1.59243 -0.00032329
2.67905 -0.000321171
3.89682 -0.000313484
5.29451 -0.000299154
6.67202 -0.000284887
8.03744 -0.000270607
9.39176 -0.000256308
10.7355 -0.000241992
12.0692 -0.00022766
13.3931 -0.000213312
15.1697 -0.000193541
17.5441 -0.000166779
20.8369 -0.00013528
26.184 -9.55526e-05
