0.1 78.9472
0.2 78.8515
0.3 78.7557
0.4 78.66
0.5 78.5643
0.6 78.4686
0.7 78.3729
0.8 78.2772
0.9 78.1815
1 78.0858
0 78.0858
24.7679 77.0878
49.4404 76.0927
71.4128 75.1871
90.8373 74.3847
108.274 73.6819
125.298 72.9856
138.793 72.3923
145.467 72.0168
148.343 71.783
150.638 71.5529
133.367 72.2282
116.509 72.8889
100.351 73.5248
85.106 74.1287
70.9287 74.695
56.9972 75.2907
44.0191 75.856
30.7277 76.4485
12.1593 77.2608
-10.9352 78.2244
-33.8885 79.1869
-56.679 80.1482
-78.0469 81.1185
-94.2168 82.1549
-106.668 83.2661
-116.974 84.4044
-125.702 85.5563
-132.46 86.7519
-137.201 88.0025
-141.072 89.2635
-123.909 88.1064
-107.456 86.9426
-92.0147 85.7688
-77.756 84.5833
-64.4046 83.4067
-51.7428 82.2485
-40.1078 81.0847
-28.2472 79.9463
-10.1676 78.9287
11.8964 77.9532
33.7992 76.9801
55.5534 76.0092
74.7083 75.1156
88.2048 74.4182
96.3326 73.9497
104.261 73.4787
111.168 73.0568
116.513 72.7255
121.347 72.411
125.767 72.1102
129.847 71.8203
133.15 71.5969
135.817 71.426
138.26 71.2634
140.518 71.1077
142.623 70.9576
144.6 70.8121
146.468 70.6705
148.245 70.5322
149.942 70.3966
133.66 71.0226
119.267 71.5789
106.649 72.0703
95.5903 72.5052
85.8882 72.8916
77.3471 73.2368
69.7903 73.5477
63.0639 73.83
57.0376 74.0886
51.6023 74.3275
46.6675 74.5502
42.1584 74.7593
37.1651 75.0487
32.38 75.3396
27.8428 75.6245
23.2155 75.9252
17.2527 76.3253
11.4448 76.7225
0.0300452 77.3604
-19.7541 78.2817
-40.5065 79.2322
-61.2161 80.1825
-80.8208 81.1402
-93.4011 82.178
-100.072 83.3349
-106.214 84.4997
-111.585 85.6926
-115.631 86.9418
-119.438 88.1941
-123.042 89.4489
-126.476 90.7059
-129.084 92.0289
-131.348 93.3729
-133.482 94.7193
-135.503 96.0677
-137.428 97.4179
-139.268 98.7695
-141.034 100.122
-142.736 101.477
-144.381 102.832
-128.326 101.647
-114.407 100.434
-102.381 99.1939
-91.9557 97.9321
-82.8816 96.6517
-74.9371 95.3559
-67.9322 94.0477
-61.7085 92.7294
-56.1354 91.4028
-51.1064 90.0696
-46.5347 88.7311
-42.3498 87.3882
-37.8092 86.1024
-33.3067 84.8347
-29.0231 83.5662
-24.7828 82.3039
-19.0369 81.119
-13.4225 79.9343
-2.13182 78.8679
17.6649 77.9033
38.3219 76.9456
58.9466 75.9884
77.2608 75.1001
88.7835 74.4437
94.0453 74.0558
99.9666 73.6355
104.512 73.3057
108.416 73.0136
112.133 72.7279
115.687 72.4478
118.758 72.2128
121.18 72.043
123.472 71.8783
125.653 71.7181
127.736 71.5617
129.733 71.4088
131.653 71.2588
133.506 71.1115
135.299 70.9666
137.037 70.8238
138.726 70.6829
140.372 70.5437
141.978 70.4061
143.547 70.2698
145.084 70.1348
146.59 70.001
148.069 69.8682
149.522 69.7364
150.953 69.6055
152.159 69.5357
136.358 70.1474
123.057 70.7039
111.62 71.1584
101.799 71.544
93.3198 71.8722
85.9479 72.1526
79.4053 72.4243
73.5409 72.6847
68.2643 72.9252
63.4781 73.1494
59.1042 73.3602
55.0795 73.5597
51.3527 73.7497
47.8819 73.9317
44.6326 74.1069
41.576 74.2762
38.6883 74.4404
35.9491 74.6002
33.3415 74.7562
30.8508 74.9089
28.4645 75.0585
26.172 75.2056
23.5286 75.3975
20.3778 75.6509
17.2925 75.9029
14.2672 76.1537
9.66211 76.5144
4.82675 76.8932
-3.41341 77.4242
-22.1468 78.3244
-42.5624 79.2732
-62.9622 80.222
-82.2812 81.178
-94.0309 82.2198
-99.3794 83.3915
-104.731 84.5613
-108.887 85.785
-112.299 87.0404
-115.591 88.2972
-118.778 89.5554
-121.467 90.8531
-123.58 92.1977
-125.604 93.544
-127.55 94.8917
-129.426 96.2407
-131.239 97.5909
-132.996 98.9421
-134.703 100.294
-136.365 101.647
-137.985 103.001
-139.569 104.355
-141.118 105.71
-142.636 107.066
-144.125 108.422
-145.588 109.778
-147.027 111.135
-148.444 112.493
-149.841 113.85
-151.174 115.221
-152.253 116.657
-136.632 115.49
-123.354 114.28
-112.061 113.029
-102.378 111.744
-94.0243 110.431
-86.7632 109.095
-80.4008 107.739
-74.6403 106.411
-69.4447 105.079
-64.7272 103.742
-60.4119 102.4
-56.4369 101.054
-52.7525 99.7059
-49.3176 98.3549
-46.0988 97.0018
-43.0679 95.647
-40.2018 94.2907
-37.4808 92.9332
-34.8883 91.5748
-32.4101 90.2154
-30.034 88.8553
-27.7496 87.4946
-25.2678 86.1577
-22.1224 84.8846
-19.041 83.6114
-16.0182 82.3383
-11.5216 81.1357
-6.68608 79.9512
1.73056 78.8469
20.5747 77.8816
40.9932 76.9275
61.3964 75.9736
80.3787 75.0602
91.159 74.4225
95.8394 74.0493
101.214 73.6439
105.05 73.3429
108.497 73.0646
111.826 72.7905
115.052 72.5198
117.529 72.3291
119.689 72.1677
121.762 72.0098
123.756 71.8551
125.681 71.7032
127.542 71.5538
129.347 71.4067
131.102 71.2616
132.81 71.1184
134.476 70.9768
136.104 70.8367
137.698 70.698
139.259 70.5606
140.79 70.4244
142.295 70.2892
143.774 70.155
145.23 70.0218
146.665 69.8893
147.897 69.813
149.015 69.7658
150.113 69.7195
151.193 69.6742
152.256 69.6298
153.303 69.5862
154.334 69.5434
155.351 69.5014
156.355 69.46
157.347 69.4193
158.326 69.3791
159.295 69.3395
143.804 69.963
130.748 70.4876
119.694 70.9278
110.236 71.3
102.08 71.6162
94.9861 71.8868
88.7602 72.12
83.2478 72.3226
78.3251 72.5002
73.8933 72.6571
69.8729 72.7968
66.2001 72.9221
62.8231 73.0354
59.6995 73.1385
56.7948 73.233
54.08 73.32
51.5312 73.4007
49.1283 73.4758
46.7189 73.5827
44.248 73.7328
41.875 73.8803
39.5902 74.0255
37.3852 74.1686
35.2526 74.3098
33.1859 74.4494
31.1794 74.5874
29.228 74.7241
27.3272 74.8595
25.473 74.9938
23.6617 75.127
21.8902 75.2593
20.1556 75.3908
18.2521 75.5434
15.5422 75.7865
12.8617 76.0291
10.2088 76.2711
6.22514 76.6049
1.68228 76.9779
-5.00992 77.4543
-23.3639 78.3463
-43.6783 79.2946
-63.9831 80.2428
-83.2534 81.1979
-94.6489 82.2436
-99.7453 83.4159
-104.823 84.5876
-108.535 85.8224
-111.709 87.08
-114.796 88.3388
-117.808 89.5985
-120.106 90.9197
-122.077 92.2662
-123.979 93.6139
-125.821 94.9628
-127.609 96.3127
-129.347 97.6634
-131.04 99.0151
-132.692 100.367
-134.307 101.721
-135.888 103.074
-137.437 104.429
-138.958 105.783
-140.452 107.139
-141.922 108.494
-143.369 109.851
-144.795 111.207
-146.202 112.564
-147.59 113.921
-148.711 115.349
-149.788 116.784
-150.848 118.221
-151.892 119.657
-152.92 121.094
-153.935 122.532
-154.937 123.97
-155.926 125.408
-156.903 126.847
-157.87 128.286
-158.826 129.725
-159.772 131.165
-144.314 129.995
-131.308 128.78
-120.307 127.523
-110.897 126.233
-102.783 124.915
-95.7235 123.575
-89.5267 122.216
-84.0382 120.842
-79.135 119.455
-74.7188 118.059
-70.7111 116.654
-67.0484 115.242
-63.6794 113.825
-60.5621 112.403
-57.6622 110.977
-54.951 109.547
-52.4047 108.115
-50.0035 106.681
-47.6897 105.254
-45.2207 103.893
-42.8489 102.531
-40.5647 101.168
-38.3595 99.8054
-36.2263 98.4423
-34.1585 97.0789
-32.1504 95.7153
-30.1971 94.3515
-28.2941 92.9876
-26.4373 91.6235
-24.6233 90.2592
-22.8489 88.8949
-21.1111 87.5305
-19.2948 86.1758
-16.5813 84.9017
-13.8971 83.6278
-11.2402 82.354
-7.31324 81.14
-2.76588 79.9559
4.03806 78.8298
22.4593 77.8642
42.7771 76.9117
63.0854 75.9593
82.164 75.042
93.1673 74.3938
97.7213 74.0211
102.817 73.6235
106.349 73.333
109.545 73.0626
112.656 72.7952
115.691 72.5305
117.868 72.3596
119.865 72.204
121.794 72.0511
123.662 71.9007
125.475 71.7525
127.239 71.6063
128.957 71.4619
130.634 71.3191
132.273 71.1779
133.878 71.0381
135.451 70.8995
136.994 70.7621
138.511 70.6258
140.003 70.4905
141.471 70.3561
142.918 70.2226
144.345 70.0899
145.698 69.9747
146.814 69.9266
147.911 69.8795
148.991 69.8334
150.055 69.788
151.103 69.7435
152.136 69.6998
153.156 69.6568
154.163 69.6144
155.158 69.5727
156.142 69.5316
157.115 69.491
158.077 69.451
159.031 69.4114
159.975 69.3724
160.91 69.3338
161.837 69.2956
162.756 69.2578
163.668 69.2204
164.573 69.1834
165.471 69.1467
166.362 69.1103
167.248 69.0743
151.86 69.6941
138.967 70.2127
128.081 70.6469
118.776 71.0136
110.749 71.3254
103.761 71.5924
97.6191 71.8231
92.1719 72.0239
87.2987 72.2004
82.9034 72.3566
78.9092 72.4961
75.2542 72.6216
71.8881 72.7352
68.7702 72.8389
65.8666 72.934
63.1495 73.0218
60.5957 73.1033
58.1854 73.1794
55.9022 73.2507
53.7321 73.3178
51.6628 73.3812
49.6842 73.4414
47.7871 73.4988
45.9637 73.5536
44.2073 73.6061
42.5118 73.6566
40.872 73.7053
39.2831 73.7523
37.661 73.8194
35.8349 73.9521
34.0481 74.0838
32.298 74.2148
30.582 74.345
28.8977 74.4745
27.2431 74.6033
25.6162 74.7316
24.0152 74.8593
22.4385 74.9865
20.8848 75.1132
19.3525 75.2395
17.8405 75.3653
16.3476 75.4908
14.7619 75.6279
12.2572 75.8667
9.76903 76.1052
7.29651 76.3435
3.63046 76.6637
-0.761926 77.034
-7.82811 77.5196
-24.5398 78.361
-44.7942 79.309
-65.0422 80.257
-84.3736 81.211
-95.985 82.2516
-100.903 83.4248
-105.793 84.5978
-109.287 85.8359
-112.286 87.0954
-115.22 88.3557
-118.096 89.6168
-120.172 90.9486
-122.023 92.2968
-123.82 93.6461
-125.57 94.9963
-127.275 96.3473
-128.939 97.699
-130.567 99.0515
-132.162 100.405
-133.725 101.758
-135.259 103.112
-136.767 104.467
-138.251 105.822
-139.711 107.178
-141.151 108.534
-142.571 109.89
-143.972 111.247
-145.357 112.604
-146.632 113.987
-147.709 115.422
-148.77 116.858
-149.815 118.294
-150.846 119.73
-151.864 121.167
-152.869 122.605
-153.862 124.043
-154.843 125.481
-155.814 126.919
-156.775 128.358
-157.726 129.797
-158.668 131.236
-159.602 132.676
-160.527 134.116
-161.445 135.556
-162.355 136.996
-163.258 138.436
-164.154 139.877
-165.044 141.318
-165.928 142.759
-166.806 144.2
-167.679 145.642
-152.309 144.471
-139.445 143.253
-128.587 141.993
-119.306 140.701
-111.3 139.381
-104.328 138.039
-98.1991 136.679
-92.7622 135.305
-87.897 133.918
-83.5077 132.521
-79.5179 131.116
-75.866 129.705
-72.5021 128.288
-69.3853 126.866
-66.4823 125.441
-63.7652 124.012
-61.2108 122.58
-58.7996 121.146
-56.5152 119.71
-54.3436 118.272
-52.2726 116.833
-50.292 115.392
-48.3929 113.95
-46.5673 112.507
-44.8086 111.064
-43.1108 109.619
-41.4685 108.174
-39.8771 106.729
-38.3178 105.287
-36.4892 103.921
-34.6999 102.556
-32.9471 101.191
-31.2284 99.8257
-29.5413 98.4605
-27.8838 97.0952
-26.254 95.73
-24.6501 94.3647
-23.0705 92.9995
-21.5138 91.6342
-19.9785 90.269
-18.4635 88.9037
-16.9676 87.5385
-15.4364 86.178
-12.9284 84.904
-10.4369 83.6302
-7.96105 82.3565
-4.32947 81.1369
0.0665124 79.9534
7.17085 78.8274
23.9639 77.8472
44.2208 76.8957
64.4715 75.9443
83.6813 75.0225
95.0202 74.3611
99.6171 73.9832
104.52 73.5912
107.9 73.3036
110.914 73.0392
113.864 72.777
116.755 72.5168
118.754 72.3554
120.622 72.2046
122.436 72.0559
124.201 71.9092
125.922 71.7643
127.603 71.621
129.246 71.4792
130.856 71.3388
132.433 71.1997
133.982 71.0617
135.504 70.9248
137.002 70.7889
138.476 70.654
139.929 70.5199
141.361 70.3866
142.775 70.254
144.172 70.1222
145.408 70.035
146.497 69.9878
147.571 69.9414
148.628 69.8959
149.671 69.8512
150.7 69.8072
151.717 69.7639
152.721 69.7213
153.713 69.6792
154.694 69.6378
155.665 69.5968
156.627 69.5564
157.579 69.5165
158.522 69.477
159.457 69.438
160.384 69.3994
161.303 69.3612
162.215 69.3234
163.12 69.2859
164.019 69.2488
164.911 69.212
165.798 69.1756
166.678 69.1394
167.553 69.1035
168.423 69.0679
169.288 69.0325
170.148 68.9974
171.003 68.9626
171.337 68.9479
171.545 68.9381
171.749 68.9286
171.948 68.9193
172.144 68.9102
156.82 69.5277
144.018 70.0431
133.224 70.4739
123.998 70.8378
116.036 71.1474
109.097 71.4129
102.993 71.6426
97.5715 71.8429
92.7157 72.0192
88.3307 72.1755
84.3413 72.3153
80.6866 72.4413
77.3176 72.5556
74.1939 72.6599
71.2826 72.7558
68.5562 72.8444
65.9918 72.9268
63.5701 73.0036
61.2748 73.0758
59.092 73.1437
57.0098 73.208
55.0179 73.269
53.1075 73.3271
51.2708 73.3827
49.501 73.436
47.7922 73.4872
46.1391 73.5366
44.5371 73.5843
42.982 73.6305
41.4702 73.6753
39.9983 73.7189
38.5635 73.7614
37.1629 73.8028
35.7943 73.8433
34.4553 73.8829
33.1441 73.9217
31.8589 73.9598
30.5979 73.9972
29.3597 74.0339
27.8966 74.1373
26.3714 74.2629
24.8654 74.3881
23.3777 74.5129
21.9073 74.6374
20.4533 74.7616
19.0147 74.8855
17.5909 75.0092
16.1811 75.1325
14.7845 75.2557
13.4006 75.3786
12.0288 75.5012
10.6684 75.6237
9.31902 75.7459
7.05801 75.9687
4.6813 76.205
2.31458 76.4413
-0.966094 76.7402
-5.26687 77.109
-11.4144 77.5592
-27.6155 78.3861
-47.8302 79.334
-68.0404 80.2818
-87.2856 81.2361
-98.3763 82.2843
-103.064 83.4603
-107.815 84.6343
-110.928 85.8854
-113.791 87.1464
-116.605 88.4081
-119.281 89.6789
-121.079 91.0279
-122.83 92.3778
-124.538 93.7285
-126.206 95.08
-127.838 96.4321
-129.436 97.7848
-131.004 99.1382
-132.544 100.492
-134.057 101.846
-135.546 103.201
-137.013 104.556
-138.458 105.912
-139.884 107.268
-141.292 108.624
-142.682 109.981
-144.057 111.338
-145.346 112.715
-146.415 114.15
-147.469 115