0.1 -4.83259e-21
0.2 -1.1276e-20
0.3 -2.00471e-20
0.4 -3.84833e-20
0.5 -2.38082e-20
0.6 -3.68725e-20
0.7 -3.50842e-20
0.8 -3.90227e-20
0.9 -6.08872e-21
1 -2.39856e-20
0 -2.39856e-20
24.7679 0.001
48.0144 0.002
67.7156 0.003
85.0565 0.004
102.574 0.005
118.401 0.006
126.988 0.007
131.069 0.008
134.069 0.009
135.439 0.01
118.293 0.009
101.703 0.008
86.0442 0.007
71.4343 0.006
57.8395 0.005
45.388 0.004
34.0491 0.003
22.5996 0.002
10.3712 0.001
-10.6204 0
-33.5739 -0.001
-56.0285 -0.002
-73.8385 -0.003
-87.4414 -0.004
-99.1278 -0.005
-108.865 -0.006
-115.643 -0.007
-120.701 -0.008
-124.635 -0.009
-127.716 -0.01
-110.628 -0.009
-94.2843 -0.008
-79.0024 -0.007
-64.9266 -0.006
-52.1192 -0.005
-40.572 -0.004
-29.886 -0.003
-19.4163 -0.002
-7.84719 -0.001
12.035 0
33.8244 0.001
54.9767 0.002
69.0749 0.003
77.8796 0.004
85.9078 0.005
92.0873 0.006
97.6144 0.007
102.61 0.008
106.733 0.009
110.11 0.01
113.144 0.011
115.899 0.012
118.423 0.013
120.757 0.014
122.933 0.015
124.976 0.016
126.906 0.017
128.74 0.018
130.492 0.019
132.172 0.02
115.931 0.019
101.62 0.018
89.1045 0.017
78.1545 0.016
68.5577 0.015
60.1144 0.014
52.6459 0.013
45.9979 0.012
40.0403 0.011
34.6649 0.01
29.7823 0.009
25.3186 0.008
21.2131 0.007
17.4154 0.006
13.8024 0.005
9.52417 0.004
5.43334 0.003
0.490143 0.002
-5.21643 0.001
-19.7341 -2.71051e-20
-40.4846 -0.001
-61.1921 -0.002
-76.4117 -0.003
-83.3383 -0.004
-89.5874 -0.005
-94.0861 -0.006
-98.271 -0.007
-102.194 -0.008
-105.279 -0.009
-107.947 -0.01
-110.426 -0.011
-112.743 -0.012
-114.922 -0.013
-116.983 -0.014
-118.943 -0.015
-120.814 -0.016
-122.608 -0.017
-124.335 -0.018
-126.003 -0.019
-127.618 -0.02
-111.584 -0.019
-97.7048 -0.018
-85.7222 -0.017
-75.3387 -0.016
-66.3018 -0.015
-58.3888 -0.014
-51.4098 -0.013
-45.2067 -0.012
-39.6498 -0.011
-34.6332 -0.01
-30.0708 -0.009
-25.8927 -0.008
-22.0416 -0.007
-18.4706 -0.006
-15.1411 -0.005
-11.185 -0.004
-7.27564 -0.003
-2.68014 -0.002
2.81619 -0.001
17.487 0
38.1504 0.001
58.5438 0.002
71.0403 0.003
77.2218 0.004
82.5975 0.005
86.8813 0.006
90.9198 0.007
94.4201 0.008
97.2511 0.009
99.8976 0.01
102.386 0.011
104.737 0.012
106.969 0.013
109.098 0.014
111.135 0.015
113.092 0.016
114.978 0.017
116.8 0.018
118.565 0.019
120.279 0.02
121.947 0.021
123.387 0.022
124.707 0.023
125.988 0.024
127.234 0.025
128.447 0.026
129.63 0.027
130.787 0.028
131.918 0.029
133.026 0.03
117.347 0.029
103.969 0.028
92.5644 0.027
82.773 0.026
74.3187 0.025
66.9679 0.024
60.5265 0.023
54.8359 0.022
49.7673 0.021
45.2169 0.02
41.1009 0.019
37.3516 0.018
33.9139 0.017
30.7426 0.016
27.8008 0.015
24.9419 0.014
22.0732 0.013
19.3489 0.012
16.7529 0.011
14.2711 0.01
11.8917 0.009
9.60418 0.008
7.39962 0.007
5.27013 0.006
3.20884 0.005
0.556747 0.004
-2.41948 0.003
-5.82082 0.002
-10.6259 0.001
-21.9045 0
-42.1255 -0.001
-62.6255 -0.002
-77.0133 -0.003
-82.7058 -0.004
-87.667 -0.005
-91.366 -0.006
-94.9125 -0.007
-97.966 -0.008
-100.393 -0.009
-102.695 -0.01
-104.885 -0.011
-106.976 -0.012
-108.981 -0.013
-110.909 -0.014
-112.769 -0.015
-114.568 -0.016
-116.313 -0.017
-118.008 -0.018
-119.659 -0.019
-121.27 -0.02
-122.793 -0.021
-124.071 -0.022
-125.314 -0.023
-126.524 -0.024
-127.706 -0.025
-128.861 -0.026
-129.991 -0.027
-131.098 -0.028
-132.184 -0.029
-133.251 -0.03
-117.639 -0.029
-104.375 -0.028
-93.095 -0.027
-83.4236 -0.026
-75.0785 -0.025
-67.8239 -0.024
-61.4657 -0.023
-55.8463 -0.022
-50.8383 -0.021
-46.3394 -0.02
-42.2671 -0.019
-38.5548 -0.018
-35.1484 -0.017
-32.0038 -0.016
-29.0845 -0.015
-26.3607 -0.014
-23.5615 -0.013
-20.855 -0.012
-18.2736 -0.011
-15.8041 -0.01
-13.4346 -0.009
-11.1552 -0.008
-8.95702 -0.007
-6.83244 -0.006
-4.77473 -0.005
-2.29384 -0.004
0.680732 -0.003
3.96212 -0.002
8.76792 -0.001
20.2235 0
40.6524 0.001
61.0199 0.002
73.5427 0.003
79.0531 0.004
83.6595 0.005
87.399 0.006
90.9786 0.007
93.7966 0.008
96.2726 0.009
98.621 0.01
100.859 0.011
103.001 0.012
105.056 0.013
107.035 0.014
108.946 0.015
110.795 0.016
112.59 0.017
114.334 0.018
116.033 0.019
117.692 0.02
119.104 0.021
120.43 0.022
121.721 0.023
122.979 0.024
124.206 0.025
125.406 0.026
126.579 0.027
127.729 0.028
128.857 0.029
129.964 0.03
131.053 0.031
132.123 0.032
133.177 0.033
134.215 0.034
135.239 0.035
136.249 0.036
137.246 0.037
138.232 0.038
139.205 0.039
140.169 0.04
124.684 0.039
111.638 0.038
100.594 0.037
91.1456 0.036
82.9975 0.035
75.9096 0.034
69.6889 0.033
64.1804 0.032
59.2607 0.031
54.831 0.03
50.8122 0.029
47.1404 0.028
43.764 0.027
40.6408 0.026
37.7361 0.025
35.0212 0.024
32.4721 0.023
30.0687 0.022
27.7941 0.021
25.6338 0.02
23.5756 0.019
21.6087 0.018
19.7241 0.017
17.9137 0.016
16.1707 0.015
14.4889 0.014
12.5823 0.013
10.6805 0.012
8.8248 0.011
7.01192 0.01
5.23865 0.009
3.5021 0.008
1.79967 0.007
0.129008 0.006
-1.51203 0.005
-3.58601 0.004
-6.21988 0.003
-9.04031 0.002
-13.5718 0.001
-23.3581 0
-43.3764 -0.001
-63.6108 -0.002
-79.5462 -0.003
-83.3043 -0.004
-87.7912 -0.005
-91.1505 -0.006
-94.4206 -0.007
-97.0347 -0.008
-99.2304 -0.009
-101.344 -0.01
-103.375 -0.011
-105.332 -0.012
-107.222 -0.013
-109.054 -0.014
-110.831 -0.015
-112.56 -0.016
-114.246 -0.017
-115.891 -0.018
-117.499 -0.019
-119.074 -0.02
-120.352 -0.021
-121.605 -0.022
-122.828 -0.023
-124.024 -0.024
-125.194 -0.025
-126.34 -0.026
-127.465 -0.027
-128.569 -0.028
-129.655 -0.029
-130.722 -0.03
-131.773 -0.031
-132.809 -0.032
-133.831 -0.033
-134.838 -0.034
-135.833 -0.035
-136.816 -0.036
-137.788 -0.037
-138.749 -0.038
-139.701 -0.039
-140.642 -0.04
-125.189 -0.039
-112.193 -0.038
-101.2 -0.037
-91.7979 -0.036
-83.6902 -0.035
-76.6365 -0.034
-70.444 -0.033
-64.9588 -0.032
-60.058 -0.031
-55.6435 -0.03
-51.637 -0.029
-47.975 -0.028
-44.6064 -0.027
-41.4893 -0.026
-38.5892 -0.025
-35.8777 -0.024
-33.331 -0.023
-30.9292 -0.022
-28.6555 -0.021
-26.4954 -0.02
-24.4369 -0.019
-22.4693 -0.018
-20.5836 -0.017
-18.7718 -0.016
-17.027 -0.015
-15.3432 -0.014
-13.5348 -0.013
-11.6309 -0.012
-9.773 -0.011
-7.95761 -0.01
-6.18159 -0.009
-4.4421 -0.008
-2.73656 -0.007
-1.06264 -0.006
0.58179 -0.005
2.56893 -0.004
5.20675 -0.003
7.97002 -0.002
12.506 -0.001
22.4111 1.69407e-21
42.5574 0.001
62.7167 0.002
76.6942 0.003
81.2347 0.004
85.5292 0.005
88.9699 0.006
92.2619 0.007
94.7254 0.008
96.9759 0.009
99.1157 0.01
101.173 0.011
103.156 0.012
105.074 0.013
106.931 0.014
108.734 0.015
110.489 0.016
112.199 0.017
113.869 0.018
115.502 0.019
117.006 0.02
118.318 0.021
119.595 0.022
120.842 0.023
122.06 0.024
123.253 0.025
124.422 0.026
125.568 0.027
126.693 0.028
127.799 0.029
128.887 0.03
129.958 0.031
131.013 0.032
132.053 0.033
133.079 0.034
134.092 0.035
135.093 0.036
136.081 0.037
137.059 0.038
138.027 0.039
138.984 0.04
139.933 0.041
140.872 0.042
141.803 0.043
142.726 0.044
143.641 0.045
144.549 0.046
145.451 0.047
146.345 0.048
147.234 0.049
148.116 0.05
132.731 0.049
119.845 0.048
108.965 0.047
99.6644 0.046
91.6419 0.045
84.6566 0.044
78.5172 0.043
73.0718 0.042
68.1999 0.041
63.8055 0.04
59.8118 0.039
56.157 0.038
52.791 0.037
49.6729 0.036
46.769 0.035
44.0516 0.034
41.4972 0.033
39.0864 0.032
36.8027 0.031
34.6319 0.03
32.5621 0.029
30.5827 0.028
28.685 0.027
26.8609 0.026
25.1039 0.025
23.4077 0.024
21.7672 0.023
20.1776 0.022
18.6349 0.021
17.1353 0.02
15.6754 0.019
14.2524 0.018
12.8636 0.017
11.5064 0.016
10.1788 0.015
8.87876 0.014
7.33044 0.013
5.75116 0.012
4.19467 0.011
2.65976 0.01
1.14518 0.009
-0.350235 0.008
-1.82754 0.007
-3.28773 0.006
-4.73172 0.005
-6.55225 0.004
-9.01533 0.003
-11.5442 0.002
-15.9312 0.001
-24.7632 0
-44.5496 -0.001
-64.6886 -0.002
-80.8665 -0.003
-84.7207 -0.004
-88.9872 -0.005
-92.1149 -0.006
-95.1857 -0.007
-97.5587 -0.008
-99.5782 -0.009
-101.541 -0.01
-103.44 -0.011
-105.281 -0.012
-107.069 -0.013
-108.81 -0.014
-110.507 -0.015
-112.165 -0.016
-113.787 -0.017
-115.375 -0.018
-116.933 -0.019
-118.346 -0.02
-119.588 -0.021
-120.802 -0.022
-121.991 -0.023
-123.156 -0.024
-124.299 -0.025
-125.421 -0.026
-126.524 -0.027
-127.609 -0.028
-128.677 -0.029
-129.729 -0.03
-130.767 -0.031
-131.791 -0.032
-132.801 -0.033
-133.8 -0.034
-134.787 -0.035
-135.762 -0.036
-136.728 -0.037
-137.684 -0.038
-138.63 -0.039
-139.568 -0.04
-140.497 -0.041
-141.418 -0.042
-142.332 -0.043
-143.238 -0.044
-144.138 -0.045
-145.031 -0.046
-145.918 -0.047
-146.799 -0.048
-147.674 -0.049
-148.544 -0.05
-133.178 -0.049
-120.319 -0.048
-109.465 -0.047
-100.188 -0.046
-92.1857 -0.045
-85.2165 -0.044
-79.0899 -0.043
-73.6545 -0.042
-68.7903 -0.041
-64.4016 -0.04
-60.4121 -0.039
-56.7603 -0.038
-53.3962 -0.037
-50.2792 -0.036
-47.3758 -0.035
-44.6582 -0.034
-42.1033 -0.033
-39.6916 -0.032
-37.4066 -0.031
-35.2343 -0.03
-33.1627 -0.029
-31.1814 -0.028
-29.2816 -0.027
-27.4554 -0.026
-25.696 -0.025
-23.9974 -0.024
-22.3545 -0.023
-20.7624 -0.022
-19.2171 -0.021
-17.7149 -0.02
-16.2524 -0.019
-14.8268 -0.018
-13.4352 -0.017
-12.0754 -0.016
-10.7451 -0.015
-9.44237 -0.014
-7.95614 -0.013
-6.37393 -0.012
-4.81459 -0.011
-3.2768 -0.01
-1.75931 -0.009
-0.260989 -0.008
1.21923 -0.007
2.68234 -0.006
4.12925 -0.005
5.89611 -0.004
8.36257 -0.003
10.8571 -0.002
15.2477 -0.001
24.1562 -2.71051e-20
44.0174 0.001
64.0837 0.002
78.7893 0.003
83.4422 0.004
87.5102 0.005
90.7333 0.006
93.8181 0.007
96.076 0.008
98.1525 0.009
100.132 0.01
102.048 0.011
103.905 0.012
105.71 0.013
107.467 0.014
109.18 0.015
110.853 0.016
112.49 0.017
114.093 0.018
115.666 0.019
117.037 0.02
118.296 0.021
119.525 0.022
120.728 0.023
121.907 0.024
123.064 0.025
124.199 0.026
125.315 0.027
126.413 0.028
127.493 0.029
128.557 0.03
129.607 0.031
130.642 0.032
131.664 0.033
132.673 0.034
133.671 0.035
134.657 0.036
135.633 0.037
136.599 0.038
137.555 0.039
138.502 0.04
139.441 0.041
140.371 0.042
141.294 0.043
142.21 0.044
143.118 0.045
144.02 0.046
144.915 0.047
145.804 0.048
146.687 0.049
147.565 0.05
148.437 0.051
149.304 0.052
150.166 0.053
151.024 0.054
151.877 0.055
152.726 0.056
153.57 0.057
154.41 0.058
155.247 0.059
156.08 0.06
140.754 0.059
127.96 0.058
117.169 0.057
107.946 0.056
99.9857 0.055
93.0487 0.054
86.9451 0.053
81.5249 0.052
76.6696 0.051
72.285 0.05
68.2957 0.049
64.641 0.048
61.2718 0.047
58.148 0.046
55.2364 0.045
52.5096 0.044
49.9448 0.043
47.5227 0.042
45.227 0.041
43.0438 0.04
40.9611 0.039
38.9688 0.038
37.0579 0.037
35.2207 0.036
33.4504 0.035
31.7411 0.034
30.0876 0.033
28.4851 0.032
26.9296 0.031
25.4173 0.03
23.945 0.029
22.5097 0.028
21.1087 0.027
19.7396 0.026
18.4002 0.025
17.0886 0.024
15.8029 0.023
14.5415 0.022
13.3029 0.021
12.0857 0.02
10.8886 0.019
9.71044 0.018
8.55018 0.017
7.40681 0.016
6.27941 0.015
5.16712 0.014
3.76663 0.013
2.35463 0.012
0.955875 0.011
-0.430155 0.01
-1.80407 0.009
-3.16642 0.008
-4.51776 0.007
-5.85857 0.006
-7.18932 0.005
-8.87723 0.004
-11.2382 0.003
-13.592 0.002
-17.8895 0.001
-25.404 0
-45.6232 -0.001
-65.8392 -0.002
-80.9045 -0.003
-86.5736 -0.004
-90.3151 -0.005
-93.2197 -0.006
-96.1255 -0.007
-98.503 -0.008
-100.388 -0.009
-102.229 -0.01
-104.021 -0.011
-105.766 -0.012
-107.469 -0.013
-109.133 -0.014
-110.76 -0.015
-112.355 -0.016
-113.92 -0.017
-115.456 -0.018
-116.966 -0.019
-118.453 -0.02
-119.511 -0.021
-120.681 -0.022
-121.834 -0.023
-122.966 -0.024
-124.079 -0.025
-125.174 -0.026
-126.252 -0.027
-127.314 -0.028
-128.361 -0.029
-129.394 -0.03
-130.414 -0.031
-131.422 -0.032
-132.417 -0.033
-133.402 -0.034
-134.376 -0.035
-135.34 -0.036
-136.294 -0.037
-137.24 -0.038
-138.177 -0.039
-139.106 -0.04
-140.027 -0.041
-140.941 -0.042
-141.848 -0.043
-142.748 -0.044
-143.642 -0.045
-144.53 -0.046
-145.412 -0.047
-146.289 -0.048
-147.16 -0.049
-148.026 -0.05
-148.887 -0.051
-149.743 -0.052
-150.595 -0.053
-151.443 -0.054
-152.286 -0.055
-153.125 -0.056
-153.961 -0.057
-154.792 -0.058
-155.621 -0.059
-156.445 -0.06
-141.161 -0.059
-128.353 -0.058
-117.579 -0.057
-108.37 -0.056
-100.422 -0.055
-93.4933 -0.054
-87.3961 -0.053
-81.9806 -0.052
-77.1285 -0.051
-72.746 -0.05
-68.7578 -0.049
-65.1035 -0.048
-61.7342 -0.047
-58.6098 -0.046
-55.6972 -0.045
-52.9692 -0.044
-50.4029 -0.043
-47.9791 -0.042
-45.6816 -0.041
-43.4964 -0.04
-41.4117 -0.039
-39.4173 -0.038
-37.5042 -0.037
-35.6648 -0.036
-33.8923 -0.035
-32.1808 -0.034
-30.5249 -0.033
-28.9201 -0.032
-27.3623 -0.031
-25.8478 -0.03
-24.3732 -0.029
-22.9356 -0.028
-21.5323 -0.027
-20.1609 -0.026
-18.8193 -0.025
-17.5055 -0.024
-16.2176 -0.023
-14.954 -0.022
-13.7131 -0.021
-12.4938 -0.02
-11.2945 -0.019
-10.1142 -0.018
-8.95186 -0.017
-7.8064 -0.016
-6.67693 -0.015
-5.5626 -0.014
-4.20652 -0.013
-2.79133 -0.012
-1.39035 -0.011
-0.00210712 -0.01
1.374 -0.009
2.73854 -0.008
4.09204 -0.007
5.435 -0.006
6.76789 -0.005
8.41631 -0.004
10.7819 -0.003
13.136 -0.002
17.394 -0.001
24.9662 0
