0.1 -4.68438
0.2 5.46771
0.3 21.7882
0.4 16.2882
0.5 10.7882
0.6 5.28816
0.7 -0.21184
0.8 -0.611043
0.9 -1.19942
1 -1.7878
0 -1.7878
19.2438 -15.2855
36.0579 -27.8124
52.8613 -40.3487
69.2106 -52.5342
81.2729 -64.3615
84.7489 -75.5933
86.7496 -86.5494
87.8756 -94.7848
88.6931 -101.861
89.4431 -108.31
73.1111 -95.3192
57.6526 -82.6189
43.3711 -70.3097
30.3648 -58.4245
18.875 -45.0246
8.7477 -29.8335
-0.386149 -16.1327
-8.52827 -3.91959
-15.7116 6.85543
-21.9963 16.2825
-27.4615 24.4804
-43.2795 45.6717
-56.4329 76.0479
-69.1912 100.215
-78.1408 116.143
-82.314 123.011
-83.9487 125.015
-84.8372 125.594
-85.3022 125.811
-85.4835 125.923
-69.1812 99.0423
-53.8396 73.8688
-39.7535 50.6628
-27.0097 29.6675
-15.6439 10.9598
-5.63063 -5.48868
3.10491 -19.7935
10.6725 -32.133
17.1023 -42.365
22.4672 -50.4124
27.1748 -57.4738
35.8302 -60.5376
41.3375 -62.135
46.8421 -63.7164
51.4909 -65.3539
55.3924 -66.8829
58.6834 -68.3192
61.478 -69.6754
63.869 -70.9616
65.9308 -72.186
67.7224 -73.355
69.2912 -74.4741
70.6747 -75.5476
71.9031 -76.5793
73.0009 -77.5723
73.9877 -78.5294
74.8799 -79.4529
75.6905 -80.3448
76.4306 -81.2071
77.1094 -82.0413
61.5655 -69.627
47.9447 -58.5051
36.1662 -48.576
25.9926 -39.6775
17.2167 -31.6652
9.63797 -24.4109
3.07335 -17.8052
-2.63776 -11.7567
-7.5884 -5.33388
-11.9299 1.18299
-15.7989 6.98648
-19.2605 12.1789
-22.3704 16.8438
-25.1755 21.0514
-27.7155 24.8614
-30.024 28.3242
-32.1297 31.4827
-34.0568 34.3734
-35.8263 37.0276
-37.4561 39.4722
-38.9615 41.7304
-43.9413 47.0497
-47.3579 55.8499
-51.0756 63.1111
-54.3736 68.9598
-57.2108 73.9794
-59.666 78.3142
-61.8046 82.0816
-63.6796 85.3766
-65.3338 88.2763
-66.8023 90.8434
-68.1133 93.129
-69.2904 95.1748
-70.3525 97.0153
-71.3156 98.6789
-72.1929 100.189
-72.9955 101.566
-73.7326 102.827
-74.4121 103.985
-75.0408 105.052
-59.6524 79.6357
-46.3377 57.8512
-34.9251 39.0925
-25.1299 23.0295
-16.719 9.28311
-9.48242 -2.48769
-3.58579 -11.333
1.61224 -19.1301
6.21845 -26.0394
10.321 -32.1933
13.993 -37.7012
17.2948 -42.6539
20.2769 -47.1271
22.9814 -51.184
25.444 -54.8778
27.6944 -58.2534
29.7581 -61.349
31.6568 -64.197
33.4089 -66.8253
35.0306 -69.2578
36.5356 -71.5152
37.9359 -73.6156
39.2418 -75.5746
42.1496 -76.717
44.8899 -77.017
47.5896 -77.4459
49.9837 -77.8623
52.1183 -78.2676
54.0324 -78.6628
55.758 -79.0486
57.3214 -79.4258
58.7446 -79.795
60.0458 -80.1567
61.2403 -80.5113
62.341 -80.8593
63.359 -81.2009
64.3035 -81.5365
65.1825 -81.8663
66.0031 -82.1906
66.771 -82.5096
67.4916 -82.8235
68.1694 -83.1324
68.8084 -83.4367
69.412 -83.7363
69.9833 -84.0315
70.5252 -84.3223
71.04 -84.609
71.53 -84.8916
71.997 -85.1703
72.4429 -85.4451
57.3295 -73.5665
44.5316 -63.4718
33.7246 -54.7416
24.541 -47.0749
16.7029 -40.2599
10.2011 -32.0442
4.6492 -23.6856
-0.254339 -16.3303
-4.60577 -9.80319
-8.48895 -3.97843
-11.9725 1.24692
-15.113 5.95764
-17.9572 10.224
-20.5442 14.1044
-22.9065 17.6479
-25.0719 20.896
-27.0636 23.8835
-28.9015 26.6404
-30.6027 29.1922
-32.1819 31.5609
-33.6516 33.7656
-35.0231 35.8228
-36.3058 37.7469
-37.5083 39.5506
-38.6378 41.2449
-39.701 42.8397
-40.7036 44.3436
-41.6509 45.7644
-42.5472 47.109
-43.3969 48.3835
-44.2035 49.5934
-44.9703 50.7436
-45.7004 51.8388
-47.0707 54.1528
-49.4495 58.3893
-51.5744 62.1692
-53.4828 65.5603
-55.2056 68.6182
-56.7686 71.3891
-58.1929 73.9111
-59.4964 76.2163
-60.6941 78.3317
-61.7986 80.2798
-62.8207 82.0801
-63.7695 83.7491
-64.653 85.3009
-65.478 86.7479
-66.2503 88.1007
-66.9752 89.3684
-67.6572 90.5593
-68.3001 91.6804
-68.9076 92.738
-69.4826 93.7376
-70.0279 94.6841
-70.546 95.582
-71.0391 96.4351
-71.509 97.2469
-71.9576 98.0207
-72.3864 98.7591
-72.7968 99.4649
-57.7406 74.5933
-45.0391 53.8273
-34.3364 36.2539
-25.2527 21.3851
-17.9411 10.2112
-11.718 0.86526
-6.23893 -7.35331
-1.397 -14.6162
2.90854 -21.0746
6.7592 -26.8506
10.2214 -32.044
13.3499 -36.7366
16.1896 -40.9962
18.7782 -44.8792
21.1473 -48.4328
23.3233 -51.6968
25.3289 -54.7052
27.1833 -57.4867
28.9028 -60.0661
30.5019 -62.4646
31.9927 -64.7009
33.386 -66.7908
34.6911 -68.7485
35.9163 -70.5863
37.0688 -72.3151
38.155 -73.9444
39.1806 -75.4828
40.1506 -76.9378
41.0696 -78.3162
41.9415 -79.6241
42.77 -80.8669
43.5584 -82.0495
44.3097 -83.1764
45.0264 -84.2515
45.7111 -85.2785
47.1346 -85.8658
49.0818 -86.087
50.85 -86.3042
52.4628 -86.5178
53.94 -86.7279
55.2985 -86.9348
56.5522 -87.1388
57.7134 -87.3399
58.7921 -87.5383
59.7974 -87.7341
60.7367 -87.9274
61.6167 -88.1184
62.4432 -88.3071
63.2213 -88.4937
63.9552 -88.6781
64.6491 -88.8604
65.3062 -89.0408
65.9297 -89.2192
66.5223 -89.3958
67.0865 -89.5705
67.6245 -89.7435
68.1382 -89.9147
68.6294 -90.0842
69.0997 -90.252
69.5506 -90.4183
69.9834 -90.5829
70.3994 -90.746
70.7995 -90.9075
71.1848 -91.0676
71.5563 -91.2262
71.9147 -91.3834
72.2609 -91.5391
72.5955 -91.6935
72.9193 -91.8465
73.2328 -91.9982
58.2976 -80.316
45.8036 -70.5377
35.3262 -62.1386
26.4563 -54.7858
19.2364 -45.6163
13.1299 -36.4067
7.757 -28.3473
3.00545 -21.22
-1.22368 -14.8763
-5.0101 -9.19669
-8.41861 -4.08393
-11.5023 0.541626
-14.3051 4.74576
-16.8634 8.58319
-19.2077 12.0997
-21.3639 15.3341
-23.3538 18.3189
-25.196 21.0822
-26.9066 23.648
-28.4992 26.0369
-29.9859 28.2669
-31.377 30.3536
-32.6816 32.3106
-33.9078 34.1499
-35.0626 35.882
-36.1521 37.5163
-37.1819 39.0611
-38.157 40.5237
-39.0818 41.9108
-39.9601 43.2283
-40.7956 44.4815
-41.5914 45.6752
-42.3504 46.8137
-43.0752 47.9009
-43.7682 48.9405
-44.4316 49.9355
-45.0673 50.8891
-45.6771 51.8039
-46.2627 52.6823
-46.8257 53.5266
-47.3672 54.339
-47.8888 55.1213
-48.3914 55.8753
-48.8763 56.6027
-49.3445 57.3048
-51.5635 59.2287
-52.3418 62.6078
-53.813 65.2311
-55.1683 67.6423
-56.4197 69.8668
-57.5791 71.9259
-58.6565 73.8378
-59.6608 75.6183
-60.5994 77.2809
-61.4789 78.8374
-62.3051 80.2982
-63.0829 81.6721
-63.8167 82.9671
-64.5104 84.1901
-65.1675 85.3475
-65.791 86.4446
-66.3837 87.4863
-66.9479 88.4771
-67.4859 89.4208
-67.9995 90.321
-68.4907 91.1809
-68.961 92.0034
-69.4118 92.791
-69.8445 93.5462
-70.2603 94.2711
-70.6603 94.9677
-71.0454 95.6378
-71.4167 96.283
-71.7748 96.9049
-72.1207 97.5049
-72.4551 98.0842
-72.7785 98.644
-73.0917 99.1854
-73.3951 99.7095
-73.6893 100.217
-58.7825 75.5912
-46.333 55.2387
-35.901 38.1131
-27.2135 24.1085
-20.2471 13.6591
-14.1714 4.54538
-8.8309 -3.46537
-4.10303 -10.5572
0.109879 -16.8766
3.88629 -22.5412
7.28991 -27.6467
10.3729 -32.2712
13.1783 -36.4793
15.742 -40.3249
18.094 -43.8528
20.2595 -47.1011
22.2601 -50.1019
24.114 -52.8828
25.837 -55.4674
27.4427 -57.8759
28.9429 -60.1262
30.3479 -62.2336
31.6665 -64.2116
32.9067 -66.0719
34.0755 -67.8252
35.1791 -69.4805
36.2228 -71.0461
37.2117 -72.5294
38.15 -73.9369
39.0417 -75.2744
39.8903 -76.5473
40.699 -77.7604
41.4707 -78.9179
42.2079 -80.0237
42.9131 -81.0815
43.5883 -82.0943
44.2357 -83.0653
44.8568 -83.9971
45.4535 -84.8921
46.0273 -85.7527
46.5794 -86.5809
47.1112 -87.3787
47.6239 -88.1477
48.1186 -88.8898
48.5963 -89.6063
49.0579 -90.2987
50.0052 -90.7429
51.5035 -90.8878
52.8851 -91.0309
54.1635 -91.1723
55.3501 -91.312
56.4549 -91.4503
57.4865 -91.5871
58.4523 -91.7225
59.3587 -91.8565
60.2114 -91.9893
61.0152 -92.1209
61.7747 -92.2513
62.4936 -92.3805
63.1753 -92.5086
63.8228 -92.6356
64.439 -92.7616
65.0262 -92.8865
65.5867 -93.0104
66.1223 -93.1334
66.6349 -93.2553
67.1261 -93.3764
67.5974 -93.4965
68.05 -93.6157
68.4853 -93.7341
68.9042 -93.8516
69.3079 -93.9682
69.6972 -94.084
70.0731 -94.1989
70.4363 -94.3131
70.7875 -94.4265
71.1274 -94.539
71.4567 -94.6509
71.7758 -94.7619
72.0854 -94.8722
72.386 -94.9818
72.6779 -95.0906
72.9617 -95.1987
73.2377 -95.3062
73.5064 -95.4129
73.768 -95.5189
74.0229 -95.6243
74.2714 -95.729
74.5138 -95.833
74.7504 -95.9364
59.9088 -84.3555
47.5642 -74.731
37.2396 -66.4872
28.4841 -59.4384
21.5503 -49.1493
15.5547 -40.0439
10.2578 -32.0986
5.56597 -25.0608
1.38247 -18.7855
-2.37023 -13.1565
-5.75501 -8.07933
-8.82329 -3.47691
-11.6175 0.714422
-14.1729 4.54758
-16.5191 8.06688
-18.681 11.3097
-20.6798 14.3078
-22.5334 17.0882
-24.2574 19.6742
-25.8652 22.0859
-27.3684 24.3407
-28.7771 26.4538
-30.1002 28.4384
-31.3454 30.3063
-32.5197 32.0678
-33.6292 33.7319
-34.6791 35.3069
-35.6745 36.7999
-36.6195 38.2175
-37.5182 39.5654
-38.3738 40.8489
-39.1897 42.0728
-39.9687 43.2412
-40.7133 44.3581
-41.4258 45.4269
-42.1085 46.451
-42.7633 47.4331
-43.392 48.3761
-43.9961 49.2823
-44.5773 50.154
-45.1368 50.9934
-45.676 51.8022
-46.196 52.5822
-46.698 53.3352
-47.1829 54.0625
-47.6517 54.7657
-48.1052 55.446
-48.5442 56.1045
-48.9696 56.7425
-49.3819 57.361
-49.7819 57.961
-50.1701 58.5433
-50.5471 59.1088
-50.9135 59.6584
-51.2698 60.1928
-51.6163 60.7127
-53.9474 62.4223
-54.1362 65.1956
-55.3209 67.3068
-56.4241 69.2716
-57.4543 71.1053
-58.419 72.8212
-59.3244 74.4306
-60.1763 75.9437
-60.9795 77.3694
-61.7384 78.7154
-62.4567 79.9887
-63.1379 81.1953
-63.7851 82.3407
-64.4009 83.4298
-64.9877 84.4669
-65.5478 85.456
-66.0831 86.4005
-66.5954 87.3038
-67.0863 88.1686
-67.5572 88.9977
-68.0095 89.7933
-68.4444 90.5578
-68.863 91.293
-69.2664 92.0008
-69.6553 92.6829
-70.0308 93.3408
-70.3936 93.976
-70.7444 94.5897
-71.0839 95.1832
-71.4128 95.7575
-71.7315 96.3138
-72.0406 96.8529
-72.3407 97.3758
-72.6322 97.8833
-72.9155 98.3762
-73.1911 98.8552
-73.4592 99.321
-73.7203 99.7742
-73.9747 100.215
-74.2227 100.645
-74.4646 101.064
-74.7006 101.472
-74.931 101.871
-75.1561 102.26
-60.3312 77.7683
-48.0114 57.6265
-37.7111 40.7171
-29.1986 27.0863
-22.323 16.773
-16.3212 7.77013
-11.0402 -0.151449
-6.35902 -7.17325
-2.18189 -13.439
1.56798 -19.0638
4.95281 -24.141
8.02346 -28.747
10.8219 -32.9447
13.383 -36.7864
15.7361 -40.316
17.9058 -43.5705
19.9129 -46.5812
21.7755 -49.3751
23.5089 -51.9752
25.1263 -54.4013
26.6393 -56.6708
28.0579 -58.7987
29.391 -60.7983
30.6461 -62.681
31.8303 -64.4573
32.9495 -66.1361
34.0092 -67.7256
35.0141 -69.2329
35.9685 -70.6646
36.8763 -72.0263
37.7411 -73.3235
38.5658 -74.5606
39.3535 -75.7421
40.1066 -76.8717
40.8275 -77.9531
41.5183 -78.9893
42.181 -79.9834
42.8175 -80.938
43.4292 -81.8556
44.0177 -82.7384
44.5845 -83.5886
45.1307 -84.408
45.6577 -85.1983
46.1663 -85.9613
46.6578 -86.6985
47.1329 -87.4112
47.5926 -88.1008
48.0378 -88.7685
48.469 -89.4153
48.8871 -90.0425
49.2927 -90.6509
49.6864 -91.2414
50.0688 -91.815
50.4404 -92.3724
50.8017 -92.9144
51.1533 -93.4417
51.4955 -93.955
53.9858 -94.2114
53.8688 -94.2171
54.9894 -94.3223
56.037 -94.4266
57.0188 -94.53
57.9413 -94.6325
58.8099 -94.7342
59.6296 -94.8351
60.4046 -94.9353
61.1388 -95.0347
61.8356 -95.1334
62.4979 -95.2314
63.1286 -95.3287
63.73 -95.4253
64.3043 -95.5213
64.8534 -95.6167
65.3793 -95.7115
65.8833 -95.8057
66.3672 -95.8992
66.8321 -95.9922
67.2793 -96.0847
67.71 -96.1765
68.125 -96.2679
68.5255 -96.3587
68.9122 -96.4489
69.2859 -96.5387
69.6474 -96.6279
69.9974 -96.7166
70.3364 -96.8048
70.6652 -96.8926
70.9841 -96.9798
71.2938 -97.0666
71.5946 -97.1529
71.8871 -97.2387
72.1716 -97.3241
72.4485 -97.409
72.7182 -97.4935
72.981 -97.5776
73.2372 -97.6612
73.4872 -97.7443
73.7311 -97.8271
73.9693 -97.9094
74.202 -97.9913
74.4295 -98.0728
74.6519 -98.1538
74.8694 -98.2345
75.0823 -98.3148
75.2908 -98.3947
75.495 -98.4742
75.695 -98.5533
75.8911 -98.632
76.0834 -98.7103
76.272 -98.7883
61.4872 -87.2681
49.2288 -77.7325
38.9885 -69.5763
30.3585 -62.2498
23.5118 -51.9796
17.5358 -43.0156
12.2758 -35.1256
7.61142 -28.129
3.44733 -21.8828
-0.292659 -16.2729
-3.67028 -11.2064
-6.73598 -6.60788
-9.53135 -2.41481
-12.091 1.42467
-14.4439 4.95402
-16.6145 8.20991
-18.6236 11.2235
-20.4888 14.0213
-22.2254 16.6263
-23.8467 19.0582
-25.364 21.3341
-26.7872 23.469
-28.1252 25.4759
-29.3855 27.3665
-30.5751 29.1508
-31.6999 30.838
-32.7652 32.436
-33.7759 33.952
-34.7362 35.3924
-35.65 36.7631
-36.5206 38.0691
-37.3514 39.3152
-38.145 40.5057
-38.9041 41.6443
-39.631 42.7346
-40.3277 43.7798
-40.9964 44.7827
-41.6387 45.7462
-42.2562 46.6725
-42.8506 47.564
-43.4231 48.4228
-43.975 49.2507
-44.5076 50.0495
-45.0218 50.8209
-45.5188 51.5664
-45.9994 52.2873
-46.4646 52.985
-46.915 53.6607
-47.3516 54.3155
-47.7749 54.9505
-48.1856 55.5666
-48.5844 56.1648
-48.9719 56.746
-49.3485 57.3109
-49.7147 57.8602
-50.0711 58.3948
-50.4181 58.9153
-50.7561 59.4223
-51.0855 59.9164
-51.4066 60.3981
-51.7199 60.868
-52.0257 61.3266
-52.3241 61.7744
-52.6157 62.2117
-52.9006 62.6391
-53.1791 63.0568
-53.8704 64.249
-54.9896 66.2469
-56.0361 68.1139
-57.0171 69.8631
-57.9388 71.5057
-58.8067 73.0517
-59.6259 74.5099
-60.4004 75.8879
-61.1342 77.1927
-61.8306 78.4303
-62.4926 79.6062
-63.1229 80.7251
-63.724 81.7914
-64.2981 82.8091
-64.847 83.7817
-65.3725 84.7123
-65.8764 85.604
-66.36 86.4592
-66.8246 87.2805
-67.2716 88.07
-67.702 88.8297
-68.1168 89.5615
-68.517 90.267
-68.9034 90.9478
-69.2769 91.6054
-69.6381 92.241
-69.9878 92.8559
-70.3266 93.4512
-70.655 94.0279
-70.9736 94.5871
-71.2829 95.1297
-71.5834 95.6564
-71.8756 96.1681
-72.1597 96.6655
-72.4363 97.1493
-72.7056 97.6202
-72.9681 98.0787
-73.2239 98.5254
-73.4735 98.9608
-73.7171 99.3855
-73.9549 99.7999
-74.1872 100.204
-74.4142 100.6
-74.6362 100.986
-74.8533 101.363
-75.0658 101.732
-75.2739 102.093
-75.4776 102.447
-75.6772 102.793
-75.8729 103.132
-76.0647 103.464
-76.2528 103.79
-76.4375 104.109
-76.6187 104.422
-61.8446 80.0148
-49.6017 59.9971
-39.376 43.2095
-30.9254 29.6766
-24.0978 19.4352
-18.1342 10.4897
-12.8826 2.61211
-8.22305 -4.3772
-4.06108 -10.6202
-0.320926 -16.2304
3.05867 -21.2998
6.12779 -25.9035
8.92773 -30.1034
11.4928 -33.9511
13.8519 -37.4897
16.0291 -40.7555
18.0452 -43.7797
19.9178 -46.5885
21.662 -49.2048
23.2909 -51.6481
24.8158 -53.9356
26.2468 -56.082
27.5924 -58.1005
28.8604 -60.0025
30.0575 -61.7982
31.1898 -63.4965
32.2625 -65.1055
33.2804 -66.6324
34.2478 -68.0835
35.1685 -69.4646
36.046 -70.7809
36.8834 -72.037
37.6836 -73.2372
38.449 -74.3854
39.1821 -75.4851
39.885 -76.5394
40.5596 -77.5512
41.2077 -78.5234
41.8309 -79.4582
42.4308 -80.358
43.0087 -81.2249
43.5659 -82.0607
44.1036 -82.8672
44.6228 -83.6461
45.1247 -84.3988
45.61 -85.1269
46.0798 -85.8315
46.5348 -86.514
46.9757 -87.1754
47.4033 -87.8169
47.8183 -88.4393
48.2212 -89.0436
48.6126 -89.6307
48.9931 -90.2015
49.3631 -90.7566
49.7232 -91.2967
50.0738 -91.8226
50.4154 -92.3349
50.7482 -92.8341
51.0727 -93.3209
