0.1 -9.66517e-21
0.2 -2.50498e-21
0.3 2.15025e-21
0.4 -5.7267e-21
0.5 -2.64905e-20
0.6 4.2932e-21
0.7 -1.14607e-20
0.8 4.11657e-20
0.9 1.50371e-20
1 5.87078e-20
0 5.87078e-20
24.7679 0.001
49.3355 0.002
71.1694 0.003
90.0097 0.004
107.649 0.005
124.595 0.006
137.76 0.007
143.896 0.008
146.764 0.009
149.069 0.01
131.803 0.009
114.965 0.008
98.8427 0.007
83.6446 0.006
69.52 0.005
55.8602 0.004
42.9386 0.003
30.0767 0.002
12.166 0.001
-10.925 -1.35525e-20
-33.8736 -0.001
-56.6632 -0.002
-77.395 -0.003
-93.6809 -0.004
-105.816 -0.005
-116.06 -0.006
-124.719 -0.007
-131.145 -0.008
-135.801 -0.009
-139.607 -0.01
-122.448 -0.009
-106.006 -0.008
-90.5831 -0.007
-76.3452 -0.006
-63.2188 -0.005
-50.5904 -0.004
-38.9848 -0.003
-27.1059 -0.002
-10.1365 -0.001
11.9125 0
33.8029 0.001
55.5458 0.002
74.336 0.003
87.5189 0.004
95.2042 0.005
103.089 0.006
109.677 0.007
114.981 0.008
119.783 0.009
124.176 0.01
128.237 0.011
131.241 0.012
133.892 0.013
136.322 0.014
138.57 0.015
140.667 0.016
142.638 0.017
144.502 0.018
146.275 0.019
147.971 0.02
131.693 0.019
117.309 0.018
104.703 0.017
93.6565 0.016
83.9661 0.015
75.4359 0.014
67.8888 0.013
61.1711 0.012
55.1524 0.011
49.7237 0.01
44.7945 0.009
40.2905 0.008
35.5956 0.007
30.8161 0.006
26.2842 0.005
21.9702 0.004
16.0312 0.003
10.2276 0.002
1.04353 0.001
-19.7549 0
-40.5067 -0.001
-61.2159 -0.002
-80.6644 -0.003
-92.7029 -0.004
-98.9225 -0.005
-105.053 -0.006
-110.114 -0.007
-114.146 -0.008
-117.94 -0.009
-121.534 -0.01
-124.869 -0.011
-127.275 -0.012
-129.529 -0.013
-131.654 -0.014
-133.668 -0.015
-135.586 -0.016
-137.42 -0.017
-139.182 -0.018
-140.88 -0.019
-142.521 -0.02
-126.469 -0.019
-112.554 -0.018
-100.533 -0.017
-90.1121 -0.016
-81.042 -0.015
-73.1009 -0.014
-66.0989 -0.013
-59.8774 -0.012
-54.3061 -0.011
-49.2783 -0.01
-44.7076 -0.009
-40.5234 -0.008
-36.2765 -0.007
-31.7764 -0.006
-27.495 -0.005
-23.4053 -0.004
-17.8415 -0.003
-12.229 -0.002
-1.90367 -0.001
17.6463 0
38.304 0.001
58.9292 0.002
76.8534 0.003
86.7096 0.004
92.8543 0.005
98.77 0.006
103.005 0.007
106.9 0.008
110.609 0.009
114.158 0.01
116.942 0.011
119.355 0.012
121.641 0.013
123.816 0.014
125.893 0.015
127.885 0.016
129.802 0.017
131.651 0.018
133.44 0.019
135.176 0.02
136.863 0.021
138.506 0.022
140.11 0.023
141.678 0.024
143.213 0.025
144.718 0.026
146.195 0.027
147.647 0.028
148.91 0.029
150.033 0.03
134.34 0.029
120.936 0.028
109.504 0.027
99.6865 0.026
91.2096 0.025
83.8401 0.024
77.3837 0.023
71.6297 0.022
66.3679 0.021
61.5934 0.02
57.2288 0.019
53.2115 0.018
49.4907 0.017
46.0246 0.016
42.7791 0.015
39.7256 0.014
36.8402 0.013
34.103 0.012
31.4969 0.011
29.0074 0.01
26.6221 0.009
24.3303 0.008
22.0046 0.007
18.8533 0.006
15.7676 0.005
12.7419 0.004
8.47779 0.003
3.64107 0.002
-3.53291 0.001
-22.1098 2.71059e-20
-42.5274 -0.001
-62.9291 -0.002
-82.0848 -0.003
-93.262 -0.004
-98.1402 -0.005
-103.493 -0.006
-107.336 -0.007
-110.747 -0.008
-114.038 -0.009
-117.224 -0.01
-119.625 -0.011
-121.736 -0.012
-123.758 -0.013
-125.702 -0.014
-127.576 -0.015
-129.388 -0.016
-131.143 -0.017
-132.849 -0.018
-134.509 -0.019
-136.129 -0.02
-137.711 -0.021
-139.259 -0.022
-140.776 -0.023
-142.265 -0.024
-143.727 -0.025
-145.166 -0.026
-146.582 -0.027
-147.968 -0.028
-149.065 -0.029
-150.142 -0.03
-134.522 -0.029
-121.246 -0.028
-109.954 -0.027
-100.273 -0.026
-91.9198 -0.025
-84.6595 -0.024
-78.2975 -0.023
-72.6759 -0.022
-67.5482 -0.021
-62.8419 -0.02
-58.5352 -0.019
-54.5672 -0.018
-50.8883 -0.017
-47.4579 -0.016
-44.2425 -0.015
-41.2146 -0.014
-38.3508 -0.013
-35.6316 -0.012
-33.0405 -0.011
-30.5634 -0.01
-28.1883 -0.009
-25.9046 -0.008
-23.7033 -0.007
-20.5958 -0.006
-17.5143 -0.005
-14.491 -0.004
-10.337 -0.003
-5.50018 -0.002
1.8468 -0.001
20.5342 8.27181e-25
40.9547 0.001
61.3597 0.002
79.4723 0.003
89.0816 0.004
94.5895 0.005
99.9058 0.006
103.487 0.007
106.933 0.008
110.263 0.009
113.419 0.01
115.677 0.011
117.836 0.012
119.906 0.013
121.899 0.014
123.821 0.015
125.682 0.016
127.486 0.017
129.239 0.018
130.946 0.019
132.612 0.02
134.239 0.021
135.831 0.022
137.392 0.023
138.922 0.024
140.426 0.025
141.905 0.026
143.361 0.027
144.643 0.028
145.781 0.029
146.899 0.03
147.996 0.031
149.075 0.032
150.136 0.033
151.182 0.034
152.212 0.035
153.229 0.036
154.232 0.037
155.223 0.038
156.202 0.039
157.17 0.04
141.68 0.039
128.625 0.038
117.572 0.037
108.115 0.036
99.9601 0.035
92.8666 0.034
86.6413 0.033
81.1294 0.032
76.207 0.031
71.7754 0.03
67.7552 0.029
64.0825 0.028
60.7055 0.027
57.5821 0.026
54.6773 0.025
51.9625 0.024
49.4137 0.023
47.0107 0.022
44.7366 0.021
42.3958 0.02
40.0234 0.019
37.739 0.018
35.5343 0.017
33.4019 0.016
31.3353 0.015
29.3288 0.014
27.3774 0.013
25.4766 0.012
23.6222 0.011
21.8109 0.01
20.0393 0.009
18.3045 0.008
16.6038 0.007
14.0094 0.006
11.3283 0.005
8.6747 0.004
5.03328 0.003
0.489207 0.002
-6.50767 0.001
-23.3304 0
-43.646 -0.001
-63.9522 -0.002
-83.0583 -0.003
-94.0386 -0.004
-98.4952 -0.005
-103.575 -0.006
-106.968 -0.007
-110.141 -0.008
-113.229 -0.009
-116.203 -0.01
-118.247 -0.011
-120.216 -0.012
-122.118 -0.013
-123.959 -0.014
-125.745 -0.015
-127.482 -0.016
-129.174 -0.017
-130.825 -0.018
-132.439 -0.019
-134.02 -0.02
-135.569 -0.021
-137.089 -0.022
-138.583 -0.023
-140.052 -0.024
-141.499 -0.025
-142.924 -0.026
-144.33 -0.027
-145.5 -0.028
-146.594 -0.029
-147.67 -0.03
-148.729 -0.031
-149.771 -0.032
-150.799 -0.033
-151.813 -0.034
-152.814 -0.035
-153.802 -0.036
-154.779 -0.037
-155.745 -0.038
-156.701 -0.039
-157.647 -0.04
-142.189 -0.039
-129.185 -0.038
-118.184 -0.037
-108.775 -0.036
-100.661 -0.035
-93.6028 -0.034
-87.4065 -0.033
-81.9184 -0.032
-77.0154 -0.031
-72.5994 -0.03
-68.5918 -0.029
-64.9292 -0.028
-61.5603 -0.027
-58.443 -0.026
-55.5431 -0.025
-52.8318 -0.024
-50.2855 -0.023
-47.8842 -0.022
-45.611 -0.021
-43.3664 -0.02
-40.9952 -0.019
-38.7114 -0.018
-36.5066 -0.017
-34.3735 -0.016
-32.3059 -0.015
-30.2979 -0.014
-28.3446 -0.013
-26.4415 -0.012
-24.5848 -0.011
-22.7707 -0.01
-20.9961 -0.009
-19.2582 -0.008
-17.5543 -0.007
-15.0469 -0.006
-12.362 -0.005
-9.70447 -0.004
-6.11985 -0.003
-1.57129 -0.002
5.47962 -0.001
22.4267 0
42.7458 0.001
63.0554 0.002
81.9701 0.003
92.3967 0.004
96.4741 0.005
101.492 0.006
104.784 0.007
107.98 0.008
111.092 0.009
113.943 0.01
116.013 0.011
118.009 0.012
119.936 0.013
121.803 0.014
123.616 0.015
125.378 0.016
127.095 0.017
128.771 0.018
130.41 0.019
132.014 0.02
133.586 0.021
135.129 0.022
136.645 0.023
138.136 0.024
139.604 0.025
141.051 0.026
142.451 0.027
143.586 0.028
144.701 0.029
145.798 0.03
146.877 0.031
147.939 0.032
148.986 0.033
150.019 0.034
151.038 0.035
152.044 0.036
153.039 0.037
154.022 0.038
154.994 0.039
155.956 0.04
156.909 0.041
157.352 0.042
157.65 0.043
157.939 0.044
158.221 0.045
158.495 0.046
158.761 0.047
159.02 0.048
159.273 0.049
159.52 0.05
144.135 0.049
131.241 0.048
120.356 0.047
111.052 0.046
103.026 0.045
96.0375 0.044
89.8958 0.043
84.4486 0.042
79.5752 0.041
75.1797 0.04
71.1851 0.039
67.5297 0.038
64.1633 0.037
61.0449 0.036
58.1409 0.035
55.4234 0.034
52.869 0.033
50.4583 0.032
48.1747 0.031
46.0041 0.03
43.9345 0.029
41.9554 0.028
40.0579 0.027
38.2342 0.026
36.4774 0.025
34.7816 0.024
33.1414 0.023
31.5522 0.022
30.0098 0.021
28.5105 0.02
26.9203 0.019
25.1694 0.018
23.4526 0.017
21.7676 0.016
20.1122 0.015
18.4846 0.014
16.8829 0.013
15.3055 0.012
13.7511 0.011
12.2182 0.01
10.7055 0.009
9.21198 0.008
7.7365 0.007
5.80304 0.006
3.31344 0.005
0.839555 0.004
-2.12831 0.003
-6.52274 0.002
-12.0765 0.001
-28.169 -4.1359e-25
-48.4255 -0.001
-68.6756 -0.002
-86.9472 -0.003
-96.1431 -0.004
-101.099 -0.005
-105.603 -0.006
-108.672 -0.007
-111.668 -0.008
-114.601 -0.009
-116.934 -0.01
-118.839 -0.011
-120.685 -0.012
-122.479 -0.013
-124.224 -0.014
-125.925 -0.015
-127.587 -0.016
-129.211 -0.017
-130.803 -0.018
-132.363 -0.019
-133.895 -0.02
-135.401 -0.021
-136.882 -0.022
-138.341 -0.023
-139.779 -0.024
-141.197 -0.025
-142.482 -0.026
-143.592 -0.027
-144.683 -0.028
-145.757 -0.029
-146.815 -0.03
-147.857 -0.031
-148.886 -0.032
-149.901 -0.033
-150.903 -0.034
-151.894 -0.035
-152.874 -0.036
-153.842 -0.037
-154.801 -0.038
-155.751 -0.039
-156.691 -0.04
-157.623 -0.041
-157.94 -0.042
-158.219 -0.043
-158.491 -0.044
-158.755 -0.045
-159.012 -0.046
-159.263 -0.047
-159.508 -0.048
-159.746 -0.049
-159.979 -0.05
-144.614 -0.049
-131.748 -0.048
-120.891 -0.047
-111.61 -0.046
-103.604 -0.045
-96.6323 -0.044
-90.5031 -0.043
-85.0656 -0.042
-80.1995 -0.041
-75.8093 -0.04
-71.8185 -0.039
-68.1655 -0.038
-64.8006 -0.037
-61.6828 -0.036
-58.7787 -0.035
-56.0606 -0.034
-53.5052 -0.033
-51.0931 -0.032
-48.8077 -0.031
-46.6352 -0.03
-44.5634 -0.029
-42.5819 -0.028
-40.682 -0.027
-38.8556 -0.026
-37.0962 -0.025
-35.3976 -0.024
-33.7546 -0.023
-32.1625 -0.022
-30.6172 -0.021
-29.115 -0.02
-27.6526 -0.019
-26.2028 -0.018
-24.4827 -0.017
-22.7944 -0.016
-21.1357 -0.015
-19.5046 -0.014
-17.8995 -0.013
-16.3187 -0.012
-14.7608 -0.011
-13.2244 -0.01
-11.7083 -0.009
-10.2114 -0.008
-8.73244 -0.007
-7.27061 -0.006
-4.82123 -0.005
-2.3432 -0.004
0.119956 -0.003
4.45863 -0.002
9.67675 -0.001
23.9448 0
44.2052 0.001
64.4592 0.002
82.1915 0.003
90.2333 0.004
95.2062 0.005
99.2485 0.006
102.334 0.007
105.349 0.008
108.223 0.009
110.21 0.01
112.132 0.011
113.995 0.012
115.805 0.013
117.567 0.014
119.284 0.015
120.961 0.016
122.602 0.017
124.208 0.018
125.783 0.019
127.33 0.02
128.849 0.021
130.344 0.022
131.817 0.023
133.268 0.024
134.495 0.025
135.637 0.026
136.759 0.027
137.862 0.028
138.947 0.029
140.017 0.03
141.071 0.031
142.11 0.032
143.136 0.033
144.149 0.034
145.15 0.035
146.14 0.036
147.119 0.037
148.088 0.038
149.047 0.039
149.997 0.04
150.938 0.041
151.871 0.042
152.796 0.043
153.713 0.044
154.623 0.045
155.527 0.046
156.424 0.047
157.315 0.048
158.2 0.049
158.957 0.05
159.193 0.051
159.424 0.052
159.649 0.053
159.869 0.054
160.084 0.055
160.295 0.056
160.502 0.057
160.704 0.058
160.902 0.059
161.096 0.06
145.774 0.059
132.973 0.058
122.179 0.057
112.954 0.056
104.992 0.055
98.0536 0.054
91.9484 0.053
86.5269 0.052
81.6705 0.051
77.2849 0.05
73.2947 0.049
69.6393 0.048
66.2695 0.047
63.1451 0.046
60.233 0.045
57.5059 0.044
54.9408 0.043
52.5184 0.042
50.2224 0.041
48.0389 0.04
45.9561 0.039
43.9636 0.038
42.0526 0.037
40.2153 0.036
38.445 0.035
36.7356 0.034
35.082 0.033
33.4795 0.032
31.9239 0.031
30.4116 0.03
28.9393 0.029
27.504 0.028
26.103 0.027
24.734 0.026
23.3946 0.025
22.083 0.024
20.7974 0.023
19.536 0.022
18.2974 0.021
17.0803 0.02
15.8832 0.019
14.7051 0.018
13.4913 0.017
12.0195 0.016
10.5641 0.015
9.12426 0.014
7.69917 0.013
6.28811 0.012
4.89037 0.011
3.50533 0.01
2.13238 0.009
0.770939 0.008
-0.579505 0.007
-1.91945 0.006
-3.85155 0.005
-6.22039 0.004
-8.57956 0.003
-12.3543 0.002
-16.7314 0.001
-29.707 0
-49.9249 -0.001
-70.138 -0.002
-87.5 -0.003
-94.599 -0.004
-99.4028 -0.005
-102.881 -0.006
-105.799 -0.007
-108.662 -0.008
-110.991 -0.009
-112.834 -0.01
-114.627 -0.011
-116.372 -0.012
-118.075 -0.013
-119.739 -0.014
-121.367 -0.015
-122.961 -0.016
-124.526 -0.017
-126.062 -0.018
-127.573 -0.019
-129.059 -0.02
-130.523 -0.021
-131.966 -0.022
-133.331 -0.023
-134.467 -0.024
-135.584 -0.025
-136.682 -0.026
-137.763 -0.027
-138.828 -0.028
-139.877 -0.029
-140.913 -0.03
-141.935 -0.031
-142.945 -0.032
-143.942 -0.033
-144.929 -0.034
-145.904 -0.035
-146.87 -0.036
-147.826 -0.037
-148.773 -0.038
-149.712 -0.039
-150.642 -0.04
-151.565 -0.041
-152.48 -0.042
-153.388 -0.043
-154.289 -0.044
-155.184 -0.045
-156.073 -0.046
-156.956 -0.047
-157.833 -0.048
-158.705 -0.049
-159.439 -0.05
-159.663 -0.051
-159.882 -0.052
-160.096 -0.053
-160.305 -0.054
-160.51 -0.055
-160.711 -0.056
-160.908 -0.057
-161.101 -0.058
-161.291 -0.059
-161.476 -0.06
-146.166 -0.059
-133.383 -0.058
-122.606 -0.057
-113.395 -0.056
-105.445 -0.055
-98.515 -0.054
-92.4165 -0.053
-86.9998 -0.052
-82.1468 -0.051
-77.7633 -0.05
-73.7743 -0.049
-70.1193 -0.048
-66.7494 -0.047
-63.6243 -0.046
-60.7112 -0.045
-57.9827 -0.044
-55.416 -0.043
-52.9918 -0.042
-50.6939 -0.041
-48.5084 -0.04
-46.4234 -0.039
-44.4286 -0.038
-42.5153 -0.037
-40.6757 -0.036
-38.9029 -0.035
-37.1911 -0.034
-35.5351 -0.033
-33.9302 -0.032
-32.3722 -0.031
-30.8574 -0.03
-29.3827 -0.029
-27.9449 -0.028
-26.5415 -0.027
-25.1701 -0.026
-23.8284 -0.025
-22.5144 -0.024
-21.2264 -0.023
-19.9627 -0.022
-18.7218 -0.021
-17.5023 -0.02
-16.303 -0.019
-15.1227 -0.018
-13.9603 -0.017
-12.8147 -0.016
-11.4415 -0.015
-9.99891 -0.014
-8.57107 -0.013
-7.15728 -0.012
-5.75685 -0.011
-4.36914 -0.01
-2.99354 -0.009
-1.6295 -0.008
-0.276475 -0.007
1.06602 -0.006
2.43408 -0.005
4.80619 -0.004
7.16856 -0.003
10.3138 -0.002
14.6122 -0.001
25.3945 0
