0.1 78.9771
0.2 78.9113
0.3 78.8455
0.4 78.7797
0.5 78.7139
0.6 78.6481
0.7 78.5823
0.8 78.5165
0.9 78.4507
1 78.3849
0 78.3849
24.7679 77.3869
48.916 76.4082
69.3797 75.5622
87.5347 74.8245
105.133 74.1128
121.644 73.4336
133.369 72.8991
137.521 72.6641
140.429 72.4355
142.786 72.2063
125.542 72.8806
108.785 73.5378
92.8013 74.1676
77.7835 74.7633
63.8586 75.3206
51.0863 75.8374
38.5885 76.3777
26.734 76.9077
12.1895 77.5713
-10.8788 78.5335
-33.8176 79.4946
-56.6072 80.4548
-76.1762 81.4443
-90.6492 82.5215
-102.4 83.6465
-112.411 84.7866
-120.328 85.9651
-125.839 87.206
-130.158 88.4616
-133.712 89.7263
-116.57 88.5691
-100.176 87.4049
-84.8249 86.2307
-70.6715 85.0447
-57.7873 83.8463
-45.9626 82.6474
-34.4744 81.483
-23.9108 80.314
-9.43782 79.2419
11.9705 78.2624
33.8139 77.2897
55.5141 76.3192
72.2625 75.505
82.3095 74.9557
90.6776 74.4715
97.991 74.0363
103.708 73.6926
108.852 73.3678
113.529 73.0584
117.657 72.7812
120.792 72.5926
123.623 72.4155
126.206 72.2479
128.585 72.0878
130.794 71.934
132.861 71.7854
134.809 71.641
136.656 71.5003
138.417 71.3626
140.103 71.2274
123.843 71.8527
109.496 72.4075
96.9337 72.8971
85.9343 73.3302
76.2894 73.7148
67.8012 74.0586
60.2919 74.3682
53.6076 74.6495
47.6181 74.9073
42.2148 75.1456
37.3077 75.3678
32.8227 75.5765
28.6986 75.7739
24.5648 75.9963
20.0534 76.2802
15.757 76.5591
11.1543 76.8673
5.36266 77.2639
-2.21336 77.7417
-19.7531 78.5932
-40.5038 79.5435
-61.2117 80.4938
-78.9158 81.4691
-87.9422 82.5769
-94.3181 83.7394
-99.9728 84.9263
-104.219 86.1729
-108.194 87.423
-111.94 88.6759
-115.143 89.9651
-117.671 91.3042
-120.03 92.6464
-122.245 93.9913
-124.336 95.3383
-126.321 96.6873
-128.215 98.038
-130.028 99.39
-131.771 100.743
-133.453 102.098
-135.08 103.453
-119.037 102.268
-105.14 101.055
-93.1375 99.8146
-82.735 98.5525
-73.6811 97.2719
-65.7536 95.976
-58.7627 94.6677
-52.5499 93.3492
-46.9853 92.0227
-41.9628 90.6895
-37.3958 89.351
-33.2143 88.0081
-29.3607 86.6616
-25.6536 85.324
-21.381 84.055
-17.2982 82.7854
-13.0631 81.53
-7.45466 80.3449
-0.0670773 79.2012
17.5708 78.2166
38.2311 77.2587
58.8585 76.3014
74.638 75.4959
81.9782 75.018
88.0914 74.5917
92.8958 74.2506
96.9718 73.9525
100.834 73.6618
104.463 73.3834
107.151 73.2029
109.674 73.029
112.055 72.8608
114.313 72.6974
116.464 72.5383
118.521 72.3829
120.495 72.2308
122.396 72.0815
124.231 71.9349
126.008 71.7905
127.732 71.6482
129.409 71.5077
131.044 71.3689
132.64 71.2316
134.2 71.0956
135.697 70.9705
136.921 70.9198
138.114 70.8707
139.279 70.823
140.418 70.7766
141.534 70.7314
125.848 71.3618
112.456 71.8986
101.038 72.3522
91.234 72.7372
82.7683 73.0647
75.4081 73.3447
68.9591 73.5855
63.2625 73.7942
58.1892 73.9764
53.6354 74.1367
49.5169 74.2789
45.7512 74.4102
42.0525 74.5974
38.604 74.777
35.3725 74.95
32.3301 75.1175
29.4536 75.2801
26.7234 75.4385
24.1227 75.5933
21.6375 75.7448
19.2554 75.8935
16.966 76.0396
14.7602 76.1835
12.6299 76.3254
9.6736 76.5625
6.6457 76.8127
3.67254 77.0618
-1.09524 77.4352
-6.88614 77.8559
-21.9559 78.6353
-42.3821 79.584
-62.7916 80.5327
-80.0688 81.5076
-87.6827 82.631
-93.1807 83.7995
-97.5782 85.0168
-101.127 86.2703
-104.536 87.5256
-107.743 88.7904
-110.057 90.1312
-112.257 91.4742
-114.359 92.819
-116.372 94.1654
-118.308 95.5133
-120.175 96.8624
-121.98 98.2127
-123.73 99.564
-125.431 100.916
-127.086 102.269
-128.701 103.623
-130.279 104.977
-131.824 106.332
-133.338 107.688
-134.823 109.044
-136.123 110.446
-137.285 111.88
-138.421 113.314
-139.535 114.75
-140.626 116.186
-141.698 117.622
-126.082 116.456
-112.812 115.245
-101.526 113.994
-91.8499 112.709
-83.5008 111.396
-76.2433 110.06
-69.8832 108.704
-64.2626 107.332
-59.2541 105.947
-54.7552 104.552
-50.6832 103.148
-46.9716 101.737
-43.4406 100.352
-40.0269 98.9992
-36.8248 97.6445
-33.8074 96.2882
-30.952 94.9307
-28.2395 93.5721
-25.6537 92.2125
-23.1808 90.8522
-20.8088 89.4913
-18.5275 88.1298
-16.328 86.7678
-14.2026 85.4055
-11.4133 84.1061
-8.38801 82.8324
-5.41628 81.5588
-0.763202 80.365
5.0315 79.2016
20.3664 78.1972
40.7952 77.2428
61.208 76.2887
77.2539 75.4701
84.0723 75.0043
89.5885 74.5944
93.6545 74.2825
97.2342 73.9997
100.68 73.7214
103.662 73.488
106.022 73.3186
108.269 73.1536
110.419 72.9926
112.482 72.8351
114.468 72.6807
116.385 72.5291
118.239 72.3799
120.039 72.2329
121.787 72.088
123.491 71.9449
125.152 71.8035
126.776 71.6635
128.366 71.5249
129.923 71.3876
131.411 71.264
132.645 71.2106
133.852 71.1587
135.031 71.1082
136.187 71.0589
137.32 71.0108
138.432 70.9638
139.525 70.9178
140.599 70.8728
141.657 70.8286
142.699 70.7852
143.726 70.7426
144.739 70.7008
145.74 70.6596
146.728 70.619
147.704 70.579
148.67 70.5396
133.182 71.1629
120.132 71.6873
109.083 72.1273
99.6309 72.4993
91.4792 72.8154
84.3886 73.0859
78.1655 73.319
72.6553 73.5216
67.7343 73.6992
63.3036 73.856
59.2841 73.9957
55.6119 74.1211
52.2352 74.2344
49.1119 74.3376
46.2071 74.4321
43.4922 74.5191
40.9433 74.5998
38.5401 74.675
36.2657 74.7454
34.1058 74.8116
32.0478 74.8741
30.0813 74.9334
28.1344 75.0067
26.0024 75.1472
23.936 75.2861
21.9294 75.4235
19.9778 75.5596
18.0765 75.6945
16.2217 75.8283
14.4097 75.9611
12.6374 76.093
10.9018 76.224
9.2004 76.3542
7.53078 76.4838
5.19828 76.6879
2.54168 76.9297
-0.0889919 77.1711
-4.27902 77.5196
-9.27327 77.9123
-23.1925 78.6568
-43.5139 79.605
-63.8254 80.5532
-81.075 81.5269
-88.316 82.6534
-93.4938 83.8241
-97.4253 85.052
-100.696 86.3084
-103.87 87.566
-106.652 88.8537
-108.774 90.1973
-110.811 91.5425
-112.774 92.889
-114.67 94.2369
-116.506 95.5858
-118.288 96.9357
-120.021 98.2866
-121.71 99.6383
-123.358 100.991
-124.97 102.344
-126.547 103.698
-128.094 105.052
-129.612 106.407
-131.104 107.762
-132.469 109.147
-133.645 110.58
-134.796 112.013
-135.926 113.447
-137.035 114.881
-138.125 116.317
-139.196 117.752
-140.251 119.189
-141.291 120.625
-142.315 122.063
-143.326 123.5
-144.324 124.938
-145.31 126.377
-146.284 127.815
-147.247 129.255
-148.201 130.694
-149.144 132.134
-133.689 130.964
-120.689 129.748
-109.692 128.492
-100.287 127.202
-92.1759 125.884
-85.1198 124.543
-78.9255 123.184
-73.4388 121.81
-68.5369 120.424
-64.1217 119.027
-60.1146 117.622
-56.4524 116.211
-53.0836 114.793
-49.9664 113.371
-47.0664 111.945
-44.355 110.516
-41.8085 109.084
-39.4069 107.649
-37.1335 106.212
-34.9738 104.774
-32.9156 103.334
-30.9484 101.893
-29.063 100.451
-26.966 99.0779
-24.8988 97.7139
-22.8909 96.3497
-20.9375 94.9853
-19.0341 93.6208
-17.1769 92.2562
-15.3623 90.8916
-13.5872 89.5268
-11.8486 88.162
-10.144 86.7971
-8.47101 85.4322
-6.22546 84.1195
-3.565 82.8454
-0.930329 81.5713
3.2029 80.3676
8.20983 79.1936
22.2925 78.1783
42.6173 77.2256
62.9323 76.273
79.7432 75.4263
86.2893 74.9658
91.4837 74.5651
95.2343 74.2629
98.5266 73.9892
101.723 73.7189
104.383 73.5042
106.53 73.3425
108.594 73.1841
110.584 73.0288
112.506 72.8761
114.368 72.7259
116.176 72.5779
117.934 72.4319
119.648 72.2876
121.321 72.145
122.956 72.0039
124.558 71.8642
126.127 71.7257
127.668 71.5884
129.182 71.4522
130.485 71.3743
131.684 71.3218
132.858 71.2707
134.01 71.2207
135.14 71.1718
136.251 71.124
137.343 71.0772
138.418 71.0313
139.476 70.9862
140.52 70.9419
141.549 70.8984
142.565 70.8555
143.569 70.8133
144.56 70.7718
145.541 70.7308
146.511 70.6904
147.47 70.6505
148.421 70.6111
149.362 70.5721
150.295 70.5336
151.22 70.4956
152.137 70.4579
153.047 70.4206
153.949 70.3836
154.846 70.347
155.735 70.3108
156.619 70.2748
141.233 70.8946
128.344 71.4131
117.461 71.8471
108.158 72.2137
100.134 72.5254
93.1475 72.7924
87.007 73.023
81.5609 73.2238
76.6884 73.4003
72.2936 73.5565
68.2997 73.696
64.6448 73.8215
61.2788 73.9352
58.1607 74.0388
55.257 74.134
52.5397 74.2218
49.9856 74.3034
47.575 74.3794
45.2916 74.4507
43.1211 74.5179
41.0515 74.5813
39.0724 74.6416
37.175 74.699
35.3512 74.7538
33.5945 74.8063
31.8986 74.8568
30.2584 74.9055
28.6691 74.9526
27.1267 74.9981
25.6274 75.0423
24.1678 75.0853
22.7451 75.1272
21.3172 75.1787
19.6314 75.3078
17.9752 75.4364
16.3468 75.5643
14.7444 75.6917
13.1663 75.8187
11.6111 75.9451
10.0774 76.0711
8.56406 76.1968
7.06983 76.322
5.59368 76.4469
4.13461 76.5714
2.07624 76.7626
-0.399356 77.0008
-2.85997 77.2387
-6.75485 77.5748
-11.2721 77.9507
-24.4011 78.671
-44.6605 79.619
-64.9133 80.567
-82.3652 81.538
-89.7109 82.66
-94.6738 83.8323
-98.3844 85.0626
-101.456 86.3212
-104.455 87.5807
-107.004 88.8774
-108.973 90.2235
-110.877 91.5707
-112.722 92.9191
-114.515 94.2684
-116.259 95.6187
-117.96 96.9698
-119.621 98.3216
-121.245 99.6741
-122.836 101.027
-124.396 102.381
-125.928 103.735
-127.434 105.09
-128.915 106.445
-130.374 107.801
-131.592 109.219
-132.74 110.652
-133.867 112.085
-134.975 113.519
-136.064 114.954
-137.136 116.389
-138.192 117.825
-139.233 119.261
-140.26 120.698
-141.274 122.135
-142.275 123.573
-143.265 125.01
-144.243 126.449
-145.211 127.887
-146.169 129.326
-147.117 130.765
-148.057 132.204
-148.988 133.644
-149.911 135.084
-150.826 136.524
-151.735 137.964
-152.636 139.405
-153.53 140.846
-154.419 142.287
-155.301 143.728
-156.178 145.169
-157.049 146.611
-141.681 145.44
-128.819 144.221
-117.964 142.962
-108.685 141.67
-100.681 140.35
-93.7105 139.008
-87.583 137.648
-82.1469 136.273
-77.2823 134.886
-72.8933 133.49
-68.9037 132.085
-65.2518 130.673
-61.8878 129.256
-58.771 127.835
-55.8677 126.409
-53.1503 124.98
-50.5957 123.549
-48.1842 122.115
-45.8995 120.678
-43.7274 119.241
-41.6561 117.801
-39.6752 116.361
-37.7756 114.919
-35.9497 113.476
-34.1906 112.032
-32.4924 110.588
-30.8497 109.143
-29.2579 107.698
-27.7129 106.252
-26.211 104.805
-24.7488 103.358
-23.3235 101.911
-21.9322 100.464
-20.2694 99.0917
-18.6106 97.7261
-16.9794 96.3605
-15.3741 94.995
-13.7931 93.6294
-12.235 92.2639
-10.6984 90.8984
-9.18213 89.5329
-7.68495 88.1674
-6.20584 86.802
-4.74382 85.4366
-2.7393 84.1199
-0.260414 82.846
2.20348 81.5721
6.06408 80.3635
10.592 79.183
23.8287 78.1601
44.0907 77.2085
64.346 76.257
81.5197 75.3982
88.424 74.9203
93.3989 74.5261
96.9956 74.2261
100.082 73.9592
103.097 73.6947
105.568 73.4881
107.553 73.3325
109.474 73.1795
111.336 73.0289
113.145 72.8804
114.906 72.7339
116.622 72.5891
118.299 72.446
119.938 72.3044
121.544 72.1641
123.119 72.0251
124.665 71.8872
126.184 71.7504
127.679 71.6146
129.146 71.4813
130.331 71.4291
131.492 71.378
132.633 71.3281
133.753 71.2793
134.855 71.2314
135.94 71.1845
137.008 71.1384
138.061 71.0932
139.1 71.0487
140.125 71.0049
141.137 70.9618
142.138 70.9193
143.127 70.8774
144.105 70.8361
145.073 70.7953
146.032 70.7551
146.981 70.7153
147.922 70.6759
148.854 70.637
149.779 70.5986
150.696 70.5605
151.606 70.5227
152.509 70.4854
153.406 70.4483
154.296 70.4116
155.181 70.3752
156.06 70.3391
156.933 70.3033
157.802 70.2678
158.665 70.2325
159.524 70.1975
160.071 70.1745
160.282 70.1646
160.488 70.1549
160.69 70.1455
160.889 70.1362
161.083 70.1272
145.761 70.7446
132.961 71.2599
122.168 71.6906
112.944 72.0545
104.983 72.3641
98.0456 72.6296
91.9414 72.8592
86.5208 73.0595
81.6652 73.2358
77.2803 73.3922
73.2908 73.532
69.636 73.658
66.2668 73.7723
63.1429 73.8766
60.2313 73.9725
57.5046 74.0612
54.9399 74.1435
52.5178 74.2204
50.2222 74.2926
48.0391 74.3605
45.9565 74.4248
43.9643 74.4859
42.0535 74.544
40.2165 74.5996
38.4463 74.6529
36.7372 74.7042
35.0837 74.7536
33.4814 74.8013
31.926 74.8475
30.4139 74.8923
28.9417 74.936
27.5065 74.9784
26.1057 75.0199
24.7367 75.0603
23.3975 75.1
22.086 75.1388
20.8004 75.1769
19.5392 75.2143
18.3007 75.2511
17.0836 75.2873
15.8866 75.3229
14.7086 75.3581
13.5484 75.3928
12.2185 75.4782
10.7629 75.6023
9.32291 75.726
7.89768 75.8494
6.48647 75.9727
5.08861 76.0956
3.70343 76.2184
2.33035 76.3409
0.968785 76.4632
-0.381779 76.5853
-1.72184 76.7073
-3.40983 76.8681
-5.77903 77.1043
-8.13854 77.3403
-11.6327 77.6539
-15.9278 78.0226
-27.8951 78.7012
-47.895 79.6428
-68.1933 80.593
-85.5098 81.5681
-92.223 82.701
-96.9633 83.8719
-100.282 85.1181
-103.177 86.3767
-106.04 87.6377
-108.193 88.9632
-110.03 90.3101
-111.823 91.6592
-113.569 93.0091
-115.272 94.3599
-116.936 95.7114
-118.564 97.0636
-120.159 98.4164
-121.724 99.7698
-123.261 101.124
-124.772 102.478
-126.258 103.833
-127.722 105.188
-129.166 106.544
-130.37 107.964
-131.505 109.396
-132.621 110.829
-133.719 112.263
-134.8 113.698
-135.864 115.133
-136.914 116.569
-137.949 118.005
-138.971 119.441
-139.98 120.878
-140.978 122.316
-141.964 123.753
-142.94 125.191
-143.905 126.63
-144.861 128.068
-145.808 129.507
-146.747 130.946
-147.677 132.386
-148.6 133.825
-149.515 135.265
-150.423 136.705
-151.324 138.145
-152.219 139.586
-153.107 141.027
-153.99 142.467
-154.868 143.908
-155.739 145.35
-156.606 146.791
-157.468 148.233
-158.325 149.674
-159.178 151.116
-160.026 152.558
-160.495 153.153
-160.696 153.153
-160.893 153.153
-161.086 153.153
-161.276 153.153
-161.461 153.153
-146.151 151.981
-133.368 150.761
-122.592 149.5
-113.382 148.207
-105.432 146.886
-98.5025 145.543
-92.4045 144.183
-86.9884 142.808
-82.1358 141.422
-77.7528 140.025
-73.7643 138.621
-70.1098 137.21
-66.7402 135.793
-63.6155 134.372
-60.7028 132.947
-57.9746 131.518
-55.4082 130.087
-52.9843 128.654
-50.6867 127.218
-48.5014 125.781
-46.4166 124.342
-44.4221 122.901
-42.509 121.46
-40.6696 120.018
-38.897 118.575
-37.1854 117.131
-35.5296 115.686
-33.9248 114.241
-32.3669 112.795
-30.8524 111.349
-29.3778 109.903
-27.9402 108.456
-26.5369 107.009
-25.1655 105.561
-23.8239 104.114
-22.5101 102.666
-21.2222 101.218
-19.9586 99.7698
-18.7178 98.3215
-17.4984 96.8731
-16.2992 95.4246
-15.1189 93.976
-13.9566 92.5273
-12.8112 91.0785
-11.4426 89.69
-10 88.3242
-8.57224 86.9585
-7.1585 85.5928
-5.75811 84.2271
-4.37045 82.8615
-2.99489 81.4959
-1.63089 80.1304
-0.277902 78.7649
1.06456 77.3994
2.42713 76.0366
4.79923 74.763
7.16159 73.4894
10.3009 72.2522
14.5992 71.0691
25.3605 70.0086
