0.1 -9.03722
0.2 -9.61856
0.3 -10.1999
0.4 -10.7812
0.5 -11.3626
0.6 -11.9439
0.7 -12.5253
0.8 -13.1066
0.9 -13.6879
1 -14.2693
0 -14.2693
24.7679 -28.0708
48.916 -42.0108
69.3797 -56.2079
87.5347 -69.7579
105.133 -83.0611
121.644 -96.2066
133.369 -108.842
137.521 -117.625
140.429 -122.56
142.786 -124.565
125.542 -111.904
108.785 -99.1984
92.8013 -86.4231
77.7835 -73.5671
63.8586 -60.6323
51.0863 -47.6364
38.5885 -33.6822
26.734 -19.4751
12.1895 -4.65833
-10.8788 8.88295
-33.8176 21.9549
-56.6072 34.4187
-76.1762 49.5319
-90.6492 68.2989
-102.4 85.2661
-112.411 98.2248
-120.328 107.664
-125.839 114.231
-130.158 118.347
-133.712 120.912
-116.57 93.5344
-100.176 67.6045
-84.8249 43.6574
-70.6715 22.0093
-57.7873 2.79915
-45.9626 -13.7181
-34.4744 -27.1501
-23.9108 -38.7309
-9.43782 -46.4694
11.9705 -50.652
33.8139 -54.3498
55.5141 -57.7986
72.2625 -61.194
82.3095 -64.2896
90.6776 -67.1586
97.991 -69.7855
103.708 -72.1015
108.852 -74.2844
113.529 -76.342
117.657 -78.2337
120.792 -79.8411
123.623 -81.3656
126.206 -82.8129
128.585 -84.1885
130.794 -85.4972
132.861 -86.7432
134.809 -87.9308
136.656 -89.0635
138.417 -90.1448
140.103 -91.1778
123.843 -79.2429
109.496 -68.0732
96.9337 -57.6829
85.9343 -48.0389
76.2894 -39.0957
67.8012 -30.8035
60.2919 -23.1124
53.6076 -15.9745
47.6181 -9.34474
42.2148 -3.18117
37.3077 2.55483
32.8227 7.89874
28.6986 12.883
24.5648 17.7712
20.0534 22.7575
15.757 27.383
11.1543 31.8001
5.36266 36.2034
-2.21336 40.3455
-19.7531 44.1115
-40.5038 47.4503
-61.2117 50.5628
-78.9158 54.1775
-87.9422 59.5966
-94.3181 64.9233
-99.9728 69.7016
-104.219 74.1731
-108.194 78.0815
-111.94 81.5187
-115.143 84.6487
-117.671 87.5349
-120.03 90.0977
-122.245 92.3858
-124.336 94.4392
-126.321 96.2907
-128.215 97.9678
-130.028 99.4933
-131.771 100.886
-133.453 102.163
-135.08 103.338
-119.037 77.3192
-105.14 55.2179
-93.1375 36.4189
-82.735 20.4662
-73.6811 6.9085
-65.7536 -4.65538
-58.7627 -14.569
-52.5499 -23.1188
-46.9853 -30.5398
-41.9628 -37.0234
-37.3958 -42.7244
-33.2143 -47.7686
-29.3607 -52.258
-25.6536 -56.2358
-21.381 -59.601
-17.2982 -62.6635
-13.0631 -65.4139
-7.45466 -67.7299
-0.0670773 -69.7054
17.5708 -70.7491
38.2311 -71.5514
58.8585 -72.3315
74.638 -73.1348
81.9782 -73.9082
88.0914 -74.6532
92.8958 -75.3339
96.9718 -75.9783
100.834 -76.6076
104.463 -77.2174
107.151 -77.743
109.674 -78.2571
112.055 -78.7603
114.313 -79.2528
116.464 -79.7352
118.521 -80.2076
120.495 -80.6706
122.396 -81.1244
124.231 -81.5692
126.008 -82.0055
127.732 -82.4333
129.409 -82.8531
131.044 -83.2651
132.64 -83.6694
134.2 -84.0664
135.697 -84.4491
136.921 -84.7725
138.114 -85.0907
139.279 -85.4039
140.418 -85.7123
141.534 -86.016
125.848 -73.938
112.456 -63.6266
101.038 -54.678
91.234 -46.7999
82.7683 -39.7841
75.4081 -33.4731
68.9591 -27.7462
63.2625 -22.51
58.1892 -17.6915
53.6354 -13.2326
49.5169 -9.08689
45.7512 -5.18008
42.0525 -0.959446
38.604 2.9897
35.3725 6.69289
32.3301 10.1726
29.4536 13.4484
26.7234 16.538
24.1227 19.4569
21.6375 22.2189
19.2554 24.8365
16.966 27.3208
14.7602 29.6817
12.6299 31.9284
9.6736 34.3615
6.6457 36.7088
3.67254 38.935
-1.09524 41.2645
-6.88614 43.4949
-21.9559 45.6162
-42.3821 47.5061
-62.7916 49.3059
-80.0688 51.4594
-87.6827 54.9202
-93.1807 58.3669
-97.5782 61.6802
-101.127 64.8074
-104.536 67.6466
-107.743 70.2541
-110.057 72.796
-112.257 75.1201
-114.359 77.2533
-116.372 79.2186
-118.308 81.0354
-120.175 82.7203
-121.98 84.2874
-123.73 85.7492
-125.431 87.1161
-127.086 88.3975
-128.701 89.6015
-130.279 90.7352
-131.824 91.8049
-133.338 92.8162
-134.823 93.7739
-136.123 94.7093
-137.285 95.6149
-138.421 96.4748
-139.535 97.2926
-140.626 98.0717
-141.698 98.8149
-126.082 73.9158
-112.812 53.1218
-101.526 35.5366
-91.8499 20.664
-83.5008 8.03508
-76.2433 -2.7466
-69.8832 -12.0099
-64.2626 -20.0235
-59.2541 -27.0047
-54.7552 -33.1286
-50.6832 -38.5365
-46.9716 -43.3423
-43.4406 -47.5475
-40.0269 -51.2461
-36.8248 -54.5996
-33.8074 -57.6544
-30.952 -60.4491
-28.2395 -63.0161
-25.6537 -65.3826
-23.1808 -67.5717
-20.8088 -69.6033
-18.5275 -71.4943
-16.328 -73.2592
-14.2026 -74.9108
-11.4133 -76.3778
-8.38801 -77.7301
-5.41628 -79.0096
-0.763202 -80.1107
5.0315 -81.1059
20.3664 -81.6869
40.7952 -82.0817
61.208 -82.4696
77.2539 -82.872
84.0723 -83.2672
89.5885 -83.6511
93.6545 -84.001
97.2342 -84.3386
100.68 -84.6711
103.662 -84.9817
106.022 -85.2636
108.269 -85.5415
110.419 -85.8155
112.482 -86.0858
114.468 -86.3524
116.385 -86.6155
118.239 -86.8751
120.039 -87.1313
121.787 -87.3841
123.491 -87.6337
125.152 -87.8802
126.776 -88.1235
128.366 -88.3639
129.923 -88.6012
131.411 -88.8301
132.645 -89.0262
133.852 -89.2201
135.031 -89.4118
136.187 -89.6015
137.32 -89.7891
138.432 -89.9748
139.525 -90.1585
140.599 -90.3403
141.657 -90.5203
142.699 -90.6984
143.726 -90.8748
144.739 -91.0494
145.74 -91.2223
146.728 -91.3935
147.704 -91.5631
148.67 -91.731
133.182 -79.8685
120.132 -69.909
109.083 -61.3324
99.6309 -53.8101
91.4792 -47.1213
84.3886 -41.1053
78.1655 -35.6427
72.6553 -30.6426
67.7343 -26.0348
63.3036 -21.7643
59.2841 -17.787
55.6119 -14.0673
52.2352 -10.5762
49.1119 -7.28909
46.2071 -4.18567
43.4922 -1.24845
40.9433 1.53754
38.5401 4.18528
36.2657 6.70612
34.1058 9.11005
32.0478 11.4059
30.0813 13.6015
28.1344 15.7842
26.0024 18.1903
23.936 20.4836
21.9294 22.6721
19.9778 24.763
18.0765 26.7631
16.2217 28.6782
14.4097 30.5139
12.6374 32.2753
10.9018 33.9669
9.2004 35.593
7.53078 37.1574
5.19828 38.8228
2.54168 40.4989
-0.0889919 42.1061
-4.27902 43.7832
-9.27327 45.4242
-23.1925 47.0205
-43.5139 48.4449
-63.8254 49.8144
-81.075 51.4611
-88.316 54.1869
-93.4938 56.9431
-97.4253 59.6655
-100.696 62.2526
-103.87 64.6381
-106.652 66.9019
-108.774 69.0983
-110.811 71.1335
-112.774 73.0252
-114.67 74.7887
-116.506 76.437
-118.288 77.9815
-120.021 79.4323
-121.71 80.798
-123.358 82.0862
-124.97 83.3038
-126.547 84.4568
-128.094 85.5504
-129.612 86.5896
-131.104 87.5784
-132.469 88.539
-133.645 89.4826
-134.796 90.3826
-135.926 91.2421
-137.035 92.064
-138.125 92.851
-139.196 93.6055
-140.251 94.3296
-141.291 95.0253
-142.315 95.6944
-143.326 96.3386
-144.324 96.9594
-145.31 97.5582
-146.284 98.1363
-147.247 98.6949
-148.201 99.235
-149.144 99.7578
-133.689 75.1244
-120.689 54.7768
-109.692 37.6727
-100.287 23.2529
-92.1759 11.0216
-85.1198 0.574619
-78.9255 -8.41492
-73.4388 -16.2091
-68.5369 -23.0176
-64.1217 -29.0078
-60.1146 -34.3139
-56.4524 -39.0442
-53.0836 -43.2862
-49.9664 -47.1113
-47.0664 -50.578
-44.355 -53.7349
-41.8085 -56.6221
-39.4069 -59.2735
-37.1335 -61.7173
-34.9738 -63.9777
-32.9156 -66.0753
-30.9484 -68.0276
-29.063 -69.8498
-26.966 -71.4785
-24.8988 -73.0015
-22.8909 -74.4376
-20.9375 -75.7944
-19.0341 -77.0789
-17.1769 -78.2969
-15.3623 -79.4538
-13.5872 -80.5546
-11.8486 -81.6033
-10.144 -82.6041
-8.47101 -83.5602
-6.22546 -84.435
-3.565 -85.2462
-0.930329 -86.0266
3.2029 -86.7172
8.20983 -87.3554
22.2925 -87.7472
42.6173 -87.9976
62.9323 -88.245
79.7432 -88.5015
86.2893 -88.7574
91.4837 -89.0065
95.2343 -89.2344
98.5266 -89.4551
101.723 -89.6734
104.383 -89.875
106.53 -90.0612
108.594 -90.2455
110.584 -90.4279
112.506 -90.6085
114.368 -90.7873
116.176 -90.9644
117.934 -91.1398
119.648 -91.3134
121.321 -91.4854
122.956 -91.6558
124.558 -91.8245
126.127 -91.9917
127.668 -92.1574
129.182 -92.3215
130.485 -92.4666
131.684 -92.6031
132.858 -92.7385
134.01 -92.8727
135.14 -93.0058
136.251 -93.1378
137.343 -93.2688
138.418 -93.3987
139.476 -93.5276
140.52 -93.6555
141.549 -93.7825
142.565 -93.9084
143.569 -94.0334
144.56 -94.1575
145.541 -94.2807
146.511 -94.4029
147.47 -94.5243
148.421 -94.6447
149.362 -94.7643
150.295 -94.8831
151.22 -95.001
152.137 -95.1181
153.047 -95.2344
153.949 -95.3498
154.846 -95.4645
155.735 -95.5784
156.619 -95.6915
141.233 -83.9391
128.344 -74.1482
117.461 -65.7431
108.158 -58.3804
100.134 -51.8355
93.1475 -45.9475
87.007 -40.5981
81.5609 -35.6981
76.6884 -31.179
72.2936 -26.9869
68.2997 -23.0793
64.6448 -19.4214
61.2788 -15.9851
58.1607 -12.7466
55.257 -9.68619
52.5397 -6.78696
49.9856 -4.0344
47.575 -1.41596
45.2916 1.07935
43.1211 3.46117
41.0515 5.73805
39.0724 7.91761
37.175 10.0066
35.3512 12.0113
33.5945 13.937
31.8986 15.789
30.2584 17.5716
28.6691 19.289
27.1267 20.9452
25.6274 22.5435
24.1678 24.0872
22.7451 25.5793
21.3172 27.0572
19.6314 28.7337
17.9752 30.3475
16.3468 31.9021
14.7444 33.401
13.1663 34.8471
11.6111 36.2434
10.0774 37.5926
8.56406 38.8971
7.06983 40.1593
5.59368 41.3812
4.13461 42.5649
2.07624 43.8201
-0.399356 45.1072
-2.85997 46.3502
-6.75485 47.6471
-11.2721 48.9313
-24.4011 50.1997
-44.6605 51.3319
-64.9133 52.4273
-82.3652 53.7295
-89.7109 55.9258
-94.6738 58.2069
-98.3844 60.4879
-101.456 62.6789
-104.455 64.7199
-107.004 66.6878
-108.973 68.6034
-110.877 70.3941
-112.722 72.0722
-114.515 73.6487
-116.259 75.1329
-117.96 76.5332
-119.621 77.8569
-121.245 79.1106
-122.836 80.3
-124.396 81.4303
-125.928 82.5061
-127.434 83.5315
-128.915 84.5103
-130.374 85.4459
-131.592 86.378
-132.74 87.2775
-133.867 88.1389
-134.975 88.9646
-136.064 89.7571
-137.136 90.5186
-138.192 91.2509
-139.233 91.9561
-140.26 92.6356
-141.274 93.291
-142.275 93.9238
-143.265 94.5352
-144.243 95.1265
-145.211 95.6987
-146.169 96.2529
-147.117 96.7901
-148.057 97.3111
-148.988 97.8167
-149.911 98.3078
-150.826 98.785
-151.735 99.2491
-152.636 99.7006
-153.53 100.14
-154.419 100.568
-155.301 100.986
-156.178 101.392
-157.049 101.789
-141.681 77.301
-128.819 57.1812
-117.964 40.3107
-108.685 26.1004
-100.681 14.0443
-93.7105 3.73724
-87.583 -5.14459
-82.1469 -12.8587
-77.2823 -19.61
-72.8933 -25.5616
-68.9037 -30.844
-65.2518 -35.5623
-61.8878 -39.8017
-58.771 -43.6315
-55.8677 -47.1088
-53.1503 -50.2805
-50.5957 -53.1861
-48.1842 -55.8584
-45.8995 -58.3253
-43.7274 -60.6102
-41.6561 -62.7333
-39.6752 -64.7119
-37.7756 -66.5609
-35.9497 -68.2933
-34.1906 -69.9202
-32.4924 -71.4516
-30.8497 -72.8962
-29.2579 -74.2615
-27.7129 -75.5544
-26.211 -76.7808
-24.7488 -77.9461
-23.3235 -79.0552
-21.9322 -80.1122
-20.2694 -81.0729
-18.6106 -81.989
-16.9794 -82.8677
-15.3741 -83.7113
-13.7931 -84.5222
-12.235 -85.3024
-10.6984 -86.0538
-9.18213 -86.7782
-7.68495 -87.4771
-6.20584 -88.152
-4.74382 -88.8043
-2.7393 -89.4096
-0.260414 -89.9744
2.20348 -90.5228
6.06408 -91.0157
10.592 -91.4782
23.8287 -91.7715
44.0907 -91.9518
64.346 -92.1304
81.5197 -92.3152
88.424 -92.5018
93.3989 -92.6835
96.9956 -92.8508
100.082 -93.0125
103.097 -93.1728
105.568 -93.3207
107.553 -93.4579
109.474 -93.5939
111.336 -93.729
113.145 -93.8629
114.906 -93.9959
116.622 -94.1278
118.299 -94.2587
119.938 -94.3886
121.544 -94.5176
123.119 -94.6456
124.665 -94.7726
126.184 -94.8988
127.679 -95.024
129.146 -95.1479
130.331 -95.2523
131.492 -95.356
132.633 -95.459
133.753 -95.5614
134.855 -95.663
135.94 -95.764
137.008 -95.8644
138.061 -95.9641
139.1 -96.0632
140.125 -96.1617
141.137 -96.2595
142.138 -96.3568
143.127 -96.4535
144.105 -96.5496
145.073 -96.6451
146.032 -96.7401
146.981 -96.8345
147.922 -96.9283
148.854 -97.0216
149.779 -97.1144
150.696 -97.2067
151.606 -97.2984
152.509 -97.3896
153.406 -97.4803
154.296 -97.5705
155.181 -97.6603
156.06 -97.7495
156.933 -97.8382
157.802 -97.9265
158.665 -98.0142
159.524 -98.1015
160.071 -98.1864
160.282 -98.2686
160.488 -98.3504
160.69 -98.4318
160.889 -98.5128
161.083 -98.5934
145.761 -86.9065
132.961 -77.2104
122.168 -68.8998
112.944 -61.6234
104.983 -55.155
98.0456 -49.3342
91.9414 -44.0435
86.5208 -39.1948
81.6652 -34.7206
77.2803 -30.5679
73.2908 -26.6948
69.636 -23.0672
66.2668 -19.6574
63.1429 -16.4421
60.2313 -13.4019
57.5046 -10.5202
54.9399 -7.78269
52.5178 -5.17712
50.2222 -2.6927
48.0391 -0.319935
45.9565 1.94955
43.9643 4.12322
42.0535 6.20775
40.2165 8.20917
38.4463 10.1329
36.7372 11.9838
35.0837 13.7664
33.4814 15.4848
31.926 17.1427
30.4139 18.7435
28.9417 20.2905
27.5065 21.7864
26.1057 23.234
24.7367 24.6358
23.3975 25.9941
22.086 27.311
20.8004 28.5886
19.5392 29.8288
18.3007 31.0332
17.0836 32.2035
15.8866 33.3412
14.7086 34.4478
13.5484 35.5247
12.2185 36.694
10.7629 37.9184
9.32291 39.1054
7.89768 40.2566
6.48647 41.3737
5.08861 42.4584
3.70343 43.5121
2.33035 44.5362
0.968785 45.5321
-0.381779 46.5009
-1.72184 47.4437
-3.40983 48.4122
-5.77903 49.4485
-8.13854 50.4543
-11.6327 51.4924
-15.9278 52.5413
-27.8951 53.585
-47.895 54.5228
-68.1933 55.4291
-85.5098 56.5251
-92.223 58.4126
-96.9633 60.3437
-100.282 62.3214
-103.177 64.2056
-106.04 65.9752
-108.193 67.7334
-110.03 69.4158
-111.823 71.0001
-113.569 72.4941
-115.272 73.9058
-116.936 75.2424
-118.564 76.51
-120.159 77.7142
-121.724 78.8601
-123.261 79.952
-124.772 80.994
-126.258 81.9897
-127.722 82.9424
-129.166 83.8552
-130.37 84.7672
-131.505 85.6482
-132.621 86.4939
-133.719 87.3062
-134.8 88.0874
-135.864 88.8392
-136.914 89.5636
-137.949 90.2622
-138.971 90.9365
-139.98 91.5879
-140.978 92.2177
-141.964 92.827
-142.94 93.4171
-143.905 93.9889
-144.861 94.5433
-145.808 95.0814
-146.747 95.6038
-147.677 96.1114
-148.6 96.6049
-149.515 97.0849
-150.423 97.5522
-151.324 98.0073
-152.219 98.4507
-153.107 98.8829
-153.99 99.3046
-154.868 99.7161
-155.739 100.118
-156.606 100.51
-157.468 100.894
-158.325 101.269
-159.178 101.635
-160.026 101.994
-160.495 102.348
-160.696 102.697
-160.893 103.038
-161.086 103.372
-161.276 103.7
-161.461 104.021
-146.151 79.6191
-133.368 59.6366
-122.592 42.8967
-113.382 28.798
-105.432 16.8302
-98.5025 6.58869
-92.4045 -2.24732
-86.9884 -9.93206
-82.1358 -16.6671
-77.7528 -22.6129
-73.7643 -27.8977
-70.1098 -32.6247
-66.7402 -36.8775
-63.6155 -40.7242
-60.7028 -44.2211
-57.9746 -47.4145
-55.4082 -50.3431
-52.9843 -53.0393
-50.6867 -55.5307
-48.5014 -57.8406
-46.4166 -59.9888
-44.4221 -61.9924
-42.509 -63.8664
-40.6696 -65.6234
-38.897 -67.2747
-37.1854 -68.8302
-35.5296 -70.2983
-33.9248 -71.6868
-32.3669 -73.0024
-30.8524 -74.2511
-29.3778 -75.4383
-27.9402 -76.5687
-26.5369 -77.6467
-25.1655 -78.6761
-23.8239 -79.6604
-22.5101 -80.6028
-21.2222 -81.5061
-19.9586 -82.3731
-18.7178 -83.206
-17.4984 -84.007
-16.2992 -84.7782
-15.1189 -85.5214
-13.9566 -86.2381
-12.8112 -86.9301
-11.4426 -87.5732
-10 -88.1865
-8.57224 -88.781
-7.1585 -89.3577
-5.75811 -89.9175
-4.37045 -90.4612
-2.99489 -90.9896
-1.63089 -91.5035
-0.277902 -92.0035
1.06456 -92.4902
2.42713 -92.9633
4.79923 -93.3899
7.16159 -93.8067
10.3009 -94.197
14.5992 -94.5542
25.3605 -94.8127
