0.1 79.007
0.2 78.9711
0.3 78.9352
0.4 78.8993
0.5 78.8634
0.6 78.8275
0.7 78.7916
0.8 78.7557
0.9 78.7199
1 78.684
0 78.684
24.7679 77.686
47.771 76.746
66.7377 75.9681
84.4363 75.2537
101.924 74.5456
117.533 73.896
125.418 73.5474
129.447 73.3139
132.214 73.1145
133.542 73.0067
116.387 73.6652
99.8442 74.2992
84.232 74.896
69.7455 75.4476
56.3147 75.9773
43.9457 76.4796
32.6799 76.9432
21.56 77.4321
9.80012 77.9707
-10.5493 78.8435
-33.5033 79.8031
-55.831 80.766
-73.2627 81.7907
-86.6047 82.9013
-98.3167 84.0254
-107.802 85.1844
-114.457 86.4102
-119.397 87.6576
-123.236 88.9187
-125.962 90.2286
-108.891 89.0541
-92.6305 87.8764
-77.3958 86.6998
-63.3656 85.5131
-50.6044 84.3141
-39.1002 83.103
-28.7031 81.8854
-18.2716 80.7158
-7.46424 79.5705
12.0264 78.5732
33.8135 77.601
54.8025 76.6502
67.8872 75.9764
76.7453 75.4774
84.4676 75.0307
90.5962 74.6729
96.083 74.3366
101.046 74.0176
104.879 73.7964
108.226 73.5997
111.238 73.4158
113.975 73.2424
116.486 73.0774
118.809 72.9194
120.977 72.7671
123.013 72.6196
124.939 72.4761
126.769 72.3359
128.518 72.1986
130.197 72.0637
113.959 72.6883
99.6569 73.2416
87.1519 73.7293
76.213 74.1606
66.6273 74.5435
58.1943 74.8857
50.7352 75.1939
44.0957 75.4741
38.1457 75.7309
32.777 75.9685
27.9003 76.1901
23.4419 76.3983
19.341 76.5953
15.5474 76.7828
12.0193 76.9624
7.96565 77.2167
3.87953 77.4904
-0.726231 77.8069
-6.36687 78.2003
-19.7256 78.9051
-40.4757 79.8553
-61.1827 80.8054
-75.6972 81.8193
-82.173 82.9822
-88.1162 84.1641
-92.5955 85.4076
-96.7646 86.6551
-100.594 87.9138
-103.472 89.2464
-106.126 90.5831
-108.592 91.9233
-110.899 93.2664
-113.07 94.6119
-115.124 95.9596
-117.078 97.3091
-118.944 98.6601
-120.734 100.013
-122.457 101.366
-124.121 102.721
-125.733 104.076
-109.703 102.891
-95.828 101.677
-83.8509 100.437
-73.4731 99.1746
-64.4413 97.8937
-56.5327 96.5976
-49.5576 95.2891
-43.3577 93.9706
-37.8035 92.6439
-32.789 91.3107
-28.2285 89.9721
-24.0518 88.6292
-20.2018 87.2828
-16.6318 85.9334
-13.3029 84.5816
-9.64963 83.2745
-5.74158 82.0039
-1.48087 80.7561
4.00639 79.5709
17.4675 78.5303
38.1316 77.5722
58.3654 76.6261
69.9245 75.9769
76.0344 75.5539
81.1057 75.2019
85.3781 74.897
89.4073 74.6005
92.6288 74.3832
95.4478 74.1974
98.0842 74.0189
100.564 73.8467
102.907 73.6798
105.134 73.5176
107.257 73.3596
109.289 73.2051
111.242 73.0537
113.124 72.9052
114.943 72.7591
116.705 72.6153
118.416 72.4734
119.922 72.3828
121.281 72.3251
122.598 72.2697
123.876 72.2163
125.118 72.1646
126.329 72.1146
127.51 72.0661
128.664 72.0189
129.794 71.973
130.9 71.9283
115.223 72.5583
101.848 73.0944
90.4467 73.5473
80.6585 73.9315
72.207 74.2584
64.8585 74.5379
58.419 74.7784
52.7298 74.9867
47.6623 75.1687
43.1128 75.3289
38.9974 75.471
35.2486 75.5981
31.8111 75.7125
28.64 75.8163
25.6983 75.911
22.9554 75.998
20.2304 76.1205
17.5076 76.2775
14.9125 76.431
12.4315 76.5814
10.0526 76.729
7.76543 76.8743
5.56108 77.0174
3.4317 77.1585
1.37043 77.298
-0.962854 77.472
-3.94014 77.7206
-6.99927 77.9773
-11.8062 78.3548
-21.9831 78.9528
-41.9769 79.8888
-62.5389 80.8415
-76.0187 81.8664
-81.4621 83.0395
-86.1255 84.2524
-89.8089 85.5022
-93.3545 86.7556
-96.137 88.0748
-98.5528 89.4114
-100.851 90.7525
-103.039 92.0956
-105.128 93.4405
-107.131 94.7871
-109.057 96.1351
-110.915 97.4843
-112.713 98.8347
-114.456 100.186
-116.151 101.538
-117.8 102.891
-119.382 104.254
-120.695 105.683
-121.971 107.113
-123.211 108.545
-124.42 109.977
-125.6 111.41
-126.753 112.845
-127.881 114.279
-128.987 115.715
-130.072 117.151
-131.138 118.588
-115.526 117.421
-102.264 116.211
-90.9855 114.96
-81.3155 113.675
-72.9714 112.362
-65.7176 111.025
-59.3599 109.669
-53.7408 108.297
-48.733 106.913
-44.2342 105.517
-40.1619 104.113
-36.4495 102.702
-33.0429 101.285
-29.8981 99.8631
-26.9786 98.437
-24.2545 97.0074
-21.7009 95.5748
-19.0091 94.2114
-16.4291 92.8508
-13.9603 91.4895
-11.5914 90.1277
-9.31239 88.7654
-7.11447 87.4027
-4.99003 86.0396
-2.93238 84.6763
-0.771444 83.3269
2.20408 82.0527
5.14197 80.7791
9.94956 79.5939
20.2961 78.5141
40.6563 77.5588
60.7681 76.6092
72.4296 75.9512
77.7822 75.5496
82.067 75.2259
85.8325 74.9393
89.3367 74.665
91.9529 74.4855
94.4239 74.3115
96.7697 74.1426
99.0057 73.9781
101.145 73.8175
103.199 73.6603
105.176 73.5062
107.085 73.3548
108.934 73.2059
110.727 73.0591
112.47 72.9144
114.169 72.7714
115.638 72.688
117.002 72.6288
118.326 72.5707
119.615 72.5145
120.871 72.4599
122.096 72.407
123.294 72.3555
124.466 72.3054
125.615 72.2564
126.741 72.2087
127.847 72.162
128.934 72.1162
130.004 72.0714
131.057 72.0275
132.094 71.9843
133.117 71.9419
134.126 71.9002
135.123 71.8592
136.108 71.8188
137.081 71.7789
138.043 71.7396
122.559 72.3629
109.515 72.8871
98.4717 73.3269
89.0244 73.6987
80.8771 74.0147
73.79 74.2851
67.5698 74.5181
62.0617 74.7207
57.1423 74.8982
52.7128 75.0551
48.6942 75.1948
45.0225 75.3202
41.6462 75.4336
38.523 75.5367
35.6183 75.6313
32.9034 75.7184
30.3542 75.7991
27.9508 75.8743
25.6761 75.9448
23.5158 76.011
21.4575 76.0736
19.4905 76.1329
17.6058 76.1894
15.7954 76.2434
14.0522 76.295
12.3703 76.3447
10.7344 76.3952
8.83218 76.5296
6.97625 76.6629
5.1631 76.7952
3.38954 76.9267
1.6527 77.0573
-0.0500139 77.1872
-1.72096 77.3164
-3.36229 77.445
-5.11696 77.5883
-7.75173 77.8294
-10.3619 78.0702
-14.7629 78.4336
-23.4666 78.9802
-43.3411 79.9154
-63.5539 80.8606
-79.1529 81.8629
-82.0512 83.0617
-86.2382 84.2856
-89.5817 85.5378
-92.8511 86.794
-95.1901 88.1379
-97.3746 89.4761
-99.4859 90.8198
-101.515 92.1651
-103.47 93.5118
-105.36 94.8597
-107.19 96.2087
-108.967 97.5587
-110.695 98.9096
-112.379 100.261
-114.024 101.614
-115.632 102.967
-116.964 104.394
-118.246 105.821
-119.497 107.251
-120.719 108.682
-121.913 110.114
-123.081 111.547
-124.226 112.98
-125.349 114.414
-126.453 115.849
-127.537 117.284
-128.603 118.72
-129.654 120.157
-130.689 121.594
-131.709 123.031
-132.716 124.469
-133.711 125.907
-134.693 127.345
-135.664 128.784
-136.625 130.223
-137.575 131.663
-138.517 133.103
-123.064 131.933
-110.068 130.717
-99.0764 129.46
-89.6756 128.17
-81.5686 126.852
-74.5156 125.512
-68.3236 124.153
-62.8387 122.779
-57.9381 121.392
-53.5239 119.996
-49.5174 118.591
-45.8556 117.179
-42.487 115.762
-39.3699 114.34
-36.4698 112.914
-33.7582 111.484
-31.2115 110.052
-28.8096 108.618
-26.5358 107.181
-24.3757 105.743
-22.3171 104.303
-20.3495 102.862
-18.4636 101.419
-16.6517 99.976
-14.9069 98.5319
-13.223 97.0871
-11.5947 95.6417
-9.78067 94.2544
-7.92262 92.8893
-6.10698 91.5241
-4.33071 90.1589
-2.59096 88.7937
-0.88515 87.4284
0.789044 86.0631
2.43374 84.6978
4.10153 83.337
6.74021 82.0626
9.3544 80.7884
13.6981 79.595
22.5138 78.4952
42.4972 77.5399
62.6358 76.586
75.0872 75.8987
79.989 75.5092
83.9349 75.193
87.4037 74.9189
90.55 74.661
92.8923 74.4926
95.1233 74.3275
97.2616 74.1662
99.3173 74.0082
101.299 73.8531
103.215 73.7008
105.071 73.5508
106.874 73.403
108.628 73.2571
110.337 73.113
112.006 72.9706
113.563 72.8521
114.908 72.793
116.217 72.7347
117.492 72.6782
118.737 72.6233
119.954 72.5699
121.145 72.5178
122.312 72.467
123.457 72.4174
124.581 72.3688
125.686 72.3213
126.773 72.2748
127.843 72.2291
128.897 72.1842
129.936 72.1402
130.961 72.0968
131.974 72.0542
132.973 72.0122
133.962 71.9708
134.939 71.93
135.906 71.8897
136.863 71.8499
137.811 71.8106
138.749 71.7718
139.68 71.7334
140.602 71.6955
141.517 71.6579
142.425 71.6207
143.326 71.5838
144.22 71.5473
145.108 71.5111
145.99 71.4752
130.606 72.095
117.721 72.6134
106.841 73.0473
97.541 73.4138
89.5188 73.7255
82.5339 73.9924
76.3947 74.2229
70.9495 74.4238
66.0778 74.6002
61.6834 74.7564
57.6898 74.8959
54.035 75.0214
50.669 75.1351
47.5509 75.2388
44.647 75.334
41.9295 75.4218
39.3751 75.5034
36.9642 75.5795
34.6804 75.6508
32.5096 75.718
30.4397 75.7815
28.4603 75.8417
26.5624 75.8991
24.7383 75.954
22.9812 76.0065
21.2849 76.0571
19.6443 76.1058
18.0547 76.1528
16.5119 76.1984
15.0122 76.2426
13.5523 76.2856
12.1292 76.3275
10.7403 76.3684
9.38307 76.4083
8.05539 76.4474
6.75527 76.4857
5.47754 76.5242
3.89777 76.6509
2.34094 76.7771
0.805693 76.9029
-0.709217 77.0283
-2.20495 77.1533
-3.68256 77.2779
-5.14305 77.4023
-6.58732 77.5263
-8.08981 77.6581
-10.5536 77.8959
-13.0031 78.1334
-17.1297 78.4856
-24.2583 78.981
-44.5214 79.929
-64.779 80.877
-79.3978 81.844
-83.4826 83.0679
-87.2963 84.2828
-90.3518 85.5331
-93.4049 86.7902
-95.692 88.1551
-97.6783 89.4908
-99.6346 90.8358
-101.533 92.1832
-103.374 93.5319
-105.163 94.8816
-106.904 96.2322
-108.602 97.5835
-110.26 98.9356
-111.882 100.288
-113.471 101.642
-115.029 102.995
-116.243 104.461
-117.481 105.887
-118.694 107.318
-119.882 108.75
-121.045 110.182
-122.187 111.616
-123.308 113.049
-124.41 114.484
-125.494 115.919
-126.561 117.354
-127.612 118.79
-128.649 120.226
-129.672 121.663
-130.682 123.1
-131.68 124.538
-132.666 125.976
-133.641 127.414
-134.606 128.853
-135.561 130.292
-136.507 131.731
-137.444 133.171
-138.373 134.61
-139.294 136.05
-140.207 137.49
-141.113 138.931
-142.013 140.372
-142.906 141.812
-143.792 143.253
-144.673 144.695
-145.548 146.136
-146.417 147.578
-131.083 146.407
-118.191 145.188
-107.34 143.929
-98.0642 142.637
-90.0623 141.317
-83.0935 139.975
-76.9672 138.615
-71.5319 137.241
-66.6676 135.854
-62.279 134.458
-58.2894 133.053
-54.6375 131.641
-51.2733 130.225
-48.1562 128.803
-45.2527 127.377
-42.5351 125.949
-39.98 124.517
-37.5682 123.083
-35.2831 121.647
-33.1107 120.209
-31.039 118.77
-29.0577 117.329
-27.1577 115.887
-25.3314 114.444
-23.572 113.001
-21.8733 111.557
-20.2303 110.112
-18.6381 108.666
-17.0928 107.22
-15.5905 105.774
-14.1279 104.327
-12.7022 102.88
-11.3106 101.432
-9.95072 99.9848
-8.62036 98.5369
-7.31755 97.0888
-6.04049 95.6406
-4.51998 94.2597
-2.95939 92.8936
-1.42128 91.5279
0.0965032 90.1621
1.59512 88.7964
3.07563 87.4308
4.53901 86.0652
5.98618 84.6996
7.43508 83.3355
9.90219 82.0615
12.3548 80.7876
16.4295 79.5907
23.6506 78.4743
43.6696 77.5186
64.2157 76.5698
81.0518 75.7277
82.1975 75.4634
86.0097 75.1514
89.1778 74.8816
91.763 74.6737
93.8246 74.4419
95.9361 74.2876
97.9084 74.1318
99.8484 73.9807
101.711 73.8307
103.529 73.6833
105.294 73.5375
107.016 73.3936
108.697 73.2511
110.341 73.1101
112.201 72.9236
113.374 72.8278
114.904 72.8308
116.092 72.7578
117.343 72.7091
118.541 72.655
119.722 72.6041
120.879 72.5538
122.015 72.5047
123.132 72.4566
124.23 72.4094
125.311 72.3631
126.376 72.3176
127.426 72.2729
128.461 72.2289
129.484 72.1856
130.493 72.1429
131.491 72.1008
132.478 72.0594
133.454 72.0184
134.42 71.978
135.377 71.938
136.324 71.8986
137.263 71.8595
138.194 71.8209
139.116 71.7827
140.032 71.7448
140.941 71.7074
141.842 71.6702
142.738 71.6334
143.627 71.5969
144.51 71.5607
145.388 71.5248
146.26 71.4891
147.128 71.4538
147.99 71.4186
148.736 71.3807
149.019 71.3921
149.213 71.3774
149.422 71.369
149.623 71.3594
149.82 71.3503
150.014 71.3413
134.669 71.962
121.933 72.4778
111.135 72.9082
101.907 73.2719
93.9434 73.5812
87.0039 73.8466
80.8982 74.0761
75.4764 74.2763
70.6199 74.4525
66.2342 74.6089
62.2439 74.7487
58.5885 74.8746
55.2186 74.9889
52.0942 75.0933
49.182 75.1892
46.4548 75.2778
43.8896 75.3602
41.4671 75.4371
39.171 75.5092
36.9874 75.5772
34.9044 75.6415
32.9117 75.7026
31.0006 75.7608
29.1631 75.8164
27.3926 75.8697
25.683 75.921
24.0292 75.9704
22.4265 76.0181
20.8708 76.0644
19.3583 76.1092
17.8858 76.1529
16.4503 76.1953
15.0491 76.2368
13.6799 76.2773
12.3404 76.3169
11.0286 76.3558
9.74274 76.3939
8.48119 76.4313
7.24242 76.4681
6.02506 76.5043
4.82782 76.54
3.64955 76.5752
2.48916 76.6099
1.34567 76.6442
0.218146 76.6781
-0.894254 76.7116
-1.99232 76.7447
-3.20675 76.8126
-4.60386 76.9356
-5.99046 77.0582
-7.36488 77.1806
-8.72773 77.3027
-10.0795 77.4247
-11.4208 77.5466
-12.752 77.6682
-14.0736 77.7897
-16.2478 78.0028
-18.5814 78.239
-22.3262 78.5673
-28.9596 79.0368
-48.1661 79.9576
-68.0638 80.8896
-83.6988 81.9125
-86.0522 83.1101
-89.0537 84.3858
-92.4346 85.6134
-94.6805 86.934
-96.8762 88.26
-98.6819 89.6145
-100.565 90.959
-102.341 92.309
-104.093 93.6581
-105.793 95.0088
-107.458 96.36
-109.086 97.7119
-110.681 99.0645
-112.245 100.418
-113.509 101.834
-114.856 103.251
-116.026 104.687
-117.26 106.114
-118.415 107.547
-119.582 108.978
-120.707 110.411
-121.825 111.844
-122.918 113.278
-123.999 114.712
-125.06 116.147
-126.109 117.583
-127.142 119.019
-128.163 120.455
-129.17 121.892
-130.167 123.329
-131.151 124.766
-132.126 126.204
-133.09 127.642
-134.046 129.08
-134.992 130.519
-135.929 131.958
-136.858 133.397
-137.78 134.837
-138.694 136.277
-139.602 137.717
-140.502 139.157
-141.397 140.597
-142.285 142.038
-143.167 143.479
-144.044 144.919
-144.915 146.361
-145.781 147.802
-146.643 149.243
-147.499 150.685
-148.352 152.127
-148.888 153.153
-149.581 153.153
-149.444 153.153
-149.876 153.153
-149.906 153.153
-150.209 153.153
-150.316 153.153
-134.889 151.979
-122.228 150.76
-111.469 149.497
-102.274 148.202
-94.3363 146.88
-87.4175 145.536
-81.3278 144.175
-75.9181 142.8
-71.0705 141.413
-66.6914 140.016
-62.7057 138.611
-59.0533 137.2
-55.6853 135.783
-52.5618 134.362
-49.6498 132.937
-46.9222 131.508
-44.3562 130.077
-41.9324 128.644
-39.6349 127.208
-37.4496 125.771
-35.3647 124.332
-33.37 122.891
-31.4567 121.45
-29.617 120.008
-27.8442 118.565
-26.1323 117.121
-24.4761 115.676
-22.871 114.231
-21.3128 112.785
-19.7979 111.339
-18.3229 109.893
-16.885 108.446
-15.4814 106.999
-14.1097 105.551
-12.7678 104.104
-11.4536 102.656
-10.1654 101.208
-8.90143 99.7597
-7.66032 98.3114
-6.44062 96.863
-5.24108 95.4145
-4.06052 93.9659
-2.89787 92.5172
-1.75214 91.0684
-0.622401 89.6196
0.492192 88.1707
1.59243 86.7218
2.67905 85.2729
3.89682 83.862
5.29451 82.4969
6.67202 81.1312
8.03744 79.7655
9.39176 78.3998
10.7355 77.0342
12.0692 75.6687
13.3931 74.3032
15.1697 72.9783
17.5441 71.7061
20.8369 70.4751
26.184 69.3207
