0.1 -11.1512
0.2 -11.7325
0.3 -12.3139
0.4 -12.8952
0.5 -13.4766
0.6 -14.0579
0.7 -14.6392
0.8 -15.2206
0.9 -15.8019
1 -16.3833
0 -16.3833
24.7679 -30.1847
49.3355 -44.0309
71.1694 -58.2983
90.0097 -72.1597
107.649 -85.4204
124.595 -98.3496
137.76 -110.365
143.896 -118.976
146.764 -123.15
149.069 -124.78
131.803 -112.121
114.965 -99.4234
98.8427 -86.6628
83.6446 -73.8289
69.52 -60.9245
55.8602 -47.1408
42.9386 -33.034
30.0767 -18.7779
12.166 -4.21302
-10.925 9.14491
-33.8736 22.0005
-56.6632 34.221
-77.395 47.7045
-93.6809 64.1708
-105.816 81.2505
-116.06 94.7549
-124.719 104.573
-131.145 111.687
-135.801 116.489
-139.607 119.559
-122.448 92.1545
-106.006 66.1406
-90.5831 42.0714
-76.3452 20.2853
-63.2188 1.19193
-50.5904 -14.5564
-38.9848 -28.2195
-27.1059 -39.2772
-10.1365 -46.126
11.9125 -50.2853
33.8029 -54.1553
55.5458 -57.7577
74.336 -61.2422
87.5189 -64.5651
95.2042 -67.499
103.089 -70.2855
109.677 -72.7836
114.981 -75.0235
119.783 -77.1314
124.176 -79.1157
128.237 -80.9847
131.241 -82.5482
133.892 -84.0085
136.322 -85.3941
138.57 -86.7105
140.667 -87.9623
142.638 -89.1537
144.502 -90.2886
146.275 -91.3706
147.971 -92.403
131.693 -80.4567
117.309 -69.2578
104.703 -58.8261
93.6565 -49.1325
83.9661 -40.1344
75.4359 -31.7843
67.8888 -24.0338
61.1711 -16.8365
55.1524 -10.148
49.7237 -3.92709
44.7945 1.86432
40.2905 7.26142
35.5956 12.738
30.8161 18.1053
26.2842 23.0798
21.9702 27.6959
16.0312 32.4252
10.2276 36.7973
1.04353 41.0718
-19.7549 44.6383
-40.5067 47.9581
-61.2159 51.0538
-80.6644 54.2271
-92.7029 58.8809
-98.9225 64.386
-105.053 69.1396
-110.114 73.5233
-114.146 77.5452
-117.94 81.0769
-121.534 84.1965
-124.869 86.9882
-127.275 89.6382
-129.529 91.9998
-131.654 94.1154
-133.668 96.0198
-135.586 97.7422
-137.42 99.3065
-139.182 100.733
-140.88 102.039
-142.521 103.239
-126.469 77.2033
-112.554 55.072
-100.533 36.2401
-90.1121 20.2562
-81.042 6.67137
-73.1009 -4.91491
-66.0989 -14.8463
-59.8774 -23.4096
-54.3061 -30.8408
-49.2783 -37.3314
-44.7076 -43.0372
-40.5234 -48.0843
-36.2765 -52.4424
-31.7764 -56.1952
-27.495 -59.5931
-23.4053 -62.6833
-17.8415 -65.2549
-12.229 -67.6045
-1.90367 -69.3396
17.6463 -70.2693
38.304 -71.0938
58.9292 -71.895
76.8534 -72.704
86.7096 -73.5121
92.8543 -74.2757
98.77 -75.0197
103.005 -75.6834
106.9 -76.3264
110.609 -76.9542
114.158 -77.5671
116.942 -78.1104
119.355 -78.6219
121.641 -79.1225
123.816 -79.6126
125.893 -80.0925
127.885 -80.5627
129.802 -81.0234
131.651 -81.4749
133.44 -81.9176
135.176 -82.3517
136.863 -82.7775
138.506 -83.1953
140.11 -83.6052
141.678 -84.0076
143.213 -84.4026
144.718 -84.7905
146.195 -85.1715
147.647 -85.5457
148.91 -85.8793
150.033 -86.1839
134.34 -74.1016
120.936 -63.7826
109.504 -54.8258
99.6865 -46.9397
91.2096 -39.9165
83.8401 -33.5988
77.3837 -27.8658
71.6297 -22.4209
66.3679 -16.9932
61.5934 -11.9613
57.2288 -7.28285
53.2115 -2.92135
49.4907 1.15467
46.0246 4.97261
42.7791 8.55643
39.7256 11.9272
36.8402 15.1035
34.103 18.1018
31.4969 20.9367
29.0074 23.6215
26.6221 26.1678
24.3303 28.5861
22.0046 30.9277
18.8533 33.4575
15.7676 35.8519
12.7419 38.1216
8.47779 40.4305
3.64107 42.6872
-3.53291 44.8959
-22.1098 46.8822
-42.5274 48.7118
-62.9291 50.4556
-82.0848 52.282
-93.262 55.1052
-98.1402 58.6251
-103.493 61.7304
-107.336 64.8032
-110.747 67.644
-114.038 70.2346
-117.224 72.607
-119.625 74.9135
-121.736 77.0644
-123.758 79.0453
-125.702 80.8759
-127.576 82.573
-129.388 84.1511
-131.143 85.6227
-132.849 86.9984
-134.509 88.2878
-136.129 89.499
-137.711 90.6392
-139.259 91.7149
-140.776 92.7315
-142.265 93.6942
-143.727 94.6073
-145.166 95.4749
-146.582 96.3004
-147.968 97.0886
-149.065 97.8777
-150.142 98.6301
-134.522 73.7248
-121.246 52.9212
-109.954 35.3266
-100.273 20.4462
-91.9198 7.81141
-84.6595 -2.97422
-78.2975 -12.2399
-72.6759 -20.2544
-67.5482 -27.0724
-62.8419 -32.9841
-58.5352 -38.2164
-54.5672 -42.8775
-50.8883 -47.0547
-47.4579 -50.8192
-44.2425 -54.2291
-41.2146 -57.3325
-38.3508 -60.1692
-35.6316 -62.7728
-33.0405 -65.1713
-30.5634 -67.3885
-28.1883 -69.4449
-25.9046 -71.3578
-23.7033 -73.1422
-20.5958 -74.6919
-17.5143 -76.1471
-14.491 -77.5206
-10.337 -78.7376
-5.50018 -79.8462
1.8468 -80.7848
20.5342 -81.2565
40.9547 -81.6618
61.3597 -82.06
79.4723 -82.4644
89.0816 -82.877
94.5895 -83.2706
99.9058 -83.6564
103.487 -84.0017
106.933 -84.3418
110.263 -84.6767
113.419 -85.0032
115.677 -85.2865
117.836 -85.5658
119.906 -85.8412
121.899 -86.1129
123.821 -86.3808
125.682 -86.6452
127.486 -86.9061
129.239 -87.1635
130.946 -87.4176
132.612 -87.6684
134.239 -87.9161
135.831 -88.1605
137.392 -88.402
138.922 -88.6404
140.426 -88.8759
141.905 -89.1086
143.361 -89.3384
144.643 -89.5458
145.781 -89.7353
146.899 -89.9227
147.996 -90.1082
149.075 -90.2918
150.136 -90.4734
151.182 -90.6532
152.212 -90.8312
153.229 -91.0075
154.232 -91.1819
155.223 -91.3547
156.202 -91.5258
157.17 -91.6952
141.68 -79.8295
128.625 -69.8648
117.572 -61.2828
108.115 -53.7553
99.9601 -47.0616
92.8666 -41.0413
86.6413 -35.5747
81.1294 -30.571
76.207 -25.9599
71.7754 -21.6864
67.7552 -17.7064
64.0825 -13.9843
60.7055 -10.4908
57.5821 -7.20166
54.6773 -4.09633
51.9625 -1.15737
49.4137 1.63022
47.0107 4.27942
44.7366 6.8016
42.3958 9.47264
40.0234 12.196
37.739 14.7827
35.5343 17.2432
33.4019 19.5867
31.3353 21.8217
29.3288 23.9559
27.3774 25.9962
25.4766 27.9489
23.6222 29.8197
21.8109 31.6139
20.0393 33.3363
18.3045 34.9912
16.6038 36.5826
14.0094 38.3308
11.3283 40.0319
8.6747 41.6625
5.03328 43.3144
0.489207 44.9738
-6.50767 46.5938
-23.3304 48.112
-43.646 49.4981
-63.9522 50.8317
-83.0583 52.2367
-94.0386 54.4498
-98.4952 57.2763
-103.575 59.8009
-106.968 62.3672
-110.141 64.7509
-113.229 66.9565
-116.203 69.0101
-118.247 71.0577
-120.216 72.9604
-122.118 74.7334
-123.959 76.3903
-125.745 77.9424
-127.482 79.3999
-129.174 80.7717
-130.825 82.0653
-132.439 83.2878
-134.02 84.4451
-135.569 85.5427
-137.089 86.5854
-138.583 87.5774
-140.052 88.5227
-141.499 89.4248
-142.924 90.2867
-144.33 91.1113
-145.5 91.9332
-146.594 92.728
-147.67 93.4897
-148.729 94.2205
-149.771 94.9225
-150.799 95.5974
-151.813 96.247
-152.814 96.8729
-153.802 97.4764
-154.779 98.0589
-155.745 98.6217
-156.701 99.1657
-157.647 99.6922
-142.189 75.0548
-129.185 54.7009
-118.184 37.5903
-108.775 23.1647
-100.661 10.9285
-93.6028 0.477487
-87.4065 -8.51512
-81.9184 -16.3116
-77.0154 -23.1217
-72.5994 -29.113
-68.5918 -34.4199
-64.9292 -39.1506
-61.5603 -43.3927
-58.443 -47.2177
-55.5431 -50.6842
-52.8318 -53.8407
-50.2855 -56.7274
-47.8842 -59.3782
-45.611 -61.8214
-43.3664 -64.0507
-40.9952 -66.0458
-38.7114 -67.9085
-36.5066 -69.6523
-34.3735 -71.2886
-32.3059 -72.8277
-30.2979 -74.2785
-28.3446 -75.6486
-26.4415 -76.9452
-24.5848 -78.1743
-22.7707 -79.3414
-20.9961 -80.4515
-19.2582 -81.5089
-17.5543 -82.5175
-15.0469 -83.4225
-12.362 -84.2765
-9.70447 -85.097
-6.11985 -85.846
-1.57129 -86.5284
5.47962 -87.1185
22.4267 -87.4504
42.7458 -87.7058
63.0554 -87.9579
81.9701 -88.2128
92.3967 -88.4817
96.4741 -88.7328
101.492 -88.9824
104.784 -89.2069
107.98 -89.4289
111.092 -89.6484
113.943 -89.8598
116.013 -90.0468
118.009 -90.2319
119.936 -90.4151
121.803 -90.5965
123.616 -90.7761
125.378 -90.9539
127.095 -91.13
128.771 -91.3044
130.41 -91.4771
132.014 -91.6482
133.586 -91.8177
135.129 -91.9856
136.645 -92.152
138.136 -92.3168
139.604 -92.4801
141.051 -92.6419
142.451 -92.7999
143.586 -92.9341
144.701 -93.0672
145.798 -93.1992
146.877 -93.3302
147.939 -93.4601
148.986 -93.589
150.019 -93.717
151.038 -93.8439
152.044 -93.9699
153.039 -94.0949
154.022 -94.219
154.994 -94.3422
155.956 -94.4644
156.909 -94.5858
157.352 -94.7018
157.65 -94.8157
157.939 -94.9288
158.221 -95.0412
158.495 -95.1528
158.761 -95.2637
159.02 -95.3738
159.273 -95.4833
159.52 -95.592
144.135 -83.8381
131.241 -74.0435
120.356 -65.6352
111.052 -58.2697
103.026 -51.722
96.0375 -45.8317
89.8958 -40.4802
84.4486 -35.5783
79.5752 -31.0575
75.1797 -26.864
71.1851 -22.9551
67.5297 -19.2961
64.1633 -15.8588
61.0449 -12.6195
58.1409 -9.5584
55.4234 -6.65855
52.869 -3.90547
50.4583 -1.28659
48.1747 1.20908
46.0041 3.59119
43.9345 5.86829
41.9554 8.04801
40.0579 10.1372
38.2342 12.1419
36.4774 14.0676
34.7816 15.9195
33.1414 17.7021
31.5522 19.4194
30.0098 21.0755
28.5105 22.6736
26.9203 24.3405
25.1694 26.1267
23.4526 27.8435
21.7676 29.4951
20.1122 31.0852
18.4846 32.6176
16.8829 34.0953
15.3055 35.5215
13.7511 36.8989
12.2182 38.2301
10.7055 39.5175
9.21198 40.7634
7.7365 41.9698
5.80304 43.2237
3.31344 44.5353
0.839555 45.8014
-2.12831 47.0587
-6.52274 48.3667
-12.0765 49.6457
-28.169 50.8682
-48.4255 51.9819
-68.6756 53.0596
-86.9472 54.2699
-96.1431 56.2541
-101.099 58.5192
-105.603 60.6819
-108.672 62.8658
-111.668 64.9002
-114.601 66.8007
-116.934 68.6606
-118.839 70.4529
-120.685 72.1324
-122.479 73.71
-124.224 75.1951
-125.925 76.5961
-127.587 77.9204
-129.211 79.1745
-130.803 80.3643
-132.363 81.4948
-133.895 82.5707
-135.401 83.5962
-136.882 84.5751
-138.341 85.5106
-139.779 86.4059
-141.197 87.2637
-142.482 88.1041
-143.592 88.9337
-144.683 89.7297
-145.757 90.4944
-146.815 91.2298
-147.857 91.9377
-148.886 92.6198
-149.901 93.2777
-150.903 93.9127
-151.894 94.5262
-152.874 95.1194
-153.842 95.6934
-154.801 96.2493
-155.751 96.788
-156.691 97.3104
-157.623 97.8174
-157.94 98.3163
-158.219 98.8012
-158.491 99.2725
-158.755 99.7308
-159.012 100.177
-159.263 100.611
-159.508 101.034
-159.746 101.446
-159.979 101.848
-144.614 77.3551
-131.748 57.2373
-120.891 40.3642
-111.61 26.1511
-103.604 14.0921
-96.6323 3.78211
-90.5031 -5.10246
-85.0656 -12.8192
-80.1995 -19.5728
-75.8093 -25.5266
-71.8185 -30.8111
-68.1655 -35.5313
-64.8006 -39.7725
-61.6828 -43.6039
-58.7787 -47.0826
-56.0606 -50.2557
-53.5052 -53.1626
-51.0931 -55.8361
-48.8077 -58.304
-46.6352 -60.59
-44.5634 -62.714
-42.5819 -64.6935
-40.682 -66.5434
-38.8556 -68.2765
-37.0962 -69.9042
-35.3976 -71.4364
-33.7546 -72.8816
-32.1625 -74.2475
-30.6172 -75.541
-29.115 -76.768
-27.6526 -77.9338
-26.2028 -79.0392
-24.4827 -80.042
-22.7944 -81.0015
-21.1357 -81.9206
-19.5046 -82.802
-17.8995 -83.6482
-16.3187 -84.4615
-14.7608 -85.244
-13.2244 -85.9975
-11.7083 -86.7239
-10.2114 -87.4247
-8.73244 -88.1015
-7.27061 -88.7555
-4.82123 -89.3418
-2.3432 -89.9086
0.119956 -90.459
4.45863 -90.94
9.67675 -91.3908
23.9448 -91.6687
44.2052 -91.85
64.4592 -92.0297
82.1915 -92.2142
90.2333 -92.4029
95.2062 -92.5857
99.2485 -92.7583
102.334 -92.9208
105.349 -93.0819
108.223 -93.24
110.21 -93.3778
112.132 -93.5145
113.995 -93.6501
115.805 -93.7847
117.567 -93.9182
119.284 -94.0508
120.961 -94.1823
122.602 -94.3128
124.208 -94.4423
125.783 -94.5709
127.33 -94.6985
128.849 -94.8252
130.344 -94.9509
131.817 -95.0758
133.268 -95.1997
134.495 -95.3083
135.637 -95.4117
136.759 -95.5143
137.862 -95.6162
138.947 -95.7175
140.017 -95.8182
141.071 -95.9182
142.11 -96.0176
143.136 -96.1163
144.149 -96.2145
145.15 -96.312
146.14 -96.409
147.119 -96.5053
148.088 -96.6011
149.047 -96.6963
149.997 -96.791
150.938 -96.8851
151.871 -96.9787
152.796 -97.0717
153.713 -97.1643
154.623 -97.2562
155.527 -97.3477
156.424 -97.4386
157.315 -97.5291
158.2 -97.619
158.957 -97.7077
159.193 -97.7924
159.424 -97.8766
159.649 -97.9604
159.869 -98.0438
160.084 -98.1268
160.295 -98.2093
160.502 -98.2914
160.704 -98.3731
160.902 -98.4544
161.096 -98.5353
145.774 -86.848
132.973 -77.1513
122.179 -68.84
112.954 -61.5632
104.992 -55.0943
98.0536 -49.2732
91.9484 -43.9823
86.5269 -39.1334
81.6705 -34.6591
77.2849 -30.5064
73.2947 -26.6333
69.6393 -23.0058
66.2695 -19.5961
63.1451 -16.3809
60.233 -13.3408
57.5059 -10.4593
54.9408 -7.72199
52.5184 -5.11663
50.2224 -2.63243
48.0389 -0.259914
45.9561 2.00932
43.9636 4.18272
42.0526 6.26699
40.2153 8.26813
38.445 10.1916
36.7356 12.0422
35.082 13.8245
33.4795 15.5426
31.9239 17.2002
30.4116 18.8008
28.9393 20.3474
27.504 21.843
26.103 23.2903
24.734 24.6918
23.3946 26.0498
22.083 27.3665
20.7974 28.6438
19.536 29.8836
18.2974 31.0877
17.0803 32.2578
15.8832 33.3952
14.7051 34.5015
13.4913 35.6137
12.0195 36.8732
10.5641 38.0935
9.12426 39.2763
7.69917 40.4237
6.28811 41.5371
4.89037 42.6183
3.50533 43.6686
2.13238 44.6895
0.770939 45.6822
-0.579505 46.648
-1.91945 47.588
-3.85155 48.5877
-6.22039 49.6199
-8.57956 50.6218
-12.3543 51.6709
-16.7314 52.716
-29.707 53.7544
-49.9249 54.6848
-70.138 55.5889
-87.5 56.672
-94.599 58.5198
-99.4028 60.4466
-102.881 62.3982
-105.799 64.2806
-108.662 66.0476
-110.991 67.7767
-112.834 69.4593
-114.627 71.0427
-116.372 72.5359
-118.075 73.9469
-119.739 75.2827
-121.367 76.5496
-122.961 77.7532
-124.526 78.8983
-126.062 79.9896
-127.573 81.031
-129.059 82.0262
-130.523 82.9783
-131.966 83.8905
-133.331 84.775
-134.467 85.6569
-135.584 86.5031
-136.682 87.3159
-137.763 88.0975
-138.828 88.8497
-139.877 89.5745
-140.913 90.2734
-141.935 90.9479
-142.945 91.5996
-143.942 92.2296
-144.929 92.8391
-145.904 93.4294
-146.87 94.0013
-147.826 94.5559
-148.773 95.0941
-149.712 95.6166
-150.642 96.1243
-151.565 96.6179
-152.48 97.0981
-153.388 97.5654
-154.289 98.0205
-155.184 98.464
-156.073 98.8963
-156.956 99.318
-157.833 99.7295
-158.705 100.131
-159.439 100.525
-159.663 100.914
-159.882 101.294
-160.096 101.665
-160.305 102.028
-160.51 102.384
-160.711 102.732
-160.908 103.073
-161.101 103.407
-161.291 103.734
-161.476 104.055
-146.166 79.6528
-133.383 59.6699
-122.606 42.9295
-113.395 28.8299
-105.445 16.8612
-98.515 6.61876
-92.4165 -2.21821
-86.9998 -9.9039
-82.1468 -16.6399
-77.7633 -22.5866
-73.7743 -27.8722
-70.1193 -32.6
-66.7494 -36.8535
-63.6243 -40.701
-60.7112 -44.1985
-57.9827 -47.3925
-55.416 -50.3217
-52.9918 -53.0185
-50.6939 -55.5105
-48.5084 -57.8208
-46.4234 -59.9695
-44.4286 -61.9736
-42.5153 -63.8479
-40.6757 -65.6054
-38.9029 -67.2571
-37.1911 -68.8129
-35.5351 -70.2814
-33.9302 -71.6702
-32.3722 -72.9862
-30.8574 -74.2352
-29.3827 -75.4226
-27.9449 -76.5533
-26.5415 -77.6315
-25.1701 -78.6612
-23.8284 -79.6457
-22.5144 -80.5884
-21.2264 -81.492
-19.9627 -82.3592
-18.7218 -83.1923
-17.5023 -83.9935
-16.303 -84.7649
-15.1227 -85.5082
-13.9603 -86.2252
-12.8147 -86.9174
-11.4415 -87.5601
-9.99891 -88.1736
-8.57107 -88.7683
-7.15728 -89.3452
-5.75685 -89.9051
-4.36914 -90.449
-2.99354 -90.9775
-1.6295 -91.4915
-0.276475 -91.9916
1.06602 -92.4785
2.43408 -92.9515
4.80619 -93.3783
7.16856 -93.7952
10.3138 -94.1855
14.6122 -94.5428
25.3945 -94.8011
