0.1 -8.77297
0.2 -9.09007
0.3 -9.40716
0.4 -9.72426
0.5 -10.0414
0.6 -10.3584
0.7 -10.6755
0.8 -10.9926
0.9 -11.3097
1 -11.6268
0 -11.6268
24.7679 -25.4283
47.771 -39.5278
66.7377 -53.3832
84.4363 -66.7537
101.924 -80.1104
117.533 -93.5623
125.418 -105.687
129.447 -115.676
132.214 -121.514
133.542 -123.927
116.387 -111.66
99.8442 -99.427
84.232 -87.247
69.7455 -75.133
56.3147 -62.4464
43.9457 -49.3683
32.6799 -36.2346
21.56 -22.2414
9.80012 -7.67225
-10.5493 6.73239
-33.5033 20.2818
-55.831 33.9383
-73.2627 52.7486
-86.6047 73.6848
-98.3167 90.6485
-107.802 103.449
-114.457 112.412
-119.397 117.828
-123.236 120.983
-125.962 122.881
-108.891 94.9613
-92.6305 68.7437
-77.3958 44.9533
-63.3656 23.5229
-50.6044 4.51905
-39.1002 -12.0843
-28.7031 -26.3376
-18.2716 -37.6617
-7.46424 -46.8599
12.0264 -51.463
33.8135 -54.9483
54.8025 -58.2422
67.8872 -61.4454
76.7453 -64.3517
84.4676 -67.0164
90.5962 -69.379
96.083 -71.6096
101.046 -73.7157
104.879 -75.4914
108.226 -77.153
111.238 -78.7298
113.975 -80.2279
116.486 -81.6526
118.809 -83.009
120.977 -84.3014
123.013 -85.534
124.939 -86.7104
126.769 -87.8342
128.518 -88.9084
130.197 -89.9362
113.959 -78.0164
99.6569 -66.8847
87.1519 -56.5477
76.213 -46.967
66.6273 -38.093
58.1943 -29.8732
50.7352 -22.2556
44.0957 -15.1908
38.1457 -8.63252
32.777 -2.53824
27.9003 3.13126
23.4419 8.41178
19.341 13.336
15.5474 17.9336
12.0193 22.2318
7.96565 26.7256
3.87953 31.0364
-0.726231 35.1995
-6.36687 39.3109
-19.7256 43.2044
-40.4757 46.5721
-61.1827 49.7107
-75.6972 54.1672
-82.173 60.1822
-88.1162 65.4932
-92.5955 70.4526
-96.7646 74.769
-100.594 78.5756
-103.472 82.1322
-106.126 85.2619
-108.592 88.0322
-110.899 90.4983
-113.07 92.7052
-115.124 94.6902
-117.078 96.4839
-118.944 98.1119
-120.734 99.5956
-122.457 100.953
-124.121 102.199
-125.733 103.348
-109.703 77.3501
-95.828 55.2883
-83.8509 36.5336
-73.4731 20.6236
-64.4413 7.104
-56.5327 -4.42751
-49.5576 -14.3145
-43.3577 -22.8431
-37.8035 -30.2475
-32.789 -36.7182
-28.2285 -42.4097
-24.0518 -47.4468
-20.2018 -51.9314
-16.6318 -55.9462
-13.3029 -59.5594
-9.64963 -62.698
-5.74158 -65.4653
-1.48087 -67.9374
4.00639 -70.0488
17.4675 -71.3773
38.1316 -72.1526
58.3654 -72.9119
69.9245 -73.6957
76.0344 -74.4342
81.1057 -75.1136
85.3781 -75.7552
89.4073 -76.382
92.6288 -76.9379
95.4478 -77.4636
98.0842 -77.9778
100.564 -78.481
102.907 -78.9736
105.134 -79.456
107.257 -79.9285
109.289 -80.3916
111.242 -80.8454
113.124 -81.2904
114.943 -81.7268
116.705 -82.1548
118.416 -82.5747
119.922 -82.9485
121.281 -83.2922
122.598 -83.63
123.876 -83.9623
125.118 -84.2892
126.329 -84.6108
127.51 -84.9273
128.664 -85.239
129.794 -85.5458
130.9 -85.8481
115.223 -73.7755
101.848 -63.4733
90.4467 -54.5345
80.6585 -46.6657
72.207 -39.6586
64.8585 -33.3555
58.419 -27.6358
52.7298 -22.4061
47.6623 -17.5934
43.1128 -13.1399
38.9974 -8.9993
35.2486 -5.13372
31.8111 -1.51213
28.64 1.89141
25.6983 5.09875
22.9554 8.12854
20.2304 11.2701
17.5076 14.4808
14.9125 17.5109
12.4315 20.3751
10.0526 23.0869
7.76543 25.6582
5.56108 28.0998
3.4317 30.4212
1.37043 32.6312
-0.962854 34.8452
-3.94014 37.1667
-6.99927 39.385
-11.8062 41.6981
-21.9831 43.9379
-41.9769 45.9237
-62.5389 47.7931
-76.0187 50.637
-81.4621 54.5388
-86.1255 58.2082
-89.8089 61.666
-93.3545 64.7919
-96.137 67.7869
-98.5528 70.5443
-100.851 73.0585
-103.039 75.3584
-105.128 77.4705
-107.131 79.4172
-109.057 81.2175
-110.915 82.8878
-112.713 84.4419
-114.456 85.8919
-116.151 87.2484
-117.8 88.5204
-119.382 89.7225
-120.695 90.9031
-121.971 92.0145
-123.211 93.063
-124.42 94.0541
-125.6 94.9926
-126.753 95.8828
-127.881 96.7286
-128.987 97.5335
-130.072 98.3006
-131.138 99.0327
-115.526 74.1416
-102.264 53.3594
-90.9855 35.786
-81.3155 20.9233
-72.9714 8.30201
-65.7176 -2.4744
-59.3599 -11.7345
-53.7408 -19.7466
-48.733 -26.7275
-44.2342 -32.8523
-40.1619 -38.2617
-36.4495 -43.0697
-33.0429 -47.3685
-29.8981 -51.2335
-26.9786 -54.7265
-24.2545 -57.8984
-21.7009 -60.7918
-19.0091 -63.3206
-16.4291 -65.6479
-13.9603 -67.8027
-11.5914 -69.8039
-9.31239 -71.6679
-7.11447 -73.4089
-4.99003 -75.039
-2.93238 -76.5692
-0.771444 -77.9914
2.20408 -79.2474
5.14197 -80.438
9.94956 -81.4539
20.2961 -82.2062
40.6563 -82.591
60.7681 -82.9716
72.4296 -83.3663
77.7822 -83.7441
82.067 -84.0918
85.8325 -84.4231
89.3367 -84.7478
91.9529 -85.0307
94.4239 -85.3097
96.7697 -85.5849
99.0057 -85.8562
101.145 -86.1239
103.199 -86.388
105.176 -86.6485
107.085 -86.9056
108.934 -87.1594
110.727 -87.4099
112.47 -87.6572
114.169 -87.9014
115.638 -88.1163
117.002 -88.3185
118.326 -88.5188
119.615 -88.7168
120.871 -88.9126
122.096 -89.1062
123.294 -89.2976
124.466 -89.487
125.615 -89.6743
126.741 -89.8597
127.847 -90.0431
128.934 -90.2246
130.004 -90.4043
131.057 -90.5822
132.094 -90.7582
133.117 -90.9326
134.126 -91.1052
135.123 -91.2762
136.108 -91.4455
137.081 -91.6132
138.043 -91.7793
122.559 -79.9199
109.515 -69.9662
98.4717 -61.3965
89.0244 -53.8807
80.8771 -47.1979
73.79 -41.1874
67.5698 -35.7297
62.0617 -30.7341
57.1423 -26.1303
52.7128 -21.8634
48.6942 -17.8894
45.0225 -14.1728
41.6462 -10.6844
38.523 -7.39988
35.6183 -4.29876
32.9034 -1.36366
30.3542 1.4204
27.9508 4.06638
25.6761 6.5856
23.5158 8.98805
21.4575 11.2826
19.4905 13.477
17.6058 15.5783
15.7954 17.593
14.0522 19.5266
12.3703 21.3845
10.7344 23.1819
8.83218 25.2436
6.97625 27.2165
5.1631 29.1063
3.38954 30.9184
1.6527 32.6576
-0.0500139 34.3286
-1.72096 35.9352
-3.36229 37.4815
-5.11696 39.0027
-7.75173 40.6658
-10.3619 42.2609
-14.7629 43.9448
-23.4666 45.6049
-43.3411 47.0913
-63.5539 48.5105
-79.1529 50.4308
-82.0512 53.7426
-86.2382 56.7037
-89.5817 59.5198
-92.8511 62.1091
-95.1901 64.6746
-97.3746 67.0283
-99.4859 69.2071
-101.515 71.2271
-103.47 73.1054
-105.36 74.8569
-107.19 76.4947
-108.967 78.0299
-110.695 79.4723
-112.379 80.8305
-114.024 82.1121
-115.632 83.3237
-116.964 84.5262
-118.246 85.6641
-119.497 86.7446
-120.719 87.7709
-121.913 88.7474
-123.081 89.6778
-124.226 90.5656
-125.349 91.4139
-126.453 92.2254
-127.537 93.0028
-128.603 93.7484
-129.654 94.4643
-130.689 95.1523
-131.709 95.8143
-132.716 96.4518
-133.711 97.0664
-134.693 97.6594
-135.664 98.2321
-136.625 98.7856
-137.575 99.321
-138.517 99.8394
-123.064 75.2107
-110.068 54.8709
-99.0764 37.7749
-89.6756 23.3623
-81.5686 11.1371
-74.5156 0.694978
-68.3236 -8.29079
-62.8387 -16.0822
-57.9381 -22.8886
-53.5239 -28.8774
-49.5174 -34.1827
-45.8556 -38.9125
-42.487 -43.1543
-39.3699 -46.9795
-36.4698 -50.4466
-33.7582 -53.6039
-31.2115 -56.4917
-28.8096 -59.1437
-26.5358 -61.5883
-24.3757 -63.8495
-22.3171 -65.9479
-20.3495 -67.9011
-18.4636 -69.7242
-16.6517 -71.4304
-14.9069 -73.031
-13.223 -74.5362
-11.5947 -75.9545
-9.78067 -77.2441
-7.92262 -78.4485
-6.10698 -79.593
-4.33071 -80.6822
-2.59096 -81.7204
-0.88515 -82.7114
0.789044 -83.6586
2.43374 -84.565
4.10153 -85.4302
6.74021 -86.2001
9.3544 -86.9416
13.6981 -87.59
22.5138 -88.1014
42.4972 -88.3529
62.6358 -88.5981
75.0872 -88.8519
79.989 -89.0985
83.9349 -89.3269
87.4037 -89.5429
90.55 -89.7549
92.8923 -89.941
95.1233 -90.1257
97.2616 -90.3085
99.3173 -90.4895
101.299 -90.6687
103.215 -90.8461
105.071 -91.0218
106.874 -91.1958
108.628 -91.3681
110.337 -91.5387
112.006 -91.7078
113.563 -91.8682
114.908 -92.009
116.217 -92.1489
117.492 -92.2875
118.737 -92.4249
119.954 -92.5611
121.145 -92.6962
122.312 -92.8302
123.457 -92.963
124.581 -93.0948
125.686 -93.2255
126.773 -93.3551
127.843 -93.4838
128.897 -93.6114
129.936 -93.7381
130.961 -93.8638
131.974 -93.9885
132.973 -94.1124
133.962 -94.2353
134.939 -94.3572
135.906 -94.4783
136.863 -94.5986
137.811 -94.7179
138.749 -94.8364
139.68 -94.9541
140.602 -95.071
141.517 -95.187
142.425 -95.3022
143.326 -95.4167
144.22 -95.5303
145.108 -95.6432
145.99 -95.7553
130.606 -84.0036
117.721 -74.2149
106.841 -65.8134
97.541 -58.4542
89.5188 -51.9122
82.5339 -46.0268
76.3947 -40.6797
70.9495 -35.7817
66.0778 -31.2642
61.6834 -27.0737
57.6898 -23.1674
54.035 -19.5108
50.669 -16.0755
47.5509 -12.8379
44.647 -9.77833
41.9295 -6.87981
39.3751 -4.12789
36.9642 -1.51
34.6804 0.984826
32.5096 3.36623
30.4397 5.64276
28.4603 7.82202
26.5624 9.9108
24.7383 11.9152
22.9812 13.8408
21.2849 15.6926
19.6443 17.4752
18.0547 19.1926
16.5119 20.8487
15.0122 22.447
13.5523 23.9908
12.1292 25.4829
10.7403 26.9261
9.38307 28.323
8.05539 29.6759
6.75527 30.987
5.47754 32.2609
3.89777 33.7438
2.34094 35.1748
0.805693 36.5569
-0.709217 37.8926
-2.20495 39.1844
-3.68256 40.4345
-5.14305 41.645
-6.58732 42.8179
-8.08981 43.9677
-10.5536 45.247
-13.0031 46.4825
-17.1297 47.7876
-24.2583 49.1055
-44.5214 50.2715
-64.779 51.3989
-79.3978 52.9374
-83.4826 55.58
-87.2963 58.0206
-90.3518 60.3772
-93.4049 62.5702
-95.692 64.7845
-97.6783 66.8156
-99.6346 68.7175
-101.533 70.497
-103.374 72.1654
-105.163 73.733
-106.904 75.2093
-108.602 76.6025
-110.26 77.9197
-111.882 79.1675
-113.471 80.3516
-115.029 81.477
-116.243 82.625
-117.481 83.6908
-118.694 84.7086
-119.882 85.6798
-121.045 86.6078
-122.187 87.4957
-123.308 88.3462
-124.41 89.1619
-125.494 89.945
-126.561 90.6978
-127.612 91.422
-128.649 92.1195
-129.672 92.7919
-130.682 93.4407
-131.68 94.0672
-132.666 94.6727
-133.641 95.2584
-134.606 95.8255
-135.561 96.3748
-136.507 96.9073
-137.444 97.4239
-138.373 97.9254
-139.294 98.4125
-140.207 98.8861
-141.113 99.3466
-142.013 99.7948
-142.906 100.231
-143.792 100.656
-144.673 101.071
-145.548 101.475
-146.417 101.869
-131.083 77.3697
-118.191 57.2697
-107.34 40.4048
-98.0642 26.1996
-90.0623 14.1474
-83.0935 3.84294
-76.9672 -5.03712
-71.5319 -12.7502
-66.6676 -19.5009
-62.279 -25.4523
-58.2894 -30.7348
-54.6375 -35.4535
-51.2733 -39.6933
-48.1562 -43.5237
-45.2527 -47.0016
-42.5351 -50.1741
-39.98 -53.0804
-37.5682 -55.7536
-35.2831 -58.2212
-33.1107 -60.5069
-31.039 -62.6308
-29.0577 -64.6102
-27.1577 -66.46
-25.3314 -68.1932
-23.572 -69.8209
-21.8733 -71.3531
-20.2303 -72.7983
-18.6381 -74.1644
-17.0928 -75.458
-15.5905 -76.6851
-14.1279 -77.8511
-12.7022 -78.9608
-11.3106 -80.0185
-9.95072 -81.0281
-8.62036 -81.9931
-7.31755 -82.9166
-6.04049 -83.8015
-4.51998 -84.6142
-2.95939 -85.3882
-1.42128 -86.1338
0.0965032 -86.8527
1.59512 -87.5464
3.07563 -88.2165
4.53901 -88.8642
5.98618 -89.4909
7.43508 -90.0968
9.90219 -90.6396
12.3548 -91.1672
16.4295 -91.635
23.6506 -92.0277
43.6696 -92.209
64.2157 -92.3801
81.0518 -92.5605
82.1975 -92.7459
86.0097 -92.9132
89.1778 -93.0736
91.763 -93.2208
93.8246 -93.3798
95.9361 -93.5142
97.9084 -93.6495
99.8484 -93.7829
101.711 -93.9158
103.529 -94.0474
105.294 -94.1782
107.016 -94.308
108.697 -94.4368
110.341 -94.5647
112.201 -94.7019
113.374 -94.8205
114.904 -94.908
116.092 -95.019
117.343 -95.1222
118.541 -95.2267
119.722 -95.3299
120.879 -95.4326
122.015 -95.5346
123.132 -95.6359
124.23 -95.7366
125.311 -95.8367
126.376 -95.9361
127.426 -96.0349
128.461 -96.1331
129.484 -96.2307
130.493 -96.3277
131.491 -96.4242
132.478 -96.52
133.454 -96.6153
134.42 -96.71
135.377 -96.8042
136.324 -96.8978
137.263 -96.9909
138.194 -97.0835
139.116 -97.1755
140.032 -97.267
140.941 -97.358
141.842 -97.4485
142.738 -97.5385
143.627 -97.628
144.51 -97.7171
145.388 -97.8056
146.26 -97.8937
147.128 -97.9813
147.99 -98.0684
148.736 -98.1561
149.019 -98.2327
149.213 -98.3156
149.422 -98.3966
149.623 -98.4775
149.82 -98.5579
150.014 -98.638
134.669 -86.8917
121.933 -77.1423
111.135 -68.8573
101.907 -61.5984
93.9434 -55.1432
87.0039 -49.3325
80.8982 -44.0499
75.4764 -39.2077
70.6199 -34.7386
66.2342 -30.5903
62.2439 -26.7208
58.5885 -23.0963
55.2186 -19.689
52.0942 -16.476
49.182 -13.4378
46.4548 -10.5578
43.8896 -7.8218
41.4671 -5.2176
39.171 -2.73438
36.9874 -0.362706
34.9044 1.9058
32.9117 4.0786
31.0006 6.16235
29.1631 8.16305
27.3926 10.0861
25.683 11.9365
24.0292 13.7186
22.4265 15.4365
20.8708 17.094
19.3583 18.6944
17.8858 20.241
16.4503 21.7366
15.0491 23.184
13.6799 24.5856
12.3404 25.9436
11.0286 27.2604
9.74274 28.5379
8.48119 29.7779
7.24242 30.9822
6.02506 32.1524
4.82782 33.29
3.64955 34.3966
2.48916 35.4734
1.34567 36.5217
0.218146 37.5427
-0.894254 38.5376
-1.99232 39.5073
-3.20675 40.5275
-4.60386 41.6358
-5.99046 42.7115
-7.36488 43.7566
-8.72773 44.7725
-10.0795 45.7606
-11.4208 46.7219
-12.752 47.6577
-14.0736 48.5689
-16.2478 49.5693
-18.5814 50.5724
-22.3262 51.6145
-28.9596 52.678
-48.1661 53.6571
-68.0638 54.5823
-83.6988 55.8833
-86.0522 58.1473
-89.0537 60.3264
-92.4346 62.2759
-94.6805 64.2638
-96.8762 66.128
-98.6819 67.9182
-100.565 69.5832
-102.341 71.1569
-104.093 72.6392
-105.793 74.0412
-107.458 75.3685
-109.086 76.6279
-110.681 77.8246
-112.245 78.9636
-113.509 80.0951
-114.856 81.1708
-116.026 82.2112
-117.26 83.197
-118.415 84.1446
-119.582 85.0494
-120.707 85.9186
-121.825 86.752
-122.918 87.5535
-123.999 88.3241
-125.06 89.0664
-126.109 89.7817
-127.142 90.4718
-128.163 91.1381
-129.17 91.782
-130.167 92.4047
-131.151 93.0074
-132.126 93.5912
-133.09 94.1571
-134.046 94.706
-134.992 95.2387
-135.929 95.7562
-136.858 96.259
-137.78 96.748
-138.694 97.2238
-139.602 97.687
-140.502 98.1382
-141.397 98.578
-142.285 99.0067
-143.167 99.425
-144.044 99.8333
-144.915 100.232
-145.781 100.622
-146.643 101.002
-147.499 101.374
-148.352 101.739
-148.888 102.1
-149.581 102.439
-149.444 102.796
-149.876 103.128
-149.906 103.465
-150.209 103.788
-150.316 104.109
-134.889 79.7639
-122.228 59.7174
-111.469 42.9461
-102.274 28.8392
-94.3363 16.8709
-87.4175 6.63233
-81.3278 -2.19939
-75.9181 -9.87955
-71.0705 -16.6103
-66.6914 -22.5522
-62.7057 -27.8335
-59.0533 -32.5576
-55.6853 -36.8079
-52.5618 -40.6526
-49.6498 -44.1478
-46.9222 -47.3398
-44.3562 -50.2673
-41.9324 -52.9626
-39.6349 -55.4533
-37.4496 -57.7625
-35.3647 -59.9103
-33.37 -61.9136
-31.4567 -63.7873
-29.617 -65.5441
-27.8442 -67.1954
-26.1323 -68.7507
-24.4761 -70.2189
-22.871 -71.6075
-21.3128 -72.9232
-19.7979 -74.172
-18.3229 -75.3593
-16.885 -76.4898
-15.4814 -77.5679
-14.1097 -78.5975
-12.7678 -79.582
-11.4536 -80.5246
-10.1654 -81.4282
-8.90143 -82.2954
-7.66032 -83.1285
-6.44062 -83.9298
-5.24108 -84.7012
-4.06052 -85.4446
-2.89787 -86.1616
-1.75214 -86.8538
-0.622401 -87.5226
0.492192 -88.1694
1.59243 -88.7952
2.67905 -89.4014
3.89682 -89.9748
5.29451 -90.5147
6.67202 -91.0397
8.03744 -91.5504
9.39176 -92.0474
10.7355 -92.5312
12.0692 -93.0026
13.3931 -93.4621
15.1697 -93.8949
17.5441 -94.2983
20.8369 -94.6737
26.184 -95.0034
