0.1 -3.84385e-05
0.2 -4.19329e-05
0.3 -4.54273e-05
0.4 -4.89217e-05
0.5 -5.24161e-05
0.6 -5.59105e-05
0.7 -5.94049e-05
0.8 -6.28993e-05
0.9 -6.63937e-05
1 -6.98881e-05
0 -6.98881e-05
24.7679 -3.39516e-05
49.4404 2.62626e-06
71.4128 5.81748e-05
90.8373 0.0001345
108.274 0.000229954
125.298 0.000326649
138.793 0.000442994
145.467 0.000600394
148.343 0.000784087
150.638 0.000968884
133.367 0.000868896
116.509 0.000766197
100.351 0.000658905
85.106 0.000545633
70.9287 0.000425382
56.9972 0.000309839
44.0191 0.00018856
30.7277 7.24973e-05
12.1593 -5.23917e-07
-10.9352 -4.23974e-05
-33.8885 -8.45393e-05
-56.679 -0.000126967
-78.0469 -0.000170419
-94.2168 -0.000212899
-106.668 -0.000250141
-116.974 -0.000286323
-125.702 -0.000322529
-132.46 -0.000354924
-137.201 -0.00038194
-141.072 -0.000408542
-123.909 -0.000382598
-107.456 -0.00035677
-92.0147 -0.000331149
-77.756 -0.000305786
-64.4046 -0.000278029
-51.7428 -0.000246803
-40.1078 -0.000215166
-28.2472 -0.000180516
-10.1676 -0.000138584
11.8964 -9.73954e-05
33.7992 -5.5757e-05
55.5534 -1.37042e-05
74.7083 4.44917e-05
88.2048 0.00014213
96.3326 0.000283457
104.261 0.000424339
111.168 0.000574059
116.513 0.000739899
121.347 0.000908895
125.767 0.00108044
129.847 0.00125405
133.15 0.00143891
135.817 0.00163265
138.26 0.00182793
140.518 0.00202447
142.623 0.00222205
144.6 0.00242049
146.468 0.00261965
148.245 0.0028194
149.942 0.00301966
133.66 0.00291095
119.267 0.00278939
106.649 0.00265584
95.5903 0.00251186
85.8882 0.00235889
77.3471 0.00219831
69.7903 0.00203134
63.0639 0.00185905
57.0376 0.00168235
51.6023 0.00150198
46.6675 0.00131855
42.1584 0.00113255
37.1651 0.000959691
32.38 0.000786865
27.8428 0.000612857
23.2155 0.00044151
17.2527 0.000287529
11.4448 0.000132961
0.0300452 2.42894e-05
-19.7541 -2.73737e-05
-40.5065 -7.29642e-05
-61.2161 -0.000118602
-80.8208 -0.000164966
-93.4011 -0.000210952
-100.072 -0.000248741
-106.214 -0.000286129
-111.585 -0.000320454
-115.631 -0.000348366
-119.438 -0.000376145
-123.042 -0.000403813
-126.476 -0.000431388
-129.084 -0.00045027
-131.348 -0.000466501
-133.482 -0.000482552
-135.503 -0.000498451
-137.428 -0.000514218
-139.268 -0.000529874
-141.034 -0.000545432
-142.736 -0.000560907
-144.381 -0.000576309
-128.326 -0.00055312
-114.407 -0.000531552
-102.381 -0.000511519
-91.9557 -0.000492778
-82.8816 -0.000475113
-74.9371 -0.000458317
-67.9322 -0.000442212
-61.7085 -0.000426646
-56.1354 -0.000411498
-51.1064 -0.000396669
-46.5347 -0.000382084
-42.3498 -0.000367683
-37.8092 -0.000345281
-33.3067 -0.000320172
-29.0231 -0.000294945
-24.7828 -0.0002688
-19.0369 -0.000233468
-13.4225 -0.000197966
-2.13182 -0.000154009
17.6649 -0.000108853
38.3219 -6.41368e-05
58.9466 -1.93118e-05
77.2608 3.9812e-05
88.7835 0.000145548
94.0453 0.00030248
99.9666 0.000453252
104.512 0.000619968
108.416 0.000793383
112.133 0.000967997
115.687 0.00114364
118.758 0.00132687
121.18 0.00152102
123.472 0.0017161
125.653 0.00191199
127.736 0.00210858
129.733 0.00230581
131.653 0.00250357
133.506 0.00270183
135.299 0.00290052
137.037 0.0030996
138.726 0.00329902
140.372 0.00349876
141.978 0.00369878
143.547 0.00389905
145.084 0.00409956
146.59 0.00430028
148.069 0.00450119
149.522 0.00470229
150.953 0.00490354
152.159 0.00511442
136.358 0.00500297
123.057 0.00488017
111.62 0.00473968
101.799 0.00458682
93.3198 0.00442362
85.9479 0.00425187
79.4053 0.00407782
73.5409 0.00390125
68.2643 0.00372098
63.4781 0.00353767
59.1042 0.00335183
55.0795 0.00316387
51.3527 0.00297414
47.8819 0.00278289
44.6326 0.00259034
41.576 0.00239669
38.6883 0.00220207
35.9491 0.00200662
33.3415 0.00181043
30.8508 0.0016136
28.4645 0.0014162
26.172 0.0012183
23.5286 0.00102783
20.3778 0.000847521
17.2925 0.000666938
14.2672 0.0004861
9.66211 0.000324564
4.82675 0.000166182
-3.41341 3.65204e-05
-22.1468 -1.97352e-05
-42.5624 -6.5829e-05
-62.9622 -0.000111939
-82.2812 -0.000158754
-94.0309 -0.000205167
-99.3794 -0.000242542
-104.731 -0.000280147
-108.887 -0.000311544
-112.299 -0.000339349
-115.591 -0.000367083
-118.778 -0.000394758
-121.467 -0.000417255
-123.58 -0.000433559
-125.604 -0.000449736
-127.55 -0.000465801
-129.426 -0.000481768
-131.239 -0.000497646
-132.996 -0.000513446
-134.703 -0.000529175
-136.365 -0.000544842
-137.985 -0.000560451
-139.569 -0.00057601
-141.118 -0.000591522
-142.636 -0.000606991
-144.125 -0.000622422
-145.588 -0.000637818
-147.027 -0.000653182
-148.444 -0.000668517
-149.841 -0.000683824
-151.174 -0.000697338
-152.253 -0.000701219
-136.632 -0.000674656
-123.354 -0.000651803
-112.061 -0.000632549
-102.378 -0.000616354
-94.0243 -0.000602759
-86.7632 -0.000591328
-80.4008 -0.000581676
-74.6403 -0.000566982
-69.4447 -0.000552121
-64.7272 -0.000537514
-60.4119 -0.000523096
-56.4369 -0.000508818
-52.7525 -0.000494644
-49.3176 -0.000480543
-46.0988 -0.000466495
-43.0679 -0.000452482
-40.2018 -0.00043849
-37.4808 -0.00042451
-34.8883 -0.000410532
-32.4101 -0.000396553
-30.034 -0.000382565
-27.7496 -0.000368567
-25.2678 -0.000351312
-22.1224 -0.00032549
-19.041 -0.000299599
-16.0182 -0.000273645
-11.5216 -0.000239437
-6.68608 -0.000203082
1.73056 -0.000160514
20.5747 -0.000114172
40.9932 -6.87826e-05
61.3964 -2.33403e-05
80.3787 3.05969e-05
91.159 0.000140073
95.8394 0.000299841
101.214 0.000453484
105.05 0.000625484
108.497 0.000801532
111.826 0.00097833
115.052 0.00115579
117.529 0.00134657
119.689 0.0015423
121.762 0.00173867
123.756 0.00193561
125.681 0.00213307
127.542 0.00233098
129.347 0.0025293
131.102 0.002728
132.81 0.00292703
134.476 0.00312636
136.104 0.00332598
137.698 0.00352584
139.259 0.00372594
140.79 0.00392625
142.295 0.00412676
143.774 0.00432745
145.23 0.00452831
146.665 0.00472932
147.897 0.00493916
149.015 0.00515358
150.113 0.00536818
151.193 0.00558296
152.256 0.00579788
153.303 0.00601296
154.334 0.00622817
155.351 0.00644351
156.355 0.00665897
157.347 0.00687455
158.326 0.00709023
159.295 0.007306
143.804 0.00719598
130.748 0.00706805
119.694 0.00692495
110.236 0.00676962
102.08 0.00660425
94.9861 0.00643067
88.7602 0.00625039
83.2478 0.00606462
78.3251 0.00587434
73.8933 0.00568033
69.8729 0.00548323
66.2001 0.00528354
62.8231 0.00508168
59.6995 0.00487796
56.7948 0.00467268
54.08 0.00446604
51.5312 0.00425825
49.1283 0.00404944
46.7189 0.0038455
44.248 0.00364825
41.875 0.0034505
39.5902 0.00325229
37.3852 0.00305368
35.2526 0.00285471
33.1859 0.00265541
31.1794 0.00245581
29.228 0.00225594
27.3272 0.00205583
25.473 0.0018555
23.6617 0.00165496
21.8902 0.00145423
20.1556 0.00125333
18.2521 0.00105594
15.5422 0.000873595
12.8617 0.000691136
10.2088 0.000508574
6.22514 0.000342113
1.68228 0.000182541
-5.00992 4.21929e-05
-23.3639 -1.58277e-05
-43.6783 -6.20794e-05
-63.9831 -0.000108341
-83.2534 -0.000155276
-94.6489 -0.000201589
-99.7453 -0.000239153
-104.823 -0.000276834
-108.535 -0.00030718
-111.709 -0.000334939
-114.796 -0.000362647
-117.808 -0.000390311
-120.106 -0.000409816
-122.077 -0.000426025
-123.979 -0.000442135
-125.821 -0.000458159
-127.609 -0.000474103
-129.347 -0.000489976
-131.04 -0.000505786
-132.692 -0.000521536
-134.307 -0.000537234
-135.888 -0.000552883
-137.437 -0.000568488
-138.958 -0.000584053
-140.452 -0.00059958
-141.922 -0.000615072
-143.369 -0.000630533
-144.795 -0.000645965
-146.202 -0.000661369
-147.59 -0.000676748
-148.711 -0.000681896
-149.788 -0.000685899
-150.848 -0.000689846
-151.892 -0.000693741
-152.92 -0.000697586
-153.935 -0.000701385
-154.937 -0.000705141
-155.926 -0.000708857
-156.903 -0.000712535
-157.87 -0.000716176
-158.826 -0.000719785
-159.772 -0.000723362
-144.314 -0.000697034
-131.308 -0.000674618
-120.307 -0.000655855
-110.897 -0.000640126
-102.783 -0.000626933
-95.7235 -0.000615826
-89.5267 -0.00060642
-84.0382 -0.000598394
-79.135 -0.000591488
-74.7188 -0.000585489
-70.7111 -0.000580229
-67.0484 -0.000575569
-63.6794 -0.000571402
-60.5621 -0.000567636
-57.6622 -0.000564202
-54.951 -0.000561039
-52.4047 -0.000558101
-50.0035 -0.000555348
-47.6897 -0.000551269
-45.2207 -0.000537558
-42.8489 -0.000523817
-40.5647 -0.000510044
-38.3595 -0.000496239
-36.2263 -0.000482403
-34.1585 -0.000468534
-32.1504 -0.000454635
-30.1971 -0.000440706
-28.2941 -0.000426747
-26.4373 -0.000412759
-24.6233 -0.000398744
-22.8489 -0.000384702
-21.1111 -0.000370633
-19.2948 -0.00035524
-16.5813 -0.000329079
-13.8971 -0.000302875
-11.2402 -0.000276629
-7.31324 -0.000243406
-2.76588 -0.000206687
4.03806 -0.000164929
22.4593 -0.000118058
42.7771 -7.23718e-05
63.0854 -2.66521e-05
82.164 2.64128e-05
93.1673 0.00013378
97.7213 0.000293652
102.817 0.000448797
106.349 0.000622749
109.545 0.000800287
112.656 0.000978371
115.691 0.00115694
117.868 0.00135116
119.865 0.00154796
121.794 0.00174525
123.662 0.00194299
125.475 0.00214113
127.239 0.00233964
128.957 0.00253848
130.634 0.00273762
132.273 0.00293704
133.878 0.00313671
135.451 0.00333661
136.994 0.00353673
138.511 0.00373704
140.003 0.00393754
141.471 0.00413821
142.918 0.00433903
144.345 0.00454
145.698 0.00474375
146.814 0.00495804
147.911 0.00517251
148.991 0.00538715
150.055 0.00560193
151.103 0.00581686
152.136 0.00603192
153.156 0.00624711
154.163 0.00646241
155.158 0.00667783
156.142 0.00689335
157.115 0.00710896
158.077 0.00732468
159.031 0.00754047
159.975 0.00775636
160.91 0.00797232
161.837 0.00818836
162.756 0.00840446
163.668 0.00862064
164.573 0.00883688
165.471 0.00905318
166.362 0.00926954
167.248 0.00948595
151.86 0.00937525
138.967 0.00924624
128.081 0.00910202
118.776 0.00894568
110.749 0.00877948
103.761 0.00860526
97.6191 0.00842449
92.1719 0.00823837
87.2987 0.00804787
82.9034 0.00785373
78.9092 0.00765657
75.2542 0.00745688
71.8881 0.00725506
68.7702 0.00705143
65.8666 0.00684625
63.1495 0.00663974
60.5957 0.00643208
58.1854 0.00622342
55.9022 0.0060139
53.7321 0.00580361
51.6628 0.00559265
49.6842 0.00538109
47.7871 0.005169
45.9637 0.00495644
44.2073 0.00474346
42.5118 0.0045301
40.872 0.0043164
39.2831 0.00410239
37.661 0.00389151
35.8349 0.00369088
34.0481 0.00349008
32.298 0.00328912
30.582 0.00308801
28.8977 0.00288676
27.2431 0.00268538
25.6162 0.00248387
24.0152 0.00228226
22.4385 0.00208054
20.8848 0.00187872
19.3525 0.00167682
17.8405 0.00147482
16.3476 0.00127275
14.7619 0.00107261
12.2572 0.000889387
9.76903 0.000706111
7.29651 0.000522783
3.63046 0.000353838
-0.761926 0.0001937
-7.82811 5.54507e-05
-24.5398 -1.29091e-05
-44.7942 -5.92456e-05
-65.0422 -0.000105588
-84.3736 -0.000152528
-95.985 -0.000199174
-100.903 -0.00023683
-105.793 -0.000274546
-109.287 -0.000304693
-112.286 -0.000332395
-115.22 -0.000360058
-118.096 -0.000387687
-120.172 -0.000405931
-122.023 -0.000422022
-123.82 -0.000438036
-125.57 -0.000453979
-127.275 -0.000469858
-128.939 -0.000485679
-130.567 -0.000501446
-132.162 -0.000517165
-133.725 -0.000532839
-135.259 -0.000548471
-136.767 -0.000564066
-138.251 -0.000579625
-139.711 -0.000595152
-141.151 -0.000610649
-142.571 -0.000626118
-143.972 -0.000641561
-145.357 -0.000656979
-146.632 -0.000668553
-147.709 -0.000672628
-148.77 -0.000676648
-149.815 -0.000680616
-150.846 -0.000684537
-151.864 -0.000688413
-152.869 -0.000692246
-153.862 -0.00069604
-154.843 -0.000699796
-155.814 -0.000703516
-156.775 -0.000707203
-157.726 -0.000710858
-158.668 -0.000714484
-159.602 -0.000718081
-160.527 -0.000721651
-161.445 -0.000725195
-162.355 -0.000728716
-163.258 -0.000732213
-164.154 -0.000735689
-165.044 -0.000739144
-165.928 -0.000742578
-166.806 -0.000745994
-167.679 -0.000749392
-152.309 -0.000723188
-139.445 -0.000700988
-128.587 -0.000682453
-119.306 -0.000666926
-111.3 -0.000653893
-104.328 -0.000642901
-98.1991 -0.00063357
-92.7622 -0.000625584
-87.897 -0.000618688
-83.5077 -0.000612678
-79.5179 -0.000607389
-75.866 -0.000602688
-72.5021 -0.000598469
-69.3853 -0.000594646
-66.4823 -0.000591149
-63.7652 -0.000587922
-61.2108 -0.000584918
-58.7996 -0.000582098
-56.5152 -0.000579432
-54.3436 -0.000576893
-52.2726 -0.000574459
-50.292 -0.000572112
-48.3929 -0.000569837
-46.5673 -0.000567621
-44.8086 -0.000565454
-43.1108 -0.000563326
-41.4685 -0.00056123
-39.8771 -0.000559159
-38.3178 -0.00055658
-36.4892 -0.000542702
-34.6999 -0.000528789
-32.9471 -0.000514842
-31.2284 -0.000500863
-29.5413 -0.000486854
-27.8838 -0.000472815
-26.254 -0.000458748
-24.6501 -0.000444654
-23.0705 -0.000430535
-21.5138 -0.000416392
-19.9785 -0.000402225
-18.4635 -0.000388035
-16.9676 -0.000373824
-15.4364 -0.000358975
-12.9284 -0.000332585
-10.4369 -0.000306166
-7.96105 -0.000279719
-4.32947 -0.000246973
0.0665124 -0.000210026
7.17085 -0.000168838
23.9639 -0.000121574
44.2208 -7.56994e-05
64.4715 -2.98019e-05
83.6813 2.23071e-05
95.0202 0.00012699
99.6171 0.000285896
104.52 0.000442104
107.9 0.000616664
110.914 0.000795313
113.864 0.000974377
116.755 0.00115382
118.754 0.00134969
120.622 0.00154736
122.436 0.00174543
124.201 0.00194386
125.922 0.00214262
127.603 0.00234167
129.246 0.00254099
130.856 0.00274057
132.433 0.00294038
133.982 0.0031404
135.504 0.00334061
137.002 0.00354101
138.476 0.00374158
139.929 0.00394231
141.361 0.00414318
142.775 0.00434418
144.172 0.00454532
145.408 0.00475348
146.497 0.00496795
147.571 0.00518256
148.628 0.00539733
149.671 0.00561222
150.7 0.00582725
151.717 0.0060424
152.721 0.00625766
153.713 0.00647302
154.694 0.00668849
155.665 0.00690405
156.627 0.00711971
157.579 0.00733545
158.522 0.00755127
159.457 0.00776717
160.384 0.00798314
161.303 0.00819918
162.215 0.00841529
163.12 0.00863146
164.019 0.00884769
164.911 0.00906398
165.798 0.00928032
166.678 0.00949672
167.553 0.00971317
168.423 0.00992966
169.288 0.0101462
170.148 0.0103628
171.003 0.0105794
171.337 0.0107991
171.545 0.0110196
171.749 0.0112402
171.948 0.0114607
172.144 0.0116814
156.82 0.0115702
144.018 0.0114406
133.224 0.0112958
123.998 0.0111389
116.036 0.0109723
109.097 0.0107978
102.993 0.0106168
97.5715 0.0104306
92.7157 0.0102401
88.3307 0.0100459
84.3413 0.00984883
80.6866 0.00964922
77.3176 0.0094475
74.1939 0.00924398
71.2826 0.00903893
68.5562 0.00883255
65.9918 0.00862503
63.5701 0.00841652
61.2748 0.00820714
59.092 0.00799699
57.0098 0.00778617
55.0179 0.00757475
53.1075 0.0073628
51.2708 0.00715038
49.501 0.00693753
47.7922 0.0067243
46.1391 0.00651072
44.5371 0.00629684
42.982 0.00608267
41.4702 0.00586824
39.9983 0.00565358
38.5635 0.00543871
37.1629 0.00522364
35.7943 0.00500839
34.4553 0.00479298
33.1441 0.00457741
31.8589 0.0043617
30.5979 0.00414587
29.3597 0.00392991
27.8966 0.00372442
26.3714 0.00352239
24.8654 0.00332029
23.3777 0.00311811
21.9073 0.00291587
20.4533 0.00271356
19.0147 0.00251119
17.5909 0.00230877
16.1811 0.00210629
14.7845 0.00190376
13.4006 0.00170118
12.0288 0.00149855
10.6684 0.00129588
9.31902 0.00109316
7.05801 0.00090718
4.6813 0.000723458
2.31458 0.000539705
-0.966094 0.00036696
-5.26687 0.000206493
-11.4144 6.14348e-05
-27.6155 -9.92579e-06
-47.8302 -5.63152e-05
-68.0404 -0.000102709
-87.2856 -0.000149731
-98.3763 -0.000196035
-103.064 -0.000233588
-107.815 -0.000271323
-110.928 -0.000300097
-113.791 -0.000327746
-116.605 -0.000355364
-119.281 -0.000381822
-121.079 -0.00039787
-122.83 -0.000413849
-124.538 -0.000429764
-126.206 -0.000445622
-127.838 -0.000461427
-129.436 -0.000477183
-131.004 -0.000492895
-132.544 -0.000508566
-134.057 -0.000524199
-135.546 -0.000539796
-137.013 -0.000555361
-138.458 -0.000570896
-139.884 -0.000586402
-141.292 -0.000601882
-142.682 -0.000617337
-144.057 -0.000632769
-145.346 -0.000645278
-146.415 -0.000649372
-147.469 -0.000653414
-148.509 -0.000657407
-149.535 -0.000661354
-150.548 -0.000665258
-151.549 -0.000669121
-152.539 -0.000672946
-153.518 -0.000676734
-154.487 -0.000680488
-155.446 -0.00068421
-156.395 -0.000687901
-157.336 -0.000691562
-158.269 -0.000695196
-159.194 -0.000698804
-160.111 -0.000702386
-161.021 -0.000705945
-161.925 -0.000709481
-162.821 -0.000712995
-163.712 -0.000716489
-164.597 -0.000719963
-165.476 -0.000723418
-166.349 -0.000726855
-167.217 -0.000730275
-168.081 -0.000733678
-168.939 -0.000737066
-169.793 -0.000740439
-170.642 -0.000743797
-171.488 -0.000747142
-171.751 -0.000747948
-171.949 -0.000748476
-172.144 -0.00074899
-172.334 -0.000749491
-172.521 -0.000749981
-157.21 -0.000723858
-144.425 -0.000701773
-133.647 -0.000683356
-124.436 -0.000667925
-116.485 -0.000654959
-109.555 -0.000644007
-103.456 -0.00063469
-98.0397 -0.000626697
-93.1871 -0.000619779
-88.8041 -0.000613734
-84.8157 -0.0006084
-81.1613 -0.000603649
-77.792 -0.000599376
-74.6676 -0.000595497
-71.7552 -0.000591942
-6