0.1 -2.86104e-05
0.2 -3.10129e-05
0.3 -3.34153e-05
0.4 -3.58177e-05
0.5 -3.82201e-05
0.6 -4.06225e-05
0.7 -4.30249e-05
0.8 -4.54273e-05
0.9 -4.78297e-05
1 -5.02321e-05
0 -5.02321e-05
24.7679 -1.42955e-05
48.0144 3.22393e-05
67.7156 0.000106256
85.0565 0.000202972
102.574 0.000297204
118.401 0.000401302
126.988 0.000556179
131.069 0.000738366
134.069 0.000923164
135.439 0.00112696
118.293 0.00102218
101.703 0.000917282
86.0442 0.000803616
71.4343 0.000683595
57.8395 0.000559481
45.388 0.000427888
34.0491 0.000289048
22.5996 0.000157557
10.3712 3.52165e-05
-10.6204 -2.05599e-05
-33.5739 -6.30385e-05
-56.0285 -0.000105955
-73.8385 -0.000148653
-87.4414 -0.000185626
-99.1278 -0.000222008
-108.865 -0.000257642
-115.643 -0.000285861
-120.701 -0.00031312
-124.635 -0.000339789
-127.716 -0.000363968
-110.628 -0.000339727
-94.2843 -0.000313979
-79.0024 -0.000288292
-64.9266 -0.000262821
-52.1192 -0.000237582
-40.572 -0.000212566
-29.886 -0.000185549
-19.4163 -0.000153332
-7.84719 -0.000117468
12.035 -7.53554e-05
33.8244 -3.35157e-05
54.9767 1.18839e-05
69.0749 0.000105871
77.8796 0.000242131
85.9078 0.000383459
92.0873 0.000544041
97.6144 0.000708699
102.61 0.000876659
106.733 0.00105599
110.11 0.00124476
113.144 0.00143597
115.899 0.00162912
118.423 0.00182387
120.757 0.00201992
122.933 0.00221704
124.976 0.00241506
126.906 0.00261382
128.74 0.00281322
130.492 0.00301315
132.172 0.00321353
115.931 0.00310455
101.62 0.00298247
89.1045 0.0028483
78.1545 0.00270369
68.5577 0.00255012
60.1144 0.002389
52.6459 0.00222157
45.9979 0.0020489
40.0403 0.00187188
34.6649 0.00169124
29.7823 0.0015076
25.3186 0.00132145
21.2131 0.00113317
17.4154 0.000943111
13.8024 0.00075299
9.52417 0.000577665
5.43334 0.000401487
0.490143 0.000236713
-5.21643 8.19291e-05
-19.7341 -4.77318e-06
-40.4846 -5.03944e-05
-61.1921 -9.60618e-05
-76.4117 -0.00014261
-83.3383 -0.000180665
-89.5874 -0.000217617
-94.0861 -0.000245813
-98.271 -0.000273829
-102.194 -0.000301697
-105.279 -0.000321347
-107.947 -0.000338162
-110.426 -0.00035471
-112.743 -0.000371033
-114.922 -0.000387165
-116.983 -0.000403136
-118.943 -0.000418968
-120.814 -0.000434682
-122.608 -0.000450294
-124.335 -0.000465817
-126.003 -0.000481262
-127.618 -0.000496641
-111.584 -0.000473466
-97.7048 -0.000451924
-85.7222 -0.000431916
-75.3387 -0.000413198
-66.3018 -0.000395549
-58.3888 -0.000378763
-51.4098 -0.000362662
-45.2067 -0.000347094
-39.6498 -0.000331941
-34.6332 -0.000317105
-30.0708 -0.000302509
-25.8927 -0.000288096
-22.0416 -0.000273818
-18.4706 -0.00025964
-15.1411 -0.000245533
-11.185 -0.000221694
-7.27564 -0.000196328
-2.68014 -0.000166364
2.81619 -0.000130769
17.487 -8.56553e-05
38.1504 -4.09862e-05
58.5438 5.22528e-06
71.0403 0.000104898
77.2218 0.000254595
82.5975 0.000413438
86.8813 0.000584398
90.9198 0.000756928
94.4201 0.000937367
97.2511 0.00112851
99.8976 0.00132099
102.386 0.00151463
104.737 0.00170927
106.969 0.00190477
109.098 0.00210102
111.135 0.00229792
113.092 0.00249541
114.978 0.00269342
116.8 0.00289188
118.565 0.00309075
120.279 0.00328998
121.947 0.00348955
123.387 0.00369837
124.707 0.00391129
125.988 0.00412456
127.234 0.00433815
128.447 0.00455203
129.63 0.00476618
130.787 0.00498057
131.918 0.00519518
133.026 0.00540999
117.347 0.00530119
103.969 0.00517541
92.5644 0.00503466
82.773 0.00488157
74.3187 0.00471818
66.9679 0.00454627
60.5265 0.00436734
54.8359 0.00418265
49.7673 0.00399322
45.2169 0.00379985
41.1009 0.00360323
37.3516 0.00340388
33.9139 0.00320225
30.7426 0.00299868
27.8008 0.00279348
24.9419 0.00259182
22.0732 0.00239672
19.3489 0.00220085
16.7529 0.00200429
14.2711 0.00180713
11.8917 0.00160944
9.60418 0.00141128
7.39962 0.00121269
5.27013 0.00101373
3.20884 0.000814426
0.556747 0.000626593
-2.41948 0.000445384
-5.82082 0.000269648
-10.6259 0.000111042
-21.9045 3.06207e-06
-42.1255 -4.43114e-05
-62.6255 -8.99273e-05
-77.0133 -0.000136657
-82.7058 -0.000174389
-87.667 -0.00020864
-91.366 -0.000236735
-94.9125 -0.000264636
-97.966 -0.000287692
-100.393 -0.000304563
-102.695 -0.000321155
-104.885 -0.000337583
-106.976 -0.000353871
-108.981 -0.000370034
-110.909 -0.000386088
-112.769 -0.000402045
-114.568 -0.000417917
-116.313 -0.000433711
-118.008 -0.000449436
-119.659 -0.0004651
-121.27 -0.000480707
-122.793 -0.000494072
-124.071 -0.000498632
-125.314 -0.000503054
-126.524 -0.000507372
-127.706 -0.000511594
-128.861 -0.000515728
-129.991 -0.000519782
-131.098 -0.000523762
-132.184 -0.000527674
-133.251 -0.000531524
-117.639 -0.000504972
-104.375 -0.000482129
-93.095 -0.000462886
-83.4236 -0.000446696
-75.0785 -0.000433101
-67.8239 -0.000421664
-61.4657 -0.000412
-55.8463 -0.000403783
-50.8383 -0.000396742
-46.3394 -0.000390655
-42.2671 -0.000385344
-38.5548 -0.000380665
-35.1484 -0.0003765
-32.0038 -0.000372756
-29.0845 -0.000369356
-26.3607 -0.000366237
-23.5615 -0.000354355
-20.855 -0.00034064
-18.2736 -0.000326905
-15.8041 -0.000313146
-13.4346 -0.000299361
-11.1552 -0.000285548
-8.95702 -0.000271707
-6.83244 -0.000257836
-4.77473 -0.000243937
-2.29384 -0.000224432
0.680732 -0.000198551
3.96212 -0.000170701
8.76792 -0.000134385
20.2235 -9.02937e-05
40.6524 -4.49818e-05
61.0199 5.53752e-07
73.5427 9.87548e-05
79.0531 0.000252015
83.6595 0.000416233
87.399 0.000590443
90.9786 0.000765616
93.7966 0.000953912
96.2726 0.00114737
98.621 0.00134171
100.859 0.00153685
103.001 0.0017327
105.056 0.00192918
107.035 0.00212622
108.946 0.00232375
110.795 0.00252174
112.59 0.00272013
114.334 0.00291888
116.033 0.00311796
117.692 0.00331735
119.104 0.00352717
120.43 0.00373971
121.721 0.00395254
122.979 0.00416568
124.206 0.00437909
125.406 0.00459276
126.579 0.00480666
127.729 0.00502079
128.857 0.00523512
129.964 0.00544963
131.053 0.00566432
132.123 0.00587917
133.177 0.00609417
134.215 0.00630931
135.239 0.00652459
136.249 0.00673999
137.246 0.0069555
138.232 0.00717112
139.205 0.00738685
140.169 0.00760267
124.684 0.0074926
111.638 0.00736462
100.594 0.00722145
91.1456 0.00706606
82.9975 0.00690065
75.9096 0.00672703
69.6889 0.00654673
64.1804 0.00636094
59.2607 0.00617065
54.831 0.00597664
50.8122 0.00577954
47.1404 0.00557986
43.764 0.005378
40.6408 0.0051743
37.7361 0.00496902
35.0212 0.0047624
32.4721 0.00455461
30.0687 0.00434582
27.7941 0.00413615
25.6338 0.00392572
23.5756 0.0037146
21.6087 0.0035029
19.7241 0.00329066
17.9137 0.00307795
16.1707 0.00286483
14.4889 0.00265132
12.5823 0.00244935
10.6805 0.00224909
8.8248 0.00204861
7.01192 0.00184795
5.23865 0.0016471
3.5021 0.00144609
1.79967 0.00124493
0.129008 0.00104362
-1.51203 0.000842192
-3.58601 0.00064897
-6.21988 0.00046625
-9.04031 0.000285963
-13.5718 0.000126293
-23.3581 8.08236e-06
-43.3764 -4.00123e-05
-63.6108 -8.6763e-05
-79.5462 -0.000132953
-83.3043 -0.000171007
-87.7912 -0.000204306
-91.1505 -0.000232468
-94.4206 -0.000260304
-97.0347 -0.000280316
-99.2304 -0.000297218
-101.344 -0.000313652
-103.375 -0.000329957
-105.332 -0.000346154
-107.222 -0.000362255
-109.054 -0.000378271
-110.831 -0.000394209
-112.56 -0.000410077
-114.246 -0.000425882
-115.891 -0.000441629
-117.499 -0.000457324
-119.074 -0.000472972
-120.352 -0.000477291
-121.605 -0.000481899
-122.828 -0.000486395
-124.024 -0.000490799
-125.194 -0.000495118
-126.34 -0.000499358
-127.465 -0.000503525
-128.569 -0.000507624
-129.655 -0.00051166
-130.722 -0.000515639
-131.773 -0.000519562
-132.809 -0.000523435
-133.831 -0.000527261
-134.838 -0.000531042
-135.833 -0.000534781
-136.816 -0.000538481
-137.788 -0.000542144
-138.749 -0.000545773
-139.701 -0.000549369
-140.642 -0.000552935
-125.189 -0.000526614
-112.193 -0.000504211
-101.2 -0.000485462
-91.7979 -0.000469745
-83.6902 -0.000456562
-76.6365 -0.000445462
-70.444 -0.00043606
-64.9588 -0.000428036
-60.058 -0.00042113
-55.6435 -0.00041513
-51.637 -0.000409868
-47.975 -0.000405205
-44.6064 -0.000401034
-41.4893 -0.000397265
-38.5892 -0.000393826
-35.8777 -0.00039066
-33.331 -0.000387717
-30.9292 -0.00038496
-28.6555 -0.000382355
-26.4954 -0.000379876
-24.4369 -0.000377502
-22.4693 -0.000375213
-20.5836 -0.000372994
-18.7718 -0.000370832
-17.027 -0.000368717
-15.3432 -0.000366639
-13.5348 -0.000358096
-11.6309 -0.000344266
-9.773 -0.000330399
-7.95761 -0.000316497
-6.18159 -0.00030256
-4.4421 -0.000288591
-2.73656 -0.000274591
-1.06264 -0.000260561
0.58179 -0.000246502
2.56893 -0.000228143
5.20675 -0.000201936
7.97002 -0.000174887
12.506 -0.000138193
22.4111 -9.47627e-05
42.5574 -4.90119e-05
62.7167 -3.23933e-06
76.6942 8.42055e-05
81.2347 0.000243631
85.5292 0.000409363
88.9699 0.000585795
92.2619 0.000762692
94.7254 0.000953852
96.9759 0.00114931
99.1157 0.00134503
101.173 0.00154138
103.156 0.00173827
105.074 0.00193565
106.931 0.00213346
108.734 0.00233167
110.489 0.00253024
112.199 0.00272913
113.869 0.00292832
115.502 0.00312778
117.006 0.00333196
118.318 0.0035446
119.595 0.0037574
120.842 0.00397048
122.06 0.00418383
123.253 0.00439742
124.422 0.00461123
125.568 0.00482524
126.693 0.00503945
127.799 0.00525384
128.887 0.0054684
129.958 0.00568311
131.013 0.00589797
132.053 0.00611297
133.079 0.00632809
134.092 0.00654334
135.093 0.0067587
136.081 0.00697417
137.059 0.00718973
138.027 0.0074054
138.984 0.00762115
139.933 0.00783699
140.872 0.00805291
141.803 0.00826891
142.726 0.00848498
143.641 0.00870112
144.549 0.00891733
145.451 0.00913359
146.345 0.00934992
147.234 0.00956631
148.116 0.00978274
132.731 0.00967203
119.845 0.00954298
108.965 0.00939872
99.6644 0.00924236
91.6419 0.00907613
84.6566 0.00890188
78.5172 0.0087211
73.0718 0.00853498
68.1999 0.00834447
63.8055 0.00815033
59.8118 0.00795317
56.157 0.00775349
52.791 0.00755167
49.6729 0.00734804
46.769 0.00714287
44.0516 0.00693636
41.4972 0.00672871
39.0864 0.00652006
36.8027 0.00631055
34.6319 0.00610026
32.5621 0.00588931
30.5827 0.00567776
28.685 0.00546568
26.8609 0.00525313
25.1039 0.00504015
23.4077 0.0048268
21.7672 0.00461311
20.1776 0.00439911
18.6349 0.00418483
17.1353 0.00397029
15.6754 0.00375553
14.2524 0.00354055
12.8636 0.00332539
11.5064 0.00311004
10.1788 0.00289453
8.87876 0.00267888
7.33044 0.00247481
5.75116 0.00227301
4.19467 0.00207113
2.65976 0.00186915
1.14518 0.00166709
-0.350235 0.00146496
-1.82754 0.00126276
-3.28773 0.00106048
-4.73172 0.000858144
-6.55225 0.000662852
-9.01533 0.00047944
-11.5442 0.000296937
-15.9312 0.000136747
-24.7632 1.19609e-05
-44.5496 -3.72195e-05
-64.6886 -8.42606e-05
-80.8665 -0.000130257
-84.7207 -0.000168761
-88.9872 -0.000202095
-92.1149 -0.000230208
-95.1857 -0.000257973
-97.5587 -0.000276955
-99.5782 -0.000293778
-101.541 -0.000310051
-103.44 -0.000326218
-105.281 -0.000342299
-107.069 -0.000358303
-108.81 -0.000374239
-110.507 -0.000390111
-112.165 -0.000405926
-113.787 -0.000421688
-115.375 -0.000437403
-116.933 -0.000453073
-118.346 -0.000463547
-119.588 -0.000468323
-120.802 -0.000472866
-121.991 -0.000477321
-123.156 -0.000481695
-124.299 -0.000485994
-125.421 -0.000490224
-126.524 -0.000494388
-127.609 -0.000498493
-128.677 -0.000502541
-129.729 -0.000506536
-130.767 -0.000510482
-131.791 -0.000514381
-132.801 -0.000518237
-133.8 -0.000522051
-134.787 -0.000525827
-135.762 -0.000529567
-136.728 -0.000533272
-137.684 -0.000536945
-138.63 -0.000540587
-139.568 -0.0005442
-140.497 -0.000547785
-141.418 -0.000551344
-142.332 -0.000554879
-143.238 -0.00055839
-144.138 -0.000561878
-145.031 -0.000565345
-145.918 -0.000568792
-146.799 -0.000572219
-147.674 -0.000575628
-148.544 -0.000579019
-133.178 -0.000552818
-120.319 -0.000530628
-109.465 -0.000512099
-100.188 -0.000496577
-92.1857 -0.000483548
-85.2165 -0.00047256
-79.0899 -0.00046323
-73.6545 -0.000455244
-68.7903 -0.000448347
-64.4016 -0.000442335
-60.4121 -0.000437044
-56.7603 -0.00043234
-53.3962 -0.000428119
-50.2792 -0.000424293
-47.3758 -0.000420793
-44.6582 -0.000417563
-42.1033 -0.000414555
-39.6916 -0.000411733
-37.4066 -0.000409063
-35.2343 -0.000406521
-33.1627 -0.000404084
-31.1814 -0.000401735
-29.2816 -0.000399457
-27.4554 -0.000397239
-25.696 -0.00039507
-23.9974 -0.000392939
-22.3545 -0.000390841
-20.7624 -0.000388768
-19.2171 -0.000386715
-17.7149 -0.000384676
-16.2524 -0.000382649
-14.8268 -0.000380629
-13.4352 -0.000378613
-12.0754 -0.0003766
-10.7451 -0.000374587
-9.44237 -0.000372573
-7.95614 -0.000362937
-6.37393 -0.000348892
-4.81459 -0.000334819
-3.2768 -0.000320719
-1.75931 -0.000306593
-0.260989 -0.000292442
1.21923 -0.000278267
2.68234 -0.00026407
4.12925 -0.000249852
5.89611 -0.000231728
8.36257 -0.000205305
10.8571 -0.000178627
15.2477 -0.000141695
24.1562 -9.87109e-05
44.0174 -5.26124e-05
64.0837 -6.6255e-06
78.7893 7.60544e-05
83.4422 0.000234344
87.5102 0.000400228
90.7333 0.000578212
93.8181 0.000756371
96.076 0.000948741
98.1525 0.00114564
100.132 0.00134247
102.048 0.00153979
103.905 0.00173754
105.71 0.00193568
107.467 0.00213417
109.18 0.00233298
110.853 0.00253209
112.49 0.00273146
114.093 0.00293108
115.666 0.00313092
117.037 0.00333907
118.296 0.0035523
119.525 0.00376546
120.728 0.00397887
121.907 0.00419251
123.064 0.00440635
124.199 0.00462039
125.315 0.00483461
126.413 0.005049
127.493 0.00526354
128.557 0.00547824
129.607 0.00569308
130.642 0.00590805
131.664 0.00612314
132.673 0.00633834
133.671 0.00655366
134.657 0.00676908
135.633 0.0069846
136.599 0.00720021
137.555 0.00741591
138.502 0.00763169
139.441 0.00784755
140.371 0.00806349
141.294 0.0082795
142.21 0.00849557
143.118 0.00871171
144.02 0.00892792
144.915 0.00914418
145.804 0.00936049
146.687 0.00957686
147.565 0.00979328
148.437 0.0100098
149.304 0.0102263
150.166 0.0104428
151.024 0.0106594
151.877 0.0108761
152.726 0.0110928
153.57 0.0113095
154.41 0.0115263
155.247 0.0117431
156.08 0.0119599
140.754 0.0118488
127.96 0.0117191
117.169 0.0115743
107.946 0.0114174
99.9857 0.0112508
93.0487 0.0110763
86.9451 0.0108953
81.5249 0.0107091
76.6696 0.0105185
72.285 0.0103244
68.2957 0.0101273
64.641 0.00992767
61.2718 0.00972595
58.148 0.00952244
55.2364 0.00931739
52.5096 0.00911102
49.9448 0.00890351
47.5227 0.008695
45.227 0.00848562
43.0438 0.00827548
40.9611 0.00806466
38.9688 0.00785325
37.0579 0.0076413
35.2207 0.00742888
33.4504 0.00721604
31.7411 0.00700281
30.0876 0.00678924
28.4851 0.00657536
26.9296 0.00636119
25.4173 0.00614677
23.945 0.00593212
22.5097 0.00571725
21.1087 0.00550218
19.7396 0.00528693
18.4002 0.00507152
17.0886 0.00485596
15.8029 0.00464026
14.5415 0.00442442
13.3029 0.00420847
12.0857 0.0039924
10.8886 0.00377623
9.71044 0.00355997
8.55018 0.00334361
7.40681 0.00312717
6.27941 0.00291065
5.16712 0.00269406
3.76663 0.00249048
2.35463 0.00228796
0.955875 0.00208539
-0.430155 0.00188277
-1.80407 0.00168011
-3.16642 0.0014774
-4.51776 0.00127466
-5.85857 0.00107187
-7.18932 0.000869051
-8.87723 0.000672861
-11.2382 0.00048906
-13.592 0.000305254
-17.8895 0.000144757
-25.404 1.14285e-05
-45.6232 -3.49586e-05
-65.8392 -8.13494e-05
-80.9045 -0.000135312
-86.5736 -0.000164842
-90.3151 -0.000202459
-93.2197 -0.000231193
-96.1255 -0.00025908
-98.503 -0.000276744
-100.388 -0.000293377
-102.229 -0.000309522
-104.021 -0.000325533
-105.766 -0.00034147
-107.469 -0.000357346
-109.133 -0.000373168
-110.76 -0.00038894
-112.355 -0.000404667
-113.92 -0.000420351
-115.456 -0.000435997
-116.966 -0.000451606
-118.453 -0.000467183
-119.511 -0.000461766
-120.681 -0.000467709
-121.834 -0.000472138
-122.966 -0.000476437
-124.079 -0.000480669
-125.174 -0.00048484
-126.252 -0.000488955
-127.314 -0.000493017
-128.361 -0.000497029
-129.394 -0.000500994
-130.414 -0.000504915
-131.422 -0.000508794
-132.417 -0.000512635
-133.402 -0.000516438
-134.376 -0.000520206
-135.34 -0.000523941
-136.294 -0.000527645
-137.24 -0.000531319
-138.177 -0.000534965
-139.106 -0.000538584
-140.027 -0.000542177
-140.941 -0.000545746
-141.848 -0.000549293
-142.748 -0.000552817
-143.642 -0.00055632
-144.53 -0.000559803
-145.412 -0.000563267
-146.289 -0.000566713
-147.16 -0.000570141
-148.026 -0.000573552
-148.887 -0.000576948
-149.743 -0.000580328
-150.595 -0.000583693
-151.443 -0.000587045
-152.286 -0.000590382
-153.125 -0.000593707
-153.961 -0.000597019
-154.792 -0.000600319
-155.621 -0.000603608
-156.445 -0.000606886
-141.161 -0.000580642
-128.353 -0.000558681
-117.579 -0.000540242
-108.37 -0.000524782
-100.422 -0.000511793
-93.4933 -0.00050082
-87.3961 -0.000491485
-81.9806 -0.000483477
-77.1285 -0.000476546
-72.746 -0.00047049
-68.7578 -0.000465147
-65.1035 -0.000460388
-61.7342 -0.000456108
-58.6098 -0.000452222
-55.6972 -0.000448661
-52.9692 -0.000445371
-50.4029 -0.000442304
-47.9791 -0.000439423
-45.6816 -0.000436698
-43.4964 -0.000434101
-41.4117 -0.000431612
-39.4173 -0.000429212
-37.5042 -0.000426886
-35.6648 -0.000424622
-33.8923 -0.000422408
-32.1808 -0.000420236
-30.5249 -0.000418097
-28.9201 -0.000415986
-27.3623 -0.000413896
-25.8478 -0.000411824
-24.3732 -0.000409763
-22.9356 -0.000407713
-21.5323 -0.000405668
-20.1609 -0.000403627
-18.8193 -0.000401587
-17.5055 -0.000399548
-16.2176 -0.000397506
-14.954 -0.000395461
-13.7131 -0.000393411
-12.4938 -0.000391357
-11.2945 -0.000389295
-10.1142 -0.000387227
-8.95186 -0.000385151
-7.8064 -0.000383068
-6.67693 -0.000380976
-5.5626 -0.000378875
-4.20652 -0.000367277
-2.79133 -0.000353092
-1.39035 -0.000338856
-0.00210712 -0.000324599
1.374 -0.000310324
2.73854 -0.00029603
4.09204 -0.00028172
5.435 -0.000267392
6.76789 -0.000253048
8.41631 -0.000234857
10.7819 -0.000208311
13.136 -0.000181718
17.394 -0.000144611
24.9662 -0.000101502
