0.1 -17.9425
0.2 -19.0967
0.3 -20.2509
0.4 -21.4051
0.5 -22.5593
0.6 -23.7135
0.7 -24.8676
0.8 -26.0218
0.9 -27.176
1 -28.3302
0 -28.3302
28.2949 -52.4157
56.448 -76.5442
83.0815 -100.862
108.492 -124.511
133.287 -147.183
158.053 -169.819
182.645 -192.36
206.401 -214.722
226.914 -236.873
238.735 -256.893
214.024 -235.022
189.28 -212.791
164.55 -190.511
139.821 -167.801
115.185 -145.055
90.7066 -122.248
66.4745 -99.3458
42.6031 -76.3057
18.0142 -51.8032
-9.15409 -26.9504
-36.6411 -2.14703
-63.9748 22.7523
-89.7358 52.8016
-113.879 88.6825
-137.004 127.733
-159.504 165.688
-180.885 201.417
-200.286 232.852
-216.441 256.995
-227.891 272.07
-203.161 232.129
-178.446 192.233
-153.703 153.418
-129.073 114.695
-104.62 76.3385
-80.4425 38.5546
-56.658 1.60267
-33.4093 -34.203
-9.79117 -64.7505
15.8812 -86.5551
42.592 -104.052
68.9936 -120.531
94.5604 -136.065
116.715 -150.6
136.215 -163.571
154.007 -175.522
170.218 -186.595
184.777 -196.794
196.764 -205.387
207.022 -213.289
215.661 -220.432
222.945 -226.854
229.023 -232.507
233.502 -237.03
237.228 -241.094
240.389 -244.75
243.123 -248.041
245.534 -251.006
247.698 -253.68
249.669 -256.095
225.517 -234.014
202.068 -212.265
179.83 -191.017
158.74 -170.337
138.849 -150.285
120.188 -130.904
102.764 -112.225
86.5625 -94.2661
71.5497 -77.0384
57.6745 -60.5444
44.8734 -44.7799
33.0745 -29.7361
22.2012 -15.3995
12.1762 -1.7537
2.92384 11.2206
-6.00049 24.329
-14.7618 37.6183
-23.0043 50.16
-32.1359 62.9796
-41.9465 75.285
-59.8066 86.9142
-82.0348 97.1907
-104.132 106.777
-123.914 117.494
-137.602 132.191
-148.361 147.18
-158.368 160.377
-167.137 172.482
-174.707 183.469
-181.609 193.07
-187.928 201.471
-193.744 208.835
-198.831 215.485
-203.134 221.529
-207.055 226.844
-210.647 231.535
-213.957 235.693
-217.025 239.392
-219.883 242.697
-222.56 245.661
-198.661 206.528
-175.868 170.575
-154.607 136.484
-134.762 104.776
-116.328 75.4728
-99.2839 48.5517
-83.5842 23.9497
-69.166 1.56636
-55.9516 -18.7283
-43.8536 -37.0844
-32.7794 -53.6629
-22.636 -68.6275
-13.3327 -82.1384
-4.7839 -94.3478
3.08992 -105.397
10.7245 -115.097
18.2013 -123.658
25.2481 -131.489
33.0446 -138.188
41.49 -144.063
58.2464 -147.483
79.8032 -149.753
101.283 -151.956
117.781 -154.208
127.509 -156.331
136.321 -158.387
143.909 -160.283
150.614 -162.077
156.874 -163.827
162.746 -165.533
167.953 -167.104
172.519 -168.55
176.771 -169.959
180.746 -171.334
184.478 -172.677
187.993 -173.988
191.316 -175.269
194.468 -176.52
197.467 -177.744
200.329 -178.94
203.067 -180.111
205.693 -181.257
208.218 -182.378
210.652 -183.476
213.002 -184.551
215.276 -185.604
217.481 -186.637
219.622 -187.648
221.704 -188.64
223.483 -189.471
199.856 -167.41
178.005 -145.027
157.684 -125.705
138.905 -108.067
121.616 -91.95
105.755 -77.2047
91.2431 -63.6896
77.9917 -51.2735
65.904 -39.8357
54.8799 -29.2674
44.8196 -19.4713
35.6271 -10.3616
27.212 -1.86318
19.4909 6.08962
12.3881 13.5537
5.78277 20.847
-0.469524 28.3247
-6.31086 35.4073
-11.7849 42.1238
-16.9301 48.5004
-21.7799 54.561
-26.3639 60.3275
-30.708 65.8199
-34.8352 71.0565
-38.7655 76.054
-42.5169 80.8279
-46.571 85.7268
-50.99 90.748
-55.3266 95.5404
-61.3443 100.575
-69.0427 105.555
-89.9935 109.89
-110.906 114.02
-129.963 118.565
-140.226 125.932
-147.652 133.629
-154.108 140.987
-159.6 147.997
-164.799 154.398
-169.739 160.263
-173.874 165.944
-177.663 171.212
-181.234 176.062
-184.611 180.541
-187.814 184.688
-190.861 188.538
-193.769 192.121
-196.551 195.464
-199.219 198.59
-201.783 201.519
-204.254 204.271
-206.64 206.859
-208.947 209.3
-211.183 211.606
-213.353 213.787
-215.463 215.854
-217.518 217.816
-219.422 219.718
-221.139 221.575
-222.806 223.343
-199.575 185.665
-177.595 152.486
-157.503 120.981
-138.984 91.9721
-121.971 65.3863
-106.389 41.1238
-92.1522 19.0601
-79.1649 -0.949429
-67.3259 -19.0632
-56.5321 -35.4455
-46.6827 -50.26
-37.6812 -63.6648
-29.4378 -75.8084
-21.8701 -86.8275
-14.9037 -96.8466
-8.47207 -105.977
-2.51612 -114.318
3.09238 -121.848
8.46798 -128.594
13.5267 -134.816
18.3007 -140.569
22.8185 -145.902
27.1049 -150.86
31.1819 -155.479
35.0688 -159.792
38.7828 -163.829
42.3549 -167.611
46.7481 -170.91
51.0179 -174.029
56.7327 -176.731
64.9357 -178.993
85.8908 -179.99
106.81 -180.97
123.893 -181.981
131.145 -182.955
138.397 -183.898
144.235 -184.758
149.761 -185.605
155.011 -186.439
159.52 -187.19
163.626 -187.909
167.499 -188.617
171.163 -189.314
174.639 -190
177.947 -190.675
181.103 -191.341
184.122 -191.997
187.016 -192.644
189.796 -193.281
192.474 -193.91
195.058 -194.529
197.555 -195.14
199.973 -195.743
202.318 -196.338
204.596 -196.924
206.806 -197.501
208.745 -197.994
210.623 -198.48
212.446 -198.96
214.217 -199.434
215.94 -199.902
217.617 -200.364
219.253 -200.821
220.85 -201.273
222.41 -201.719
223.936 -202.16
225.43 -202.596
226.894 -203.027
228.329 -203.453
229.737 -203.875
206.634 -181.066
184.869 -160.389
165.082 -141.837
146.916 -125.025
130.283 -109.742
115.089 -95.8086
101.233 -83.0624
88.6081 -71.3614
77.1042 -60.5802
66.6141 -50.6091
57.0346 -41.3527
48.2693 -32.7284
40.2297 -24.6651
32.8356 -17.1018
26.0154 -9.98574
19.7054 -3.27167
13.8493 3.0795
8.39782 9.10163
3.30747 14.8241
-1.45978 20.2727
-5.9373 25.4699
-10.1544 30.4354
-14.1367 35.1869
-17.9069 39.7399
-21.4849 44.1083
-24.8883 48.3047
-28.1328 52.3402
-31.2322 56.2251
-34.3769 60.3687
-37.5393 64.6496
-40.594 68.7618
-43.5488 72.7152
-46.4112 76.519
-49.1875 80.1814
-51.884 83.7102
-54.5059 87.1127
-57.0584 90.3956
-60.3779 93.9697
-63.8406 97.5025
-68.3841 101.116
-74.4711 104.764
-92.2925 108.2
-112.973 111.368
-131.669 114.92
-140.623 120.974
-147.346 127.186
-152.638 133.418
-157.512 139.248
-162.18 144.648
-166.195 149.884
-169.79 154.846
-173.204 159.463
-176.456 163.767
-179.561 167.789
-182.533 171.557
-185.385 175.094
-188.127 178.42
-190.768 181.555
-193.318 184.514
-195.784 187.313
-198.173 189.965
-200.491 192.48
-202.744 194.871
-204.936 197.146
-207.072 199.314
-208.995 201.451
-210.807 203.514
-212.568 205.485
-214.282 207.37
-215.951 209.174
-217.579 210.904
-219.169 212.563
-220.722 214.158
-222.241 215.691
-223.729 217.166
-225.186 218.588
-226.616 219.958
-228.018 221.281
-229.396 222.559
-230.75 223.794
-207.688 186.309
-185.992 153.641
-166.292 122.758
-148.218 94.4642
-131.678 68.6446
-116.573 45.162
-102.801 23.8617
-90.253 4.57601
-78.8182 -12.869
-68.3893 -28.6468
-58.8633 -42.9251
-50.1444 -55.8616
-42.1444 -67.6021
-34.7841 -78.2786
-27.9923 -88.0101
-21.7061 -96.9019
-15.8697 -105.048
-10.4343 -112.53
-5.35703 -119.42
-0.600124 -125.782
3.86939 -131.672
8.08046 -137.137
12.0586 -142.222
15.8261 -146.964
19.4027 -151.395
22.806 -155.545
26.0513 -159.44
29.1524 -163.104
32.1215 -166.555
35.2138 -169.689
38.2705 -172.623
41.2285 -175.408
44.0947 -178.056
46.8757 -180.577
49.5774 -182.981
52.2051 -185.276
54.7637 -187.469
57.8564 -189.477
61.3274 -191.339
65.7179 -193.037
71.9109 -194.525
90.0282 -195.269
110.717 -195.87
128.338 -196.488
135.65 -197.098
142.137 -197.687
147.274 -198.226
152.186 -198.76
156.793 -199.279
160.633 -199.742
164.276 -200.2
167.74 -200.652
171.045 -201.1
174.204 -201.542
177.231 -201.98
180.138 -202.413
182.935 -202.842
185.633 -203.265
188.238 -203.685
190.759 -204.1
193.203 -204.511
195.575 -204.918
197.881 -205.321
200.125 -205.72
202.181 -206.081
204.101 -206.419
205.966 -206.754
207.778 -207.085
209.543 -207.413
211.262 -207.738
212.939 -208.06
214.576 -208.379
216.176 -208.695
217.742 -209.008
219.275 -209.319
220.776 -209.626
222.249 -209.931
223.695 -210.234
225.114 -210.534
226.509 -210.831
227.881 -211.126
229.231 -211.419
230.561 -211.709
231.87 -211.997
233.161 -212.282
234.433 -212.566
235.689 -212.847
236.929 -213.126
238.153 -213.403
239.362 -213.677
216.367 -191.034
194.782 -170.647
175.231 -152.437
157.325 -135.979
140.958 -121.046
126.025 -107.443
112.415 -95.0043
100.016 -83.5839
88.7131 -73.0562
78.399 -63.3123
68.9704 -54.2584
60.332 -45.8141
52.3974 -37.9105
45.0884 -30.4885
38.3358 -23.4974
32.078 -16.8937
26.2609 -10.6398
20.837 -4.7033
15.7644 0.944071
11.0067 6.32693
6.53168 11.4669
2.31121 16.3829
-1.67951 21.0919
-5.46229 25.6088
-9.0564 29.947
-12.4789 34.1185
-15.7448 38.1341
-18.8677 42.0035
-21.8594 45.7356
-24.7307 49.3385
-27.4911 52.8195
-30.1493 56.1855
-32.7129 59.4425
-35.1889 62.5964
-37.5836 65.6524
-39.9028 68.6155
-42.1516 71.4901
-44.3347 74.2805
-46.492 77.0481
-48.8921 80.2083
-51.239 83.2653
-53.5358 86.2242
-55.7853 89.0898
-57.9902 91.8665
-60.1529 94.5586
-62.2758 97.1699
-64.3609 99.7042
-67.0031 102.388
-70.0687 105.155
-73.8723 107.946
-79.172 110.821
-94.8237 113.601
-115.367 116.143
-134.418 118.905
-143.423 123.773
-149.673 128.954
-154.418 134.233
-158.854 139.199
-163.134 143.84
-166.591 148.461
-169.845 152.803
-172.959 156.874
-175.945 160.699
-178.815 164.299
-181.577 167.696
-184.243 170.905
-186.819 173.942
-189.312 176.822
-191.73 179.556
-194.078 182.157
-196.361 184.633
-198.585 186.994
-200.752 189.249
-202.868 191.404
-204.728 193.557
-206.531 195.619
-208.285 197.595
-209.995 199.489
-211.664 201.308
-213.293 203.056
-214.885 204.738
-216.443 206.357
-217.969 207.917
-219.465 209.422
-220.931 210.875
-222.37 212.279
-223.784 213.636
-225.174 214.95
-226.54 216.222
-227.885 217.454
-229.209 218.649
-230.514 219.809
-231.8 220.935
-233.068 222.029
-234.32 223.092
-235.555 224.127
-236.775 225.133
-237.98 226.114
-239.172 227.069
-240.35 228
-217.378 190.628
-195.831 158.217
-176.325 127.643
-158.466 99.6917
-142.146 74.2262
-127.257 51.0911
-113.686 30.1183
-101.322 11.1312
-90.0493 -6.04928
-79.761 -21.5988
-70.3538 -35.6848
-61.7331 -48.4633
-53.8127 -60.0771
-46.5149 -70.6554
-39.7708 -80.3134
-33.5193 -89.1536
-27.7066 -97.2662
-22.2853 -104.731
-17.2141 -111.617
-12.4565 -117.987
-7.98053 -123.893
-3.75829 -129.383
0.234925 -134.498
4.02082 -139.275
7.61856 -143.747
11.0451 -147.941
14.3155 -151.882
17.4431 -155.594
20.4399 -159.095
23.3164 -162.404
26.0823 -165.537
28.746 -168.508
31.3153 -171.329
33.7971 -174.012
36.1977 -176.567
38.5229 -179.004
40.7777 -181.332
42.9669 -183.557
45.0947 -185.688
47.3778 -187.662
49.731 -189.522
52.0342 -191.311
54.2902 -193.035
56.5016 -194.697
58.671 -196.3
60.8005 -197.848
62.8923 -199.344
65.4014 -200.744
68.4746 -202.039
72.1922 -203.25
77.5145 -204.328
93.423 -204.934
113.972 -205.361
132.358 -205.796
140.34 -206.236
146.466 -206.662
151.102 -207.049
155.567 -207.434
159.722 -207.805
163.164 -208.139
166.451 -208.47
169.598 -208.798
172.618 -209.123
175.521 -209.446
178.317 -209.766
181.016 -210.083
183.626 -210.397
186.152 -210.709
188.603 -211.018
190.984 -211.325
193.299 -211.63
195.554 -211.932
197.752 -212.232
199.791 -212.508
201.675 -212.763
203.509 -213.016
205.294 -213.267
207.034 -213.516
208.731 -213.763
210.389 -214.009
212.01 -214.252
213.596 -214.493
215.149 -214.733
216.671 -214.971
218.164 -215.207
219.629 -215.442
221.068 -215.675
222.482 -215.906
223.873 -216.136
225.241 -216.364
226.589 -216.591
227.916 -216.816
229.224 -217.04
230.515 -217.262
231.787 -217.483
233.044 -217.703
234.285 -217.921
235.51 -218.138
236.722 -218.353
237.919 -218.568
239.104 -218.781
240.276 -218.992
241.436 -219.203
242.584 -219.412
243.701 -219.619
244.195 -219.816
244.679 -220.012
245.152 -220.207
245.616 -220.4
246.07 -220.593
223.156 -198.05
201.656 -177.822
182.236 -159.798
164.469 -143.531
148.241 -128.781
133.44 -115.35
119.95 -103.067
107.655 -91.7877
96.4425 -81.3854
86.2026 -71.7523
76.8333 -62.796
68.2408 -54.4373
60.3397 -46.6086
53.0536 -39.2519
46.3147 -32.3178
40.0627 -25.7636
34.2449 -19.5526
28.8146 -13.6531
23.7312 -8.03754
18.9588 -2.68176
14.466 2.43534
10.2252 7.33237
6.21225 12.0258
2.4056 16.5303
-1.21363 20.859
-4.66219 25.0236
-7.95495 29.0347
-11.1051 32.9019
-14.1245 36.6338
-17.0237 40.2384
-19.8121 43.7228
-22.4983 47.0938
-25.0898 50.3575
-27.5936 53.5193
-30.016 56.5845
-32.3625 59.558
-34.6384 62.4441
-36.8484 65.2471
-38.9967 67.9707
-41.0872 70.6187
-43.1236 73.1943
-45.109 75.7007
-47.0466 78.1409
-48.9392 80.5177
-50.7892 82.8337
-52.5992 85.0914
-54.3712 87.2931
-56.1073 89.441
-57.8094 91.5372
-59.6628 93.8101
-61.6408 96.2109
-63.5893 98.5456
-65.5097 100.817
-67.4033 103.028
-69.2714 105.181
-71.115 107.278
-72.9352 109.322
-75.0166 111.4
-77.8477 113.654
-81.0108 115.886
-85.7475 118.243
-99.2959 120.559
-119.747 122.665
-138.92 124.927
-147.669 129.024
-153.545 133.441
-157.779 138.012
-161.879 142.305
-165.654 146.419
-168.756 150.485
-171.734 154.312
-174.598 157.923
-177.36 161.334
-180.026 164.563
-182.606 167.625
-185.105 170.532
-187.529 173.297
-189.886 175.929
-192.178 178.44
-194.412 180.838
-196.591 183.13
-198.718 185.324
-200.707 187.466
-202.527 189.571
-204.3 191.59
-206.028 193.529
-207.715 195.392
-209.363 197.183
-210.974 198.909
-212.551 200.571
-214.095 202.175
-215.609 203.723
-217.093 205.218
-218.551 206.665
-219.983 208.064
-221.39 209.419
-222.774 210.731
-224.136 212.004
-225.478 213.24
-226.799 214.439
-228.102 215.604
-229.387 216.736
-230.655 217.838
-231.906 218.91
-233.142 219.954
-234.363 220.97
-235.57 221.962
-236.763 222.928
-237.943 223.871
-239.111 224.792
-240.267 225.691
-241.411 226.569
-242.545 227.427
-243.667 228.266
-244.686 229.089
-245.156 229.904
-245.617 230.701
-246.068 231.482
-246.511 232.246
-246.944 232.995
-224.045 195.64
-202.569 163.435
-183.177 133.038
-165.438 105.278
-149.237 80.0023
-134.46 57.0471
-120.991 36.2371
-108.715 17.3916
-97.517 0.329557
-87.2891 -15.1247
-77.9291 -29.1375
-69.3434 -41.8631
-61.4471 -53.4422
-54.164 -64.0016
-47.4265 -73.6543
-41.1747 -82.5006
-35.3559 -90.6289
-29.9238 -98.117
-24.8378 -105.033
-20.0622 -111.438
-15.5657 -117.383
-11.3208 -122.916
-7.30338 -128.076
-3.49201 -132.901
0.13216 -137.42
3.58583 -141.663
6.88383 -145.654
10.0394 -149.416
13.0642 -152.968
15.9689 -156.327
18.7628 -159.509
21.4545 -162.529
24.0515 -165.399
26.5609 -168.13
28.9888 -170.733
31.3408 -173.216
33.6222 -175.59
35.8377 -177.86
37.9914 -180.035
40.0873 -182.12
42.129 -184.122
44.1198 -186.045
46.0626 -187.895
47.9604 -189.676
49.8156 -191.392
51.6307 -193.047
53.4077 -194.645
55.1488 -196.188
56.8559 -197.68
58.5307 -199.124
60.3717 -200.48
62.3258 -201.764
64.2518 -203.012
66.151 -204.224
68.0245 -205.402
69.8735 -206.549
71.6992 -207.665
73.5025 -208.752
76.2598 -209.735
79.0759 -210.69
