0.1 79.0106
0.2 78.9469
0.3 78.8833
0.4 78.8196
0.5 78.756
0.6 78.6923
0.7 78.6287
0.8 78.565
0.9 78.5014
1 78.4377
0 78.4377
28.2949 77.402
56.448 76.3711
83.0815 75.3956
108.492 74.4761
133.287 73.5936
158.053 72.7118
182.645 71.8349
206.401 70.9827
226.914 70.2292
238.735 69.7657
214.024 70.6335
189.28 71.5076
164.55 72.3818
139.821 73.2621
115.185 74.1393
90.7066 75.0113
66.4745 75.8752
42.6031 76.7272
18.0142 77.6272
-9.15409 78.6309
-36.6411 79.6464
-63.9748 80.6583
-89.7358 81.6847
-113.879 82.7386
-137.004 83.8171
-159.504 84.8957
-180.885 85.9795
-200.286 87.0771
-216.441 88.2008
-227.891 89.386
-203.161 88.2643
-178.446 87.1428
-153.703 86.0319
-129.073 84.9193
-104.62 83.8057
-80.4425 82.6904
-56.658 81.5726
-33.4093 80.4512
-9.79117 79.3581
15.8812 78.3131
42.592 77.2866
68.9936 76.2632
94.5604 75.2595
116.715 74.3733
136.215 73.5932
154.007 72.8678
170.218 72.1867
184.777 71.5518
196.764 71.038
207.022 70.5741
215.661 70.1612
222.945 69.7906
229.023 69.4664
233.502 69.2501
237.228 69.0602
240.389 68.8895
243.123 68.7327
245.534 68.586
247.698 68.4467
249.669 68.3128
225.517 69.1639
202.068 69.9897
179.83 70.7711
158.74 71.5112
138.849 72.2085
120.188 72.8621
102.764 73.472
86.5625 74.039
71.5497 74.5645
57.6745 75.0507
44.8734 75.5001
33.0745 75.9156
22.2012 76.3
12.1762 76.6564
2.92384 76.9877
-6.00049 77.3351
-14.7618 77.7106
-23.0043 78.0733
-32.1359 78.5152
-41.9465 79.0033
-59.8066 79.8133
-82.0348 80.7695
-104.132 81.7255
-123.914 82.7015
-137.602 83.7717
-148.361 84.9023
-158.368 86.0393
-167.137 87.2147
-174.707 88.4264
-181.609 89.6464
-187.928 90.8738
-193.744 92.1074
-198.831 93.3774
-203.134 94.692
-207.055 96.0135
-210.647 97.3409
-213.957 98.6732
-217.025 100.01
-219.883 101.35
-222.56 102.694
-198.661 101.566
-175.868 100.431
-154.607 99.279
-134.762 98.1123
-116.328 96.9297
-99.2839 95.7308
-83.5842 94.5158
-69.166 93.2851
-55.9516 92.0395
-43.8536 90.7801
-32.7794 89.5079
-22.636 88.2243
-13.3327 86.9304
-4.7839 85.6275
3.08992 84.3166
10.7245 83.0323
18.2013 81.7759
25.2481 80.5171
33.0446 79.3102
41.49 78.1357
58.2464 77.1107
79.8032 76.1389
101.283 75.1685
117.781 74.3582
127.509 73.821
136.321 73.3188
143.909 72.8903
150.614 72.5087
156.874 72.1423
162.746 71.789
167.953 71.489
172.519 71.2409
176.771 71.0051
180.746 70.7803
184.478 70.565
187.993 70.3582
191.316 70.1589
194.468 69.9663
197.467 69.7797
200.329 69.5984
203.067 69.4219
205.693 69.2496
208.218 69.0812
210.652 68.9164
213.002 68.7547
215.276 68.5958
217.481 68.4396
219.622 68.2859
221.704 68.1343
223.483 68.0613
199.856 68.9108
178.005 69.7402
157.684 70.4984
138.905 71.202
121.616 71.851
105.755 72.4463
91.2431 72.9897
77.9917 73.4839
65.904 73.932
54.8799 74.3375
44.8196 74.7041
35.6271 75.0357
27.212 75.3358
19.4909 75.6077
12.3881 75.8547
5.78277 76.0956
-0.469524 76.3562
-6.31086 76.6038
-11.7849 76.8399
-16.9301 77.0658
-21.7799 77.2826
-26.3639 77.4914
-30.708 77.693
-34.8352 77.8882
-38.7655 78.0776
-42.5169 78.2618
-46.571 78.4913
-50.99 78.7718
-55.3266 79.0525
-61.3443 79.4526
-69.0427 79.9433
-89.9935 80.8942
-110.906 81.8451
-129.963 82.8112
-140.226 83.9063
-147.652 85.0603
-154.108 86.2533
-159.6 87.4849
-164.799 88.7202
-169.739 89.9588
-173.874 91.2605
-177.663 92.5774
-181.234 93.8984
-184.611 95.2229
-187.814 96.5506
-190.861 97.8812
-193.769 99.2143
-196.551 100.55
-199.219 101.887
-201.783 103.227
-204.254 104.568
-206.64 105.91
-208.947 107.254
-211.183 108.599
-213.353 109.946
-215.463 111.293
-217.518 112.642
-219.422 114.021
-221.139 115.441
-222.806 116.864
-199.575 115.758
-177.595 114.647
-157.503 113.51
-138.984 112.351
-121.971 111.17
-106.389 109.966
-92.1522 108.739
-79.1649 107.489
-67.3259 106.219
-56.5321 104.929
-46.6827 103.62
-37.6812 102.296
-29.4378 100.957
-21.8701 99.6042
-14.9037 98.2403
-8.47207 96.8661
-2.51612 95.4828
3.09238 94.112
8.46798 92.7712
13.5267 91.4274
18.3007 90.081
22.8185 88.7322
27.1049 87.3815
31.1819 86.029
35.0688 84.6749
38.7828 83.3196
42.3549 81.9644
46.7481 80.6907
51.0179 79.417
56.7327 78.2147
64.9357 77.0843
85.8908 76.1207
106.81 75.1579
123.893 74.3126
131.145 73.8534
138.397 73.4014
144.235 73.0437
149.761 72.6967
155.011 72.3591
159.52 72.094
163.626 71.8578
167.499 71.6309
171.163 71.4124
174.639 71.2013
177.947 70.9971
181.103 70.7989
184.122 70.6062
187.016 70.4184
189.796 70.2352
192.474 70.0561
195.058 69.8807
197.555 69.7087
199.973 69.5399
202.318 69.3739
204.596 69.2106
206.806 69.0516
208.745 68.9654
210.623 68.8823
212.446 68.8021
214.217 68.7245
215.94 68.6495
217.617 68.5768
219.253 68.5062
220.85 68.4376
222.41 68.3709
223.936 68.306
225.43 68.2427
226.894 68.1809
228.329 68.1206
229.737 68.0617
206.634 68.9107
184.869 69.724
165.082 70.4664
146.916 71.1508
130.283 71.7785
115.089 72.3516
101.233 72.8726
88.6081 73.3451
77.1042 73.7728
66.6141 74.1596
57.0346 74.5095
48.2693 74.8263
40.2297 75.1135
32.8356 75.3744
26.0154 75.612
19.7054 75.8289
13.8493 76.0275
8.39782 76.2099
3.30747 76.378
-1.45978 76.5332
-5.9373 76.6772
-10.1544 76.811
-14.1367 76.9358
-17.9069 77.0525
-21.4849 77.162
-24.8883 77.265
-28.1328 77.3622
-31.2322 77.4541
-34.3769 77.5872
-37.5393 77.7521
-40.594 77.9142
-43.5488 78.0737
-46.4112 78.2308
-49.1875 78.3858
-51.884 78.5388
-54.5059 78.6899
-57.0584 78.8393
-60.3779 79.076
-63.8406 79.3333
-68.3841 79.6664
-74.4711 80.0885
-92.2925 80.9504
-112.973 81.8998
-131.669 82.8657
-140.623 83.9776
-147.346 85.136
-152.638 86.3607
-157.512 87.5982
-162.18 88.8383
-166.195 90.1296
-169.79 91.4478
-173.204 92.7694
-176.456 94.094
-179.561 95.4214
-182.533 96.7512
-185.385 98.0833
-188.127 99.4174
-190.768 100.753
-193.318 102.091
-195.784 103.43
-198.173 104.771
-200.491 106.113
-202.744 107.456
-204.936 108.8
-207.072 110.145
-208.995 111.541
-210.807 112.957
-212.568 114.374
-214.282 115.792
-215.951 117.212
-217.579 118.633
-219.169 120.056
-220.722 121.479
-222.241 122.903
-223.729 124.329
-225.186 125.755
-226.616 127.182
-228.018 128.61
-229.396 130.039
-230.75 131.469
-207.688 130.361
-185.992 129.247
-166.292 128.104
-148.218 126.939
-131.678 125.751
-116.573 124.538
-102.801 123.303
-90.253 122.045
-78.8182 120.767
-68.3893 119.47
-58.8633 118.156
-50.1444 116.826
-42.1444 115.482
-34.7841 114.126
-27.9923 112.759
-21.7061 111.382
-15.8697 109.997
-10.4343 108.604
-5.35703 107.205
-0.600124 105.799
3.86939 104.389
8.08046 102.974
12.0586 101.555
15.8261 100.133
19.4027 98.7073
22.806 97.279
26.0513 95.8483
29.1524 94.4154
32.1215 92.9805
35.2138 91.6017
38.2705 90.2395
41.2285 88.8768
44.0947 87.5138
46.8757 86.1504
49.5774 84.7867
52.2051 83.4228
54.7637 82.0586
57.8564 80.7451
61.3274 79.469
65.7179 78.2376
71.9109 77.0706
90.0282 76.0886
110.717 75.1293
128.338 74.2634
135.65 73.7914
142.137 73.3644
147.274 73.0288
152.186 72.701
156.793 72.3932
160.633 72.1654
164.276 71.9455
167.74 71.7328
171.045 71.5266
174.204 71.3262
177.231 71.1311
180.138 70.9408
182.935 70.755
185.633 70.5732
188.238 70.395
190.759 70.2202
193.203 70.0486
195.575 69.8798
197.881 69.7137
200.125 69.55
202.181 69.4333
204.101 69.3455
205.966 69.2606
207.778 69.1784
209.543 69.0988
211.262 69.0216
212.939 68.9466
214.576 68.8736
216.176 68.8026
217.742 68.7334
219.275 68.6659
220.776 68.6001
222.249 68.5357
223.695 68.4728
225.114 68.4112
226.509 68.3509
227.881 68.2918
229.231 68.2338
230.561 68.1769
231.87 68.121
233.161 68.0661
234.433 68.0121
235.689 67.959
236.929 67.9067
238.153 67.8552
239.362 67.8045
216.367 68.6505
194.782 69.459
175.231 70.1944
157.325 70.8708
140.958 71.4901
126.025 72.0547
112.415 72.5676
100.016 73.0327
88.7131 73.4538
78.399 73.835
68.9704 74.1802
60.332 74.4931
52.3974 74.7774
45.0884 75.0361
38.3358 75.2721
32.078 75.4881
26.2609 75.6862
20.837 75.8686
15.7644 76.0369
11.0067 76.1928
6.53168 76.3375
2.31121 76.4723
-1.67951 76.5983
-5.46229 76.7163
-9.0564 76.8272
-12.4789 76.9316
-15.7448 77.0303
-18.8677 77.1237
-21.8594 77.2123
-24.7307 77.2967
-27.4911 77.3771
-30.1493 77.454
-32.7129 77.5276
-35.1889 77.5983
-37.5836 77.6662
-39.9028 77.7316
-42.1516 77.7947
-44.3347 77.8557
-46.492 77.9239
-48.8921 78.0683
-51.239 78.2115
-53.5358 78.3535
-55.7853 78.4945
-57.9902 78.6345
-60.1529 78.7736
-62.2758 78.9118
-64.3609 79.0492
-67.0031 79.2494
-70.0687 79.4981
-73.8723 79.7983
-79.172 80.1925
-94.8237 80.9849
-115.367 81.9337
-134.418 82.8945
-143.423 83.9995
-149.673 85.1613
-154.418 86.3943
-158.854 87.6365
-163.134 88.8807
-166.591 90.1966
-169.845 91.5201
-172.959 92.8462
-175.945 94.1748
-178.815 95.5055
-181.577 96.8382
-184.243 98.1727
-186.819 99.5089
-189.312 100.847
-191.73 102.186
-194.078 103.526
-196.361 104.868
-198.585 106.211
-200.752 107.554
-202.868 108.899
-204.728 110.31
-206.531 111.724
-208.285 113.14
-209.995 114.557
-211.664 115.976
-213.293 117.396
-214.885 118.817
-216.443 120.239
-217.969 121.662
-219.465 123.086
-220.931 124.511
-222.37 125.936
-223.784 127.363
-225.174 128.79
-226.54 130.218
-227.885 131.647
-229.209 133.076
-230.514 134.506
-231.8 135.936
-233.068 137.367
-234.32 138.799
-235.555 140.231
-236.775 141.663
-237.98 143.096
-239.172 144.529
-240.35 145.963
-217.378 144.854
-195.831 143.739
-176.325 142.594
-158.466 141.426
-142.146 140.234
-127.257 139.018
-113.686 137.779
-101.322 136.519
-90.0493 135.238
-79.761 133.939
-70.3538 132.622
-61.7331 131.291
-53.8127 129.946
-46.5149 128.589
-39.7708 127.222
-33.5193 125.845
-27.7066 124.459
-22.2853 123.067
-17.2141 121.668
-12.4565 120.263
-7.98053 118.853
-3.75829 117.439
0.234925 116.021
4.02082 114.599
7.61856 113.175
11.0451 111.747
14.3155 110.317
17.4431 108.885
20.4399 107.451
23.3164 106.015
26.0823 104.578
28.746 103.139
31.3153 101.7
33.7971 100.259
36.1977 98.8165
38.5229 97.3736
40.7777 95.93
42.9669 94.4856
45.0947 93.0405
47.3778 91.6454
49.731 90.2795
52.0342 88.9135
54.2902 87.5475
56.5016 86.1814
58.671 84.8153
60.8005 83.4493
62.8923 82.0832
65.4014 80.7558
68.4746 79.4796
72.1922 78.2346
77.5145 77.0555
93.423 76.0514
113.972 75.0945
132.358 74.2028
140.34 73.6965
146.466 73.2745
151.102 72.9553
155.567 72.642
159.722 72.3535
163.164 72.1406
166.451 71.934
169.598 71.733
172.618 71.5372
175.521 71.3461
178.317 71.1593
181.016 70.9764
183.626 70.7971
186.152 70.6212
188.603 70.4483
190.984 70.2782
193.299 70.1108
195.554 69.9458
197.752 69.783
199.791 69.6591
201.675 69.5718
203.509 69.4873
205.294 69.4053
207.034 69.3257
208.731 69.2483
210.389 69.173
212.01 69.0997
213.596 69.0282
215.149 68.9584
216.671 68.8903
218.164 68.8238
219.629 68.7586
221.068 68.6949
222.482 68.6325
223.873 68.5713
225.241 68.5112
226.589 68.4523
227.916 68.3944
229.224 68.3375
230.515 68.2816
231.787 68.2265
233.044 68.1723
234.285 68.119
235.51 68.0664
236.722 68.0146
237.919 67.9635
239.104 67.9131
240.276 67.8633
241.436 67.8141
242.584 67.7656
243.701 67.7184
244.195 67.6952
244.679 67.6727
245.152 67.6506
245.616 67.629
246.07 67.6079
223.156 68.4514
201.656 69.2578
182.236 69.9893
164.469 70.6614
148.241 71.2763
133.44 71.8367
119.95 72.3459
107.655 72.8077
96.4425 73.226
86.2026 73.6051
76.8333 73.9487
68.2408 74.2606
60.3397 74.5443
53.0536 74.8029
46.3147 75.0391
40.0627 75.2556
34.2449 75.4545
28.8146 75.6378
23.7312 75.8073
18.9588 75.9644
14.466 76.1105
10.2252 76.2467
6.21225 76.3741
2.4056 76.4936
-1.21363 76.606
-4.66219 76.7119
-7.95495 76.8121
-11.1051 76.907
-14.1245 76.9971
-17.0237 77.083
-19.8121 77.1648
-22.4983 77.2431
-25.0898 77.3182
-27.5936 77.3902
-30.016 77.4594
-32.3625 77.5261
-34.6384 77.5905
-36.8484 77.6527
-38.9967 77.713
-41.0872 77.7714
-43.1236 77.8281
-45.109 77.8832
-47.0466 77.9369
-48.9392 77.9892
-50.7892 78.0402
-52.5992 78.0901
-54.3712 78.1389
-56.1073 78.1866
-57.8094 78.2334
-59.6628 78.3275
-61.6408 78.4618
-63.5893 78.5955
-65.5097 78.7286
-67.4033 78.8612
-69.2714 78.9934
-71.115 79.125
-72.9352 79.2562
-75.0166 79.4175
-77.8477 79.6615
-81.0108 79.9291
-85.7475 80.3042
-99.2959 81.0249
-119.747 81.9734
-138.92 82.9319
-147.669 84.038
-153.545 85.2039
-157.779 86.4482
-161.879 87.6942
-165.654 88.9624
-168.756 90.2881
-171.734 91.6162
-174.598 92.9464
-177.36 94.2785
-180.026 95.6124
-182.606 96.9479
-185.105 98.285
-187.529 99.6234
-189.886 100.963
-192.178 102.304
-194.412 103.646
-196.591 104.989
-198.718 106.333
-200.707 107.707
-202.527 109.12
-204.3 110.534
-206.028 111.95
-207.715 113.367
-209.363 114.786
-210.974 116.205
-212.551 117.626
-214.095 119.048
-215.609 120.47
-217.093 121.894
-218.551 123.318
-219.983 124.744
-221.39 126.17
-222.774 127.596
-224.136 129.024
-225.478 130.452
-226.799 131.88
-228.102 133.31
-229.387 134.739
-230.655 136.17
-231.906 137.601
-233.142 139.032
-234.363 140.464
-235.57 141.896
-236.763 143.328
-237.943 144.761
-239.111 146.195
-240.267 147.629
-241.411 149.063
-242.545 150.497
-243.667 151.932
-244.686 153.153
-245.156 153.153
-245.617 153.153
-246.068 153.153
-246.511 153.153
-246.944 153.153
-224.045 152.043
-202.569 150.927
-183.177 149.781
-165.438 148.611
-149.237 147.417
-134.46 146.2
-120.991 144.96
-108.715 143.698
-97.517 142.416
-87.2891 141.116
-77.9291 139.799
-69.3434 138.468
-61.4471 137.123
-54.164 135.766
-47.4265 134.399
-41.1747 133.022
-35.3559 131.637
-29.9238 130.245
-24.8378 128.847
-20.0622 127.443
-15.5657 126.034
-11.3208 124.621
-7.30338 123.203
-3.49201 121.783
0.13216 120.359
3.58583 118.932
6.88383 117.503
10.0394 116.072
13.0642 114.639
15.9689 113.204
18.7628 111.767
21.4545 110.329
24.0515 108.89
26.5609 107.45
28.9888 106.008
31.3408 104.566
33.6222 103.123
35.8377 101.679
37.9914 100.235
40.0873 98.79
42.129 97.3444
44.1198 95.8983
46.0626 94.4519
47.9604 93.005
49.8156 91.5577
51.6307 90.1102
53.4077 88.6623
55.1488 87.2142
56.8559 85.7659
58.5307 84.3173
60.3717 82.916
62.3258 81.5492
64.2518 80.1824
66.151 78.8156
68.0245 77.4489
69.8735 76.0822
71.6992 74.7156
73.5025 73.3491
76.2598 72.0663
79.0759 70.7907
