0.1 -3.29545e-05
0.2 -3.50744e-05
0.3 -3.71943e-05
0.4 -3.93141e-05
0.5 -4.1434e-05
0.6 -4.35539e-05
0.7 -4.56738e-05
0.8 -4.77937e-05
0.9 -4.99135e-05
1 -5.20334e-05
0 -5.20334e-05
28.2949 -2.40471e-05
56.448 5.01647e-06
83.0815 4.62206e-05
108.492 9.89952e-05
133.287 0.000158974
158.053 0.000219087
182.645 0.000280135
206.401 0.000345889
226.914 0.00043033
238.735 0.000569082
214.024 0.000506604
189.28 0.000445196
164.55 0.000383807
139.821 0.000323411
115.185 0.000262447
90.7066 0.00020051
66.4745 0.000137059
42.6031 7.13885e-05
18.0142 1.52243e-05
-9.15409 -1.8916e-05
-36.6411 -5.02394e-05
-63.9748 -8.2176e-05
-89.7358 -0.000114979
-113.879 -0.000146788
-137.004 -0.000176616
-159.504 -0.000207107
-180.885 -0.000238144
-200.286 -0.000269607
-216.441 -0.000301341
-227.891 -0.000330061
-203.161 -0.000307513
-178.446 -0.000284915
-153.703 -0.000260746
-129.073 -0.000236711
-104.62 -0.000212608
-80.4425 -0.000188415
-56.658 -0.000164111
-33.4093 -0.000139675
-9.79117 -0.000112134
15.8812 -8.19029e-05
42.592 -5.13586e-05
68.9936 -2.01324e-05
94.5604 1.53655e-05
116.715 7.54499e-05
136.215 0.0001563
154.007 0.000247662
170.218 0.000347527
184.777 0.000456247
196.764 0.000586899
207.022 0.000727063
215.661 0.000876879
222.945 0.00103468
229.023 0.00120098
233.502 0.00138584
237.228 0.00157559
240.389 0.00176893
243.123 0.00196488
245.534 0.00216273
247.698 0.00236198
249.669 0.00256227
225.517 0.00249662
202.068 0.00242631
179.83 0.00234779
158.74 0.00226164
138.849 0.00216756
120.188 0.00206538
102.764 0.00195511
86.5625 0.00183688
71.5497 0.00171095
57.6745 0.00157771
44.8734 0.00143761
33.0745 0.00129118
22.2012 0.00113895
12.1762 0.000981489
2.92384 0.000819313
-6.00049 0.000659327
-14.7618 0.000503622
-23.0043 0.000345376
-32.1359 0.000200871
-41.9465 6.4756e-05
-59.8066 -8.63391e-06
-82.0348 -5.2209e-05
-104.132 -9.59273e-05
-123.914 -0.000140593
-137.602 -0.000181554
-148.361 -0.000218202
-158.368 -0.000254864
-167.137 -0.000287563
-174.707 -0.000316573
-181.609 -0.000345215
-187.928 -0.000373538
-193.744 -0.00040159
-198.831 -0.00042521
-203.134 -0.00044324
-207.055 -0.000460755
-210.647 -0.00047783
-213.957 -0.000494532
-217.025 -0.000510916
-219.883 -0.00052703
-222.56 -0.000542916
-198.661 -0.000520245
-175.868 -0.000497422
-154.607 -0.000475205
-134.762 -0.000453539
-116.328 -0.000432528
-99.2839 -0.000412241
-83.5842 -0.000392715
-69.166 -0.00037395
-55.9516 -0.000355921
-43.8536 -0.000338582
-32.7794 -0.000321874
-22.636 -0.000305731
-13.3327 -0.000290084
-4.7839 -0.000274864
3.08992 -0.00026001
10.7245 -0.000240887
18.2013 -0.000217455
25.2481 -0.000193869
33.0446 -0.000163785
41.49 -0.000130044
58.2464 -8.7745e-05
79.8032 -4.564e-05
101.283 -3.28257e-06
117.781 7.20354e-05
127.509 0.000200526
136.321 0.000335616
143.909 0.000483761
150.614 0.000640311
156.874 0.000799684
162.746 0.000961528
167.953 0.00113241
172.519 0.00131209
176.771 0.00149404
180.746 0.00167798
184.478 0.00186368
187.993 0.00205092
191.316 0.00223954
194.468 0.00242939
197.467 0.00262032
200.329 0.00281223
203.067 0.00300501
205.693 0.00319858
208.218 0.00339286
210.652 0.00358778
213.002 0.00378328
215.276 0.00397931
217.481 0.00417583
219.622 0.00437279
221.704 0.00457015
223.483 0.0047799
199.856 0.00471341
178.005 0.00464171
157.684 0.00455753
138.905 0.00446326
121.616 0.00435898
105.755 0.00424489
91.2431 0.00412134
77.9917 0.00398884
65.904 0.00384797
54.8799 0.00369939
44.8196 0.00354378
35.6271 0.00338182
27.212 0.00321416
19.4909 0.00304141
12.3881 0.00286413
5.78277 0.00268536
-0.469524 0.00250918
-6.31086 0.00233055
-11.7849 0.00214975
-16.9301 0.00196702
-21.7799 0.00178258
-26.3639 0.00159662
-30.708 0.00140929
-34.8352 0.00122073
-38.7655 0.00103108
-42.5169 0.000840433
-46.571 0.000657219
-50.99 0.000482394
-55.3266 0.000307544
-61.3443 0.000153614
-69.0427 1.62733e-05
-89.9935 -2.90873e-05
-110.906 -7.44878e-05
-129.963 -0.000120695
-140.226 -0.000162236
-147.652 -0.000199573
-154.108 -0.000232536
-159.6 -0.000261186
-164.799 -0.000289666
-169.739 -0.000317998
-173.874 -0.000338049
-177.663 -0.000356303
-181.234 -0.000374248
-184.611 -0.000391919
-187.814 -0.000409346
-190.861 -0.000426556
-193.769 -0.000443571
-196.551 -0.000460411
-199.219 -0.000477093
-201.783 -0.000493635
-204.254 -0.000510048
-206.64 -0.000526346
-208.947 -0.000542538
-211.183 -0.000558635
-213.353 -0.000574645
-215.463 -0.000590575
-217.518 -0.000606432
-219.422 -0.000617913
-221.139 -0.00062331
-222.806 -0.000628548
-199.575 -0.000601447
-177.595 -0.000573741
-157.503 -0.000547694
-138.984 -0.000523022
-121.971 -0.000499957
-106.389 -0.000478645
-92.1522 -0.000459153
-79.1649 -0.000441477
-67.3259 -0.000425561
-56.5321 -0.000411308
-46.6827 -0.000398596
-37.6812 -0.000387291
-29.4378 -0.000377253
-21.8701 -0.000368347
-14.9037 -0.000360444
-8.47207 -0.000353423
-2.51612 -0.000347177
3.09238 -0.000338581
8.46798 -0.000325113
13.5267 -0.000311724
18.3007 -0.000298394
22.8185 -0.000285105
27.1049 -0.000271845
31.1819 -0.0002586
35.0688 -0.000245363
38.7828 -0.000232124
42.3549 -0.000218696
46.7481 -0.000194237
51.0179 -0.00016966
56.7327 -0.000136645
64.9357 -9.69025e-05
85.8908 -5.32039e-05
106.81 -9.38116e-06
123.893 5.88352e-05
131.145 0.000202461
138.397 0.000347023
144.235 0.000508167
149.761 0.000671312
155.011 0.00083623
159.52 0.00101329
163.626 0.00119529
167.499 0.00137899
171.163 0.00156423
174.639 0.00175083
177.947 0.00193867
181.103 0.00212761
184.122 0.00231755
187.016 0.0025084
189.796 0.00270007
192.474 0.0028925
195.058 0.0030856
197.555 0.00327933
199.973 0.00347363
202.318 0.00366846
204.596 0.00386377
206.806 0.00405982
208.745 0.00426733
210.623 0.0044754
212.446 0.00468397
214.217 0.00489301
215.94 0.00510249
217.617 0.00531237
219.253 0.00552264
220.85 0.00573325
222.41 0.0059442
223.936 0.00615546
225.43 0.006367
226.894 0.00657882
228.329 0.00679089
229.737 0.0070032
206.634 0.00693596
184.869 0.00686181
165.082 0.00677461
146.916 0.00667675
130.283 0.0065685
115.089 0.00645026
101.233 0.00632257
88.6081 0.00618606
77.1042 0.00604143
66.6141 0.0058894
57.0346 0.00573069
48.2693 0.00556598
40.2297 0.00539594
32.8356 0.00522114
26.0154 0.00504212
19.7054 0.00485936
13.8493 0.00467329
8.39782 0.00448428
3.30747 0.00429267
-1.45978 0.00409874
-5.9373 0.00390275
-10.1544 0.00370491
-14.1367 0.00350544
-17.9069 0.00330449
-21.4849 0.00310222
-24.8883 0.00289876
-28.1328 0.00269423
-31.2322 0.00248873
-34.3769 0.00228958
-37.5393 0.00209532
-40.594 0.00190051
-43.5488 0.0017052
-46.4112 0.00150943
-49.1875 0.00131323
-51.884 0.00111664
-54.5059 0.000919686
-57.0584 0.000722397
-60.3779 0.000539613
-63.8406 0.000360216
-68.3841 0.000194103
-74.4711 4.40735e-05
-92.2925 -1.97657e-05
-112.973 -6.5549e-05
-131.669 -0.00011216
-140.623 -0.000153067
-147.346 -0.00019061
-152.638 -0.000220462
-157.512 -0.000249005
-162.18 -0.000277426
-166.195 -0.00029914
-169.79 -0.000317421
-173.204 -0.000335441
-176.456 -0.000353227
-179.561 -0.000370802
-182.533 -0.000388186
-185.385 -0.000405397
-188.127 -0.000422451
-190.768 -0.000439363
-193.318 -0.000456145
-195.784 -0.000472807
-198.173 -0.000489361
-200.491 -0.000505815
-202.744 -0.000522177
-204.936 -0.000538454
-207.072 -0.000554653
-208.995 -0.000563483
-210.807 -0.000569552
-212.568 -0.000575452
-214.282 -0.000581196
-215.951 -0.000586795
-217.579 -0.000592258
-219.169 -0.000597595
-220.722 -0.000602815
-222.241 -0.000607924
-223.729 -0.00061293
-225.186 -0.000617839
-226.616 -0.000622657
-228.018 -0.00062739
-229.396 -0.000632042
-230.75 -0.000636619
-207.688 -0.000609609
-185.992 -0.000582035
-166.292 -0.000556316
-148.218 -0.000532111
-131.678 -0.000509617
-116.573 -0.000488944
-102.801 -0.000470121
-90.253 -0.000453109
-78.8182 -0.000437825
-68.3893 -0.000424155
-58.8633 -0.000411963
-50.1444 -0.000401111
-42.1444 -0.000391459
-34.7841 -0.000382874
-27.9923 -0.00037523
-21.7061 -0.000368416
-15.8697 -0.000362327
-10.4343 -0.000356873
-5.35703 -0.000351973
-0.600124 -0.000347555
3.86939 -0.000343557
8.08046 -0.000339924
12.0586 -0.000336608
15.8261 -0.000333567
19.4027 -0.000330765
22.806 -0.00032817
26.0513 -0.000325754
29.1524 -0.000323493
32.1215 -0.000321366
35.2138 -0.000310898
38.2705 -0.000297893
41.2285 -0.000284847
44.0947 -0.000271757
46.8757 -0.000258624
49.5774 -0.000245449
52.2051 -0.000232231
54.7637 -0.000218972
57.8564 -0.000198898
61.3274 -0.000173791
65.7179 -0.000143432
71.9109 -0.0001063
90.0282 -6.0944e-05
110.717 -1.64592e-05
128.338 4.73981e-05
135.65 0.000188514
142.137 0.000337774
147.274 0.000503101
152.186 0.000669883
156.793 0.000840114
160.633 0.0010237
164.276 0.00120874
167.74 0.00139508
171.045 0.0015826
174.204 0.00177119
177.231 0.00196075
180.138 0.00215119
182.935 0.00234243
185.633 0.0025344
188.238 0.00272704
190.759 0.0029203
193.203 0.00311413
195.575 0.00330848
197.881 0.00350331
200.125 0.00369859
202.181 0.00390129
204.101 0.00410857
205.966 0.00431637
207.778 0.00452465
209.543 0.00473337
211.262 0.00494251
212.939 0.00515203
214.576 0.00536192
216.176 0.00557215
217.742 0.0057827
219.275 0.00599355
220.776 0.00620469
222.249 0.00641608
223.695 0.00662773
225.114 0.00683962
226.509 0.00705173
227.881 0.00726405
229.231 0.00747657
230.561 0.00768927
231.87 0.00790216
233.161 0.00811522
234.433 0.00832844
235.689 0.00854181
236.929 0.00875534
238.153 0.008969
239.362 0.00918279
216.367 0.00911497
194.782 0.00903989
175.231 0.00895137
157.325 0.008852
140.958 0.00874216
126.025 0.00862234
112.415 0.00849315
100.016 0.00835525
88.7131 0.00820939
78.399 0.0080563
68.9704 0.00789671
60.332 0.00773128
52.3974 0.00756067
45.0884 0.00738544
38.3358 0.00720611
32.078 0.00702315
26.2609 0.00683697
20.837 0.00664793
15.7644 0.00645635
11.0067 0.0062625
6.53168 0.00606663
2.31121 0.00586896
-1.67951 0.00566967
-5.46229 0.00546894
-9.0564 0.0052669
-12.4789 0.00506368
-15.7448 0.00485941
-18.8677 0.00465417
-21.8594 0.00444806
-24.7307 0.00424116
-27.4911 0.00403353
-30.1493 0.00382525
-32.7129 0.00361636
-35.1889 0.00340693
-37.5836 0.00319698
-39.9028 0.00298657
-42.1516 0.00277573
-44.3347 0.00256449
-46.492 0.00235433
-48.8921 0.0021561
-51.239 0.00195763
-53.5358 0.00175893
-55.7853 0.00156002
-57.9902 0.00136092
-60.1529 0.00116163
-62.2758 0.00096216
-64.3609 0.00076253
-67.0031 0.000573339
-70.0687 0.000392203
-73.8723 0.000220111
-79.172 6.47424e-05
-94.8237 -1.30842e-05
-115.367 -5.90658e-05
-134.418 -0.000105727
-143.423 -0.000147391
-149.673 -0.000185019
-154.418 -0.000214354
-158.854 -0.000242753
-163.134 -0.00027106
-166.591 -0.000289855
-169.845 -0.000307788
-172.959 -0.000325515
-175.945 -0.000343057
-178.815 -0.000360429
-181.577 -0.000377647
-184.243 -0.000394724
-186.819 -0.000411672
-189.312 -0.000428501
-191.73 -0.000445221
-194.078 -0.000461841
-196.361 -0.000478368
-198.585 -0.000494809
-200.752 -0.00051117
-202.868 -0.000527458
-204.728 -0.000534167
-206.531 -0.000540389
-208.285 -0.000546453
-209.995 -0.000552367
-211.664 -0.000558142
-213.293 -0.000563787
-214.885 -0.00056931
-216.443 -0.000574718
-217.969 -0.000580019
-219.465 -0.000585219
-220.931 -0.000590324
-222.37 -0.000595339
-223.784 -0.00060027
-225.174 -0.000605121
-226.54 -0.000609896
-227.885 -0.0006146
-229.209 -0.000619236
-230.514 -0.000623809
-231.8 -0.00062832
-233.068 -0.000632774
-234.32 -0.000637174
-235.555 -0.000641521
-236.775 -0.000645818
-237.98 -0.000650068
-239.172 -0.000654273
-240.35 -0.000658436
-217.378 -0.000631465
-195.831 -0.000603953
-176.325 -0.000578381
-158.466 -0.000554375
-142.146 -0.000532117
-127.257 -0.000511696
-113.686 -0.000493122
-101.322 -0.000476343
-90.0493 -0.000461266
-79.761 -0.00044777
-70.3538 -0.000435717
-61.7331 -0.00042497
-53.8127 -0.000415389
-46.5149 -0.000406845
-39.7708 -0.000399216
-33.5193 -0.000392393
-27.7066 -0.000386276
-22.2853 -0.000380778
-17.2141 -0.000375821
-12.4565 -0.000371336
-7.98053 -0.000367263
-3.75829 -0.000363548
0.234925 -0.000360147
4.02082 -0.000357017
7.61856 -0.000354125
11.0451 -0.000351439
14.3155 -0.000348932
17.4431 -0.000346581
20.4399 -0.000344364
23.3164 -0.000342264
26.0823 -0.000340265
28.746 -0.000338352
31.3153 -0.000336514
33.7971 -0.000334739
36.1977 -0.000333019
38.5229 -0.000331344
40.7777 -0.000329708
42.9669 -0.000328103
45.0947 -0.000326525
47.3778 -0.000317605
49.731 -0.000304369
52.0342 -0.000291089
54.2902 -0.000277766
56.5016 -0.000264401
58.671 -0.000250995
60.8005 -0.000237549
62.8923 -0.000224066
65.4014 -0.0002054
68.4746 -0.000179885
72.1922 -0.000150719
77.5145 -0.0001142
93.423 -6.87109e-05
113.972 -2.37959e-05
132.358 3.46638e-05
140.34 0.00016915
146.466 0.0003195
151.102 0.000487903
155.567 0.00065741
159.722 0.000831135
163.164 0.00101747
166.451 0.00120495
169.598 0.00139345
172.618 0.0015829
175.521 0.0017732
178.317 0.00196428
181.016 0.00215609
183.626 0.00234855
186.152 0.00254161
188.603 0.00273524
190.984 0.00292938
193.299 0.00312399
195.554 0.00331905
197.752 0.00351453
199.791 0.00371614
201.675 0.00392354
203.509 0.00413142
205.294 0.00433974
207.034 0.00454848
208.731 0.00475762
210.389 0.00496712
212.01 0.00517697
213.596 0.00538714
215.149 0.00559761
216.671 0.00580838
218.164 0.00601941
219.629 0.00623069
221.068 0.00644222
222.482 0.00665398
223.873 0.00686595
225.241 0.00707813
226.589 0.0072905
227.916 0.00750305
229.224 0.00771578
230.515 0.00792868
231.787 0.00814174
233.044 0.00835494
234.285 0.00856829
235.51 0.00878178
236.722 0.0089954
237.919 0.00920915
239.104 0.00942301
240.276 0.00963699
241.436 0.00985108
242.584 0.0100653
243.701 0.0102797
244.195 0.0104978
244.679 0.010716
245.152 0.0109343
245.616 0.0111527
246.07 0.0113712
223.156 0.0113029
201.656 0.0112274
182.236 0.0111382
164.469 0.011038
148.241 0.0109273
133.44 0.0108067
119.95 0.0106768
107.655 0.0105383
96.4425 0.0103919
86.2026 0.0102384
76.8333 0.0100785
68.2408 0.00991288
60.3397 0.00974215
53.0536 0.00956687
46.3147 0.00938757
40.0627 0.00920468
34.2449 0.00901862
28.8146 0.00882974
23.7312 0.00863834
18.9588 0.0084447
14.466 0.00824906
10.2252 0.00805163
6.21225 0.00785259
2.4056 0.00765211
-1.21363 0.00745033
-4.66219 0.00724738
-7.95495 0.00704337
-11.1051 0.00683839
-14.1245 0.00663254
-17.0237 0.0064259
-19.8121 0.00621853
-22.4983 0.00601049
-25.0898 0.00580185
-27.5936 0.00559265
-30.016 0.00538294
-32.3625 0.00517276
-34.6384 0.00496215
-36.8484 0.00475113
-38.9967 0.00453974
-41.0872 0.004328
-43.1236 0.00411595
-45.109 0.0039036
-47.0466 0.00369098
-48.9392 0.00347809
-50.7892 0.00326497
-52.5992 0.00305162
-54.3712 0.00283807
-56.1073 0.00262432
-57.8094 0.00241038
-59.6628 0.00220386
-61.6408 0.00200364
-63.5893 0.00180329
-65.5097 0.00160284
-67.4033 0.00140227
-69.2714 0.0012016
-71.115 0.00100084
-72.9352 0.00079998
-75.0166 0.000604119
-77.8477 0.000422022
-81.0108 0.000244059
-85.7475 8.49992e-05
-99.2959 -7.08475e-06
-119.747 -5.319e-05
-138.92 -9.99029e-05
-147.669 -0.000141692
-153.545 -0.000179209
-157.779 -0.000207555
-161.879 -0.000235821
-165.654 -0.000261233
-168.756 -0.000279026
-171.734 -0.000296639
-174.598 -0.000314087
-177.36 -0.000331383
-180.026 -0.000348542
-182.606 -0.000365573
-185.105 -0.000382488
-187.529 -0.000399294
-189.886 -0.000416002
-192.178 -0.000432617
-194.412 -0.000449146
-196.591 -0.000465597
-198.718 -0.000481973
-200.707 -0.000494074
-202.527 -0.000500472
-204.3 -0.000506711
-206.028 -0.000512799
-207.715 -0.000518748
-209.363 -0.000524565
-210.974 -0.000530259
-212.551 -0.000535837
-214.095 -0.000541307
-215.609 -0.000546673
-217.093 -0.000551943
-218.551 -0.000557122
-219.983 -0.000562214
-221.39 -0.000567225
-222.774 -0.000572159
-224.136 -0.000577019
-225.478 -0.00058181
-226.799 -0.000586535
-228.102 -0.000591198
-229.387 -0.000595801
-230.655 -0.000600347
-231.906 -0.00060484
-233.142 -0.000609281
-234.363 -0.000613673
-235.57 -0.000618019
-236.763 -0.00062232
-237.943 -0.000626578
-239.111 -0.000630795
-240.267 -0.000634973
-241.411 -0.000639114
-242.545 -0.000643219
-243.667 -0.00064729
-244.686 -0.000650916
-245.156 -0.000652166
-245.617 -0.000653384
-246.068 -0.000654572
-246.511 -0.00065573
-246.944 -0.000656859
-224.045 -0.000629943
-202.569 -0.00060243
-183.177 -0.000576932
-165.438 -0.000553025
-149.237 -0.000530878
-134.46 -0.000510567
-120.991 -0.000492095
-108.715 -0.000475402
-97.517 -0.000460391
-87.2891 -0.000446937
-77.9291 -0.000434906
-69.3434 -0.000424157
-61.4471 -0.000414557
-54.164 -0.000405977
-47.4265 -0.000398298
-41.1747 -0.000391413
-35.3559 -0.000385225
-29.9238 -0.000379648
-24.8378 -0.000374607
-20.0622 -0.000370034
-15.5657 -0.000365871
-11.3208 -0.000362065
-7.30338 -0.000358571
-3.49201 -0.000355349
0.13216 -0.000352366
3.58583 -0.00034959
6.88383 -0.000346995
10.0394 -0.000344558
13.0642 -0.000342258
15.9689 -0.000340076
18.7628 -0.000337998
21.4545 -0.00033601
24.0515 -0.000334098
26.5609 -0.000332253
28.9888 -0.000330464
31.3408 -0.000328724
33.6222 -0.000327025
35.8377 -0.00032536
37.9914 -0.000323724
40.0873 -0.000322111
42.129 -0.000320517
44.1198 -0.000318938
46.0626 -0.000317371
47.9604 -0.000315811
49.8156 -0.000314257
51.6307 -0.000312705
53.4077 -0.000311155
55.1488 -0.000309603
56.8559 -0.000308048
58.5307 -0.000306489
60.3717 -0.000298009
62.3258 -0.000284488
64.2518 -0.000270931
66.151 -0.000257339
68.0245 -0.000243714
69.8735 -0.000230057
71.6992 -0.000216368
73.5025 -0.00020265
76.2598 -0.000177764
79.0759 -0.000151919
