0 0
0.1 -3.22172e-21
0.2 -3.22172e-21
0.3 -1.78823e-21
0.4 -1.07148e-21
0.5 -1.21701e-20
0.6 3.2934e-20
0.7 -5.7267e-21
0.8 2.867e-21
0.9 -1.46751e-20
1 2.39856e-20
24.7679 0.001
48.916 0.002
69.3797 0.003
87.5347 0.004
105.133 0.005
121.644 0.006
133.369 0.007
137.521 0.008
140.429 0.009
142.786 0.01
125.542 0.009
108.785 0.008
92.8013 0.007
77.7835 0.006
63.8586 0.005
51.0863 0.004
38.5885 0.003
26.734 0.002
12.1895 0.001
-10.8788 0
-33.8176 -0.001
-56.6072 -0.002
-76.1762 -0.003
-90.6492 -0.004
-102.4 -0.005
-112.411 -0.006
-120.328 -0.007
-125.839 -0.008
-130.158 -0.009
-133.712 -0.01
-116.57 -0.009
-100.176 -0.008
-84.8249 -0.007
-70.6715 -0.006
-57.7873 -0.005
-45.9626 -0.004
-34.4744 -0.003
-23.9108 -0.002
-9.43782 -0.001
11.9705 0
33.8139 0.001
55.5141 0.002
72.2625 0.003
82.3095 0.004
90.6776 0.005
97.991 0.006
103.708 0.007
108.852 0.008
113.529 0.009
117.657 0.01
120.792 0.011
123.623 0.012
126.206 0.013
128.585 0.014
130.794 0.015
132.861 0.016
134.809 0.017
136.656 0.018
138.417 0.019
140.103 0.02
123.843 0.019
109.496 0.018
96.9337 0.017
85.9343 0.016
76.2894 0.015
67.8012 0.014
60.2919 0.013
53.6076 0.012
47.6181 0.011
42.2148 0.01
37.3077 0.009
32.8227 0.008
28.6986 0.007
24.5648 0.006
20.0534 0.005
15.757 0.004
11.1543 0.003
5.36266 0.002
-2.21336 0.001
-19.7531 0
-40.5038 -0.001
-61.2117 -0.002
-78.9158 -0.003
-87.9422 -0.004
-94.3181 -0.005
-99.9728 -0.006
-104.219 -0.007
-108.194 -0.008
-111.94 -0.009
-115.143 -0.01
-117.671 -0.011
-120.03 -0.012
-122.245 -0.013
-124.336 -0.014
-126.321 -0.015
-128.215 -0.016
-130.028 -0.017
-131.771 -0.018
-133.453 -0.019
-135.08 -0.02
-119.037 -0.019
-105.14 -0.018
-93.1375 -0.017
-82.735 -0.016
-73.6811 -0.015
-65.7536 -0.014
-58.7627 -0.013
-52.5499 -0.012
-46.9853 -0.011
-41.9628 -0.01
-37.3958 -0.009
-33.2143 -0.008
-29.3607 -0.007
-25.6536 -0.006
-21.381 -0.005
-17.2982 -0.004
-13.0631 -0.003
-7.45466 -0.002
-0.0670773 -0.001
17.5708 0
38.2311 0.001
58.8585 0.002
74.638 0.003
81.9782 0.004
88.0914 0.005
92.8958 0.006
96.9718 0.007
100.834 0.008
104.463 0.009
107.151 0.01
109.674 0.011
112.055 0.012
114.313 0.013
116.464 0.014
118.521 0.015
120.495 0.016
122.396 0.017
124.231 0.018
126.008 0.019
127.732 0.02
129.409 0.021
131.044 0.022
132.64 0.023
134.2 0.024
135.697 0.025
136.921 0.026
138.114 0.027
139.279 0.028
140.418 0.029
141.534 0.03
125.848 0.029
112.456 0.028
101.038 0.027
91.234 0.026
82.7683 0.025
75.4081 0.024
68.9591 0.023
63.2625 0.022
58.1892 0.021
53.6354 0.02
49.5169 0.019
45.7512 0.018
42.0525 0.017
38.604 0.016
35.3725 0.015
32.3301 0.014
29.4536 0.013
26.7234 0.012
24.1227 0.011
21.6375 0.01
19.2554 0.009
16.966 0.008
14.7602 0.007
12.6299 0.006
9.6736 0.005
6.6457 0.004
3.67254 0.003
-1.09524 0.002
-6.88614 0.001
-21.9559 0
-42.3821 -0.001
-62.7916 -0.002
-80.0688 -0.003
-87.6827 -0.004
-93.1807 -0.005
-97.5782 -0.006
-101.127 -0.007
-104.536 -0.008
-107.743 -0.009
-110.057 -0.01
-112.257 -0.011
-114.359 -0.012
-116.372 -0.013
-118.308 -0.014
-120.175 -0.015
-121.98 -0.016
-123.73 -0.017
-125.431 -0.018
-127.086 -0.019
-128.701 -0.02
-130.279 -0.021
-131.824 -0.022
-133.338 -0.023
-134.823 -0.024
-136.123 -0.025
-137.285 -0.026
-138.421 -0.027
-139.535 -0.028
-140.626 -0.029
-141.698 -0.03
-126.082 -0.029
-112.812 -0.028
-101.526 -0.027
-91.8499 -0.026
-83.5008 -0.025
-76.2433 -0.024
-69.8832 -0.023
-64.2626 -0.022
-59.2541 -0.021
-54.7552 -0.02
-50.6832 -0.019
-46.9716 -0.018
-43.4406 -0.017
-40.0269 -0.016
-36.8248 -0.015
-33.8074 -0.014
-30.952 -0.013
-28.2395 -0.012
-25.6537 -0.011
-23.1808 -0.01
-20.8088 -0.009
-18.5275 -0.008
-16.328 -0.007
-14.2026 -0.006
-11.4133 -0.005
-8.38801 -0.004
-5.41628 -0.003
-0.763202 -0.002
5.0315 -0.001
20.3664 0
40.7952 0.001
61.208 0.002
77.2539 0.003
84.0723 0.004
89.5885 0.005
93.6545 0.006
97.2342 0.007
100.68 0.008
103.662 0.009
106.022 0.01
108.269 0.011
110.419 0.012
112.482 0.013
114.468 0.014
116.385 0.015
118.239 0.016
120.039 0.017
121.787 0.018
123.491 0.019
125.152 0.02
126.776 0.021
128.366 0.022
129.923 0.023
131.411 0.024
132.645 0.025
133.852 0.026
135.031 0.027
136.187 0.028
137.32 0.029
138.432 0.03
139.525 0.031
140.599 0.032
141.657 0.033
142.699 0.034
143.726 0.035
144.739 0.036
145.74 0.037
146.728 0.038
147.704 0.039
148.67 0.04
133.182 0.039
120.132 0.038
109.083 0.037
99.6309 0.036
91.4792 0.035
84.3886 0.034
78.1655 0.033
72.6553 0.032
67.7343 0.031
63.3036 0.03
59.2841 0.029
55.6119 0.028
52.2352 0.027
49.1119 0.026
46.2071 0.025
43.4922 0.024
40.9433 0.023
38.5401 0.022
36.2657 0.021
34.1058 0.02
32.0478 0.019
30.0813 0.018
28.1344 0.017
26.0024 0.016
23.936 0.015
21.9294 0.014
19.9778 0.013
18.0765 0.012
16.2217 0.011
14.4097 0.01
12.6374 0.009
10.9018 0.008
9.2004 0.007
7.53078 0.006
5.19828 0.005
2.54168 0.004
-0.0889919 0.003
-4.27902 0.002
-9.27327 0.001
-23.1925 2.71051e-20
-43.5139 -0.001
-63.8254 -0.002
-81.075 -0.003
-88.316 -0.004
-93.4938 -0.005
-97.4253 -0.006
-100.696 -0.007
-103.87 -0.008
-106.652 -0.009
-108.774 -0.01
-110.811 -0.011
-112.774 -0.012
-114.67 -0.013
-116.506 -0.014
-118.288 -0.015
-120.021 -0.016
-121.71 -0.017
-123.358 -0.018
-124.97 -0.019
-126.547 -0.02
-128.094 -0.021
-129.612 -0.022
-131.104 -0.023
-132.469 -0.024
-133.645 -0.025
-134.796 -0.026
-135.926 -0.027
-137.035 -0.028
-138.125 -0.029
-139.196 -0.03
-140.251 -0.031
-141.291 -0.032
-142.315 -0.033
-143.326 -0.034
-144.324 -0.035
-145.31 -0.036
-146.284 -0.037
-147.247 -0.038
-148.201 -0.039
-149.144 -0.04
-133.689 -0.039
-120.689 -0.038
-109.692 -0.037
-100.287 -0.036
-92.1759 -0.035
-85.1198 -0.034
-78.9255 -0.033
-73.4388 -0.032
-68.5369 -0.031
-64.1217 -0.03
-60.1146 -0.029
-56.4524 -0.028
-53.0836 -0.027
-49.9664 -0.026
-47.0664 -0.025
-44.355 -0.024
-41.8085 -0.023
-39.4069 -0.022
-37.1335 -0.021
-34.9738 -0.02
-32.9156 -0.019
-30.9484 -0.018
-29.063 -0.017
-26.966 -0.016
-24.8988 -0.015
-22.8909 -0.014
-20.9375 -0.013
-19.0341 -0.012
-17.1769 -0.011
-15.3623 -0.01
-13.5872 -0.009
-11.8486 -0.008
-10.144 -0.007
-8.47101 -0.006
-6.22546 -0.005
-3.565 -0.004
-0.930329 -0.003
3.2029 -0.002
8.20983 -0.001
22.2925 2.71051e-20
42.6173 0.001
62.9323 0.002
79.7432 0.003
86.2893 0.004
91.4837 0.005
95.2343 0.006
98.5266 0.007
101.723 0.008
104.383 0.009
106.53 0.01
108.594 0.011
110.584 0.012
112.506 0.013
114.368 0.014
116.176 0.015
117.934 0.016
119.648 0.017
121.321 0.018
122.956 0.019
124.558 0.02
126.127 0.021
127.668 0.022
129.182 0.023
130.485 0.024
131.684 0.025
132.858 0.026
134.01 0.027
135.14 0.028
136.251 0.029
137.343 0.03
138.418 0.031
139.476 0.032
140.52 0.033
141.549 0.034
142.565 0.035
143.569 0.036
144.56 0.037
145.541 0.038
146.511 0.039
147.47 0.04
148.421 0.041
149.362 0.042
150.295 0.043
151.22 0.044
152.137 0.045
153.047 0.046
153.949 0.047
154.846 0.048
155.735 0.049
156.619 0.05
141.233 0.049
128.344 0.048
117.461 0.047
108.158 0.046
100.134 0.045
93.1475 0.044
87.007 0.043
81.5609 0.042
76.6884 0.041
72.2936 0.04
68.2997 0.039
64.6448 0.038
61.2788 0.037
58.1607 0.036
55.257 0.035
52.5397 0.034
49.9856 0.033
47.575 0.032
45.2916 0.031
43.1211 0.03
41.0515 0.029
39.0724 0.028
37.175 0.027
35.3512 0.026
33.5945 0.025
31.8986 0.024
30.2584 0.023
28.6691 0.022
27.1267 0.021
25.6274 0.02
24.1678 0.019
22.7451 0.018
21.3172 0.017
19.6314 0.016
17.9752 0.015
16.3468 0.014
14.7444 0.013
13.1663 0.012
11.6111 0.011
10.0774 0.01
8.56406 0.009
7.06983 0.008
5.59368 0.007
4.13461 0.006
2.07624 0.005
-0.399356 0.004
-2.85997 0.003
-6.75485 0.002
-11.2721 0.001
-24.4011 0
-44.6605 -0.001
-64.9133 -0.002
-82.3652 -0.003
-89.7109 -0.004
-94.6738 -0.005
-98.3844 -0.006
-101.456 -0.007
-104.455 -0.008
-107.004 -0.009
-108.973 -0.01
-110.877 -0.011
-112.722 -0.012
-114.515 -0.013
-116.259 -0.014
-117.96 -0.015
-119.621 -0.016
-121.245 -0.017
-122.836 -0.018
-124.396 -0.019
-125.928 -0.02
-127.434 -0.021
-128.915 -0.022
-130.374 -0.023
-131.592 -0.024
-132.74 -0.025
-133.867 -0.026
-134.975 -0.027
-136.064 -0.028
-137.136 -0.029
-138.192 -0.03
-139.233 -0.031
-140.26 -0.032
-141.274 -0.033
-142.275 -0.034
-143.265 -0.035
-144.243 -0.036
-145.211 -0.037
-146.169 -0.038
-147.117 -0.039
-148.057 -0.04
-148.988 -0.041
-149.911 -0.042
-150.826 -0.043
-151.735 -0.044
-152.636 -0.045
-153.53 -0.046
-154.419 -0.047
-155.301 -0.048
-156.178 -0.049
-157.049 -0.05
-141.681 -0.049
-128.819 -0.048
-117.964 -0.047
-108.685 -0.046
-100.681 -0.045
-93.7105 -0.044
-87.583 -0.043
-82.1469 -0.042
-77.2823 -0.041
-72.8933 -0.04
-68.9037 -0.039
-65.2518 -0.038
-61.8878 -0.037
-58.771 -0.036
-55.8677 -0.035
-53.1503 -0.034
-50.5957 -0.033
-48.1842 -0.032
-45.8995 -0.031
-43.7274 -0.03
-41.6561 -0.029
-39.6752 -0.028
-37.7756 -0.027
-35.9497 -0.026
-34.1906 -0.025
-32.4924 -0.024
-30.8497 -0.023
-29.2579 -0.022
-27.7129 -0.021
-26.211 -0.02
-24.7488 -0.019
-23.3235 -0.018
-21.9322 -0.017
-20.2694 -0.016
-18.6106 -0.015
-16.9794 -0.014
-15.3741 -0.013
-13.7931 -0.012
-12.235 -0.011
-10.6984 -0.01
-9.18213 -0.009
-7.68495 -0.008
-6.20584 -0.007
-4.74382 -0.006
-2.7393 -0.005
-0.260414 -0.004
2.20348 -0.003
6.06408 -0.002
10.592 -0.001
23.8287 0
44.0907 0.001
64.346 0.002
81.5197 0.003
88.424 0.004
93.3989 0.005
96.9956 0.006
100.082 0.007
103.097 0.008
105.568 0.009
107.553 0.01
109.474 0.011
111.336 0.012
113.145 0.013
114.906 0.014
116.622 0.015
118.299 0.016
119.938 0.017
121.544 0.018
123.119 0.019
124.665 0.02
126.184 0.021
127.679 0.022
129.146 0.023
130.331 0.024
131.492 0.025
132.633 0.026
133.753 0.027
134.855 0.028
135.94 0.029
137.008 0.03
138.061 0.031
139.1 0.032
140.125 0.033
141.137 0.034
142.138 0.035
143.127 0.036
144.105 0.037
145.073 0.038
146.032 0.039
146.981 0.04
147.922 0.041
148.854 0.042
149.779 0.043
150.696 0.044
151.606 0.045
152.509 0.046
153.406 0.047
154.296 0.048
155.181 0.049
156.06 0.05
156.933 0.051
157.802 0.052
158.665 0.053
159.524 0.054
160.071 0.055
160.282 0.056
160.488 0.057
160.69 0.058
160.889 0.059
161.083 0.06
145.761 0.059
132.961 0.058
122.168 0.057
112.944 0.056
104.983 0.055
98.0456 0.054
91.9414 0.053
86.5208 0.052
81.6652 0.051
77.2803 0.05
73.2908 0.049
69.636 0.048
66.2668 0.047
63.1429 0.046
60.2313 0.045
57.5046 0.044
54.9399 0.043
52.5178 0.042
50.2222 0.041
48.0391 0.04
45.9565 0.039
43.9643 0.038
42.0535 0.037
40.2165 0.036
38.4463 0.035
36.7372 0.034
35.0837 0.033
33.4814 0.032
31.926 0.031
30.4139 0.03
28.9417 0.029
27.5065 0.028
26.1057 0.027
24.7367 0.026
23.3975 0.025
22.086 0.024
20.8004 0.023
19.5392 0.022
18.3007 0.021
17.0836 0.02
15.8866 0.019
14.7086 0.018
13.5484 0.017
12.2185 0.016
10.7629 0.015
9.32291 0.014
7.89768 0.013
6.48647 0.012
5.08861 0.011
3.70343 0.01
2.33035 0.009
0.968785 0.008
-0.381779 0.007
-1.72184 0.006
-3.40983 0.005
-5.77903 0.004
-8.13854 0.003
-11.6327 0.002
-15.9278 0.001
-27.8951 0
-47.895 -0.001
-68.1933 -0.002
-85.5098 -0.003
-92.223 -0.004
-96.9633 -0.005
-100.282 -0.006
-103.177 -0.007
-106.04 -0.008
-108.193 -0.009
-110.03 -0.01
-111.823 -0.011
-113.569 -0.012
-115.272 -0.013
-116.936 -0.014
-118.564 -0.015
-120.159 -0.016
-121.724 -0.017
-123.261 -0.018
-124.772 -0.019
-126.258 -0.02
-127.722 -0.021
-129.166 -0.022
-130.37 -0.023
-131.505 -0.024
-132.621 -0.025
-133.719 -0.026
-134.8 -0.027
-135.864 -0.028
-136.914 -0.029
-137.949 -0.03
-138.971 -0.031
-139.98 -0.032
-140.978 -0.033
-141.964 -0.034
-142.94 -0.035
-143.905 -0.036
-144.861 -0.037
-145.808 -0.038
-146.747 -0.039
-147.677 -0.04
-148.6 -0.041
-149.515 -0.042
-150.423 -0.043
-151.324 -0.044
-152.219 -0.045
-153.107 -0.046
-153.99 -0.047
-154.868 -0.048
-155.739 -0.049
-156.606 -0.05
-157.468 -0.051
-158.325 -0.052
-159.178 -0.053
-160.026 -0.054
-160.495 -0.055
-160.696 -0.056
-160.893 -0.057
-161.086 -0.058
-161.276 -0.059
-161.461 -0.06
-146.151 -0.059
-133.368 -0.058
-122.592 -0.057
-113.382 -0.056
-105.432 -0.055
-98.5025 -0.054
-92.4045 -0.053
-86.9884 -0.052
-82.1358 -0.051
-77.7528 -0.05
-73.7643 -0.049
-70.1098 -0.048
-66.7402 -0.047
-63.6155 -0.046
-60.7028 -0.045
-57.9746 -0.044
-55.4082 -0.043
-52.9843 -0.042
-50.6867 -0.041
-48.5014 -0.04
-46.4166 -0.039
-44.4221 -0.038
-42.509 -0.037
-40.6696 -0.036
-38.897 -0.035
-37.1854 -0.034
-35.5296 -0.033
-33.9248 -0.032
-32.3669 -0.031
-30.8524 -0.03
-29.3778 -0.029
-27.9402 -0.028
-26.5369 -0.027
-25.1655 -0.026
-23.8239 -0.025
-22.5101 -0.024
-21.2222 -0.023
-19.9586 -0.022
-18.7178 -0.021
-17.4984 -0.02
-16.2992 -0.019
-15.1189 -0.018
-13.9566 -0.017
-12.8112 -0.016
-11.4426 -0.015
-10 -0.014
-8.57224 -0.013
-7.1585 -0.012
-5.75811 -0.011
-4.37045 -0.01
-2.99489 -0.009
-1.63089 -0.008
-0.277902 -0.007
1.06456 -0.006
2.42713 -0.005
4.79923 -0.004
7.16159 -0.003
10.3009 -0.002
14.5992 -0.001
25.3605 0
