0.1 4.10035e-21
0.2 -1.24926e-21
0.3 -6.86295e-22
0.4 -6.86295e-22
0.5 -6.86295e-22
0.6 -6.86295e-22
0.7 -6.86295e-22
0.8 -1.14758e-21
0.9 -1.39825e-21
1 -2.62836e-21
0 -2.62836e-21
19.2438 0.001
36.0579 0.002
52.8613 0.003
69.2106 0.004
81.2729 0.005
84.7489 0.006
86.7496 0.007
87.8756 0.008
88.6931 0.009
89.4431 0.01
73.1111 0.009
57.6526 0.008
43.3711 0.007
30.3648 0.006
18.875 0.005
8.7477 0.004
-0.386149 0.003
-8.52827 0.002
-15.7116 0.001
-21.9963 0
-27.4615 -0.001
-43.2795 -0.002
-56.4329 -0.003
-69.1912 -0.004
-78.1408 -0.005
-82.314 -0.006
-83.9487 -0.007
-84.8372 -0.008
-85.3022 -0.009
-85.4835 -0.01
-69.1812 -0.009
-53.8396 -0.008
-39.7535 -0.007
-27.0097 -0.006
-15.6439 -0.005
-5.63063 -0.004
3.10491 -0.003
10.6725 -0.002
17.1023 -0.001
22.4672 0
27.1748 0.001
35.8302 0.002
41.3375 0.003
46.8421 0.004
51.4909 0.005
55.3924 0.006
58.6834 0.007
61.478 0.008
63.869 0.009
65.9308 0.01
67.7224 0.011
69.2912 0.012
70.6747 0.013
71.9031 0.014
73.0009 0.015
73.9877 0.016
74.8799 0.017
75.6905 0.018
76.4306 0.019
77.1094 0.02
61.5655 0.019
47.9447 0.018
36.1662 0.017
25.9926 0.016
17.2167 0.015
9.63797 0.014
3.07335 0.013
-2.63776 0.012
-7.5884 0.011
-11.9299 0.01
-15.7989 0.009
-19.2605 0.008
-22.3704 0.007
-25.1755 0.006
-27.7155 0.005
-30.024 0.004
-32.1297 0.003
-34.0568 0.002
-35.8263 0.001
-37.4561 0
-38.9615 -0.001
-43.9413 -0.002
-47.3579 -0.003
-51.0756 -0.004
-54.3736 -0.005
-57.2108 -0.006
-59.666 -0.007
-61.8046 -0.008
-63.6796 -0.009
-65.3338 -0.01
-66.8023 -0.011
-68.1133 -0.012
-69.2904 -0.013
-70.3525 -0.014
-71.3156 -0.015
-72.1929 -0.016
-72.9955 -0.017
-73.7326 -0.018
-74.4121 -0.019
-75.0408 -0.02
-59.6524 -0.019
-46.3377 -0.018
-34.9251 -0.017
-25.1299 -0.016
-16.719 -0.015
-9.48242 -0.014
-3.58579 -0.013
1.61224 -0.012
6.21845 -0.011
10.321 -0.01
13.993 -0.009
17.2948 -0.008
20.2769 -0.007
22.9814 -0.006
25.444 -0.005
27.6944 -0.004
29.7581 -0.003
31.6568 -0.002
33.4089 -0.001
35.0306 -6.77626e-21
36.5356 0.001
37.9359 0.002
39.2418 0.003
42.1496 0.004
44.8899 0.005
47.5896 0.006
49.9837 0.007
52.1183 0.008
54.0324 0.009
55.758 0.01
57.3214 0.011
58.7446 0.012
60.0458 0.013
61.2403 0.014
62.341 0.015
63.359 0.016
64.3035 0.017
65.1825 0.018
66.0031 0.019
66.771 0.02
67.4916 0.021
68.1694 0.022
68.8084 0.023
69.412 0.024
69.9833 0.025
70.5252 0.026
71.04 0.027
71.53 0.028
71.997 0.029
72.4429 0.03
57.3295 0.029
44.5316 0.028
33.7246 0.027
24.541 0.026
16.7029 0.025
10.2011 0.024
4.6492 0.023
-0.254339 0.022
-4.60577 0.021
-8.48895 0.02
-11.9725 0.019
-15.113 0.018
-17.9572 0.017
-20.5442 0.016
-22.9065 0.015
-25.0719 0.014
-27.0636 0.013
-28.9015 0.012
-30.6027 0.011
-32.1819 0.01
-33.6516 0.009
-35.0231 0.008
-36.3058 0.007
-37.5083 0.006
-38.6378 0.005
-39.701 0.004
-40.7036 0.003
-41.6509 0.002
-42.5472 0.001
-43.3969 0
-44.2035 -0.001
-44.9703 -0.002
-45.7004 -0.003
-47.0707 -0.004
-49.4495 -0.005
-51.5744 -0.006
-53.4828 -0.007
-55.2056 -0.008
-56.7686 -0.009
-58.1929 -0.01
-59.4964 -0.011
-60.6941 -0.012
-61.7986 -0.013
-62.8207 -0.014
-63.7695 -0.015
-64.653 -0.016
-65.478 -0.017
-66.2503 -0.018
-66.9752 -0.019
-67.6572 -0.02
-68.3001 -0.021
-68.9076 -0.022
-69.4826 -0.023
-70.0279 -0.024
-70.546 -0.025
-71.0391 -0.026
-71.509 -0.027
-71.9576 -0.028
-72.3864 -0.029
-72.7968 -0.03
-57.7406 -0.029
-45.0391 -0.028
-34.3364 -0.027
-25.2527 -0.026
-17.9411 -0.025
-11.718 -0.024
-6.23893 -0.023
-1.397 -0.022
2.90854 -0.021
6.7592 -0.02
10.2214 -0.019
13.3499 -0.018
16.1896 -0.017
18.7782 -0.016
21.1473 -0.015
23.3233 -0.014
25.3289 -0.013
27.1833 -0.012
28.9028 -0.011
30.5019 -0.01
31.9927 -0.009
33.386 -0.008
34.6911 -0.007
35.9163 -0.006
37.0688 -0.005
38.155 -0.004
39.1806 -0.003
40.1506 -0.002
41.0696 -0.001
41.9415 0
42.77 0.001
43.5584 0.002
44.3097 0.003
45.0264 0.004
45.7111 0.005
47.1346 0.006
49.0818 0.007
50.85 0.008
52.4628 0.009
53.94 0.01
55.2985 0.011
56.5522 0.012
57.7134 0.013
58.7921 0.014
59.7974 0.015
60.7367 0.016
61.6167 0.017
62.4432 0.018
63.2213 0.019
63.9552 0.02
64.6491 0.021
65.3062 0.022
65.9297 0.023
66.5223 0.024
67.0865 0.025
67.6245 0.026
68.1382 0.027
68.6294 0.028
69.0997 0.029
69.5506 0.03
69.9834 0.031
70.3994 0.032
70.7995 0.033
71.1848 0.034
71.5563 0.035
71.9147 0.036
72.2609 0.037
72.5955 0.038
72.9193 0.039
73.2328 0.04
58.2976 0.039
45.8036 0.038
35.3262 0.037
26.4563 0.036
19.2364 0.035
13.1299 0.034
7.757 0.033
3.00545 0.032
-1.22368 0.031
-5.0101 0.03
-8.41861 0.029
-11.5023 0.028
-14.3051 0.027
-16.8634 0.026
-19.2077 0.025
-21.3639 0.024
-23.3538 0.023
-25.196 0.022
-26.9066 0.021
-28.4992 0.02
-29.9859 0.019
-31.377 0.018
-32.6816 0.017
-33.9078 0.016
-35.0626 0.015
-36.1521 0.014
-37.1819 0.013
-38.157 0.012
-39.0818 0.011
-39.9601 0.01
-40.7956 0.009
-41.5914 0.008
-42.3504 0.007
-43.0752 0.006
-43.7682 0.005
-44.4316 0.004
-45.0673 0.003
-45.6771 0.002
-46.2627 0.001
-46.8257 0
-47.3672 -0.001
-47.8888 -0.002
-48.3914 -0.003
-48.8763 -0.004
-49.3445 -0.005
-51.5635 -0.006
-52.3418 -0.007
-53.813 -0.008
-55.1683 -0.009
-56.4197 -0.01
-57.5791 -0.011
-58.6565 -0.012
-59.6608 -0.013
-60.5994 -0.014
-61.4789 -0.015
-62.3051 -0.016
-63.0829 -0.017
-63.8167 -0.018
-64.5104 -0.019
-65.1675 -0.02
-65.791 -0.021
-66.3837 -0.022
-66.9479 -0.023
-67.4859 -0.024
-67.9995 -0.025
-68.4907 -0.026
-68.961 -0.027
-69.4118 -0.028
-69.8445 -0.029
-70.2603 -0.03
-70.6603 -0.031
-71.0454 -0.032
-71.4167 -0.033
-71.7748 -0.034
-72.1207 -0.035
-72.4551 -0.036
-72.7785 -0.037
-73.0917 -0.038
-73.3951 -0.039
-73.6893 -0.04
-58.7825 -0.039
-46.333 -0.038
-35.901 -0.037
-27.2135 -0.036
-20.2471 -0.035
-14.1714 -0.034
-8.8309 -0.033
-4.10303 -0.032
0.109879 -0.031
3.88629 -0.03
7.28991 -0.029
10.3729 -0.028
13.1783 -0.027
15.742 -0.026
18.094 -0.025
20.2595 -0.024
22.2601 -0.023
24.114 -0.022
25.837 -0.021
27.4427 -0.02
28.9429 -0.019
30.3479 -0.018
31.6665 -0.017
32.9067 -0.016
34.0755 -0.015
35.1791 -0.014
36.2228 -0.013
37.2117 -0.012
38.15 -0.011
39.0417 -0.01
39.8903 -0.009
40.699 -0.008
41.4707 -0.007
42.2079 -0.006
42.9131 -0.005
43.5883 -0.004
44.2357 -0.003
44.8568 -0.002
45.4535 -0.001
46.0273 0
46.5794 0.001
47.1112 0.002
47.6239 0.003
48.1186 0.004
48.5963 0.005
49.0579 0.006
50.0052 0.007
51.5035 0.008
52.8851 0.009
54.1635 0.01
55.3501 0.011
56.4549 0.012
57.4865 0.013
58.4523 0.014
59.3587 0.015
60.2114 0.016
61.0152 0.017
61.7747 0.018
62.4936 0.019
63.1753 0.02
63.8228 0.021
64.439 0.022
65.0262 0.023
65.5867 0.024
66.1223 0.025
66.6349 0.026
67.1261 0.027
67.5974 0.028
68.05 0.029
68.4853 0.03
68.9042 0.031
69.3079 0.032
69.6972 0.033
70.0731 0.034
70.4363 0.035
70.7875 0.036
71.1274 0.037
71.4567 0.038
71.7758 0.039
72.0854 0.04
72.386 0.041
72.6779 0.042
72.9617 0.043
73.2377 0.044
73.5064 0.045
73.768 0.046
74.0229 0.047
74.2714 0.048
74.5138 0.049
74.7504 0.05
59.9088 0.049
47.5642 0.048
37.2396 0.047
28.4841 0.046
21.5503 0.045
15.5547 0.044
10.2578 0.043
5.56597 0.042
1.38247 0.041
-2.37023 0.04
-5.75501 0.039
-8.82329 0.038
-11.6175 0.037
-14.1729 0.036
-16.5191 0.035
-18.681 0.034
-20.6798 0.033
-22.5334 0.032
-24.2574 0.031
-25.8652 0.03
-27.3684 0.029
-28.7771 0.028
-30.1002 0.027
-31.3454 0.026
-32.5197 0.025
-33.6292 0.024
-34.6791 0.023
-35.6745 0.022
-36.6195 0.021
-37.5182 0.02
-38.3738 0.019
-39.1897 0.018
-39.9687 0.017
-40.7133 0.016
-41.4258 0.015
-42.1085 0.014
-42.7633 0.013
-43.392 0.012
-43.9961 0.011
-44.5773 0.01
-45.1368 0.009
-45.676 0.008
-46.196 0.007
-46.698 0.006
-47.1829 0.005
-47.6517 0.004
-48.1052 0.003
-48.5442 0.002
-48.9696 0.001
-49.3819 0
-49.7819 -0.001
-50.1701 -0.002
-50.5471 -0.003
-50.9135 -0.004
-51.2698 -0.005
-51.6163 -0.006
-53.9474 -0.007
-54.1362 -0.008
-55.3209 -0.009
-56.4241 -0.01
-57.4543 -0.011
-58.419 -0.012
-59.3244 -0.013
-60.1763 -0.014
-60.9795 -0.015
-61.7384 -0.016
-62.4567 -0.017
-63.1379 -0.018
-63.7851 -0.019
-64.4009 -0.02
-64.9877 -0.021
-65.5478 -0.022
-66.0831 -0.023
-66.5954 -0.024
-67.0863 -0.025
-67.5572 -0.026
-68.0095 -0.027
-68.4444 -0.028
-68.863 -0.029
-69.2664 -0.03
-69.6553 -0.031
-70.0308 -0.032
-70.3936 -0.033
-70.7444 -0.034
-71.0839 -0.035
-71.4128 -0.036
-71.7315 -0.037
-72.0406 -0.038
-72.3407 -0.039
-72.6322 -0.04
-72.9155 -0.041
-73.1911 -0.042
-73.4592 -0.043
-73.7203 -0.044
-73.9747 -0.045
-74.2227 -0.046
-74.4646 -0.047
-74.7006 -0.048
-74.931 -0.049
-75.1561 -0.05
-60.3312 -0.049
-48.0114 -0.048
-37.7111 -0.047
-29.1986 -0.046
-22.323 -0.045
-16.3212 -0.044
-11.0402 -0.043
-6.35902 -0.042
-2.18189 -0.041
1.56798 -0.04
4.95281 -0.039
8.02346 -0.038
10.8219 -0.037
13.383 -0.036
15.7361 -0.035
17.9058 -0.034
19.9129 -0.033
21.7755 -0.032
23.5089 -0.031
25.1263 -0.03
26.6393 -0.029
28.0579 -0.028
29.391 -0.027
30.6461 -0.026
31.8303 -0.025
32.9495 -0.024
34.0092 -0.023
35.0141 -0.022
35.9685 -0.021
36.8763 -0.02
37.7411 -0.019
38.5658 -0.018
39.3535 -0.017
40.1066 -0.016
40.8275 -0.015
41.5183 -0.014
42.181 -0.013
42.8175 -0.012
43.4292 -0.011
44.0177 -0.01
44.5845 -0.009
45.1307 -0.008
45.6577 -0.007
46.1663 -0.006
46.6578 -0.005
47.1329 -0.004
47.5926 -0.003
48.0378 -0.002
48.469 -0.001
48.8871 0
49.2927 0.001
49.6864 0.002
50.0688 0.003
50.4404 0.004
50.8017 0.005
51.1533 0.006
51.4955 0.007
53.9858 0.008
53.8688 0.009
54.9894 0.01
56.037 0.011
57.0188 0.012
57.9413 0.013
58.8099 0.014
59.6296 0.015
60.4046 0.016
61.1388 0.017
61.8356 0.018
62.4979 0.019
63.1286 0.02
63.73 0.021
64.3043 0.022
64.8534 0.023
65.3793 0.024
65.8833 0.025
66.3672 0.026
66.8321 0.027
67.2793 0.028
67.71 0.029
68.125 0.03
68.5255 0.031
68.9122 0.032
69.2859 0.033
69.6474 0.034
69.9974 0.035
70.3364 0.036
70.6652 0.037
70.9841 0.038
71.2938 0.039
71.5946 0.04
71.8871 0.041
72.1716 0.042
72.4485 0.043
72.7182 0.044
72.981 0.045
73.2372 0.046
73.4872 0.047
73.7311 0.048
73.9693 0.049
74.202 0.05
74.4295 0.051
74.6519 0.052
74.8694 0.053
75.0823 0.054
75.2908 0.055
75.495 0.056
75.695 0.057
75.8911 0.058
76.0834 0.059
76.272 0.06
61.4872 0.059
49.2288 0.058
38.9885 0.057
30.3585 0.056
23.5118 0.055
17.5358 0.054
12.2758 0.053
7.61142 0.052
3.44733 0.051
-0.292659 0.05
-3.67028 0.049
-6.73598 0.048
-9.53135 0.047
-12.091 0.046
-14.4439 0.045
-16.6145 0.044
-18.6236 0.043
-20.4888 0.042
-22.2254 0.041
-23.8467 0.04
-25.364 0.039
-26.7872 0.038
-28.1252 0.037
-29.3855 0.036
-30.5751 0.035
-31.6999 0.034
-32.7652 0.033
-33.7759 0.032
-34.7362 0.031
-35.65 0.03
-36.5206 0.029
-37.3514 0.028
-38.145 0.027
-38.9041 0.026
-39.631 0.025
-40.3277 0.024
-40.9964 0.023
-41.6387 0.022
-42.2562 0.021
-42.8506 0.02
-43.4231 0.019
-43.975 0.018
-44.5076 0.017
-45.0218 0.016
-45.5188 0.015
-45.9994 0.014
-46.4646 0.013
-46.915 0.012
-47.3516 0.011
-47.7749 0.01
-48.1856 0.009
-48.5844 0.008
-48.9719 0.007
-49.3485 0.006
-49.7147 0.005
-50.0711 0.004
-50.4181 0.003
-50.7561 0.002
-51.0855 0.001
-51.4066 0
-51.7199 -0.001
-52.0257 -0.002
-52.3241 -0.003
-52.6157 -0.004
-52.9006 -0.005
-53.1791 -0.006
-53.8704 -0.007
-54.9896 -0.008
-56.0361 -0.009
-57.0171 -0.01
-57.9388 -0.011
-58.8067 -0.012
-59.6259 -0.013
-60.4004 -0.014
-61.1342 -0.015
-61.8306 -0.016
-62.4926 -0.017
-63.1229 -0.018
-63.724 -0.019
-64.2981 -0.02
-64.847 -0.021
-65.3725 -0.022
-65.8764 -0.023
-66.36 -0.024
-66.8246 -0.025
-67.2716 -0.026
-67.702 -0.027
-68.1168 -0.028
-68.517 -0.029
-68.9034 -0.03
-69.2769 -0.031
-69.6381 -0.032
-69.9878 -0.033
-70.3266 -0.034
-70.655 -0.035
-70.9736 -0.036
-71.2829 -0.037
-71.5834 -0.038
-71.8756 -0.039
-72.1597 -0.04
-72.4363 -0.041
-72.7056 -0.042
-72.9681 -0.043
-73.2239 -0.044
-73.4735 -0.045
-73.7171 -0.046
-73.9549 -0.047
-74.1872 -0.048
-74.4142 -0.049
-74.6362 -0.05
-74.8533 -0.051
-75.0658 -0.052
-75.2739 -0.053
-75.4776 -0.054
-75.6772 -0.055
-75.8729 -0.056
-76.0647 -0.057
-76.2528 -0.058
-76.4375 -0.059
-76.6187 -0.06
-61.8446 -0.059
-49.6017 -0.058
-39.376 -0.057
-30.9254 -0.056
-24.0978 -0.055
-18.1342 -0.054
-12.8826 -0.053
-8.22305 -0.052
-4.06108 -0.051
-0.320926 -0.05
3.05867 -0.049
6.12779 -0.048
8.92773 -0.047
11.4928 -0.046
13.8519 -0.045
16.0291 -0.044
18.0452 -0.043
19.9178 -0.042
21.662 -0.041
23.2909 -0.04
24.8158 -0.039
26.2468 -0.038
27.5924 -0.037
28.8604 -0.036
30.0575 -0.035
31.1898 -0.034
32.2625 -0.033
33.2804 -0.032
34.2478 -0.031
35.1685 -0.03
36.046 -0.029
36.8834 -0.028
37.6836 -0.027
38.449 -0.026
39.1821 -0.025
39.885 -0.024
40.5596 -0.023
41.2077 -0.022
41.8309 -0.021
42.4308 -0.02
43.0087 -0.019
43.5659 -0.018
44.1036 -0.017
44.6228 -0.016
45.1247 -0.015
45.61 -0.014
46.0798 -0.013
46.5348 -0.012
46.9757 -0.011
47.4033 -0.01
47.8183 -0.009
48.2212 -0.008
48.6126 -0.007
48.9931 -0.006
49.3631 -0.005
49.7232 -0.004
50.0738 -0.003
50.4154 -0.002
50.7482 -0.001
51.0727 -1.69407e-21
