0.1 -3.06667e-21
0.2 -1.68667e-20
0.3 3.66279e-20
0.4 2.74279e-20
0.5 1.68667e-20
0.6 1.31194e-20
0.7 4.60001e-21
0.8 -1.72116e-22
0.9 -3.9194e-21
1 7.66668e-21
0 7.66668e-21
26.5207 0.001
52.2433 0.002
73.8694 0.003
93.32 0.004
112.439 0.005
130.127 0.006
141.801 0.007
147.389 0.008
151.683 0.009
155.457 0.01
136.648 0.009
118.363 0.008
100.892 0.007
84.4217 0.006
69.0666 0.005
54.8734 0.004
41.1461 0.003
27.9173 0.002
13.2018 0.001
-11.4991 -1.35525e-20
-36.0526 -0.001
-60.4408 -0.002
-81.0638 -0.003
-95.9938 -0.004
-108.701 -0.005
-119.712 -0.006
-128.487 -0.007
-135.252 -0.008
-140.948 -0.009
-145.947 -0.01
-127.254 -0.009
-109.375 -0.008
-92.6016 -0.007
-77.0724 -0.006
-62.8414 -0.005
-49.8517 -0.004
-37.0731 -0.003
-25.2201 -0.002
-11.2375 -0.001
12.3483 0
35.7768 0.001
58.922 0.002
76.1406 0.003
87.0153 0.004
96.5837 0.005
104.914 0.006
111.939 0.007
118.426 0.008
124.474 0.009
130.069 0.01
134.745 0.011
139.139 0.012
143.301 0.013
147.272 0.014
151.082 0.015
154.758 0.016
158.321 0.017
161.786 0.018
165.169 0.019
168.479 0.02
150.652 0.019
134.772 0.018
120.687 0.017
108.165 0.016
96.9894 0.015
86.9601 0.014
77.898 0.013
69.6499 0.012
62.0867 0.011
55.1012 0.01
48.6051 0.009
42.5253 0.008
36.8018 0.007
31.0247 0.006
25.0572 0.005
19.3055 0.004
13.4586 0.003
6.32842 0.002
-1.74131 0.001
-20.3286 0
-42.6525 -0.001
-64.9343 -0.002
-83.5156 -0.003
-92.7405 -0.004
-100.344 -0.005
-107.02 -0.006
-112.607 -0.007
-117.945 -0.008
-123.072 -0.009
-127.765 -0.01
-131.834 -0.011
-135.748 -0.012
-139.531 -0.013
-143.201 -0.014
-146.773 -0.015
-150.259 -0.016
-153.672 -0.017
-157.018 -0.018
-160.307 -0.019
-163.545 -0.02
-145.944 -0.019
-130.53 -0.018
-117.019 -0.017
-105.105 -0.016
-94.528 -0.015
-85.0642 -0.014
-76.5232 -0.013
-68.7476 -0.012
-61.609 -0.011
-55.0031 -0.01
-48.8451 -0.009
-43.0662 -0.008
-37.6101 -0.007
-32.2371 -0.006
-26.4999 -0.005
-20.9535 -0.004
-15.4504 -0.003
-8.49283 -0.002
-0.577987 -0.001
18.1294 0
40.371 0.001
62.5796 0.002
78.8706 0.003
86.9096 0.004
94.2942 0.005
100.215 0.006
105.662 0.007
110.91 0.008
115.986 0.009
120.219 0.01
124.289 0.011
128.228 0.012
132.054 0.013
135.78 0.014
139.418 0.015
142.979 0.016
146.471 0.017
149.902 0.018
153.277 0.019
156.603 0.02
159.884 0.021
163.124 0.022
166.328 0.023
169.499 0.024
172.638 0.025
175.75 0.026
178.835 0.027
181.897 0.028
184.937 0.029
187.957 0.03
170.649 0.029
155.763 0.028
142.842 0.027
131.499 0.026
121.44 0.025
112.425 0.024
104.266 0.023
96.8085 0.022
89.9331 0.021
83.5431 0.02
77.5612 0.019
71.9252 0.018
66.5844 0.017
61.4974 0.016
56.6302 0.015
51.9544 0.014
47.4463 0.013
43.086 0.012
38.8564 0.011
34.7433 0.01
30.7342 0.009
26.8185 0.008
22.9869 0.007
19.2091 0.006
14.6623 0.005
10.1758 0.004
5.74442 0.003
-0.224661 0.002
-6.92531 0.001
-22.7131 8.27181e-25
-44.7068 -0.001
-66.6848 -0.002
-84.9272 -0.003
-92.8843 -0.004
-99.6209 -0.005
-105.117 -0.006
-110.014 -0.007
-114.788 -0.008
-119.45 -0.009
-123.283 -0.01
-127.016 -0.011
-130.661 -0.012
-134.229 -0.013
-137.727 -0.014
-141.163 -0.015
-144.544 -0.016
-147.875 -0.017
-151.161 -0.018
-154.406 -0.019
-157.614 -0.02
-160.788 -0.021
-163.931 -0.022
-167.046 -0.023
-170.135 -0.024
-173.2 -0.025
-176.242 -0.026
-179.264 -0.027
-182.267 -0.028
-185.252 -0.029
-188.221 -0.03
-170.99 -0.029
-156.246 -0.028
-143.459 -0.027
-132.248 -0.026
-122.326 -0.025
-113.423 -0.024
-105.362 -0.023
-97.9898 -0.022
-91.187 -0.021
-84.859 -0.02
-78.9299 -0.019
-73.3387 -0.018
-68.0359 -0.017
-62.9812 -0.016
-58.1411 -0.015
-53.488 -0.014
-48.9989 -0.013
-44.6543 -0.012
-40.4377 -0.011
-36.335 -0.01
-32.3342 -0.009
-28.4249 -0.008
-24.5981 -0.007
-20.8458 -0.006
-16.4048 -0.005
-11.9198 -0.004
-7.48866 -0.003
-1.60829 -0.002
5.11724 -0.001
21.1899 -8.27181e-25
43.1861 0.001
65.1672 0.002
81.9301 0.003
89.513 0.004
96.2692 0.005
101.485 0.006
106.411 0.007
111.217 0.008
115.708 0.009
119.581 0.01
123.356 0.011
127.044 0.012
130.655 0.013
134.196 0.014
137.676 0.015
141.101 0.016
144.475 0.017
147.803 0.018
151.09 0.019
154.339 0.02
157.553 0.021
160.736 0.022
163.889 0.023
167.016 0.024
170.118 0.025
173.196 0.026
176.254 0.027
179.291 0.028
182.31 0.029
185.312 0.03
188.223 0.031
191.055 0.032
193.871 0.033
196.674 0.034
199.462 0.035
202.238 0.036
205.002 0.037
207.755 0.038
210.496 0.039
213.228 0.04
196.196 0.039
181.622 0.038
169.023 0.037
157.989 0.036
148.223 0.035
139.487 0.034
131.592 0.033
124.386 0.032
117.751 0.031
111.591 0.03
105.831 0.029
100.408 0.028
95.2727 0.027
90.385 0.026
85.7112 0.025
81.2235 0.024
76.8988 0.023
72.635 0.022
68.424 0.021
64.3231 0.02
60.321 0.019
56.4079 0.018
52.5752 0.017
48.8154 0.016
45.122 0.015
41.4891 0.014
37.9118 0.013
34.3853 0.012
30.9057 0.011
27.4693 0.01
24.0729 0.009
20.7135 0.008
17.3886 0.007
14.0956 0.006
10.0941 0.005
5.98366 0.004
1.89884 0.003
-3.53292 0.002
-9.46858 0.001
-24.1136 0
-45.9996 -0.001
-67.8766 -0.002
-86.1763 -0.003
-93.8966 -0.004
-100.31 -0.005
-105.386 -0.006
-110.001 -0.007
-114.533 -0.008
-118.823 -0.009
-122.457 -0.01
-126.019 -0.011
-129.516 -0.012
-132.957 -0.013
-136.345 -0.014
-139.686 -0.015
-142.984 -0.016
-146.243 -0.017
-149.466 -0.018
-152.657 -0.019
-155.817 -0.02
-158.95 -0.021
-162.057 -0.022
-165.141 -0.023
-168.203 -0.024
-171.245 -0.025
-174.267 -0.026
-177.272 -0.027
-180.26 -0.028
-183.233 -0.029
-186.192 -0.03
-189.021 -0.031
-191.814 -0.032
-194.595 -0.033
-197.363 -0.034
-200.119 -0.035
-202.865 -0.036
-205.6 -0.037
-208.325 -0.038
-211.041 -0.039
-213.748 -0.04
-196.752 -0.039
-182.233 -0.038
-169.69 -0.037
-158.708 -0.036
-148.987 -0.035
-140.289 -0.034
-132.425 -0.033
-125.245 -0.032
-118.631 -0.031
-112.488 -0.03
-106.741 -0.029
-101.329 -0.028
-96.2022 -0.027
-91.321 -0.026
-86.652 -0.025
-82.1678 -0.024
-77.8455 -0.023
-73.6408 -0.022
-69.4316 -0.021
-65.3316 -0.02
-61.3296 -0.019
-57.4158 -0.018
-53.582 -0.017
-49.8205 -0.016
-46.125 -0.015
-42.4896 -0.014
-38.9095 -0.013
-35.3799 -0.012
-31.897 -0.011
-28.4571 -0.01
-25.0569 -0.009
-21.6937 -0.008
-18.3647 -0.007
-15.0675 -0.006
-11.133 -0.005
-7.01801 -0.004
-2.92856 -0.003
2.4595 -0.002
8.41885 -0.001
23.2392 0
45.1287 0.001
67.0092 0.002
84.4013 0.003
91.9803 0.004
98.4105 0.005
103.333 0.006
107.968 0.007
112.521 0.008
116.717 0.009
120.374 0.01
123.96 0.011
127.482 0.012
130.946 0.013
134.358 0.014
137.722 0.015
141.043 0.016
144.324 0.017
147.569 0.018
150.782 0.019
153.963 0.02
157.117 0.021
160.245 0.022
163.348 0.023
166.429 0.024
169.49 0.025
172.531 0.026
175.554 0.027
178.56 0.028
181.55 0.029
184.502 0.03
187.327 0.031
190.137 0.032
192.934 0.033
195.719 0.034
198.491 0.035
201.252 0.036
204.002 0.037
206.743 0.038
209.473 0.039
212.195 0.04
214.908 0.041
217.613 0.042
220.31 0.043
223 0.044
225.682 0.045
228.358 0.046
231.028 0.047
233.691 0.048
236.349 0.049
239.001 0.05
222.071 0.049
207.659 0.048
195.223 0.047
184.337 0.046
174.696 0.045
166.061 0.044
158.247 0.043
151.104 0.042
144.516 0.041
138.392 0.04
132.657 0.039
127.251 0.038
122.127 0.037
117.244 0.036
112.572 0.035
108.082 0.034
103.752 0.033
99.564 0.032
95.5009 0.031
91.5494 0.03
87.6977 0.029
83.9357 0.028
80.2547 0.027
76.647 0.026
73.1058 0.025
69.6254 0.024
66.2005 0.023
62.7645 0.022
59.2706 0.021
55.8196 0.02
52.4082 0.019
49.0338 0.018
45.6936 0.017
42.3854 0.016
39.1069 0.015
35.8563 0.014
32.6318 0.013
29.4317 0.012
26.2546 0.011
23.0991 0.01
19.964 0.009
16.848 0.008
13.7501 0.007
10.6693 0.006
6.92422 0.005
2.99624 0.004
-0.917085 0.003
-6.0693 0.002
-11.7813 0.001
-25.4651 0
-47.1494 -0.001
-69.0262 -0.002
-87.6285 -0.003
-95.4937 -0.004
-101.651 -0.005
-106.543 -0.006
-110.95 -0.007
-115.311 -0.008
-119.395 -0.009
-122.877 -0.01
-126.307 -0.011
-129.687 -0.012
-133.023 -0.013
-136.318 -0.014
-139.575 -0.015
-142.799 -0.016
-145.99 -0.017
-149.153 -0.018
-152.289 -0.019
-155.4 -0.02
-158.488 -0.021
-161.554 -0.022
-164.601 -0.023
-167.629 -0.024
-170.64 -0.025
-173.634 -0.026
-176.614 -0.027
-179.579 -0.028
-182.53 -0.029
-185.421 -0.03
-188.21 -0.031
-190.987 -0.032
-193.753 -0.033
-196.507 -0.034
-199.251 -0.035
-201.986 -0.036
-204.711 -0.037
-207.427 -0.038
-210.135 -0.039
-212.835 -0.04
-215.527 -0.041
-218.212 -0.042
-220.89 -0.043
-223.562 -0.044
-226.227 -0.045
-228.886 -0.046
-231.54 -0.047
-234.188 -0.048
-236.831 -0.049
-239.469 -0.05
-222.56 -0.049
-208.178 -0.048
-195.772 -0.047
-184.912 -0.046
-175.293 -0.045
-166.677 -0.044
-158.876 -0.043
-151.745 -0.042
-145.166 -0.041
-139.048 -0.04
-133.317 -0.039
-127.915 -0.038
-122.793 -0.037
-117.912 -0.036
-113.24 -0.035
-108.75 -0.034
-104.42 -0.033
-100.23 -0.032
-96.1654 -0.031
-92.212 -0.03
-88.3582 -0.029
-84.594 -0.028
-80.9105 -0.027
-77.3001 -0.026
-73.7562 -0.025
-70.2729 -0.024
-66.845 -0.023
-63.4468 -0.022
-59.9498 -0.021
-56.4957 -0.02
-53.0813 -0.019
-49.7036 -0.018
-46.3602 -0.017
-43.0486 -0.016
-39.7668 -0.015
-36.5129 -0.014
-33.285 -0.013
-30.0816 -0.012
-26.9011 -0.011
-23.7422 -0.01
-20.6037 -0.009
-17.4844 -0.008
-14.3831 -0.007
-11.299 -0.006
-7.59594 -0.005
-3.66432 -0.004
0.252564 -0.003
5.3778 -0.002
11.0937 -0.001
24.8747 -5.42101e-20
46.6918 0.001
68.4776 0.002
86.7068 0.003
94.1858 0.004
100.437 0.005
105.206 0.006
109.652 0.007
114.027 0.008
118.047 0.009
121.548 0.01
124.993 0.011
128.389 0.012
131.74 0.013
135.049 0.014
138.321 0.015
141.558 0.016
144.763 0.017
147.939 0.018
151.088 0.019
154.212 0.02
157.313 0.021
160.392 0.022
163.451 0.023
166.49 0.024
169.513 0.025
172.518 0.026
175.509 0.027
178.484 0.028
181.446 0.029
184.318 0.03
187.118 0.031
189.905 0.032
192.681 0.033
195.446 0.034
198.199 0.035
200.943 0.036
203.678 0.037
206.403 0.038
209.12 0.039
211.828 0.04
214.529 0.041
217.222 0.042
219.909 0.043
222.588 0.044
225.261 0.045
227.928 0.046
230.59 0.047
233.245 0.048
235.895 0.049
238.541 0.05
241.181 0.051
243.816 0.052
246.447 0.053
249.074 0.054
251.696 0.055
254.314 0.056
256.929 0.057
259.539 0.058
262.146 0.059
264.75 0.06
247.882 0.059
233.562 0.058
221.216 0.057
210.407 0.056
200.828 0.055
192.242 0.054
184.464 0.053
177.346 0.052
170.776 0.051
164.663 0.05
158.933 0.049
153.528 0.048
148.401 0.047
143.514 0.046
138.835 0.045
134.336 0.044
129.997 0.043
125.798 0.042
121.723 0.041
117.76 0.04
113.895 0.039
110.121 0.038
106.427 0.037
102.806 0.036
99.2523 0.035
95.7589 0.034
92.3211 0.033
88.9342 0.032
85.5943 0.031
82.2976 0.03
79.0409 0.029
75.8213 0.028
72.6362 0.027
69.483 0.026
66.3597 0.025
63.2643 0.024
60.1949 0.023
57.0664 0.022
53.8771 0.021
50.7096 0.02
47.5625 0.019
44.4348 0.018
41.3254 0.017
38.2333 0.016
35.1575 0.015
32.0973 0.014
29.0518 0.013
26.0202 0.012
23.002 0.011
19.9964 0.01
17.0028 0.009
14.0207 0.008
11.0496 0.007
8.08896 0.006
4.48065 0.005
0.659908 0.004
-3.15152 0.003
-8.13321 0.002
-13.7564 0.001
-26.7136 0
-48.1246 -0.001
-70.0363 -0.002
-88.9982 -0.003
-97.0708 -0.004
-103.119 -0.005
-107.935 -0.006
-112.182 -0.007
-116.413 -0.008
-120.372 -0.009
-123.735 -0.01
-127.06 -0.011
-130.345 -0.012
-133.595 -0.013
-136.812 -0.014
-139.998 -0.015
-143.157 -0.016
-146.289 -0.017
-149.398 -0.018
-152.484 -0.019
-155.55 -0.02
-158.596 -0.021
-161.624 -0.022
-164.635 -0.023
-167.63 -0.024
-170.61 -0.025
-173.576 -0.026
-176.529 -0.027
-179.47 -0.028
-182.399 -0.029
-185.225 -0.03
-187.993 -0.031
-190.752 -0.032
-193.5 -0.033
-196.238 -0.034
-198.967 -0.035
-201.687 -0.036
-204.399 -0.037
-207.103 -0.038
-209.799 -0.039
-212.488 -0.04
-215.17 -0.041
-217.846 -0.042
-220.515 -0.043
-223.178 -0.044
-225.836 -0.045
-228.488 -0.046
-231.135 -0.047
-233.777 -0.048
-236.414 -0.049
-239.046 -0.05
-241.674 -0.051
-244.298 -0.052
-246.917 -0.053
-249.533 -0.054
-252.144 -0.055
-254.753 -0.056
-257.357 -0.057
-259.958 -0.058
-262.556 -0.059
-265.151 -0.06
-248.298 -0.059
-233.994 -0.058
-221.666 -0.057
-210.872 -0.056
-201.306 -0.055
-192.73 -0.054
-184.959 -0.053
-177.847 -0.052
-171.281 -0.051
-165.169 -0.05
-159.441 -0.049
-154.037 -0.048
-148.91 -0.047
-144.022 -0.046
-139.342 -0.045
-134.842 -0.044
-130.501 -0.043
-126.3 -0.042
-122.223 -0.041
-118.258 -0.04
-114.391 -0.039
-110.614 -0.038
-106.918 -0.037
-103.295 -0.036
-99.7379 -0.035
-96.2419 -0.034
-92.8014 -0.033
-89.4119 -0.032
-86.0693 -0.031
-82.7699 -0.03
-79.5105 -0.029
-76.2883 -0.028
-73.1004 -0.027
-69.9446 -0.026
-66.8187 -0.025
-63.7206 -0.024
-60.6486 -0.023
-57.5468 -0.022
-54.3548 -0.021
-51.1846 -0.02
-48.0349 -0.019
-44.9045 -0.018
-41.7925 -0.017
-38.6978 -0.016
-35.6194 -0.015
-32.5566 -0.014
-29.5086 -0.013
-26.4745 -0.012
-23.4538 -0.011
-20.4457 -0.01
-17.4497 -0.009
-14.4652 -0.008
-11.4917 -0.007
-8.52862 -0.006
-4.95001 -0.005
-1.12621 -0.004
2.68775 -0.003
7.64964 -0.002
13.2767 -0.001
26.3013 0
