0.1 0
0.2 0
0.3 -4.39246e-21
0.4 1.28921e-20
0.5 2.49713e-20
0.6 2.8123e-20
0.7 -2.33889e-21
0.8 1.5231e-20
0.9 3.44264e-20
1 1.49457e-20
0 1.49457e-20
28.2949 0.001
56.448 0.002
83.0815 0.003
108.492 0.004
133.287 0.005
158.053 0.006
182.645 0.007
206.401 0.008
226.914 0.009
238.735 0.01
214.024 0.009
189.28 0.008
164.55 0.007
139.821 0.006
115.185 0.005
90.7066 0.004
66.4745 0.003
42.6031 0.002
18.0142 0.001
-9.15409 0
-36.6411 -0.001
-63.9748 -0.002
-89.7358 -0.003
-113.879 -0.004
-137.004 -0.005
-159.504 -0.006
-180.885 -0.007
-200.286 -0.008
-216.441 -0.009
-227.891 -0.01
-203.161 -0.009
-178.446 -0.008
-153.703 -0.007
-129.073 -0.006
-104.62 -0.005
-80.4425 -0.004
-56.658 -0.003
-33.4093 -0.002
-9.79117 -0.001
15.8812 0
42.592 0.001
68.9936 0.002
94.5604 0.003
116.715 0.004
136.215 0.005
154.007 0.006
170.218 0.007
184.777 0.008
196.764 0.009
207.022 0.01
215.661 0.011
222.945 0.012
229.023 0.013
233.502 0.014
237.228 0.015
240.389 0.016
243.123 0.017
245.534 0.018
247.698 0.019
249.669 0.02
225.517 0.019
202.068 0.018
179.83 0.017
158.74 0.016
138.849 0.015
120.188 0.014
102.764 0.013
86.5625 0.012
71.5497 0.011
57.6745 0.01
44.8734 0.009
33.0745 0.008
22.2012 0.007
12.1762 0.006
2.92384 0.005
-6.00049 0.004
-14.7618 0.003
-23.0043 0.002
-32.1359 0.001
-41.9465 0
-59.8066 -0.001
-82.0348 -0.002
-104.132 -0.003
-123.914 -0.004
-137.602 -0.005
-148.361 -0.006
-158.368 -0.007
-167.137 -0.008
-174.707 -0.009
-181.609 -0.01
-187.928 -0.011
-193.744 -0.012
-198.831 -0.013
-203.134 -0.014
-207.055 -0.015
-210.647 -0.016
-213.957 -0.017
-217.025 -0.018
-219.883 -0.019
-222.56 -0.02
-198.661 -0.019
-175.868 -0.018
-154.607 -0.017
-134.762 -0.016
-116.328 -0.015
-99.2839 -0.014
-83.5842 -0.013
-69.166 -0.012
-55.9516 -0.011
-43.8536 -0.01
-32.7794 -0.009
-22.636 -0.008
-13.3327 -0.007
-4.7839 -0.006
3.08992 -0.005
10.7245 -0.004
18.2013 -0.003
25.2481 -0.002
33.0446 -0.001
41.49 0
58.2464 0.001
79.8032 0.002
101.283 0.003
117.781 0.004
127.509 0.005
136.321 0.006
143.909 0.007
150.614 0.008
156.874 0.009
162.746 0.01
167.953 0.011
172.519 0.012
176.771 0.013
180.746 0.014
184.478 0.015
187.993 0.016
191.316 0.017
194.468 0.018
197.467 0.019
200.329 0.02
203.067 0.021
205.693 0.022
208.218 0.023
210.652 0.024
213.002 0.025
215.276 0.026
217.481 0.027
219.622 0.028
221.704 0.029
223.483 0.03
199.856 0.029
178.005 0.028
157.684 0.027
138.905 0.026
121.616 0.025
105.755 0.024
91.2431 0.023
77.9917 0.022
65.904 0.021
54.8799 0.02
44.8196 0.019
35.6271 0.018
27.212 0.017
19.4909 0.016
12.3881 0.015
5.78277 0.014
-0.469524 0.013
-6.31086 0.012
-11.7849 0.011
-16.9301 0.01
-21.7799 0.009
-26.3639 0.008
-30.708 0.007
-34.8352 0.006
-38.7655 0.005
-42.5169 0.004
-46.571 0.003
-50.99 0.002
-55.3266 0.001
-61.3443 0
-69.0427 -0.001
-89.9935 -0.002
-110.906 -0.003
-129.963 -0.004
-140.226 -0.005
-147.652 -0.006
-154.108 -0.007
-159.6 -0.008
-164.799 -0.009
-169.739 -0.01
-173.874 -0.011
-177.663 -0.012
-181.234 -0.013
-184.611 -0.014
-187.814 -0.015
-190.861 -0.016
-193.769 -0.017
-196.551 -0.018
-199.219 -0.019
-201.783 -0.02
-204.254 -0.021
-206.64 -0.022
-208.947 -0.023
-211.183 -0.024
-213.353 -0.025
-215.463 -0.026
-217.518 -0.027
-219.422 -0.028
-221.139 -0.029
-222.806 -0.03
-199.575 -0.029
-177.595 -0.028
-157.503 -0.027
-138.984 -0.026
-121.971 -0.025
-106.389 -0.024
-92.1522 -0.023
-79.1649 -0.022
-67.3259 -0.021
-56.5321 -0.02
-46.6827 -0.019
-37.6812 -0.018
-29.4378 -0.017
-21.8701 -0.016
-14.9037 -0.015
-8.47207 -0.014
-2.51612 -0.013
3.09238 -0.012
8.46798 -0.011
13.5267 -0.01
18.3007 -0.009
22.8185 -0.008
27.1049 -0.007
31.1819 -0.006
35.0688 -0.005
38.7828 -0.004
42.3549 -0.003
46.7481 -0.002
51.0179 -0.001
56.7327 0
64.9357 0.001
85.8908 0.002
106.81 0.003
123.893 0.004
131.145 0.005
138.397 0.006
144.235 0.007
149.761 0.008
155.011 0.009
159.52 0.01
163.626 0.011
167.499 0.012
171.163 0.013
174.639 0.014
177.947 0.015
181.103 0.016
184.122 0.017
187.016 0.018
189.796 0.019
192.474 0.02
195.058 0.021
197.555 0.022
199.973 0.023
202.318 0.024
204.596 0.025
206.806 0.026
208.745 0.027
210.623 0.028
212.446 0.029
214.217 0.03
215.94 0.031
217.617 0.032
219.253 0.033
220.85 0.034
222.41 0.035
223.936 0.036
225.43 0.037
226.894 0.038
228.329 0.039
229.737 0.04
206.634 0.039
184.869 0.038
165.082 0.037
146.916 0.036
130.283 0.035
115.089 0.034
101.233 0.033
88.6081 0.032
77.1042 0.031
66.6141 0.03
57.0346 0.029
48.2693 0.028
40.2297 0.027
32.8356 0.026
26.0154 0.025
19.7054 0.024
13.8493 0.023
8.39782 0.022
3.30747 0.021
-1.45978 0.02
-5.9373 0.019
-10.1544 0.018
-14.1367 0.017
-17.9069 0.016
-21.4849 0.015
-24.8883 0.014
-28.1328 0.013
-31.2322 0.012
-34.3769 0.011
-37.5393 0.01
-40.594 0.009
-43.5488 0.008
-46.4112 0.007
-49.1875 0.006
-51.884 0.005
-54.5059 0.004
-57.0584 0.003
-60.3779 0.002
-63.8406 0.001
-68.3841 0
-74.4711 -0.001
-92.2925 -0.002
-112.973 -0.003
-131.669 -0.004
-140.623 -0.005
-147.346 -0.006
-152.638 -0.007
-157.512 -0.008
-162.18 -0.009
-166.195 -0.01
-169.79 -0.011
-173.204 -0.012
-176.456 -0.013
-179.561 -0.014
-182.533 -0.015
-185.385 -0.016
-188.127 -0.017
-190.768 -0.018
-193.318 -0.019
-195.784 -0.02
-198.173 -0.021
-200.491 -0.022
-202.744 -0.023
-204.936 -0.024
-207.072 -0.025
-208.995 -0.026
-210.807 -0.027
-212.568 -0.028
-214.282 -0.029
-215.951 -0.03
-217.579 -0.031
-219.169 -0.032
-220.722 -0.033
-222.241 -0.034
-223.729 -0.035
-225.186 -0.036
-226.616 -0.037
-228.018 -0.038
-229.396 -0.039
-230.75 -0.04
-207.688 -0.039
-185.992 -0.038
-166.292 -0.037
-148.218 -0.036
-131.678 -0.035
-116.573 -0.034
-102.801 -0.033
-90.253 -0.032
-78.8182 -0.031
-68.3893 -0.03
-58.8633 -0.029
-50.1444 -0.028
-42.1444 -0.027
-34.7841 -0.026
-27.9923 -0.025
-21.7061 -0.024
-15.8697 -0.023
-10.4343 -0.022
-5.35703 -0.021
-0.600124 -0.02
3.86939 -0.019
8.08046 -0.018
12.0586 -0.017
15.8261 -0.016
19.4027 -0.015
22.806 -0.014
26.0513 -0.013
29.1524 -0.012
32.1215 -0.011
35.2138 -0.01
38.2705 -0.009
41.2285 -0.008
44.0947 -0.007
46.8757 -0.006
49.5774 -0.005
52.2051 -0.004
54.7637 -0.003
57.8564 -0.002
61.3274 -0.001
65.7179 0
71.9109 0.001
90.0282 0.002
110.717 0.003
128.338 0.004
135.65 0.005
142.137 0.006
147.274 0.007
152.186 0.008
156.793 0.009
160.633 0.01
164.276 0.011
167.74 0.012
171.045 0.013
174.204 0.014
177.231 0.015
180.138 0.016
182.935 0.017
185.633 0.018
188.238 0.019
190.759 0.02
193.203 0.021
195.575 0.022
197.881 0.023
200.125 0.024
202.181 0.025
204.101 0.026
205.966 0.027
207.778 0.028
209.543 0.029
211.262 0.03
212.939 0.031
214.576 0.032
216.176 0.033
217.742 0.034
219.275 0.035
220.776 0.036
222.249 0.037
223.695 0.038
225.114 0.039
226.509 0.04
227.881 0.041
229.231 0.042
230.561 0.043
231.87 0.044
233.161 0.045
234.433 0.046
235.689 0.047
236.929 0.048
238.153 0.049
239.362 0.05
216.367 0.049
194.782 0.048
175.231 0.047
157.325 0.046
140.958 0.045
126.025 0.044
112.415 0.043
100.016 0.042
88.7131 0.041
78.399 0.04
68.9704 0.039
60.332 0.038
52.3974 0.037
45.0884 0.036
38.3358 0.035
32.078 0.034
26.2609 0.033
20.837 0.032
15.7644 0.031
11.0067 0.03
6.53168 0.029
2.31121 0.028
-1.67951 0.027
-5.46229 0.026
-9.0564 0.025
-12.4789 0.024
-15.7448 0.023
-18.8677 0.022
-21.8594 0.021
-24.7307 0.02
-27.4911 0.019
-30.1493 0.018
-32.7129 0.017
-35.1889 0.016
-37.5836 0.015
-39.9028 0.014
-42.1516 0.013
-44.3347 0.012
-46.492 0.011
-48.8921 0.01
-51.239 0.009
-53.5358 0.008
-55.7853 0.007
-57.9902 0.006
-60.1529 0.005
-62.2758 0.004
-64.3609 0.003
-67.0031 0.002
-70.0687 0.001
-73.8723 0
-79.172 -0.001
-94.8237 -0.002
-115.367 -0.003
-134.418 -0.004
-143.423 -0.005
-149.673 -0.006
-154.418 -0.007
-158.854 -0.008
-163.134 -0.009
-166.591 -0.01
-169.845 -0.011
-172.959 -0.012
-175.945 -0.013
-178.815 -0.014
-181.577 -0.015
-184.243 -0.016
-186.819 -0.017
-189.312 -0.018
-191.73 -0.019
-194.078 -0.02
-196.361 -0.021
-198.585 -0.022
-200.752 -0.023
-202.868 -0.024
-204.728 -0.025
-206.531 -0.026
-208.285 -0.027
-209.995 -0.028
-211.664 -0.029
-213.293 -0.03
-214.885 -0.031
-216.443 -0.032
-217.969 -0.033
-219.465 -0.034
-220.931 -0.035
-222.37 -0.036
-223.784 -0.037
-225.174 -0.038
-226.54 -0.039
-227.885 -0.04
-229.209 -0.041
-230.514 -0.042
-231.8 -0.043
-233.068 -0.044
-234.32 -0.045
-235.555 -0.046
-236.775 -0.047
-237.98 -0.048
-239.172 -0.049
-240.35 -0.05
-217.378 -0.049
-195.831 -0.048
-176.325 -0.047
-158.466 -0.046
-142.146 -0.045
-127.257 -0.044
-113.686 -0.043
-101.322 -0.042
-90.0493 -0.041
-79.761 -0.04
-70.3538 -0.039
-61.7331 -0.038
-53.8127 -0.037
-46.5149 -0.036
-39.7708 -0.035
-33.5193 -0.034
-27.7066 -0.033
-22.2853 -0.032
-17.2141 -0.031
-12.4565 -0.03
-7.98053 -0.029
-3.75829 -0.028
0.234925 -0.027
4.02082 -0.026
7.61856 -0.025
11.0451 -0.024
14.3155 -0.023
17.4431 -0.022
20.4399 -0.021
23.3164 -0.02
26.0823 -0.019
28.746 -0.018
31.3153 -0.017
33.7971 -0.016
36.1977 -0.015
38.5229 -0.014
40.7777 -0.013
42.9669 -0.012
45.0947 -0.011
47.3778 -0.01
49.731 -0.009
52.0342 -0.008
54.2902 -0.007
56.5016 -0.006
58.671 -0.005
60.8005 -0.004
62.8923 -0.003
65.4014 -0.002
68.4746 -0.001
72.1922 0
77.5145 0.001
93.423 0.002
113.972 0.003
132.358 0.004
140.34 0.005
146.466 0.006
151.102 0.007
155.567 0.008
159.722 0.009
163.164 0.01
166.451 0.011
169.598 0.012
172.618 0.013
175.521 0.014
178.317 0.015
181.016 0.016
183.626 0.017
186.152 0.018
188.603 0.019
190.984 0.02
193.299 0.021
195.554 0.022
197.752 0.023
199.791 0.024
201.675 0.025
203.509 0.026
205.294 0.027
207.034 0.028
208.731 0.029
210.389 0.03
212.01 0.031
213.596 0.032
215.149 0.033
216.671 0.034
218.164 0.035
219.629 0.036
221.068 0.037
222.482 0.038
223.873 0.039
225.241 0.04
226.589 0.041
227.916 0.042
229.224 0.043
230.515 0.044
231.787 0.045
233.044 0.046
234.285 0.047
235.51 0.048
236.722 0.049
237.919 0.05
239.104 0.051
240.276 0.052
241.436 0.053
242.584 0.054
243.701 0.055
244.195 0.056
244.679 0.057
245.152 0.058
245.616 0.059
246.07 0.06
223.156 0.059
201.656 0.058
182.236 0.057
164.469 0.056
148.241 0.055
133.44 0.054
119.95 0.053
107.655 0.052
96.4425 0.051
86.2026 0.05
76.8333 0.049
68.2408 0.048
60.3397 0.047
53.0536 0.046
46.3147 0.045
40.0627 0.044
34.2449 0.043
28.8146 0.042
23.7312 0.041
18.9588 0.04
14.466 0.039
10.2252 0.038
6.21225 0.037
2.4056 0.036
-1.21363 0.035
-4.66219 0.034
-7.95495 0.033
-11.1051 0.032
-14.1245 0.031
-17.0237 0.03
-19.8121 0.029
-22.4983 0.028
-25.0898 0.027
-27.5936 0.026
-30.016 0.025
-32.3625 0.024
-34.6384 0.023
-36.8484 0.022
-38.9967 0.021
-41.0872 0.02
-43.1236 0.019
-45.109 0.018
-47.0466 0.017
-48.9392 0.016
-50.7892 0.015
-52.5992 0.014
-54.3712 0.013
-56.1073 0.012
-57.8094 0.011
-59.6628 0.01
-61.6408 0.009
-63.5893 0.008
-65.5097 0.007
-67.4033 0.006
-69.2714 0.005
-71.115 0.004
-72.9352 0.003
-75.0166 0.002
-77.8477 0.001
-81.0108 0
-85.7475 -0.001
-99.2959 -0.002
-119.747 -0.003
-138.92 -0.004
-147.669 -0.005
-153.545 -0.006
-157.779 -0.007
-161.879 -0.008
-165.654 -0.009
-168.756 -0.01
-171.734 -0.011
-174.598 -0.012
-177.36 -0.013
-180.026 -0.014
-182.606 -0.015
-185.105 -0.016
-187.529 -0.017
-189.886 -0.018
-192.178 -0.019
-194.412 -0.02
-196.591 -0.021
-198.718 -0.022
-200.707 -0.023
-202.527 -0.024
-204.3 -0.025
-206.028 -0.026
-207.715 -0.027
-209.363 -0.028
-210.974 -0.029
-212.551 -0.03
-214.095 -0.031
-215.609 -0.032
-217.093 -0.033
-218.551 -0.034
-219.983 -0.035
-221.39 -0.036
-222.774 -0.037
-224.136 -0.038
-225.478 -0.039
-226.799 -0.04
-228.102 -0.041
-229.387 -0.042
-230.655 -0.043
-231.906 -0.044
-233.142 -0.045
-234.363 -0.046
-235.57 -0.047
-236.763 -0.048
-237.943 -0.049
-239.111 -0.05
-240.267 -0.051
-241.411 -0.052
-242.545 -0.053
-243.667 -0.054
-244.686 -0.055
-245.156 -0.056
-245.617 -0.057
-246.068 -0.058
-246.511 -0.059
-246.944 -0.06
-224.045 -0.059
-202.569 -0.058
-183.177 -0.057
-165.438 -0.056
-149.237 -0.055
-134.46 -0.054
-120.991 -0.053
-108.715 -0.052
-97.517 -0.051
-87.2891 -0.05
-77.9291 -0.049
-69.3434 -0.048
-61.4471 -0.047
-54.164 -0.046
-47.4265 -0.045
-41.1747 -0.044
-35.3559 -0.043
-29.9238 -0.042
-24.8378 -0.041
-20.0622 -0.04
-15.5657 -0.039
-11.3208 -0.038
-7.30338 -0.037
-3.49201 -0.036
0.13216 -0.035
3.58583 -0.034
6.88383 -0.033
10.0394 -0.032
13.0642 -0.031
15.9689 -0.03
18.7628 -0.029
21.4545 -0.028
24.0515 -0.027
26.5609 -0.026
28.9888 -0.025
31.3408 -0.024
33.6222 -0.023
35.8377 -0.022
37.9914 -0.021
40.0873 -0.02
42.129 -0.019
44.1198 -0.018
46.0626 -0.017
47.9604 -0.016
49.8156 -0.015
51.6307 -0.014
53.4077 -0.013
55.1488 -0.012
56.8559 -0.011
58.5307 -0.01
60.3717 -0.009
62.3258 -0.008
64.2518 -0.007
66.151 -0.006
68.0245 -0.005
69.8735 -0.004
71.6992 -0.003
73.5025 -0.002
76.2598 -0.001
79.0759 -4.23516e-22
