0.1 0
0.2 -6.44345e-21
0.3 5.7267e-21
0.4 7.1602e-21
0.5 7.1602e-21
0.6 7.1602e-21
0.7 -2.50498e-21
0.8 -1.03819e-20
0.9 5.08308e-20
1 2.72e-20
0 2.72e-20
24.7679 0.001
49.4404 0.002
71.4128 0.003
90.8373 0.004
108.274 0.005
125.298 0.006
138.793 0.007
145.467 0.008
148.343 0.009
150.638 0.01
133.367 0.009
116.509 0.008
100.351 0.007
85.106 0.006
70.9287 0.005
56.9972 0.004
44.0191 0.003
30.7277 0.002
12.1593 0.001
-10.9352 0
-33.8885 -0.001
-56.679 -0.002
-78.0469 -0.003
-94.2168 -0.004
-106.668 -0.005
-116.974 -0.006
-125.702 -0.007
-132.46 -0.008
-137.201 -0.009
-141.072 -0.01
-123.909 -0.009
-107.456 -0.008
-92.0147 -0.007
-77.756 -0.006
-64.4046 -0.005
-51.7428 -0.004
-40.1078 -0.003
-28.2472 -0.002
-10.1676 -0.001
11.8964 0
33.7992 0.001
55.5534 0.002
74.7083 0.003
88.2048 0.004
96.3326 0.005
104.261 0.006
111.168 0.007
116.513 0.008
121.347 0.009
125.767 0.01
129.847 0.011
133.15 0.012
135.817 0.013
138.26 0.014
140.518 0.015
142.623 0.016
144.6 0.017
146.468 0.018
148.245 0.019
149.942 0.02
133.66 0.019
119.267 0.018
106.649 0.017
95.5903 0.016
85.8882 0.015
77.3471 0.014
69.7903 0.013
63.0639 0.012
57.0376 0.011
51.6023 0.01
46.6675 0.009
42.1584 0.008
37.1651 0.007
32.38 0.006
27.8428 0.005
23.2155 0.004
17.2527 0.003
11.4448 0.002
0.0300452 0.001
-19.7541 0
-40.5065 -0.001
-61.2161 -0.002
-80.8208 -0.003
-93.4011 -0.004
-100.072 -0.005
-106.214 -0.006
-111.585 -0.007
-115.631 -0.008
-119.438 -0.009
-123.042 -0.01
-126.476 -0.011
-129.084 -0.012
-131.348 -0.013
-133.482 -0.014
-135.503 -0.015
-137.428 -0.016
-139.268 -0.017
-141.034 -0.018
-142.736 -0.019
-144.381 -0.02
-128.326 -0.019
-114.407 -0.018
-102.381 -0.017
-91.9557 -0.016
-82.8816 -0.015
-74.9371 -0.014
-67.9322 -0.013
-61.7085 -0.012
-56.1354 -0.011
-51.1064 -0.01
-46.5347 -0.009
-42.3498 -0.008
-37.8092 -0.007
-33.3067 -0.006
-29.0231 -0.005
-24.7828 -0.004
-19.0369 -0.003
-13.4225 -0.002
-2.13182 -0.001
17.6649 0
38.3219 0.001
58.9466 0.002
77.2608 0.003
88.7835 0.004
94.0453 0.005
99.9666 0.006
104.512 0.007
108.416 0.008
112.133 0.009
115.687 0.01
118.758 0.011
121.18 0.012
123.472 0.013
125.653 0.014
127.736 0.015
129.733 0.016
131.653 0.017
133.506 0.018
135.299 0.019
137.037 0.02
138.726 0.021
140.372 0.022
141.978 0.023
143.547 0.024
145.084 0.025
146.59 0.026
148.069 0.027
149.522 0.028
150.953 0.029
152.159 0.03
136.358 0.029
123.057 0.028
111.62 0.027
101.799 0.026
93.3198 0.025
85.9479 0.024
79.4053 0.023
73.5409 0.022
68.2643 0.021
63.4781 0.02
59.1042 0.019
55.0795 0.018
51.3527 0.017
47.8819 0.016
44.6326 0.015
41.576 0.014
38.6883 0.013
35.9491 0.012
33.3415 0.011
30.8508 0.01
28.4645 0.009
26.172 0.008
23.5286 0.007
20.3778 0.006
17.2925 0.005
14.2672 0.004
9.66211 0.003
4.82675 0.002
-3.41341 0.001
-22.1468 2.71051e-20
-42.5624 -0.001
-62.9622 -0.002
-82.2812 -0.003
-94.0309 -0.004
-99.3794 -0.005
-104.731 -0.006
-108.887 -0.007
-112.299 -0.008
-115.591 -0.009
-118.778 -0.01
-121.467 -0.011
-123.58 -0.012
-125.604 -0.013
-127.55 -0.014
-129.426 -0.015
-131.239 -0.016
-132.996 -0.017
-134.703 -0.018
-136.365 -0.019
-137.985 -0.02
-139.569 -0.021
-141.118 -0.022
-142.636 -0.023
-144.125 -0.024
-145.588 -0.025
-147.027 -0.026
-148.444 -0.027
-149.841 -0.028
-151.174 -0.029
-152.253 -0.03
-136.632 -0.029
-123.354 -0.028
-112.061 -0.027
-102.378 -0.026
-94.0243 -0.025
-86.7632 -0.024
-80.4008 -0.023
-74.6403 -0.022
-69.4447 -0.021
-64.7272 -0.02
-60.4119 -0.019
-56.4369 -0.018
-52.7525 -0.017
-49.3176 -0.016
-46.0988 -0.015
-43.0679 -0.014
-40.2018 -0.013
-37.4808 -0.012
-34.8883 -0.011
-32.4101 -0.01
-30.034 -0.009
-27.7496 -0.008
-25.2678 -0.007
-22.1224 -0.006
-19.041 -0.005
-16.0182 -0.004
-11.5216 -0.003
-6.68608 -0.002
1.73056 -0.001
20.5747 0
40.9932 0.001
61.3964 0.002
80.3787 0.003
91.159 0.004
95.8394 0.005
101.214 0.006
105.05 0.007
108.497 0.008
111.826 0.009
115.052 0.01
117.529 0.011
119.689 0.012
121.762 0.013
123.756 0.014
125.681 0.015
127.542 0.016
129.347 0.017
131.102 0.018
132.81 0.019
134.476 0.02
136.104 0.021
137.698 0.022
139.259 0.023
140.79 0.024
142.295 0.025
143.774 0.026
145.23 0.027
146.665 0.028
147.897 0.029
149.015 0.03
150.113 0.031
151.193 0.032
152.256 0.033
153.303 0.034
154.334 0.035
155.351 0.036
156.355 0.037
157.347 0.038
158.326 0.039
159.295 0.04
143.804 0.039
130.748 0.038
119.694 0.037
110.236 0.036
102.08 0.035
94.9861 0.034
88.7602 0.033
83.2478 0.032
78.3251 0.031
73.8933 0.03
69.8729 0.029
66.2001 0.028
62.8231 0.027
59.6995 0.026
56.7948 0.025
54.08 0.024
51.5312 0.023
49.1283 0.022
46.7189 0.021
44.248 0.02
41.875 0.019
39.5902 0.018
37.3852 0.017
35.2526 0.016
33.1859 0.015
31.1794 0.014
29.228 0.013
27.3272 0.012
25.473 0.011
23.6617 0.01
21.8902 0.009
20.1556 0.008
18.2521 0.007
15.5422 0.006
12.8617 0.005
10.2088 0.004
6.22514 0.003
1.68228 0.002
-5.00992 0.001
-23.3639 0
-43.6783 -0.001
-63.9831 -0.002
-83.2534 -0.003
-94.6489 -0.004
-99.7453 -0.005
-104.823 -0.006
-108.535 -0.007
-111.709 -0.008
-114.796 -0.009
-117.808 -0.01
-120.106 -0.011
-122.077 -0.012
-123.979 -0.013
-125.821 -0.014
-127.609 -0.015
-129.347 -0.016
-131.04 -0.017
-132.692 -0.018
-134.307 -0.019
-135.888 -0.02
-137.437 -0.021
-138.958 -0.022
-140.452 -0.023
-141.922 -0.024
-143.369 -0.025
-144.795 -0.026
-146.202 -0.027
-147.59 -0.028
-148.711 -0.029
-149.788 -0.03
-150.848 -0.031
-151.892 -0.032
-152.92 -0.033
-153.935 -0.034
-154.937 -0.035
-155.926 -0.036
-156.903 -0.037
-157.87 -0.038
-158.826 -0.039
-159.772 -0.04
-144.314 -0.039
-131.308 -0.038
-120.307 -0.037
-110.897 -0.036
-102.783 -0.035
-95.7235 -0.034
-89.5267 -0.033
-84.0382 -0.032
-79.135 -0.031
-74.7188 -0.03
-70.7111 -0.029
-67.0484 -0.028
-63.6794 -0.027
-60.5621 -0.026
-57.6622 -0.025
-54.951 -0.024
-52.4047 -0.023
-50.0035 -0.022
-47.6897 -0.021
-45.2207 -0.02
-42.8489 -0.019
-40.5647 -0.018
-38.3595 -0.017
-36.2263 -0.016
-34.1585 -0.015
-32.1504 -0.014
-30.1971 -0.013
-28.2941 -0.012
-26.4373 -0.011
-24.6233 -0.01
-22.8489 -0.009
-21.1111 -0.008
-19.2948 -0.007
-16.5813 -0.006
-13.8971 -0.005
-11.2402 -0.004
-7.31324 -0.003
-2.76588 -0.002
4.03806 -0.001
22.4593 -2.71051e-20
42.7771 0.001
63.0854 0.002
82.164 0.003
93.1673 0.004
97.7213 0.005
102.817 0.006
106.349 0.007
109.545 0.008
112.656 0.009
115.691 0.01
117.868 0.011
119.865 0.012
121.794 0.013
123.662 0.014
125.475 0.015
127.239 0.016
128.957 0.017
130.634 0.018
132.273 0.019
133.878 0.02
135.451 0.021
136.994 0.022
138.511 0.023
140.003 0.024
141.471 0.025
142.918 0.026
144.345 0.027
145.698 0.028
146.814 0.029
147.911 0.03
148.991 0.031
150.055 0.032
151.103 0.033
152.136 0.034
153.156 0.035
154.163 0.036
155.158 0.037
156.142 0.038
157.115 0.039
158.077 0.04
159.031 0.041
159.975 0.042
160.91 0.043
161.837 0.044
162.756 0.045
163.668 0.046
164.573 0.047
165.471 0.048
166.362 0.049
167.248 0.05
151.86 0.049
138.967 0.048
128.081 0.047
118.776 0.046
110.749 0.045
103.761 0.044
97.6191 0.043
92.1719 0.042
87.2987 0.041
82.9034 0.04
78.9092 0.039
75.2542 0.038
71.8881 0.037
68.7702 0.036
65.8666 0.035
63.1495 0.034
60.5957 0.033
58.1854 0.032
55.9022 0.031
53.7321 0.03
51.6628 0.029
49.6842 0.028
47.7871 0.027
45.9637 0.026
44.2073 0.025
42.5118 0.024
40.872 0.023
39.2831 0.022
37.661 0.021
35.8349 0.02
34.0481 0.019
32.298 0.018
30.582 0.017
28.8977 0.016
27.2431 0.015
25.6162 0.014
24.0152 0.013
22.4385 0.012
20.8848 0.011
19.3525 0.01
17.8405 0.009
16.3476 0.008
14.7619 0.007
12.2572 0.006
9.76903 0.005
7.29651 0.004
3.63046 0.003
-0.761926 0.002
-7.82811 0.001
-24.5398 0
-44.7942 -0.001
-65.0422 -0.002
-84.3736 -0.003
-95.985 -0.004
-100.903 -0.005
-105.793 -0.006
-109.287 -0.007
-112.286 -0.008
-115.22 -0.009
-118.096 -0.01
-120.172 -0.011
-122.023 -0.012
-123.82 -0.013
-125.57 -0.014
-127.275 -0.015
-128.939 -0.016
-130.567 -0.017
-132.162 -0.018
-133.725 -0.019
-135.259 -0.02
-136.767 -0.021
-138.251 -0.022
-139.711 -0.023
-141.151 -0.024
-142.571 -0.025
-143.972 -0.026
-145.357 -0.027
-146.632 -0.028
-147.709 -0.029
-148.77 -0.03
-149.815 -0.031
-150.846 -0.032
-151.864 -0.033
-152.869 -0.034
-153.862 -0.035
-154.843 -0.036
-155.814 -0.037
-156.775 -0.038
-157.726 -0.039
-158.668 -0.04
-159.602 -0.041
-160.527 -0.042
-161.445 -0.043
-162.355 -0.044
-163.258 -0.045
-164.154 -0.046
-165.044 -0.047
-165.928 -0.048
-166.806 -0.049
-167.679 -0.05
-152.309 -0.049
-139.445 -0.048
-128.587 -0.047
-119.306 -0.046
-111.3 -0.045
-104.328 -0.044
-98.1991 -0.043
-92.7622 -0.042
-87.897 -0.041
-83.5077 -0.04
-79.5179 -0.039
-75.866 -0.038
-72.5021 -0.037
-69.3853 -0.036
-66.4823 -0.035
-63.7652 -0.034
-61.2108 -0.033
-58.7996 -0.032
-56.5152 -0.031
-54.3436 -0.03
-52.2726 -0.029
-50.292 -0.028
-48.3929 -0.027
-46.5673 -0.026
-44.8086 -0.025
-43.1108 -0.024
-41.4685 -0.023
-39.8771 -0.022
-38.3178 -0.021
-36.4892 -0.02
-34.6999 -0.019
-32.9471 -0.018
-31.2284 -0.017
-29.5413 -0.016
-27.8838 -0.015
-26.254 -0.014
-24.6501 -0.013
-23.0705 -0.012
-21.5138 -0.011
-19.9785 -0.01
-18.4635 -0.009
-16.9676 -0.008
-15.4364 -0.007
-12.9284 -0.006
-10.4369 -0.005
-7.96105 -0.004
-4.32947 -0.003
0.0665124 -0.002
7.17085 -0.001
23.9639 0
44.2208 0.001
64.4715 0.002
83.6813 0.003
95.0202 0.004
99.6171 0.005
104.52 0.006
107.9 0.007
110.914 0.008
113.864 0.009
116.755 0.01
118.754 0.011
120.622 0.012
122.436 0.013
124.201 0.014
125.922 0.015
127.603 0.016
129.246 0.017
130.856 0.018
132.433 0.019
133.982 0.02
135.504 0.021
137.002 0.022
138.476 0.023
139.929 0.024
141.361 0.025
142.775 0.026
144.172 0.027
145.408 0.028
146.497 0.029
147.571 0.03
148.628 0.031
149.671 0.032
150.7 0.033
151.717 0.034
152.721 0.035
153.713 0.036
154.694 0.037
155.665 0.038
156.627 0.039
157.579 0.04
158.522 0.041
159.457 0.042
160.384 0.043
161.303 0.044
162.215 0.045
163.12 0.046
164.019 0.047
164.911 0.048
165.798 0.049
166.678 0.05
167.553 0.051
168.423 0.052
169.288 0.053
170.148 0.054
171.003 0.055
171.337 0.056
171.545 0.057
171.749 0.058
171.948 0.059
172.144 0.06
156.82 0.059
144.018 0.058
133.224 0.057
123.998 0.056
116.036 0.055
109.097 0.054
102.993 0.053
97.5715 0.052
92.7157 0.051
88.3307 0.05
84.3413 0.049
80.6866 0.048
77.3176 0.047
74.1939 0.046
71.2826 0.045
68.5562 0.044
65.9918 0.043
63.5701 0.042
61.2748 0.041
59.092 0.04
57.0098 0.039
55.0179 0.038
53.1075 0.037
51.2708 0.036
49.501 0.035
47.7922 0.034
46.1391 0.033
44.5371 0.032
42.982 0.031
41.4702 0.03
39.9983 0.029
38.5635 0.028
37.1629 0.027
35.7943 0.026
34.4553 0.025
33.1441 0.024
31.8589 0.023
30.5979 0.022
29.3597 0.021
27.8966 0.02
26.3714 0.019
24.8654 0.018
23.3777 0.017
21.9073 0.016
20.4533 0.015
19.0147 0.014
17.5909 0.013
16.1811 0.012
14.7845 0.011
13.4006 0.01
12.0288 0.009
10.6684 0.008
9.31902 0.007
7.05801 0.006
4.6813 0.005
2.31458 0.004
-0.966094 0.003
-5.26687 0.002
-11.4144 0.001
-27.6155 0
-47.8302 -0.001
-68.0404 -0.002
-87.2856 -0.003
-98.3763 -0.004
-103.064 -0.005
-107.815 -0.006
-110.928 -0.007
-113.791 -0.008
-116.605 -0.009
-119.281 -0.01
-121.079 -0.011
-122.83 -0.012
-124.538 -0.013
-126.206 -0.014
-127.838 -0.015
-129.436 -0.016
-131.004 -0.017
-132.544 -0.018
-134.057 -0.019
-135.546 -0.02
-137.013 -0.021
-138.458 -0.022
-139.884 -0.023
-141.292 -0.024
-142.682 -0.025
-144.057 -0.026
-145.346 -0.027
-146.415 -0.028
-147.469 -0.029
-148.509 -0.03
-149.535 -0.031
-150.548 -0.032
-151.549 -0.033
-152.539 -0.034
-153.518 -0.035
-154.487 -0.036
-155.446 -0.037
-156.395 -0.038
-157.336 -0.039
-158.269 -0.04
-159.194 -0.041
-160.111 -0.042
-161.021 -0.043
-161.925 -0.044
-162.821 -0.045
-163.712 -0.046
-164.597 -0.047
-165.476 -0.048
-166.349 -0.049
-167.217 -0.05
-168.081 -0.051
-168.939 -0.052
-169.793 -0.053
-170.642 -0.054
-171.488 -0.055
-171.751 -0.056
-171.949 -0.057
-172.144 -0.058
-172.334 -0.059
-172.521 -0.06
-157.21 -0.059
-144.425 -0.058
-133.647 -0.057
-124.436 -0.056
-116.485 -0.055
-109.555 -0.054
-103.456 -0.053
-98.0397 -0.052
-93.1871 -0.051
-88.8041 -0.05
-84.8157 -0.049
-81.1613 -0.048
-77.792 -0.047
-74.6676 -0.046
-71.7552 -0.045
-69.0274 -0.044
-66.4613 -0.043
-64.0378 -0.042
-61.7405 -0.041
-59.5556 -0.04
-57.4712 -0.039
-55.4771 -0.038
-53.5644 -0.037
-51.7253 -0.036
-49.9531 -0.035
-48.2419 -0.034
-46.5863 -0.033
-44.9819 -0.032
-43.4244 -0.031
-41.9102 -0.03
-40.4359 -0.029
-38.9986 -0.028
-37.5956 -0.027
-36.2246 -0.026
-34.8833 -0.025
-33.5697 -0.024
-32.2821 -0.023
-31.0188 -0.022
-29.7783 -0.021
-28.5592 -0.02
-27.0341 -0.