0.1 0
0.2 -1.05933e-20
0.3 -1.6473e-20
0.4 1.48212e-21
0.5 -1.85383e-20
0.6 -1.17595e-20
0.7 7.36186e-21
0.8 1.56227e-20
0.9 -7.04595e-21
1 4.13044e-21
0 4.13044e-21
32.7796 0.001
63.2343 0.002
89.1217 0.003
113.94 0.004
138.327 0.005
159.493 0.006
172.635 0.007
182.742 0.008
191.841 0.009
200.547 0.01
208.923 0.011
217.001 0.012
225.07 0.013
233.134 0.014
241.197 0.015
249.259 0.016
257.321 0.017
265.382 0.018
273.444 0.019
281.506 0.02
289.567 0.021
297.629 0.022
305.69 0.023
313.752 0.024
321.813 0.025
329.875 0.026
337.936 0.027
345.998 0.028
354.059 0.029
362.121 0.03
370.182 0.031
378.244 0.032
386.305 0.033
394.367 0.034
402.428 0.035
410.49 0.036
418.551 0.037
426.613 0.038
434.675 0.039
442.736 0.04
450.798 0.041
458.859 0.042
466.921 0.043
474.982 0.044
483.044 0.045
491.105 0.046
499.167 0.047
507.228 0.048
515.29 0.049
523.351 0.05
531.413 0.051
539.474 0.052
547.536 0.053
555.597 0.054
563.659 0.055
571.72 0.056
579.782 0.057
587.843 0.058
595.905 0.059
603.966 0.06
612.028 0.061
620.089 0.062
628.151 0.063
636.212 0.064
644.274 0.065
652.336 0.066
660.397 0.067
668.459 0.068
676.52 0.069
684.582 0.07
692.643 0.071
700.705 0.072
708.766 0.073
716.828 0.074
724.889 0.075
732.951 0.076
741.012 0.077
749.074 0.078
757.135 0.079
765.197 0.08
773.258 0.081
781.32 0.082
789.381 0.083
797.443 0.084
805.504 0.085
813.566 0.086
821.627 0.087
829.689 0.088
837.75 0.089
845.812 0.09
853.873 0.091
861.935 0.092
869.996 0.093
878.058 0.094
886.12 0.095
894.181 0.096
902.243 0.097
910.304 0.098
918.366 0.099
926.427 0.1
934.489 0.101
942.55 0.102
950.612 0.103
958.673 0.104
966.735 0.105
974.796 0.106
982.858 0.107
990.919 0.108
998.981 0.109
1007.04 0.11
1015.1 0.111
1023.17 0.112
1031.23 0.113
1039.29 0.114
1047.35 0.115
1055.41 0.116
1063.47 0.117
1071.53 0.118
1079.6 0.119
1087.66 0.12
1095.72 0.121
1103.78 0.122
1111.84 0.123
1119.9 0.124
1127.97 0.125
1136.03 0.126
1144.09 0.127
1152.15 0.128
1160.21 0.129
1168.27 0.13
1176.33 0.131
1184.4 0.132
1191.31 0.133
1191.77 0.134
1192.22 0.135
1192.68 0.136
1193.13 0.137
1193.58 0.138
1194.04 0.139
1194.49 0.14
1194.95 0.141
1195.4 0.142
1195.85 0.143
1196.31 0.144
1196.76 0.145
1197.22 0.146
1197.67 0.147
1198.13 0.148
1198.58 0.149
1199.03 0.15
1199.49 0.151
1199.94 0.152
1200.4 0.153
1200.85 0.154
1201.31 0.155
1201.76 0.156
1201.94 0.157
1201.97 0.158
1202 0.159
1202.04 0.16
1202.07 0.161
1202.1 0.162
1202.14 0.163
1202.17 0.164
1202.21 0.165
1202.24 0.166
1202.27 0.167
1202.31 0.168
1202.34 0.169
1202.37 0.17
1202.41 0.171
1202.44 0.172
1202.47 0.173
1202.51 0.174
1202.54 0.175
1202.57 0.176
1202.61 0.177
1202.64 0.178
1202.68 0.179
1202.71 0.18
1202.74 0.181
1202.78 0.182
1202.81 0.183
1202.84 0.184
1202.88 0.185
1202.91 0.186
1202.94 0.187
1202.98 0.188
1203.01 0.189
1203.04 0.19
1203.08 0.191
1203.11 0.192
1203.15 0.193
1203.18 0.194
1203.21 0.195
1203.25 0.196
1203.28 0.197
1203.31 0.198
1203.35 0.199
1203.38 0.2
1203.41 0.201
1203.45 0.202
1203.48 0.203
1203.51 0.204
1203.55 0.205
1203.58 0.206
1203.62 0.207
1203.65 0.208
1203.68 0.209
1203.72 0.21
1203.75 0.211
1203.78 0.212
1203.82 0.213
1203.85 0.214
1203.88 0.215
1203.92 0.216
1203.95 0.217
1203.99 0.218
1204.02 0.219
1204.05 0.22
1204.09 0.221
1204.12 0.222
1204.15 0.223
1204.19 0.224
1204.22 0.225
1204.25 0.226
1204.29 0.227
1204.32 0.228
1204.35 0.229
1204.39 0.23
1204.42 0.231
1204.46 0.232
1204.49 0.233
1204.52 0.234
1204.56 0.235
1204.59 0.236
1204.62 0.237
1204.66 0.238
1204.69 0.239
1204.72 0.24
1204.76 0.241
1204.79 0.242
1204.82 0.243
1204.86 0.244
1204.89 0.245
1204.93 0.246
1204.96 0.247
1204.99 0.248
1205.03 0.249
1205.06 0.25
1205.09 0.251
1205.13 0.252
1205.16 0.253
1205.19 0.254
1205.23 0.255
1205.26 0.256
1205.29 0.257
1205.33 0.258
1205.36 0.259
1205.4 0.26
1205.43 0.261
1205.46 0.262
1205.5 0.263
1205.53 0.264
1205.56 0.265
1205.6 0.266
1205.63 0.267
1205.66 0.268
1205.7 0.269
1205.73 0.27
1205.77 0.271
1205.8 0.272
1205.83 0.273
1205.87 0.274
1205.9 0.275
1205.93 0.276
1205.97 0.277
1206 0.278
1206.03 0.279
1206.07 0.28
1206.1 0.281
1206.13 0.282
1206.17 0.283
1206.2 0.284
1206.24 0.285
1206.27 0.286
1206.3 0.287
1206.34 0.288
1206.37 0.289
1206.4 0.29
1206.44 0.291
1206.47 0.292
1206.5 0.293
1206.54 0.294
1206.57 0.295
1206.6 0.296
1206.64 0.297
1206.67 0.298
1206.71 0.299
1206.74 0.3
1206.77 0.301
1206.81 0.302
1206.84 0.303
1206.87 0.304
1206.91 0.305
1206.94 0.306
1206.97 0.307
1207.01 0.308
1207.04 0.309
1207.07 0.31
1207.11 0.311
1207.14 0.312
1207.18 0.313
1207.21 0.314
1207.24 0.315
1207.28 0.316
1207.31 0.317
1207.34 0.318
1207.38 0.319
1207.41 0.32
1207.44 0.321
1207.48 0.322
1207.51 0.323
1207.55 0.324
1207.58 0.325
1207.61 0.326
1207.65 0.327
1207.68 0.328
1207.71 0.329
1207.75 0.33
1207.78 0.331
1207.81 0.332
1207.85 0.333
1207.88 0.334
1207.91 0.335
1207.95 0.336
1207.98 0.337
1208.02 0.338
1208.05 0.339
1208.08 0.34
1208.12 0.341
1208.15 0.342
1208.18 0.343
1208.22 0.344
1208.25 0.345
1208.28 0.346
1208.32 0.347
1208.35 0.348
1208.38 0.349
1208.42 0.35
1208.45 0.351
1208.49 0.352
1208.52 0.353
1208.55 0.354
1208.59 0.355
1208.62 0.356
1208.65 0.357
1208.69 0.358
1208.72 0.359
1208.75 0.36
1208.79 0.361
1208.82 0.362
1208.85 0.363
1208.89 0.364
1208.92 0.365
1208.96 0.366
1208.99 0.367
1209.02 0.368
1209.06 0.369
1209.09 0.37
1209.12 0.371
1209.16 0.372
1209.19 0.373
1209.22 0.374
1209.26 0.375
1209.29 0.376
1209.33 0.377
1209.36 0.378
1209.39 0.379
1209.43 0.38
1209.46 0.381
1209.49 0.382
1209.53 0.383
1209.56 0.384
1209.59 0.385
1209.63 0.386
1209.66 0.387
1209.69 0.388
1209.73 0.389
1209.76 0.39
1209.8 0.391
1209.83 0.392
1209.86 0.393
1209.9 0.394
1209.93 0.395
1209.96 0.396
1210 0.397
1210.03 0.398
1210.06 0.399
1210.1 0.4
1210.13 0.401
1210.16 0.402
1210.2 0.403
1210.23 0.404
1210.27 0.405
1210.3 0.406
1210.33 0.407
1210.37 0.408
1210.4 0.409
1210.43 0.41
1210.47 0.411
1210.5 0.412
1210.53 0.413
1210.57 0.414
1210.6 0.415
1210.63 0.416
1210.67 0.417
1210.7 0.418
1210.74 0.419
1210.77 0.42
1210.8 0.421
1210.84 0.422
1210.87 0.423
1210.9 0.424
1210.94 0.425
1210.97 0.426
1211 0.427
1211.04 0.428
1211.07 0.429
1211.11 0.43
1211.14 0.431
1211.17 0.432
1211.21 0.433
1211.24 0.434
1211.27 0.435
1211.31 0.436
1211.34 0.437
1211.37 0.438
1211.41 0.439
1211.44 0.44
1211.47 0.441
1211.51 0.442
1211.54 0.443
1211.58 0.444
1211.61 0.445
1211.64 0.446
1211.68 0.447
1211.71 0.448
1211.74 0.449
1211.78 0.45
1211.81 0.451
1211.84 0.452
1211.88 0.453
1211.91 0.454
1211.94 0.455
1211.98 0.456
1212.01 0.457
1212.05 0.458
1212.08 0.459
1212.11 0.46
1212.15 0.461
1212.18 0.462
1212.21 0.463
1212.25 0.464
1212.28 0.465
1212.31 0.466
1212.35 0.467
1212.38 0.468
1212.41 0.469
1212.45 0.47
1212.48 0.471
1212.52 0.472
1212.55 0.473
1212.58 0.474
1212.62 0.475
1212.65 0.476
1212.68 0.477
1212.72 0.478
1212.75 0.479
1212.78 0.48
1212.82 0.481
1212.85 0.482
1212.89 0.483
1212.92 0.484
1212.95 0.485
1212.99 0.486
1213.02 0.487
1213.05 0.488
1213.09 0.489
1213.12 0.49
1213.15 0.491
1213.19 0.492
1213.22 0.493
1213.25 0.494
1213.29 0.495
1213.32 0.496
1213.36 0.497
1213.39 0.498
1213.42 0.499
1213.46 0.5
1213.49 0.501
1213.52 0.502
1213.56 0.503
1213.59 0.504
1213.62 0.505
1213.66 0.506
1213.69 0.507
1213.72 0.508
1213.76 0.509
1213.79 0.51
1213.83 0.511
1213.86 0.512
1213.89 0.513
1213.93 0.514
1213.96 0.515
1213.99 0.516
1214.03 0.517
1214.06 0.518
1214.09 0.519
1214.13 0.52
1214.16 0.521
1214.19 0.522
1214.23 0.523
1214.26 0.524
1214.3 0.525
1214.33 0.526
1214.36 0.527
1214.4 0.528
1214.43 0.529
1214.46 0.53
1214.5 0.531
1214.53 0.532
1214.56 0.533
1214.6 0.534
1214.63 0.535
1214.67 0.536
1214.7 0.537
1214.73 0.538
1214.77 0.539
1214.8 0.54
1214.83 0.541
1214.87 0.542
1214.9 0.543
1214.93 0.544
1214.97 0.545
1215 0.546
1215.03 0.547
1215.07 0.548
1215.1 0.549
1215.14 0.55
1215.17 0.551
1215.2 0.552
1215.24 0.553
1215.27 0.554
1215.3 0.555
1215.34 0.556
1215.37 0.557
1215.4 0.558
1215.44 0.559
1215.47 0.56
1215.5 0.561
1215.54 0.562
1215.57 0.563
1215.61 0.564
1215.64 0.565
1215.67 0.566
1215.71 0.567
1215.74 0.568
1215.77 0.569
1215.81 0.57
1215.84 0.571
1215.87 0.572
1215.91 0.573
1215.94 0.574
1215.97 0.575
1216.01 0.576
1216.04 0.577
1216.08 0.578
1216.11 0.579
1216.14 0.58
1216.18 0.581
1216.21 0.582
1216.24 0.583
1216.28 0.584
1216.31 0.585
1216.34 0.586
1216.38 0.587
1216.41 0.588
1216.45 0.589
1216.48 0.59
1216.51 0.591
1216.55 0.592
1216.58 0.593
1216.61 0.594
1216.65 0.595
1216.68 0.596
1216.71 0.597
1216.75 0.598
1216.78 0.599
1216.81 0.6
1216.85 0.601
1216.88 0.602
1216.92 0.603
1216.95 0.604
1216.98 0.605
1217.02 0.606
1217.05 0.607
1217.08 0.608
1217.12 0.609
1217.15 0.61
1217.18 0.611
1217.22 0.612
1217.25 0.613
1217.28 0.614
1217.32 0.615
1217.35 0.616
1217.39 0.617
1217.42 0.618
1217.45 0.619
1217.49 0.62
1217.52 0.621
1217.55 0.622
1217.59 0.623
1217.62 0.624
1217.65 0.625
1217.69 0.626
1217.72 0.627
1217.75 0.628
1217.79 0.629
1217.82 0.63
1217.86 0.631
1217.89 0.632
1217.92 0.633
1217.96 0.634
1217.99 0.635
1218.02 0.636
1218.06 0.637
1218.09 0.638
1218.12 0.639
1218.16 0.64
1218.19 0.641
1218.23 0.642
1218.26 0.643
1218.29 0.644
1218.33 0.645
1218.36 0.646
1218.39 0.647
1218.43 0.648
1218.46 0.649
1218.49 0.65
1218.53 0.651
1218.56 0.652
1218.59 0.653
1218.63 0.654
1218.66 0.655
1218.7 0.656
1218.73 0.657
1218.76 0.658
1218.8 0.659
1218.83 0.66
1218.86 0.661
1218.9 0.662
1218.93 0.663
1218.96 0.664
1219 0.665
1219.03 0.666
1219.06 0.667
1219.1 0.668
1219.13 0.669
1219.17 0.67
1219.2 0.671
1219.23 0.672
1219.27 0.673
1219.3 0.674
1219.33 0.675
1219.37 0.676
1219.4 0.677
1219.43 0.678
1219.47 0.679
1219.5 0.68
1219.53 0.681
1219.57 0.682
1219.6 0.683
1219.64 0.684
1219.67 0.685
1219.7 0.686
1219.74 0.687
1219.77 0.688
1219.8 0.689
1219.84 0.69
1219.87 0.691
1219.9 0.692
1219.94 0.693
1219.97 0.694
1220.01 0.695
1220.04 0.696
1220.07 0.697
1220.11 0.698
1220.14 0.699
1220.17 0.7
1220.21 0.701
1220.24 0.702
1220.27 0.703
1220.31 0.704
1220.34 0.705
1220.37 0.706
1220.41 0.707
1220.44 0.708
1220.48 0.709
1220.51 0.71
1220.54 0.711
1220.58 0.712
1220.61 0.713
1220.64 0.714
1220.68 0.715
1220.71 0.716
1220.74 0.717
1220.78 0.718
1220.81 0.719
1220.84 0.72
1220.88 0.721
1220.91 0.722
1220.95 0.723
1220.98 0.724
1221.01 0.725
1221.05 0.726
1221.08 0.727
1221.11 0.728
1221.15 0.729
1221.18 0.73
1221.21 0.731
1221.25 0.732
1221.28 0.733
1221.31 0.734
1221.35 0.735
1221.38 0.736
1221.42 0.737
1221.45 0.738
1221.48 0.739
1221.52 0.74
1221.55 0.741
1221.58 0.742
1221.62 0.743
1221.65 0.744
1221.68 0.745
1221.72 0.746
1221.75 0.747
1221.79 0.748
1221.82 0.749
1221.85 0.75
1221.89 0.751
1221.92 0.752
1221.95 0.753
1221.99 0.754
1222.02 0.755
1222.05 0.756
1222.09 0.757
1222.12 0.758
1222.15 0.759
1222.19 0.76
1222.22 0.761
1222.26 0.762
1222.29 0.763
1222.32 0.764
1222.36 0.765
1222.39 0.766
1222.42 0.767
1222.46 0.768
1222.49 0.769
1222.52 0.77
1222.56 0.771
1222.59 0.772
1222.62 0.773
1222.66 0.774
1222.69 0.775
1222.73 0.776
1222.76 0.777
1222.79 0.778
1222.83 0.779
1222.86 0.78
1222.89 0.781
1222.93 0.782
1222.96 0.783
1222.99 0.784
1223.03 0.785
1223.06 0.786
1223.09 0.787
1223.13 0.788
1223.16 0.789
1223.2 0.79
1223.23 0.791
1223.26 0.792
1223.3 0.793
1223.33 0.794
1223.36 0.795
1223.4 0.796
1223.43 0.797
1223.46 0.798
1223.5 0.799
1223.53 0.8
1223.57 0.801
1223.6 0.802
1223.63 0.803
1223.67 0.804
1223.7 0.805
1223.73 0.806
1223.77 0.807
1223.8 0.808
1223.83 0.809
1223.87 0.81
1223.9 0.811
1223.93 0.812
1223.97 0.813
1224 0.814
1224.04 0.815
1224.07 0.816
1224.1 0.817
1224.14 0.818
1224.17 0.819
1224.2 0.82
1224.24 0.821
1224.27 0.822
1224.3 0.823
1224.34 0.824
1224.37 0.825
1224.4 0.826
1224.44 0.827
1224.47 0.828
1224.51 0.829
1224.54 0.83
1224.57 0.831
1224.61 0.832
1224.64 0.833
1224.67 0.834
1224.71 0.835
1224.74 0.836
1224.77 0.837
1224.81 0.838
1224.84 0.839
1224.87 0.84
1224.91 0.841
1224.94 0.842
1224.98 0.843
1225.01 0.844
1225.04 0.845
1225.08 0.846
1225.11 0.847
1225.14 0.848
1225.18 0.849
1225.21 0.85
1225.24 0.851
1225.28 0.852
1225.31 0.853
1225.35 0.854
1225.38 0.855
1225.41 0.856
1225.45 0.857
1225.48 0.858
1225.51 0.859
1225.55 0.86
1225.58 0.861
1225.61 0.862
1225.65 0.863
1225.68 0.864
1225.71 0.865
1225.75 0.866
1225.78 0.867
1225.82 0.868
1225.85 0.869
1225.88 0.87
1225.92 0.871
1225.95 0.872
1225.98 0.873
1226.02 0.874
1226.05 0.875
1226.08 0.876
1226.12 0.877
1226.15 0.878
1226.18 0.879
1226.22 0.88
1226.25 0.881
1226.29 0.882
1226.32 0.883
1226.35 0.884
1226.39 0.885
1226.42 0.886
1226.45 0.887
1226.49 0.888
1226.52 0.889
1226.55 0.89
1226.59 0.891
1226.62 0.892
1226.65 0.893
1226.69 0.894
1226.72 0.895
1226.76 0.896
1226.79 0.897
1226.82 0.898
1226.86 0.899
1226.89 0.9
1226.92 0.901
1226.96 0.902
1226.99 0.903
1227.02 0.904
1227.06 0.905
1227.09 0.906
1227.13 0.907
1227.16 0.908
1227.19 0.909
1227.23 0.91
1227.26 0.911
1227.29 0.912
1227.33 0.913
1227.36 0.914
1227.39 0.915
1227.43 0.916
1227.46 0.917
1227.49 0.918
1227.53 0.919
1227.56 0.92
1227.6 0.921
1227.63 0.922
1227.66 0.923
1227.7 0.924
1227.73 0.925
1227.76 0.926
1227.8 0.927
1227.83 0.928
1227.86 0.929
1227.9 0.93
1227.93 0.931
1227.96 0.932
1228 0.933
1228.03 0.934
1228.07 0.935
1228.1 0.936
1228.13 0.937
1228.17 0.938
1228.2 0.939
1228.23 0.94
1228.27 0.941
1228.3 0.942
1228.33 0.943
1228.37 0.944
1228.4 0.945
1228.43 0.946
1228.47 0.947
1228.5 0.948
1228.54 0.949
1228.57 0.95
1228.6 0.951
1228.64 0.952
1228.67 0.953
1228.7 0.954
1228.74 0.955
1228.77 0.956
1228.8 0.957
1228.84 0.958
1228.87 0.959
1228.91 0.96
1228.94 0.961
1228.97 0.962
1229.01 0.963
1229.04 0.964
1229.07 0.965
1229.11 0.966
1229.14 0.967
1229.17 0.968
1229.21 0.969
1229.24 0.97
1229.27 0.971
1229.31 0.972
1229.34 0.973
1229.38 0.974
1229.41 0.975
1229.44 0.976
1229.48 0.977
1229.51 0.978
1229.54 0.979
1229.58 0.98
1229.61 0.981
1229.64 0.982
1229.68 0.983
1229.71 0.984
1229.74 0.985
1229.78 0.986
1229.81 0.987
1229.85 0.988
1229.88 0.989
1229.91 0.99
1229.95 0.991
1229.98 0.992
1230.01 0.993
1230.05 0.994
1230.08 0.995
1230.11 0.996
1230.15 0.997
1230.18 0.998
1230.21 0.999
1230.25 1
1230.28 1.001
1230.32 1.002
1230.35 1.003
1230.38 1.004
1230.42 1.005
1230.45 1.006
1230.48 1.007
1230.52 1.008
1230.55 1.009
1230.58 1.01
1230.62 1.011
1230.65 1.012
1230.69 1.013
1230.72 1.014
1230.75 1.015
1230.79 1.016
1230.82 1.017
1230.85 1.018
1230.89 1.019
1230.92 1.02
1230.95 1.021
1230.99 1.022
1231.02 1.023
1231.05 1.024
1231.09 1.025
1231.12 1.026
1231.16 1.027
1231.19 1.028
1231.22 1.029
1231.26 1.03
1231.29 1.031
1231.32 1.032
1231.36 1.033
1231.39 1.034
1231.42 1.035
1231.46 1.036
1231.49 1.037
1231.52 1.038
1231.56 1.039
1231.59 1.04
1231.63 1.041
1231.66 1.042
1231.69 1.043
1231.73 1.044
1231.76 1.045
1231.79 1.046
1231.83 1.047
1231.86 1.048
1231.89 1.049
1231.93 1.05
1231.96 1.051
1231.99 1.052
1232.03 1.053
1232.06 1.054
1232.1 1.055
1232.13 1.056
1232.16 1.057
1232.2 1.058
1232.23 1.059
1232.26 1.06
1232.3 1.061
1232.33 1.062
1232.36 1.063
1232.4 1.064
1232.43 1.065
1232.47 1.066
1232.5 1.067
1232.53 1.068
1232.57 1.069
1232.6 1.07
1232.63 1.071
1232.67 1.072
1232.7 1.073
1232.73 1.074
1232.77 1.075
1232.8 1.076
1232.83 1.077
1232.87 1.078
1232.9 1.079
1232.94 1.08
1232.97 1.081
1233 1.082
1233.04 1.083
1233.07 1.084
1233.1 1.085
1233.14 1.086
1233.17 1.087
1233.2 1.088
1233.24 1.089
1233.27 1.09
1233.3 1.091
1233.34 1.092
1233.37 1.093
1233.41 1.094
1233.44 1.095
1233.47 1.096
1233.51 1.097
1233.54 1.098
1233.57 1.099
1233.61 1.1
1233.64 1.101
1233.67 1.102
1233.71 1.103
1233.74 1.104
1233.77 1.105
1233.81 1.106
1233.84 1.107
1233.88 1.108
1233.91 1.109
1233.94 1.11
1233.98 1.111
1234.01 1.112
1234.04 1.113
1234.08 1.114
1234.11 1.115
1234.14 1.116
1234.18 1.117
1234.21 1.118
1234.25 1.119
1234.28 1.12
1234.31 1.121
1234.35 1.122
1234.38 1.123
1234.41 1.124
1234.45 1.125
1234.48 1.126
1234.51 1.127
1234.55 1.128
1234.58 1.129
1234.61 1.13
1234.65 1.131
1234.68 1.132
1234.72 1.133
1234.75 1.134
1234.78 1.135
1234.82 1.136
1234.85 1.137
1234.88 1.138
1234.92 1.139
1234.95 1.14
1234.98 1.141
1235.02 1.142
1235.05 1.143
1235.08 1.144
1235.12 1.145
1235.15 1.146
1235.19 1.147
1235.22 1.148
1235.25 1.149
1235.29 1.15
1235.32 1.151
1235.35 1.152
1235.39 1.153
1235.42 1.154
1235.45 1.155
1235.49 1.156
1235.52 1.157
1235.55 1.158
1235.59 1.159
1235.62 1.16
1235.66 1.161
1235.69 1.162
1235.72 1.163
1235.76 1.164
1235.79 1.165
1235.82 1.166
1235.86 1.167
1235.89 1.168
1235.92 1.169
1235.96 1.17
1235.99 1.171
1236.03 1.172
1236.06 1.173
1236.09 1.174
1236.13 1.175
1236.16 1.176
1236.19 1.177
1236.23 1.178
1236.26 1.179
1236.29 1.18
1236.33 1.181
1236.36 1.182
1236.39 1.183
1236.43 1.184
1236.46 1.185
1236.5 1.186
1236.53 1.187
1236.56 1.188
1236.6 1.189
1236.63 1.19
1236.66 1.191
1236.7 1.192
1236.73 1.193
1236.76 1.194
1236.8 1.195
1236.83 1.196
1236.86 1.197
1236.9 1.198
1236.93 1.199
1236.97 1.2
1237 1.201
1237.03 1.202
1237.07 1.203
1237.1 1.204
1237.13 1.205
1237.17 1.206
1237.2 1.207
1237.23 1.208
1237.27 1.209
1237.3 1.21
1237.33 1.211
1237.37 1.212
1237.4 1.213
1237.44 1.214
1237.47 1.215
1237.5 1.216
1237.54 1.217
1237.57 1.218
1237.6 1.219
1237.64 1.22
1237.67 1.221
1237.7 1.222
1237.74 1.223
1237.77 1.224
1237.81 1.225
1237.84 1.226
1237.87 1.227
1237.91 1.228
1237.94 1.229
1237.97 1.23
1238.01 1.231
1238.04 1.232
1238.07 1.233
1238.11 1.234
1238.14 1.235
1238.17 1.236
1238.21 1.237
1238.24 1.238
1238.28 1.239
1238.31 1.24
1238.34 1.241
1238.38 1.242
1238.41 1.243
1238.44 1.244
1238.48 1.245
1238.51 1.246
1238.54 1.247
1238.58 1.248
1238.61 1.249
1238.64 1.25
1238.68 1.251
1238.71 1.252
1238.75 1.253
1238.78 1.254
1238.81 1.255
1238.85 1.256
1238.88 1.257
1238.91 1.258
1238.95 1.259
1238.98 1.26
1239.01 1.261
1239.05 1.262
1239.08 1.263
1239.11 1.264
1239.15 1.265
1239.18 1.266
1239.22 1.267
1239.25 1.268
1239.28 1.269
1239.32 1.27
1239.35 1.271
1239.38 1.272
1239.42 1.273
1239.45 1.274
1239.48 1.275
1239.52 1.276
1239.55 1.277
1239.58 1.278
1239.62 1.279
1239.65 1.28
1239.69 1.281
1239.72 1.282
1239.75 1.283
1239.79 1.284
1239.82 1.285
1239.85 1.286
1239.89 1.287
1239.92 1.288
1239.95 1.289
1239.99 1.29
1240.02 1.291
1240.06 1.292
1240.09 1.293
1240.12 1.294
1240.16 1.295
1240.19 1.296
1240.22 1.297
1240.26 1.298
1240.29 1.299
1240.32 1.3
1240.36 1.301
1240.39 1.302
1240.42 1.303
1240.46 1.304
1240.49 1.305
1240.53 1.306
1240.56 1.307
1240.59 1.308
1240.63 1.309
1240.66 1.31
1240.69 1.311
1240.73 1.312
1240.76 1.313
1240.79 1.314
1240.83 1.315
1240.86 1.316
1240.89 1.317
1240.93 1.318
1240.96 1.319
1241 1.32
1241.03 1.321
1241.06 1.322
1241.1 1.323
1241.13 1.324
1241.16 1.325
1241.2 1.326
1241.23 1.327
1241.26 1.328
1241.3 1.329
1241.33 1.33
1241.36 1.331
1241.4 1.332
1241.43 1.333
1241.47 1.334
1241.5 1.335
1241.53 1.336
1241.57 1.337
1241.6 1.338
1241.63 1.339
1241.67 1.34
1241.7 1.341
1241.73 1.342
1241.77 1.343
1241.8 1.344
1241.84 1.345
1241.87 1.346
1241.9 1.347
1241.94 1.348
1241.97 1.349
1242 1.35
1242.04 1.351
1242.07 1.352
1242.1 1.353
1242.14 1.354
1242.17 1.355
1242.2 1.356
1242.24 1.357
1242.27 1.358
1242.31 1.359
1242.34 1.36
1242.37 1.361
1242.41 1.362
1242.44 1.363
1242.47 1.364
1242.51 1.365
1242.54 1.366
1242.57 1.367
1242.61 1.368
1242.64 1.369
1242.67 1.37
1242.71 1.371
1242.74 1.372
1242.78 1.373
1242.81 1.374
1242.84 1.375
1242.88 1.376
1242.91 1.377
1242.94 1.378
1242.98 1.379
1243.01 1.38
1243.04 1.381
1243.08 1.382
1243.11 1.383
1243.14 1.384
1243.18 1.385
1243.21 1.386
1243.25 1.387
1243.28 1.388
1243.31 1.389
1243.35 1.39
1243.38 1.391
1243.41 1.392
1243.45 1.393
1243.48 1.394
1243.51 1.395
1243.55 1.396
1243.58 1.397
1243.62 1.398
1243.65 1.399
1243.68 1.4
1243.72 1.401
1243.75 1.402
1243.78 1.403
1243.82 1.404
1243.85 1.405
1243.88 1.406
1243.92 1.407
1243.95 1.408
1243.98 1.409
1244.02 1.41
1244.05 1.411
1244.09 1.412
1244.12 1.413
1244.15 1.414
1244.19 1.415
1244.22 1.416
1244.25 1.417
1244.29 1.418
1244.32 1.419
1244.35 1.42
1244.39 1.421
1244.42 1.422
1244.45 1.423
1244.49 1.424
1244.52 1.425
1244.56 1.426
1244.59 1.427
1244.62 1.428
1244.66 1.429
1244.69 1.43
1244.72 1.431
1244.76 1.432
1244.79 1.433
1244.82 1.434
1244.86 1.435
1244.89 1.436
1244.92 1.437
1244.96 1.438
1244.99 1.439
1245.03 1.44
1245.06 1.441
1245.09 1.442
1245.13 1.443
1245.16 1.444
1245.19 1.445
1245.23 1.446
1245.26 1.447
1245.29 1.448
1245.33 1.449
1245.36 1.45
1245.4 1.451
1245.43 1.452
1245.46 1.453
1245.5 1.454
1245.53 1.455
1245.56 1.456
1245.6 1.457
1245.63 1.458
1245.66 1.459
1245.7 1.46
1245.73 1.461
1245.76 1.462
1245.8 1.463
1245.83 1.464
1245.87 1.465
1245.9 1.466
1245.93 1.467
1245.97 1.468
1246 1.469
1246.03 1.47
1246.07 1.471
1246.1 1.472
1246.13 1.473
1246.17 1.474
1246.2 1.475
1246.23 1.476
1246.27 1.477
1246.3 1.478
1246.34 1.479
1246.37 1.48
1246.4 1.481
1246.44 1.482
1246.47 1.483
1246.5 1.484
1246.54 1.485
1246.57 1.486
1246.6 1.487
1246.64 1.488
1246.67 1.489
1246.7 1.49
1246.74 1.491
1246.77 1.492
1246.81 1.493
1246.84 1.494
1246.87 1.495
1246.91 1.496
1246.94 1.497
1246.97 1.498
1247.01 1.499
1247.04 1.5
1247.07 1.501
1247.11 1.502
1247.14 1.503
1247.18 1.504
1247.21 1.505
1247.24 1.506
1247.28 1.507
1247.31 1.508
1247.34 1.509
1247.38 1.51
1247.41 1.511
1247.44 1.512
1247.48 1.513
1247.51 1.514
1247.54 1.515
1247.58 1.516
1247.61 1.517
1247.65 1.518
1247.68 1.519
1247.71 1.52
1247.75 1.521
1247.78 1.522
1247.81 1.523
1247.85 1.524
1247.88 1.525
1247.91 1.526
1247.95 1.527
1247.98 1.528
1248.01 1.529
1248.05 1.53
1248.08 1.531
1248.12 1.532
1248.15 1.533
1248.18 1.534
1248.22 1.535
1248.25 1.536
1248.28 1.537
1248.32 1.538
1248.35 1.539
1248.38 1.54
1248.42 1.541
1248.45 1.542
1248.48 1.543
1248.52 1.544
1248.55 1.545
1248.59 1.546
1248.62 1.547
1248.65 1.548
1248.69 1.549
1248.72 1.55
1248.75 1.551
1248.79 1.552
1248.82 1.553
1248.85 1.554
1248.89 1.555
1248.92 1.556
1248.96 1.557
1248.99 1.558
1249.02 1.559
1249.06 1.56
1249.09 1.561
1249.12 1.562
1249.16 1.563
1249.19 1.564
1249.22 1.565
1249.26 1.566
1249.29 1.567
1249.32 1.568
1249.36 1.569
1249.39 1.57
1249.43 1.571
1249.46 1.572
1249.49 1.573
1249.53 1.574
1249.56 1.575
1249.59 1.576
1249.63 1.577
1249.66 1.578
1249.69 1.579
1249.73 1.58
1249.76 1.581
1249.79 1.582
1249.83 1.583
1249.86 1.584
1249.9 1.585
1249.93 1.586
1249.96 1.587
1250 1.588
1250.03 1.589
1250.06 1.59
1250.1 1.591
1250.13 1.592
1250.16 1.593
1250.2 1.594
1250.23 1.595
1250.26 1.596
1250.3 1.597
1250.33 1.598
1250.37 1.599
1250.4 1.6
1250.43 1.601
1250.47 1.602
1250.5 1.603
1250.53 1.604
1250.57 1.605
1250.6 1.606
1250.63 1.607
1250.67 1.608
1250.7 1.609
1250.74 1.61
1250.77 1.611
1250.8 1.612
1250.84 1.613
1250.87 1.614
1250.9 1.615
1250.94 1.616
1250.97 1.617
1251 1.618
1251.04 1.619
1251.07 1.62
1251.1 1.621
1251.14 1.622
1251.17 1.623
1251.21 1.624
1251.24 1.625
1251.27 1.626
1251.31 1.627
1251.34 1.628
1251.37 1.629
1251.41 1.63
1251.44 1.631
1251.47 1.632
1251.51 1.633
1251.54 1.634
1251.57 1.635
1251.61 1.636
1251.64 1.637
1251.68 1.638
1251.71 1.639
1251.74 1.64
1251.78 1.641
1251.81 1.642
1251.84 1.643
1251.88 1.644
1251.91 1.645
1251.94 1.646
1251.98 1.647
1252.01 1.648
1252.04 1.649
1252.08 1.65
1252.11 1.651
1252.15 1.652
1252.18 1.653
1252.21 1.654
1252.25 1.655
1252.28 1.656
1252.31 1.657
1252.35 1.658
1252.38 1.659
1252.41 1.66
1252.45 1.661
1252.48 1.662
1252.52 1.663
1252.55 1.664
1252.58 1.665
1252.62 1.666
1252.65 1.667
1252.68 1.668
1252.72 1.669
1252.75 1.67
1252.78 1.671
1252.82 1.672
1252.85 1.673
1252.88 1.674
1252.92 1.675
1252.95 1.676
1252.99 1.677
1253.02 1.678
1253.05 1.679
1253.09 1.68
1253.12 1.681
1253.15 1.682
1253.19 1.683
1253.22 1.684
1253.25 1.685
1253.29 1.686
1253.32 1.687
1253.35 1.688
1253.39 1.689
1253.42 1.69
1253.46 1.691
1253.49 1.692
1253.52 1.693
1253.56 1.694
1253.59 1.695
1253.62 1.696
1253.66 1.697
1253.69 1.698
1253.72 1.699
1253.76 1.7
1253.79 1.701
1253.82 1.702
1253.86 1.703
1253.89 1.704
1253.93 1.705
1253.96 1.706
1253.99 1.707
1254.03 1.708
1254.06 1.709
1254.09 1.71
1254.13 1.711
1254.16 1.712
1254.19 1.713
1254.23 1.714
1254.26 1.715
1254.3 1.716
1254.33 1.717
1254.36 1.718
1254.4 1.719
1254.43 1.72
1254.46 1.721
1254.5 1.722
1254.53 1.723
1254.56 1.724
1254.6 1.725
1254.63 1.726
1254.66 1.727
1254.7 1.728
1254.73 1.729
1254.77 1.73
1254.8 1.731
1254.83 1.732
1254.87 1.733
1254.9 1.734
1254.93 1.735
1254.97 1.736
1255 1.737
1255.03 1.738
1255.07 1.739
1255.1 1.74
1255.13 1.741
1255.17 1.742
1255.2 1.743
1255.24 1.744
1255.27 1.745
1255.3 1.746
1255.34 1.747
1255.37 1.748
1255.4 1.749
1255.44 1.75
1255.47 1.751
1255.5 1.752
1255.54 1.753
1255.57 1.754
1255.6 1.755
1255.64 1.756
1255.67 1.757
1255.71 1.758
1255.74 1.759
1255.77 1.76
1255.81 1.761
1255.84 1.762
1255.87 1.763
1255.91 1.764
1255.94 1.765
1255.97 1.766
1256.01 1.767
1256.04 1.768
1256.08 1.769
1256.11 1.77
1256.14 1.771
1256.18 1.772
1256.21 1.773
1256.24 1.774
1256.28 1.775
1256.31 1.776
1256.34 1.777
1256.38 1.778
1256.41 1.779
1256.44 1.78
1256.48 1.781
1256.51 1.782
1256.55 1.783
1256.58 1.784
1256.61 1.785
1256.65 1.786
1256.68 1.787
1256.71 1.788
1256.75 1.789
1256.78 1.79
1256.81 1.791
1256.85 1.792
1256.88 1.793
1256.91 1.794
1256.95 1.795
1256.98 1.796
1257.02 1.797
1257.05 1.798
1257.08 1.799
1257.12 1.8
1257.15 1.801
1257.18 1.802
1257.22 1.803
1257.25 1.804
1257.28 1.805
1257.32 1.806
1257.35 1.807
1257.38 1.808
1257.42 1.809
1257.45 1.81
1257.49 1.811
1257.52 1.812
1257.55 1.813
1257.59 1.814
1257.62 1.815
1257.65 1.816
1257.69 1.817
1257.72 1.818
1257.75 1.819
1257.79 1.82
1257.82 1.821
1257.86 1.822
1257.89 1.823
1257.92 1.824
1257.96 1.825
1257.99 1.826
1258.02 1.827
1258.06 1.828
1258.09 1.829
1258.12 1.83
1258.16 1.831
1258.19 1.832
1258.22 1.833
1258.26 1.834
1258.29 1.835
1258.33 1.836
1258.36 1.837
1258.39 1.838
1258.43 1.839
1258.46 1.84
1258.49 1.841
1258.53 1.842
1258.56 1.843
1258.59 1.844
1258.63 1.845
1258.66 1.846
1258.69 1.847
1258.73 1.848
1258.76 1.849
1258.8 1.85
1258.83 1.851
1258.86 1.852
1258.9 1.853
1258.93 1.854
1258.96 1.855
1259 1.856
1259.03 1.857
1259.06 1.858
1259.1 1.859
1259.13 1.86
1259.16 1.861
1259.2 1.862
1259.23 1.863
1259.27 1.864
1259.3 1.865
1259.33 1.866
1259.37 1.867
1259.4 1.868
1259.43 1.869
1259.47 1.87
1259.5 1.871
1259.53 1.872
1259.57 1.873
1259.6 1.874
1259.64 1.875
1259.67 1.876
1259.7 1.877
1259.74 1.878
1259.77 1.879
1259.8 1.88
1259.84 1.881
1259.87 1.882
1259.9 1.883
1259.94 1.884
1259.97 1.885
1260 1.886
1260.04 1.887
1260.07 1.888
1260.11 1.889
1260.14 1.89
1260.17 1.891
1260.21 1.892
1260.24 1.893
1260.27 1.894
1260.31 1.895
1260.34 1.896
1260.37 1.897
1260.41 1.898
1260.44 1.899
1260.47 1.9
1260.51 1.901
1260.54 1.902
1260.58 1.903
1260.61 1.904
1260.64 1.905
1260.68 1.906
1260.71 1.907
1260.74 1.908
1260.78 1.909
1260.81 1.91
1260.84 1.911
1260.88 1.912
1260.91 1.913
1260.94 1.914
1260.98 1.915
1261.01 1.916
1261.05 1.917
1261.08 1.918
1261.11 1.919
1261.15 1.92
1261.18 1.921
1261.21 1.922
1261.25 1.923
1261.28 1.924
1261.31 1.925
1261.35 1.926
1261.38 1.927
1261.42 1.928
1261.45 1.929
1261.48 1.93
1261.52 1.931
1261.55 1.932
1261.58 1.933
1261.62 1.934
1261.65 1.935
1261.68 1.936
1261.72 1.937
1261.75 1.938
1261.78 1.939
1261.82 1.94
1261.85 1.941
1261.89 1.942
1261.92 1.943
1261.95 1.944
1261.99 1.945
1262.02 1.946
1262.05 1.947
1262.09 1.948
1262.12 1.949
1262.15 1.95
1262.19 1.951
1262.22 1.952
1262.25 1.953
1262.29 1.954
1262.32 1.955
1262.36 1.956
1262.39 1.957
1262.42 1.958
1262.46 1.959
1262.49 1.96
1262.52 1.961
1262.56 1.962
1262.59 1.963
1262.62 1.964
1262.66 1.965
1262.69 1.966
1262.72 1.967
1262.76 1.968
1262.79 1.969
1262.83 1.97
1262.86 1.971
1262.89 1.972
1262.93 1.973
1262.96 1.974
1262.99 1.975
1263.03 1.976
1263.06 1.977
1263.09 1.978
1263.13 1.979
1263.16 1.98
1263.2 1.981
1263.23 1.982
1263.26 1.983
1263.3 1.984
1263.33 1.985
1263.36 1.986
1263.4 1.987
1263.43 1.988
1263.46 1.989
1263.5 1.99
1263.53 1.991
1263.56 1.992
1263.6 1.993
1263.63 1.994
1263.67 1.995
1263.7 1.996
1263.73 1.997
1263.77 1.998
1263.8 1.999
1263.83 2
1263.87 2.001
1263.9 2.002
1263.93 2.003
1263.97 2.004
1264 2.005
1264.03 2.006
1264.07 2.007
1264.1 2.008
1264.14 2.009
1264.17 2.01
1264.2 2.011
1264.24 2.012
1264.27 2.013
1264.3 2.014
1264.34 2.015
1264.37 2.016
1264.4 2.017
1264.44 2.018
1264.47 2.019
1264.5 2.02
1264.54 2.021
1264.57 2.022
1264.61 2.023
1264.64 2.024
1264.67 2.025
1264.71 2.026
1264.74 2.027
1264.77 2.028
1264.81 2.029
1264.84 2.03
1264.87 2.031
1264.91 2.032
1264.94 2.033
1264.98 2.034
1265.01 2.035
1265.04 2.036
1265.08 2.037
1265.11 2.038
1265.14 2.039
1265.18 2.04
1265.21 2.041
1265.24 2.042
1265.28 2.043
1265.31 2.044
1265.34 2.045
1265.38 2.046
1265.41 2.047
1265.45 2.048
1265.48 2.049
1265.51 2.05
1265.55 2.051
1265.58 2.052
1265.61 2.053
1265.65 2.054
1265.68 2.055
1265.71 2.056
1265.75 2.057
1265.78 2.058
1265.81 2.059
1265.85 2.06
1265.88 2.061
1265.92 2.062
1265.95 2.063
1265.98 2.064
1266.02 2.065
1266.05 2.066
1266.08 2.067
1266.12 2.068
1266.15 2.069
1266.18 2.07
1266.22 2.071
1266.25 2.072
1266.28 2.073
1266.32 2.074
1266.35 2.075
1266.39 2.076
1266.42 2.077
1266.45 2.078
1266.49 2.079
1266.52 2.08
1266.55 2.081
1266.59 2.082
1266.62 2.083
1266.65 2.084
1266.69 2.085
1266.72 2.086
1266.76 2.087
1266.79 2.088
1266.82 2.089
1266.86 2.09
1266.89 2.091
1266.92 2.092
1266.96 2.093
1266.99 2.094
1267.02 2.095
1267.06 2.096
1267.09 2.097
1267.12 2.098
1267.16 2.099
1267.19 2.1
1267.23 2.101
1267.26 2.102
1267.29 2.103
1267.33 2.104
1267.36 2.105
1267.39 2.106
1267.43 2.107
1267.46 2.108
1267.49 2.109
1267.53 2.11
1267.56 2.111
1267.59 2.112
1267.63 2.113
1267.66 2.114
1267.7 2.115
1267.73 2.116
1267.76 2.117
1267.8 2.118
1267.83 2.119
1267.86 2.12
1267.9 2.121
1267.93 2.122
1267.96 2.123
1268 2.124
1268.03 2.125
1268.06 2.126
1268.1 2.127
1268.13 2.128
1268.17 2.129
1268.2 2.13
1268.23 2.131
1268.27 2.132
1268.3 2.133
1268.33 2.134
1268.37 2.135
1268.4 2.136
1268.43 2.137
1268.47 2.138
1268.5 2.139
1268.54 2.14
1268.57 2.141
1268.6 2.142
1268.64 2.143
1268.67 2.144
1268.7 2.145
1268.74 2.146
1268.77 2.147
1268.8 2.148
1268.84 2.149
1268.87 2.15
1268.9 2.151
1268.94 2.152
1268.97 2.153
1269.01 2.154
1269.04 2.155
1269.07 2.156
1269.11 2.157
1269.14 2.158
1269.17 2.159
1269.21 2.16
1269.24 2.161
1269.27 2.162
1269.31 2.163
1269.34 2.164
1269.37 2.165
1269.41 2.166
1269.44 2.167
1269.48 2.168
1269.51 2.169
1269.54 2.17
1269.58 2.171
1269.61 2.172
1269.64 2.173
1269.68 2.174
1269.71 2.175
1269.74 2.176
1269.78 2.177
1269.81 2.178
1269.84 2.179
1269.88 2.18
1269.91 2.181
1269.95 2.182
1269.98 2.183
1270.01 2.184
1270.05 2.185
1270.08 2.186
1270.11 2.187
1270.15 2.188
1270.18 2.189
1270.21 2.19
1270.25 2.191
1270.28 2.192
1270.32 2.193
1270.35 2.194
1270.38 2.195
1270.42 2.196
1270.45 2.197
1270.48 2.198
1270.52 2.199
1270.55 2.2
