0 0
0.1 1.89348e-21
0.2 2.18669e-21
0.3 -3.45019e-21
0.4 -3.29482e-21
0.5 -2.136e-21
0.6 6.3039e-21
0.7 2.12836e-21
0.8 -2.8185e-21
0.9 -6.25294e-21
1 1.64348e-21
6.73425 0.001
12.5981 0.002
17.4081 0.003
21.8628 0.004
26.1824 0.005
30.4288 0.006
34.6309 0.007
38.8013 0.008
42.9503 0.009
47.0836 0.01
42.887 0.009
38.6792 0.008
34.4545 0.007
30.2021 0.006
25.9097 0.005
21.5467 0.004
17.0452 0.003
12.1541 0.002
6.3447 0.001
-0.399735 0
-6.91762 -0.001
-12.6026 -0.002
-17.4151 -0.003
-21.866 -0.004
-26.184 -0.005
-30.4296 -0.006
-34.6313 -0.007
-38.8014 -0.008
-42.9503 -0.009
-47.0833 -0.01
-42.8868 -0.009
-38.6791 -0.008
-34.4546 -0.007
-30.2026 -0.006
-25.9109 -0.005
-21.5495 -0.004
-17.053 -0.003
-12.1831 -0.002
-6.51157 -0.001
-0.00425977 0
6.49593 0.001
12.1921 0.002
17.0544 0.003
21.5501 0.004
25.9114 0.005
30.2031 0.006
34.4551 0.007
38.6796 0.008
42.8872 0.009
47.0836 0.01
51.2028 0.011
55.3103 0.012
59.408 0.013
63.4947 0.014
67.5727 0.015
71.6417 0.016
75.7004 0.017
79.748 0.018
83.7827 0.019
87.8022 0.02
83.6403 0.019
79.4769 0.018
75.3117 0.017
71.145 0.016
66.9762 0.015
62.8058 0.014
58.6312 0.013
54.4526 0.012
50.2686 0.011
46.0772 0.01
41.8763 0.009
37.6633 0.008
33.4314 0.007
29.171 0.006
24.867 0.005
20.4892 0.004
15.9637 0.003
11.0989 0.002
5.63347 0.001
-0.530836 0
-6.71223 -0.001
-12.2591 -0.002
-17.1044 -0.003
-21.5915 -0.004
-25.9484 -0.005
-30.2385 -0.006
-34.4893 -0.007
-38.7127 -0.008
-42.9194 -0.009
-47.1147 -0.01
-51.2339 -0.011
-55.3394 -0.012
-59.4345 -0.013
-63.5179 -0.014
-67.5912 -0.015
-71.6542 -0.016
-75.7048 -0.017
-79.7422 -0.018
-83.7639 -0.019
-87.7675 -0.02
-83.6055 -0.019
-79.4424 -0.018
-75.2773 -0.017
-71.1107 -0.016
-66.9419 -0.015
-62.7716 -0.014
-58.5972 -0.013
-54.4187 -0.012
-50.2349 -0.011
-46.0436 -0.01
-41.843 -0.009
-37.6304 -0.008
-33.3988 -0.007
-29.1392 -0.006
-24.8365 -0.005
-20.4612 -0.004
-15.9427 -0.003
-11.1114 -0.002
-5.78085 -0.001
0.0413022 6.77626e-21
5.88597 0.001
11.2277 0.002
16.0662 0.003
20.5818 0.004
24.9547 0.005
29.2565 0.006
33.5153 0.007
37.7459 0.008
41.9575 0.009
46.1567 0.01
50.346 0.011
54.5269 0.012
58.7014 0.013
62.8697 0.014
67.0316 0.015
71.1883 0.016
75.338 0.017
79.4796 0.018
83.6103 0.019
87.7283 0.02
91.7112 0.021
95.6653 0.022
99.587 0.023
103.471 0.024
107.308 0.025
111.091 0.026
114.809 0.027
118.449 0.028
122.003 0.029
125.458 0.03
121.312 0.029
117.165 0.028
113.018 0.027
108.871 0.026
104.723 0.025
100.575 0.024
96.4265 0.023
92.2766 0.022
88.1259 0.021
83.9747 0.02
79.8222 0.019
75.669 0.018
71.5147 0.017
67.3598 0.016
63.2028 0.015
59.0427 0.014
54.8805 0.013
50.7138 0.012
46.5418 0.011
42.3638 0.01
38.1772 0.009
33.9773 0.008
29.7566 0.007
25.5053 0.006
21.2028 0.005
16.8548 0.004
12.458 0.003
7.97442 0.002
3.1873 0.001
-1.95763 0
-7.27935 -0.001
-12.4357 -0.002
-17.1164 -0.003
-21.539 -0.004
-25.8754 -0.005
-30.1483 -0.006
-34.3841 -0.007
-38.5925 -0.008
-42.7841 -0.009
-46.9637 -0.01
-51.134 -0.011
-55.2943 -0.012
-59.4487 -0.013
-63.595 -0.014
-67.7337 -0.015
-71.8652 -0.016
-75.9875 -0.017
-80.099 -0.018
-84.1976 -0.019
-88.2783 -0.02
-92.2716 -0.021
-96.1846 -0.022
-100.06 -0.023
-103.894 -0.024
-107.679 -0.025
-111.406 -0.026
-115.066 -0.027
-118.651 -0.028
-122.149 -0.029
-125.551 -0.03
-121.405 -0.029
-117.258 -0.028
-113.111 -0.027
-108.963 -0.026
-104.815 -0.025
-100.666 -0.024
-96.5175 -0.023
-92.3681 -0.022
-88.2181 -0.021
-84.0674 -0.02
-79.9157 -0.019
-75.7629 -0.018
-71.6085 -0.017
-67.4536 -0.016
-63.2982 -0.015
-59.1391 -0.014
-54.978 -0.013
-50.8136 -0.012
-46.6443 -0.011
-42.4682 -0.01
-38.2851 -0.009
-34.0898 -0.008
-29.8741 -0.007
-25.6301 -0.006
-21.3364 -0.005
-17.0152 -0.004
-12.6676 -0.003
-8.25957 -0.002
-3.57775 -0.001
1.32499 0
6.29185 0.001
11.0496 0.002
15.4084 0.003
19.6275 0.004
23.8466 0.005
28.0774 0.006
32.296 0.007
36.4866 0.008
40.6557 0.009
44.8077 0.01
48.9466 0.011
53.0716 0.012
57.1836 0.013
61.2843 0.014
65.3724 0.015
69.4454 0.016
73.5043 0.017
77.5475 0.018
81.5725 0.019
85.5765 0.02
89.5576 0.021
93.5116 0.022
97.435 0.023
101.324 0.024
105.175 0.025
108.982 0.026
112.741 0.027
116.444 0.028
120.086 0.029
123.642 0.03
127.012 0.031
130.233 0.032
133.35 0.033
136.355 0.034
139.24 0.035
141.999 0.036
144.631 0.037
147.138 0.038
149.524 0.039
151.796 0.04
147.67 0.039
143.546 0.038
139.424 0.037
135.304 0.036
131.186 0.035
127.072 0.034
122.961 0.033
118.854 0.032
114.751 0.031
110.654 0.03
106.561 0.029
102.475 0.028
98.3939 0.027
94.3196 0.026
90.2523 0.025
86.1925 0.024
82.1402 0.023
78.0958 0.022
74.0594 0.021
70.0321 0.02
66.0145 0.019
62.0059 0.018
58.0064 0.017
54.0164 0.016
50.0359 0.015
46.0639 0.014
42.0993 0.013
38.1434 0.012
34.1928 0.011
30.2431 0.01
26.2885 0.009
22.3226 0.008
18.3873 0.007
14.4626 0.006
10.5706 0.005
6.66923 0.004
2.68526 0.003
-1.30075 0.002
-5.24197 0.001
-9.13351 0
-12.9118 -0.001
-16.4434 -0.002
-19.6121 -0.003
-23.004 -0.004
-26.9019 -0.005
-30.8859 -0.006
-34.8896 -0.007
-38.9288 -0.008
-42.9868 -0.009
-47.0316 -0.01
-51.061 -0.011
-55.0763 -0.012
-59.0773 -0.013
-63.0647 -0.014
-67.0367 -0.015
-70.9942 -0.016
-74.9354 -0.017
-78.8581 -0.018
-82.7608 -0.019
-86.6415 -0.02
-90.4979 -0.021
-94.3267 -0.022
-98.1243 -0.023
-101.886 -0.024
-105.609 -0.025
-109.286 -0.026
-112.912 -0.027
-116.48 -0.028
-119.967 -0.029
-123.342 -0.03
-126.577 -0.031
-129.635 -0.032
-132.57 -0.033
-135.392 -0.034
-138.098 -0.035
-140.683 -0.036
-143.148 -0.037
-145.493 -0.038
-147.723 -0.039
-149.841 -0.04
-145.717 -0.039
-141.595 -0.038
-137.476 -0.037
-133.36 -0.036
-129.248 -0.035
-125.141 -0.034
-121.038 -0.033
-116.941 -0.032
-112.85 -0.031
-108.766 -0.03
-104.688 -0.029
-100.617 -0.028
-96.5542 -0.027
-92.4988 -0.026
-88.452 -0.025
-84.414 -0.024
-80.3854 -0.023
-76.3665 -0.022
-72.3575 -0.021
-68.3591 -0.02
-64.3717 -0.019
-60.394 -0.018
-56.4273 -0.017
-52.4717 -0.016
-48.5261 -0.015
-44.5911 -0.014
-40.6655 -0.013
-36.7489 -0.012
-32.8382 -0.011
-28.9278 -0.01
-25.0136 -0.009
-21.1109 -0.008
-17.2292 -0.007
-13.3862 -0.006
-9.54395 -0.005
-5.64391 -0.004
-1.7238 -0.003
2.14217 -0.002
5.97019 -0.001
9.71285 0
13.2064 0.001
16.1417 0.002
18.9648 0.003
21.7397 0.004
24.7598 0.005
28.0088 0.006
31.5541 0.007
35.2366 0.008
38.9089 0.009
42.6199 0.01
46.3291 0.011
50.0511 0.012
53.7584 0.013
57.4449 0.014
61.1064 0.015
64.7433 0.016
68.3553 0.017
71.9432 0.018
75.5056 0.019
79.0417 0.02
82.5501 0.021
86.0306 0.022
89.4822 0.023
92.9035 0.024
96.293 0.025
99.6489 0.026
102.969 0.027
106.25 0.028
109.491 0.029
112.686 0.03
115.833 0.031
118.927 0.032
121.965 0.033
124.941 0.034
127.839 0.035
130.643 0.036
133.346 0.037
135.92 0.038
138.348 0.039
140.669 0.04
142.909 0.041
145.072 0.042
147.146 0.043
149.142 0.044
151.076 0.045
152.939 0.046
154.736 0.047
156.476 0.048
158.163 0.049
159.798 0.05
155.703 0.049
151.621 0.048
147.55 0.047
143.494 0.046
139.451 0.045
135.423 0.044
131.41 0.043
127.411 0.042
123.43 0.041
119.465 0.04
115.517 0.039
111.587 0.038
107.675 0.037
103.782 0.036
99.909 0.035
96.0552 0.034
92.221 0.033
88.4073 0.032
84.6151 0.031
80.8444 0.03
77.0955 0.029
73.3688 0.028
69.6633 0.027
65.981 0.026
62.3218 0.025
58.6859 0.024
55.0723 0.023
51.4823 0.022
47.9154 0.021
44.3715 0.02
40.8502 0.019
37.3507 0.018
33.8712 0.017
30.4096 0.016
26.9626 0.015
23.5285 0.014
20.1347 0.013
16.7586 0.012
13.4182 0.011
10.1054 0.01
6.78307 0.009
3.50519 0.008
0.220461 0.007
-3.05055 0.006
-6.22205 0.005
-9.31803 0.004
-12.3187 0.003
-15.2378 0.002
-18.0497 0.001
-20.6131 0
-22.8265 -0.001
-24.903 -0.002
-26.9419 -0.003
-28.9431 -0.004
-30.8947 -0.005
-32.798 -0.006
-35.2899 -0.007
-37.7979 -0.008
-40.2979 -0.009
-43.7356 -0.01
-47.2202 -0.011
-50.7263 -0.012
-54.264 -0.013
-57.7879 -0.014
-61.2999 -0.015
-64.7877 -0.016
-68.2509 -0.017
-71.6893 -0.018
-75.1015 -0.019
-78.4864 -0.02
-81.8424 -0.021
-85.1681 -0.022
-88.4618 -0.023
-91.7213 -0.024
-94.9442 -0.025
-98.1277 -0.026
-101.27 -0.027
-104.367 -0.028
-107.418 -0.029
-110.418 -0.03
-113.366 -0.031
-116.26 -0.032
-119.099 -0.033
-121.883 -0.034
-124.578 -0.035
-127.205 -0.036
-129.769 -0.037
-132.238 -0.038
-134.59 -0.039
-136.836 -0.04
-138.999 -0.041
-141.108 -0.042
-143.172 -0.043
-145.166 -0.044
-147.095 -0.045
-148.97 -0.046
-150.785 -0.047
-152.54 -0.048
-154.246 -0.049
-155.903 -0.05
-151.809 -0.049
-147.73 -0.048
-143.667 -0.047
-139.62 -0.046
-135.589 -0.045
-131.577 -0.044
-127.582 -0.043
-123.604 -0.042
-119.645 -0.041
-115.704 -0.04
-111.783 -0.039
-107.88 -0.038
-103.998 -0.037
-100.136 -0.036
-96.2952 -0.035
-92.4758 -0.034
-88.6779 -0.033
-84.9019 -0.032
-81.1483 -0.031
-77.4175 -0.03
-73.7104 -0.029
-70.0267 -0.028
-66.3658 -0.027
-62.7292 -0.026
-59.1168 -0.025
-55.528 -0.024
-51.9633 -0.023
-48.4235 -0.022
-44.9074 -0.021
-41.4153 -0.02
-37.946 -0.019
-34.498 -0.018
-31.0699 -0.017
-27.6584 -0.016
-24.2595 -0.015
-20.9011 -0.014
-17.5525 -0.013
-14.2392 -0.012
-10.9333 -0.011
-7.63402 -0.01
-4.39693 -0.009
-1.15174 -0.008
2.03865 -0.007
5.13507 -0.006
8.16364 -0.005
11.1537 -0.004
13.976 -0.003
16.4553 -0.002
18.5819 -0.001
20.5583 0
22.4567 0.001
24.3009 0.002
26.1064 0.003
27.8714 0.004
29.5971 0.005
31.2772 0.006
33.1929 0.007
35.3785 0.008
37.5289 0.009
39.6364 0.01
41.7008 0.011
44.4018 0.012
47.5943 0.013
50.7908 0.014
54.0023 0.015
57.1802 0.016
60.3232 0.017
63.4643 0.018
66.6059 0.019
69.7137 0.02
72.7877 0.021
75.8273 0.022
78.8324 0.023
81.8029 0.024
84.7386 0.025
87.6394 0.026
90.5057 0.027
93.3376 0.028
96.135 0.029
98.8984 0.03
101.628 0.031
104.324 0.032
106.987 0.033
109.617 0.034
112.213 0.035
114.777 0.036
117.308 0.037
119.806 0.038
122.271 0.039
124.701 0.04
127.097 0.041
129.458 0.042
131.781 0.043
134.064 0.044
136.302 0.045
138.476 0.046
140.594 0.047
142.67 0.048
144.616 0.049
146.481 0.05
148.252 0.051
149.958 0.052
151.614 0.053
153.233 0.054
154.813 0.055
156.345 0.056
157.832 0.057
159.289 0.058
160.716 0.059
162.112 0.06
158.046 0.059
154.005 0.058
149.986 0.057
145.992 0.056
142.021 0.055
138.074 0.054
134.151 0.053
130.253 0.052
126.38 0.051
122.532 0.05
118.709 0.049
114.913 0.048
111.143 0.047
107.401 0.046
103.686 0.045
99.9994 0.044
96.3405 0.043
92.71 0.042
89.1077 0.041
85.5342 0.04
81.9897 0.039
78.4743 0.038
74.9879 0.037
71.531 0.036
68.1031 0.035
64.7049 0.034
61.3358 0.033
57.9957 0.032
54.685 0.031
51.4031 0.03
48.1497 0.029
44.9242 0.028
41.7269 0.027
38.5567 0.026
35.4124 0.025
32.2917 0.024
29.1908 0.023
26.1069 0.022
23.0419 0.021
20.0146 0.02
17.0024 0.019
14.0277 0.018
11.1006 0.017
8.20315 0.016
5.3281 0.015
2.48361 0.014
-0.328878 0.013
-3.14288 0.012
-5.87112 0.011
-8.52361 0.01
-11.1229 0.009
-13.6774 0.008
-16.1819 0.007
-18.6138 0.006
-20.8829 0.005
-22.7439 0.004
-24.4204 0.003
-26.05 0.002
-27.6348 0.001
-29.1438 0
-30.5807 -0.001
-31.9809 -0.002
-33.3536 -0.003
-34.6932 -0.004
-36.0002 -0.005
-37.2746 -0.006
-38.679 -0.007
-40.473 -0.008
-42.2364 -0.009
-43.9623 -0.01
-45.6478 -0.011
-47.2803 -0.012
-48.8551 -0.013
-50.79 -0.014
-53.859 -0.015
-56.9643 -0.016
-60.0452 -0.017
-63.0919 -0.018
-66.1341 -0.019
-69.1537 -0.02
-72.1529 -0.021
-75.1164 -0.022
-78.0441 -0.023
-80.9358 -0.024
-83.7914 -0.025
-86.6109 -0.026
-89.3944 -0.027
-92.142 -0.028
-94.8539 -0.029
-97.5302 -0.03
-100.171 -0.031
-102.777 -0.032
-105.348 -0.033
-107.884 -0.034
-110.386 -0.035
-112.855 -0.036
-115.29 -0.037
-117.692 -0.038
-120.062 -0.039
-122.4 -0.04
-124.706 -0.041
-126.982 -0.042
-129.227 -0.043
-131.443 -0.044
-133.629 -0.045
-135.788 -0.046
-137.912 -0.047
-139.981 -0.048
-141.973 -0.049
-143.893 -0.05
-145.702 -0.051
-147.439 -0.052
-149.126 -0.053
-150.765 -0.054
-152.365 -0.055
-153.908 -0.056
-155.402 -0.057
-156.871 -0.058
-158.31 -0.059
-159.727 -0.06
-155.659 -0.059
-151.619 -0.058
-147.603 -0.057
-143.612 -0.056
-139.646 -0.055
-135.705 -0.054
-131.791 -0.053
-127.903 -0.052
-124.04 -0.051
-120.204 -0.05
-116.394 -0.049
-112.609 -0.048
-108.852 -0.047
-105.122 -0.046
-101.42 -0.045
-97.7455 -0.044
-94.099 -0.043
-90.4812 -0.042
-86.8924 -0.041
-83.3327 -0.04
-79.8014 -0.039
-76.2998 -0.038
-72.8282 -0.037
-69.3864 -0.036
-65.9748 -0.035
-62.5929 -0.034
-59.2409 -0.033
-55.9189 -0.032
-52.6264 -0.031
-49.3662 -0.03
-46.1367 -0.029
-42.9351 -0.028
-39.7597 -0.027
-36.6085 -0.026
-33.4777 -0.025
-30.3656 -0.024
-27.27 -0.023
-24.1927 -0.022
-21.152 -0.021
-18.1372 -0.02
-15.1628 -0.019
-12.2401 -0.018
-9.33889 -0.017
-6.47334 -0.016
-3.64526 -0.015
-0.839987 -0.014
1.94227 -0.013
4.63914 -0.012
7.2814 -0.011
9.8772 -0.01
12.4012 -0.009
14.8522 -0.008
17.1064 -0.007
18.8646 -0.006
20.5262 -0.005
22.1461 -0.004
23.7232 -0.003
25.2446 -0.002
26.7071 -0.001
28.091 0
29.4363 0.001
30.7468 0.002
32.0289 0.003
33.2803 0.004
34.5019 0.005
35.6931 0.006
36.9546 0.007
38.5981 0.008
40.2386 0.009
41.8543 0.01
43.4263 0.011
44.9587 0.012
46.4541 0.013
47.9005 0.014
49.2966 0.015
50.7371 0.016
53.4416 0.017
56.2887 0.018
59.1142 0.019
61.9527 0.02
64.7797 0.021
67.5731 0.022
70.3337 0.023
73.0616 0.024
75.7729 0.025
78.4907 0.026
81.1769 0.027
83.8316 0.028
86.4551 0.029
89.0478 0.03
91.6099 0.031
94.1416 0.032
96.6432 0.033
99.1148 0.034
101.557 0.035
103.969 0.036
106.352 0.037
108.705 0.038
111.029 0.039
113.325 0.04
115.592 0.041
117.832 0.042
120.043 0.043
122.228 0.044
124.386 0.045
126.519 0.046
128.625 0.047
130.707 0.048
132.764 0.049
134.798 0.05
136.809 0.051
138.797 0.052
140.763 0.053
142.709 0.054
144.634 0.055
146.538 0.056
148.422 0.057
150.287 0.058
152.108 0.059
153.81 0.06
155.419 0.061
156.933 0.062
158.42 0.063
159.859 0.064
161.265 0.065
162.632 0.066
163.962 0.067
165.272 0.068
166.546 0.069
167.789 0.07
163.748 0.069
159.742 0.068
155.765 0.067
151.818 0.066
147.9 0.065
144.011 0.064
140.151 0.063
136.32 0.062
132.52 0.061
128.749 0.06
125.008 0.059
121.298 0.058
117.621 0.057
113.975 0.056
110.361 0.055
106.778 0.054
103.227 0.053
99.7074 0.052
96.2206 0.051
92.7661 0.05
89.3438 0.049
85.9542 0.048
82.5972 0.047
79.2725 0.046
75.9803 0.045
72.7209 0.044
69.4938 0.043
66.2993 0.042
63.1366 0.041
60.0054 0.04
56.9053 0.039
53.8357 0.038
50.7965 0.037
47.7862 0.036
44.8039 0.035
41.8477 0.034
38.9197 0.033
36.0233 0.032
33.1505 0.031
30.299 0.03
27.4699 0.029
24.6629 0.028
21.8945 0.027
19.1518 0.026
16.4332 0.025
13.7606 0.024
11.1374 0.023
8.53138 0.022
5.93255 0.021
3.35458 0.02
0.809741 0.019
-1.6949 0.018
-4.14696 0.017
-6.56148 0.016
-8.93083 0.015
-11.2815 0.014
-13.5807 0.013
-15.81 0.012
-17.9953 0.011
-20.1377 0.01
-22.0075 0.009
-23.469 0.008
-24.8667 0.007
-26.2292 0.006
-27.5631 0.005
-28.8663 0.004
-30.1355 0.003
-31.3685 0.002
-32.563 0.001
-33.7166 -6.93889e-18
-34.8096 -0.001
-35.8794 -0.002
-36.9256 -0.003
-37.9484 -0.004
-38.9484 -0.005
-39.9301 -0.006
-41.3686 -0.007
-42.8154 -0.008
-44.2452 -0.009
-45.6297 -0.01
-46.9883 -0.011
-48.3085 -0.012
-49.5941 -0.013
-50.837 -0.014
-52.0388 -0.015
-53.2033 -0.016
-54.4739 -0.017
-56.9136 -0.018
-59.6817 -0.019
-62.466 -0.02
-65.2339 -0.021
-67.9837 -0.022
-70.6985 -0.023
-73.3786 -0.024
-76.0334 -0.025
-78.6965 -0.026
-81.3303 -0.027
-83.9309 -0.028
-86.4985 -0.029
-89.0337 -0.03
-91.537 -0.031
-94.0087 -0.032
-96.4492 -0.033
-98.8592 -0.034
-101.239 -0.035
-103.589 -0.036
-105.911 -0.037
-108.204 -0.038
-110.469 -0.039
-112.707 -0.04
-114.919 -0.041
-117.104 -0.042
-119.265 -0.043
-121.4 -0.044
-123.511 -0.045
-125.598 -0.046
-127.662 -0.047
-129.704 -0.048
-131.724 -0.049
-133.723 -0.05
-135.702 -0.051
-137.662 -0.052
-139.602 -0.053
-141.523 -0.054
-143.427 -0.055
-145.313 -0.056
-147.182 -0.057
-149.034 -0.058
-150.811 -0.059
-152.541 -0.06
-154.173 -0.061
-155.717 -0.062
-157.201 -0.063
-158.635 -0.064
-160.033 -0.065
-161.394 -0.066
-162.729 -0.067
-164.043 -0.068
-165.333 -0.069
-166.587 -0.07
-162.544 -0.069
-158.539 -0.068
-154.564 -0.067
-150.618 -0.066
-146.702 -0.065
-142.816 -0.064
-138.961 -0.063
-135.138 -0.062
-131.345 -0.061
-127.582 -0.06
-123.849 -0.059
-120.148 -0.058
-116.477 -0.057
-112.838 -0.056
-109.23 -0.055
-105.654 -0.054
-102.11 -0.053
-98.598 -0.052
-95.1182 -0.051
-91.6709 -0.05
-88.2561 -0.049
-84.8745 -0.048
-81.5259 -0.047
-78.2104 -0.046
-74.9279 -0.045
-71.6784 -0.044
-68.4608 -0.043
-65.2753 -0.042
-62.1215 -0.041
-58.9995 -0.04
-55.908 -0.039
-52.8458 -0.038
-49.8148 -0.037
-46.817 -0.036
-43.8465 -0.035
-40.9022 -0.034
-37.983 -0.033
-35.0918 -0.032
-32.2242 -0.031
-29.3815 -0.03
-26.5655 -0.029
-23.7822 -0.028
-21.0307 -0.027
-18.3063 -0.026
-15.6239 -0.025
-12.9936 -0.024
-10.3821 -0.023
-7.7848 -0.022
-5.20974 -0.021
-2.64955 -0.02
-0.112428 -0.019
2.36915 -0.018
4.82696 -0.017
7.23253 -0.016
9.57062 -0.015
11.8404 -0.014
14.0443 -0.013
16.2114 -0.012
18.3241 -0.011
19.9036 -0.01
21.3046 -0.009
22.6761 -0.008
24.0178 -0.007
25.3315 -0.006
26.6134 -0.005
27.8608 -0.004
29.0692 -0.003
30.2435 -0.002
31.3869 -0.001
32.4794 -6.93889e-18
33.5307 0.001
34.5585 0.002
35.564 0.003
36.547 0.004
37.5088 0.005
38.4494 0.006
39.3973 0.007
40.7539 0.008
42.1165 0.009
43.4503 0.01
44.7867 0.011
46.0865 0.012
47.3573 0.013
48.586 0.014
49.7796 0.015
50.9463 0.016
52.0757 0.017
53.169 0.018
54.5828 0.019
57.1232 0.02
59.7482 0.021
62.3443 0.022
64.9199 0.023
67.5102 0.024
70.1245 0.025
72.7066 0.026
75.2567 0.027
77.7751 0.028
80.2778 0.029
82.755 0.03
85.2021 0.031
87.6194 0.032
90.0074 0.033
92.3666 0.034
94.6975 0.035
97.0005 0.036
99.2764 0.037
101.526 0.038
103.749 0.039
105.946 0.04
108.119 0.041
110.267 0.042
112.391 0.043
114.491 0.044
116.569 0.045
118.624 0.046
120.657 0.047
122.67 0.048
124.661 0.049
126.631 0.05
128.582 0.051
130.513 0.052
132.427 0.053
134.322 0.054
136.199 0.055
138.06 0.056
139.904 0.057
141.733 0.058
143.545 0.059
145.343 0.06
147.126 0.061
148.895 0.062
150.65 0.063
152.392 0.064
154.121 0.065
155.836 0.066
157.54 0.067
159.231 0.068
160.878 0.069
162.472 0.07
163.982 0.071
165.446 0.072
166.839 0.073
168.105 0.074
169.312 0.075
170.497 0.076
171.662 0.077
172.806 0.078
173.93 0.079
175.03 0.08
171.011 0.079
167.034 0.078
163.09 0.077
159.181 0.076
155.304 0.075
151.46 0.074
147.649 0.073
143.872 0.072
140.129 0.071
136.418 0.07
132.742 0.069
129.098 0.068
125.488 0.067
121.912 0.066
118.37 0.065
114.863 0.064
111.391 0.063
107.953 0.062
104.55 0.061
101.182 0.06
97.8478 0.059
94.5486 0.058
91.2842 0.057
88.057 0.056
84.8646 0.055
81.7065 0.054
78.5823 0.053
75.4916 0.052
72.4345 0.051
69.4093 0.05
66.4168 0.049
63.4556 0.048
60.5255 0.047
57.6261 0.046
54.7566 0.045
51.916 0.044
49.1039 0.043
46.3199 0.042
43.5632 0.041
40.8333 0.04
38.1331 0.039
35.4573 0.038
32.8081 0.037
30.1854 0.036
27.5882 0.035
25.0248 0.034
22.4963 0.033
19.9904 0.032
17.5049 0.031
15.0614 0.03
12.6528 0.029
10.2739 0.028
7.91747 0.027
5.57688 0.026
3.29051 0.025
1.02626 0.024
-1.22519 0.023
-3.45613 0.022
-5.66799 0.021
-7.85076 0.02
-10.0012 0.019
-12.1163 0.018
-14.2106 0.017
-16.2557 0.016
-18.2151 0.015
-20.1219 0.014
-21.8859 0.013
-23.3338 0.012
-24.5938 0.011
-25.8271 0.01
-27.0079 0.009
-28.1542 0.008
-29.2799 0.007
-30.38 0.006
-31.4572 0.005
-32.5108 0.004
-33.5392 0.003
-34.5408 0.002
-35.5161 0.001
-36.4673 -6.93889e-18
-37.3995 -0.001
-38.2804 -0.002
-39.1405 -0.003
-39.9827 -0.004
-40.8082 -0.005
-41.6179 -0.006
-42.7624 -0.007
-44.0061 -0.008
-45.2165 -0.009
-46.4249 -0.01
-47.6051 -0.011
-48.7589 -0.012
-49.8841 -0.013
-50.9746 -0.014
-52.0412 -0.015
-53.0805 -0.016
-54.0881 -0.017
-55.0659 -0.018
-56.1662 -0.019
-58.0795 -0.02
-60.6579 -0.021
-63.2053 -0.022
-65.7267 -0.023
-68.2701 -0.024
-70.8404 -0.025
-73.3774 -0.026
-75.8816 -0.027
-78.3536 -0.028
-80.8092 -0.029
-83.239 -0.03
-85.6389 -0.031
-88.0094 -0.032
-90.3512 -0.033
-92.6649 -0.034
-94.9508 -0.035
-97.2099 -0.036
-99.4422 -0.037
-101.648 -0.038
-103.829 -0.039
-105.986 -0.04
-108.118 -0.041
-110.227 -0.042
-112.313 -0.043
-114.376 -0.044
-116.419 -0.045
-118.44 -0.046
-120.441 -0.047
-122.422 -0.048
-124.383 -0.049
-126.326 -0.05
-128.251 -0.051
-130.158 -0.052
-132.047 -0.053
-133.92 -0.054
-135.777 -0.055
-137.618 -0.056
-139.444 -0.057
-141.255 -0.058
-143.052 -0.059
-144.833 -0.06
-146.602 -0.061
-148.356 -0.062
-150.098 -0.063
-151.828 -0.064
-153.545 -0.065
-155.25 -0.066
-156.943 -0.067
-158.621 -0.068
-160.24 -0.069
-161.798 -0.07
-163.289 -0.071
-164.736 -0.072
-166.163 -0.073
-167.462 -0.074
-168.669 -0.075
-169.858 -0.076
-171.029 -0.077
-172.183 -0.078
-173.317 -0.079
-174.43 -0.08
-170.411 -0.079
-166.436 -0.078
-162.495 -0.077
-158.587 -0.076
-154.713 -0.075
-150.873 -0.074
-147.065 -0.073
-143.291 -0.072
-139.551 -0.071
-135.843 -0.07
-132.169 -0.069
-128.529 -0.068
-124.923 -0.067
-121.35 -0.066
-117.813 -0.065
-114.31 -0.064
-110.842 -0.063
-107.409 -0.062
-104.011 -0.061
-100.65 -0.06
-97.3244 -0.059
-94.0334 -0.058
-90.7774 -0.057
-87.5564 -0.056
-84.3702 -0.055
-81.218 -0.054
-78.0996 -0.053
-75.0149 -0.052
-71.963 -0.051
-68.9434 -0.05
-65.9553 -0.049
-62.9989 -0.048
-60.0738 -0.047
-57.1778 -0.046
-54.3115 -0.045
-51.4746 -0.044
-48.6661 -0.043
-45.8867 -0.042
-43.138 -0.041
-40.4154 -0.04
-37.7225 -0.039
-35.0581 -0.038
-32.4232 -0.037
-29.8196 -0.036
-27.241 -0.035
-24.6969 -0.034
-22.1811 -0.033
-19.6844 -0.032
-17.229 -0.031
-14.8048 -0.03
-12.4093 -0.029
-10.041 -0.028
-7.69407 -0.027
-5.37371 -0.026
-3.08492 -0.025
-0.806725 -0.024
1.45631 -0.023
3.69337 -0.022
5.89344 -0.021
8.05702 -0.02
10.1782 -0.019
12.2402 -0.018
14.2785 -0.017
16.2429 -0.016
18.1721 -0.015
20.0062 -0.014
21.4209 -0.013
22.6783 -0.012
23.9047 -0.011
25.0621 -0.01
26.1952 -0.009
27.3114 -0.008
28.4077 -0.007
29.4807 -0.006
30.5273 -0.005
31.5488 -0.004
32.5436 -0.003
33.5135 -0.002
34.4599 -0.001
35.3839 -6.93889e-18
36.2649 0.001
37.1217 0.002
37.9619 0.003
38.7848 0.004
39.5913 0.005
40.3817 0.006
41.1562 0.007
41.9393 0.008
43.0893 0.009
44.2765 0.01
45.4332 0.011
46.5791 0.012
47.7156 0.013
48.8191 0.014
49.895 0.015
50.9474 0.016
51.9683 0.017
52.9587 0.018
53.9204 0.019
54.8799 0.02
56.4248 0.021
58.6927 0.022
61.2312 0.023
63.7227 0.024
66.1862 0.025
68.6201 0.026
71.0224 0.027
73.3936 0.028
75.734 0.029
78.093 0.03
80.4308 0.031
82.7398 0.032
85.0206 0.033
87.2737 0.034
89.5 0.035
91.6998 0.036
93.874 0.037
96.0336 0.038
98.1761 0.039
100.295 0.04
102.391 0.041
104.465 0.042
106.518 0.043
108.549 0.044
110.559 0.045
112.549 0.046
114.519 0.047
116.47 0.048
118.403 0.049
120.318 0.05
122.215 0.051
124.096 0.052
125.96 0.053
127.809 0.054
129.642 0.055
131.46 0.056
133.263 0.057
135.052 0.058
136.827 0.059
138.589 0.06
140.338 0.061
142.074 0.062
143.797 0.063
145.509 0.064
147.209 0.065
148.895 0.066
150.569 0.067
152.231 0.068
153.883 0.069
155.524 0.07
157.153 0.071
158.773 0.072
160.382 0.073
161.982 0.074
163.572 0.075
165.153 0.076
166.723 0.077
168.282 0.078
169.792 0.079
171.237 0.08
172.611 0.081
173.937 0.082
175.223 0.083
176.394 0.084
177.456 0.085
178.536 0.086
179.597 0.087
180.61 0.088
181.532 0.089
182.519 0.09
178.517 0.089
174.565 0.088
170.65 0.087
166.774 0.086
162.938 0.085
159.139 0.084
155.375 0.083
151.647 0.082
147.955 0.081
144.3 0.08
140.682 0.079
137.099 0.078
133.553 0.077
130.043 0.076
126.569 0.075
123.132 0.074
119.731 0.073
116.367 0.072
113.04 0.071
109.75 0.07
106.496 0.069
103.279 0.068
100.098 0.067
96.9526 0.066
93.843 0.065
90.7676 0.064
87.7273 0.063
84.7214 0.062
81.7502 0.061
78.8118 0.06
75.9067 0.059
73.0338 0.058
70.1936 0.057
67.3838 0.056
64.6048 0.055
61.8562 0.054
59.1375 0.053
56.4483 0.052
53.7877 0.051
51.1545 0.05
48.5504 0.049
45.9765 0.048
43.4295 0.047
40.9095 0.046
38.4167 0.045
35.9507 0.044
33.5101 0.043
31.0923 0.042
28.698 0.041
26.3285 0.04
23.9892 0.039
21.6727 0.038
19.3762 0.037
17.1092 0.036
14.8732 0.035
12.6635 0.034
10.4756 0.033
8.30761 0.032
6.15993 0.031
4.05476 0.03
1.98333 0.029
-0.0650633 0.028
-2.10882 0.027
-4.14123 0.026
-6.1518 0.025
-8.13527 0.024
-10.0989 0.023
-12.0386 0.022
-13.9367 0.021
-15.7937 0.02
-17.6101 0.019
-19.4098 0.018
-21.1276 0.017
-22.7562 0.016
-24.1465 0.015
-25.2787 0.014
-26.3899 0.013
-27.4581 0.012
-28.5043 0.011
-29.529 0.01
-30.5384 0.009
-31.53 0.008
-32.5016 0.007
-33.422 0.006
-34.3255 0.005
-35.2086 0.004
-36.0731 0.003
-36.9242 0.002
-37.7558 0.001
-38.5684 -6.93889e-18
-39.3641 -0.001
-40.1441 -0.002
-40.9114 -0.003
-41.6585 -0.004
-42.3712 -0.005
-43.0707 -0.006
-43.7575 -0.007
-44.8021 -0.008
-45.8906 -0.009
-46.9542 -0.01
-48.0023 -0.011
-49.0536 -0.012
-50.0745 -0.013
-51.0659 -0.014
-52.0383 -0.015
-52.9888 -0.016
-53.9123 -0.017
-54.8103 -0.018
-55.6837 -0.019
-56.5423 -0.02
-57.7519 -0.021
-60.0144 -0.022
-62.4907 -0.023
-64.936 -0.024
-67.349 -0.025
-69.7358 -0.026
-72.0917 -0.027
-74.4167 -0.028
-76.7143 -0.029
-79.0287 -0.03
-81.3226 -0.031
-83.5883 -0.032
-85.8262 -0.033
-88.0371 -0.034
-90.2218 -0.035
-92.381 -0.036
-94.5153 -0.037
-96.6413 -0.038
-98.7454 -0.039
-100.827 -0.04
-102.887 -0.041
-104.925 -0.042
-106.943 -0.043
-108.941 -0.044
-110.919 -0.045
-112.878 -0.046
-114.819 -0.047
-116.742 -0.048
-118.648 -0.049
-120.537 -0.05
-122.409 -0.051
-124.266 -0.052
-126.107 -0.053
-127.933 -0.054
-129.745 -0.055
-131.542 -0.056
-133.326 -0.057
-135.096 -0.058
-136.853 -0.059
-138.597 -0.06
-140.328 -0.061
-142.048 -0.062
-143.756 -0.063
-145.452 -0.064
-147.135 -0.065
-148.806 -0.066
-150.467 -0.067
-152.116 -0.068
-153.756 -0.069
-155.384 -0.07
-157.003 -0.071
-158.612 -0.072
-160.211 -0.073
-161.801 -0.074
-163.382 -0.075
-164.952 -0.076
-166.512 -0.077
-168.061 -0.078
-169.555 -0.079
-170.977 -0.08
-172.331 -0.081
-173.628 -0.082
-174.883 -0.083
-176.103 -0.084
-177.218 -0.085
-178.251 -0.086
-179.292 -0.087
-180.35 -0.088
-181.384 -0.089
-182.327 -0.09
-178.331 -0.089
-174.385 -0.088
-170.476 -0.087
-166.606 -0.086
-162.772 -0.085
-158.974 -0.084
-155.211 -0.083
-151.485 -0.082
-147.796 -0.081
-144.142 -0.08
-140.525 -0.079
-136.945 -0.078
-133.401 -0.077
-129.894 -0.076
-126.423 -0.075
-122.989 -0.074
-119.592 -0.073
-116.232 -0.072
-112.908 -0.071
-109.62 -0.07
-106.37 -0.069
-103.156 -0.068
-99.9779 -0.067
-96.8356 -0.066
-93.7292 -0.065
-90.6577 -0.064
-87.6216 -0.063
-84.6191 -0.062
-81.6504 -0.061
-78.714 -0.06
-75.8112 -0.059
-72.9405 -0.058
-70.1017 -0.057
-67.2944 -0.056
-64.5171 -0.055
-61.771 -0.054
-59.0541 -0.053
-56.3661 -0.052
-53.7111 -0.051
-51.0862 -0.05
-48.4896 -0.049
-45.9195 -0.048
-43.3785 -0.047
-40.8654 -0.046
-38.3798 -0.045
-35.9193 -0.044
-33.4837 -0.043
-31.073 -0.042
-28.6856 -0.041
-26.325 -0.04
-23.9956 -0.039
-21.6872 -0.038
-19.4031 -0.037
-17.1501 -0.036
-14.9207 -0.035
-12.7181 -0.034
-10.5303 -0.033
-8.36651 -0.032
-6.24129 -0.031
-4.12593 -0.03
-2.0544 -0.029
0.012984 -0.028
2.06819 -0.027
4.10093 -0.026
6.10236 -0.025
8.07962 -0.024
10.0325 -0.023
11.9499 -0.022
13.8145 -0.021
15.6302 -0.02
17.4057 -0.019
19.1477 -0.018
20.7862 -0.017
22.3075 -0.016
23.5267 -0.015
24.6256 -0.014
25.6929 -0.013
26.7413 -0.012
27.7688 -0.011
28.7781 -0.01
29.7467 -0.009
30.6872 -0.008
31.6121 -0.007
32.5181 -0.006
33.404 -0.005
34.2714 -0.004
35.1176 -0.003
35.9443 -0.002
36.7533 -0.001
37.5478 -6.93889e-18
38.3302 0.001
39.0834 0.002
39.8104 0.003
40.5243 0.004
41.2267 0.005
41.916 0.006
42.5931 0.007
43.2586 0.008
43.912 0.009
44.701 0.01
45.7088 0.011
46.7432 0.012
47.7618 0.013
48.7582 0.014
49.7535 0.015
50.7293 0.016
51.6779 0.017
52.6006 0.018
53.501 0.019
54.3866 0.02
55.2515 0.021
56.4011 0.022
58.3949 0.023
60.7305 0.024
63.0521 0.025
65.3453 0.026
67.6128 0.027
69.8653 0.028
72.1167 0.029
74.3467 0.03
76.5492 0.031
78.7248 0.032
80.874 0.033
83.0289 0.034
85.1634 0.035
87.2727 0.036
89.365 0.037
91.4545 0.038
93.5216 0.039
95.5668 0.04
97.5909 0.041
99.5942 0.042
101.577 0.043
103.541 0.044
105.485 0.045
107.41 0.046
109.317 0.047
111.206 0.048
113.078 0.049
114.934 0.05
116.773 0.051
118.596 0.052
120.404 0.053
122.197 0.054
123.976 0.055
125.74 0.056
127.491 0.057
129.228 0.058
130.952 0.059
132.664 0.06
134.363 0.061
136.05 0.062
137.725 0.063
139.389 0.064
141.042 0.065
142.684 0.066
144.315 0.067
145.937 0.068
147.548 0.069
149.149 0.07
150.74 0.071
152.322 0.072
153.895 0.073
155.459 0.074
157.013 0.075
158.559 0.076
160.096 0.077
161.625 0.078
163.146 0.079
164.658 0.08
166.163 0.081
167.659 0.082
169.146 0.083
170.624 0.084
172.092 0.085
173.551 0.086
175.002 0.087
176.444 0.088
177.868 0.089
179.228 0.09
180.504 0.091
181.685 0.092
182.823 0.093
183.915 0.094
184.839 0.095
185.713 0.096
186.567 0.097
187.401 0.098
188.198 0.099
189.044 0.1
185.066 0.099
181.144 0.098
177.261 0.097
173.418 0.096
169.617 0.095
165.854 0.094
162.131 0.093
158.446 0.092
154.801 0.091
151.193 0.09
147.624 0.089
144.094 0.088
140.602 0.087
137.149 0.086
133.735 0.085
130.36 0.084
127.023 0.083
123.725 0.082
120.465 0.081
117.243 0.08
114.059 0.079
110.913 0.078
107.804 0.077
104.731 0.076
101.694 0.075
98.6937 0.074
95.7293 0.073
92.8 0.072
89.9085 0.071
87.0533 0.07
84.2316 0.069
81.4429 0.068
78.6856 0.067
75.9604 0.066
73.2658 0.065
70.6029 0.064
67.9705 0.063
65.3671 0.062
62.7932 0.061
60.2469 0.06
57.7295 0.059
55.2414 0.058
52.7816 0.057
50.3466 0.056
47.9385 0.055
45.5564 0.054
43.2005 0.053
40.8699 0.052
38.5636 0.051
36.2802 0.05
34.0197 0.049
31.7812 0.048
29.5645 0.047
27.3682 0.046
25.2005 0.045
23.0553 0.044
20.9284 0.043
18.8258 0.042
16.7491 0.041
14.6893 0.04
12.6531 0.039
10.6361 0.038
8.63554 0.037
6.65168 0.036
4.69526 0.035
2.75188 0.034
0.820628 0.033
-1.10586 0.032
-3.02237 0.031
-4.91954 0.03
-6.78987 0.029
-8.62117 0.028
-10.4377 0.027
-12.2325 0.026
-13.9916 0.025
-15.7186 0.024
-17.4175 0.023
-19.0468 0.022
-20.5883 0.021
-22.0513 0.02
-23.4714 0.019
-24.7302 0.018
-25.8242 0.017
-26.8921 0.016
-27.853 0.015
-28.8084 0.014
-29.7535 0.013
-30.6837 0.012
-31.6021 0.011
-32.4998 0.01
-33.3656 0.009
-34.2159 0.008
-35.0542 0.007
-35.8804 0.006
-36.6914 0.005
-37.4641 0.004
-38.2154 0.003
-38.9501 0.002
-39.6701 0.001
-40.3749 -6.94059e-18
-41.0657 -0.001
-41.7435 -0.002
-42.4092 -0.003
-43.0633 -0.004
-43.7073 -0.005
-44.3416 -0.006
-44.9485 -0.007
-45.7346 -0.008
-46.6682 -0.009
-47.6313 -0.01
-48.58 -0.011
-49.5065 -0.012
-50.4201 -0.013
-51.334 -0.014
-52.2234 -0.015
-53.0892 -0.016
-53.9325 -0.017
-54.7541 -0.018
-55.5618 -0.019
-56.3592 -0.02
-57.1366 -0.021
-58.0934 -0.022
-59.5444 -0.023
-61.7594 -0.024
-64.0373 -0.025
-66.292 -0.026
-68.5328 -0.027
-70.7646 -0.028
-72.9862 -0.029
-75.1799 -0.03
-77.3467 -0.031
-79.4872 -0.032
-81.6107 -0.033
-83.7373 -0.034
-85.8391 -0.035
-87.9236 -0.036
-89.9912 -0.037
-92.0357 -0.038
-94.0606 -0.039
-96.0754 -0.04
-98.0697 -0.041
-100.044 -0.042
-101.999 -0.043
-103.934 -0.044
-105.852 -0.045
-107.751 -0.046
-109.634 -0.047
-111.499 -0.048
-113.348 -0.049
-115.18 -0.05
-116.998 -0.051
-118.8 -0.052
-120.587 -0.053
-122.36 -0.054
-124.12 -0.055
-125.865 -0.056
-127.598 -0.057
-129.318 -0.058
-131.025 -0.059
-132.72 -0.06
-134.403 -0.061
-136.075 -0.062
-137.736 -0.063
-139.386 -0.064
-141.025 -0.065
-142.653 -0.066
-144.271 -0.067
-145.879 -0.068
-147.477 -0.069
-149.066 -0.07
-150.646 -0.071
-152.216 -0.072
-153.778 -0.073
-155.331 -0.074
-156.876 -0.075
-158.413 -0.076
-159.941 -0.077
-161.461 -0.078
-162.974 -0.079
-164.477 -0.08
-165.971 -0.081
-167.456 -0.082
-168.933 -0.083
-170.4 -0.084
-171.859 -0.085
-173.31 -0.086
-174.753 -0.087
-176.188 -0.088
-177.61 -0.089
-178.993 -0.09
-180.256 -0.091
-181.412 -0.092
-182.536 -0.093
-183.619 -0.094
-184.574 -0.095
-185.482 -0.096
-186.352 -0.097
-187.206 -0.098
-188.042 -0.099
-188.848 -0.1
-184.87 -0.099
-180.947 -0.098
-177.065 -0.097
-173.225 -0.096
-169.425 -0.095
-165.664 -0.094
-161.942 -0.093
-158.26 -0.092
-154.618 -0.091
-151.014 -0.09
-147.45 -0.089
-143.925 -0.088
-140.439 -0.087
-136.992 -0.086
-133.585 -0.085
-130.216 -0.084
-126.886 -0.083
-123.594 -0.082
-120.341 -0.081
-117.125 -0.08
-113.948 -0.079
-110.808 -0.078
-107.707 -0.077
-104.646 -0.076
-101.622 -0.075
-98.6335 -0.074
-95.6806 -0.073
-92.7625 -0.072
-89.8772 -0.071
-87.0267 -0.07
-84.2086 -0.069
-81.4245 -0.068
-78.6708 -0.067
-75.95 -0.066
-73.2605 -0.065
-70.6018 -0.064
-67.9726 -0.063
-65.3724 -0.062
-62.8019 -0.061
-60.262 -0.06
-57.7519 -0.059
-55.2695 -0.058
-52.8124 -0.057
-50.3832 -0.056
-47.9818 -0.055
-45.6072 -0.054
-43.2579 -0.053
-40.9323 -0.052
-38.6312 -0.051
-36.354 -0.05
-34.0997 -0.049
-31.8671 -0.048
-29.6548 -0.047
-27.466 -0.046
-25.3065 -0.045
-23.167 -0.044
-21.0492 -0.043
-18.9579 -0.042
-16.887 -0.041
-14.8316 -0.04
-12.799 -0.039
-10.7838 -0.038
-8.78423 -0.037
-6.81098 -0.036
-4.85171 -0.035
-2.90262 -0.034
-0.960115 -0.033
0.971798 -0.032
2.88902 -0.031
4.77736 -0.03
6.64888 -0.029
8.48342 -0.028
10.2787 -0.027
12.0502 -0.026
13.7952 -0.025
15.4839 -0.024
17.1153 -0.023
18.7142 -0.022
20.2093 -0.021
21.6547 -0.02
23.046 -0.019
24.2278 -0.018
25.3121 -0.017
26.3763 -0.016
27.3599 -0.015
28.2932 -0.014
29.1992 -0.013
30.0913 -0.012
30.976 -0.011
31.8458 -0.01
32.7028 -0.009
33.5459 -0.008
34.3652 -0.007
35.1515 -0.006
35.9248 -0.005
36.6806 -0.004
37.4204 -0.003
38.1445 -0.002
38.8539 -0.001
39.5505 -6.93889e-18
40.2341 0.001
40.9058 0.002
41.5658 0.003
42.2087 0.004
42.8254 0.005
43.4317 0.006
44.0278 0.007
44.6155 0.008
45.1936 0.009
45.7619 0.01
46.637 0.011
47.5176 0.012
48.4259 0.013
49.3403 0.014
50.2313 0.015
51.1069 0.016
51.9738 0.017
52.8379 0.018
53.6802 0.019
54.5008 0.02
55.3007 0.021
56.0812 0.022
57.1127 0.023
58.6087 0.024
60.659 0.025
62.7324 0.026
64.8074 0.027
66.9324 0.028
69.066 0.029
71.1715 0.03
73.2496 0.031
75.3118 0.032
77.3754 0.033
79.4249 0.034
81.4624 0.035
83.5058 0.036
85.5264 0.037
87.5249 0.038
89.5011 0.039
91.4563 0.04
93.3913 0.041
95.3067 0.042
97.203 0.043
99.0809 0.044
100.951 0.045
102.805 0.046
104.641 0.047
106.461 0.048
108.266 0.049
110.054 0.05
111.827 0.051
113.585 0.052
115.328 0.053
117.057 0.054
118.773 0.055
120.476 0.056
122.166 0.057
123.843 0.058
125.508 0.059
127.162 0.06
128.804 0.061
130.434 0.062
132.054 0.063
133.663 0.064
135.262 0.065
136.851 0.066
138.429 0.067
139.999 0.068
141.558 0.069
143.108 0.07
144.648 0.071
146.179 0.072
147.701 0.073
149.214 0.074
150.719 0.075
152.216 0.076
153.704 0.077
155.184 0.078
156.657 0.079
158.122 0.08
159.578 0.081
161.028 0.082
162.469 0.083
163.904 0.084
165.331 0.085
166.75 0.086
168.163 0.087
169.564 0.088
170.956 0.089
172.341 0.09
173.717 0.091
175.083 0.092
176.44 0.093
177.79 0.094
179.132 0.095
180.466 0.096
181.788 0.097
183.099 0.098
184.4 0.099
185.693 0.1
186.925 0.101
188.017 0.102
189.05 0.103
190.011 0.104
190.826 0.105
191.619 0.106
192.348 0.107
192.973 0.108
193.263 0.109
193.36 0.11
189.407 0.109
185.514 0.108
181.665 0.107
177.863 0.106
174.104 0.105
170.388 0.104
166.713 0.103
163.081 0.102
159.49 0.101
155.94 0.1
152.431 0.099
148.964 0.098
145.538 0.097
142.152 0.096
138.808 0.095
135.503 0.094
132.239 0.093
129.015 0.092
125.83 0.091
122.685 0.09
119.577 0.089
116.507 0.088
113.475 0.087
110.48 0.086
107.523 0.085
104.602 0.084
101.717 0.083
98.8678 0.082
96.0525 0.081
93.2724 0.08
90.5255 0.079
87.8117 0.078
85.1306 0.077
82.4812 0.076
79.8642 0.075
77.2779 0.074
74.7229 0.073
72.1969 0.072
69.7012 0.071
67.2328 0.07
64.7942 0.069
62.3849 0.068
60.0039 0.067
57.6494 0.066
55.3197 0.065
53.0165 0.064
50.7393 0.063
48.4875 0.062
46.2604 0.061
44.057 0.06
41.8755 0.059
39.7167 0.058
37.5804 0.057
35.4655 0.056
33.3713 0.055
31.2953 0.054
29.2386 0.053
27.2032 0.052
25.1922 0.051
23.2013 0.05
21.2283 0.049
19.2769 0.048
17.3447 0.047
15.4348 0.046
13.5409 0.045
11.6645 0.044
9.80165 0.043
7.95265 0.042
6.12957 0.041
4.31725 0.04
2.51231 0.039
0.72014 0.038
-1.06119 0.037
-2.83145 0.036
-4.59028 0.035
-6.32735 0.034
-8.04516 0.033
-9.75027 0.032
-11.4418 0.031
-13.1155 0.03
-14.7455 0.029
-16.3528 0.028
-17.8902 0.027
-19.3341 0.026
-20.718 0.025
-22.0851 0.024
-23.4008 0.023
-24.6917 0.022
-25.718 0.021
-26.7256 0.02
-27.7022 0.019
-28.6377 0.018
-29.503 0.017
-30.3544 0.016
-31.1892 0.015
-31.9992 0.014
-32.7989 0.013
-33.5875 0.012
-34.364 0.011
-35.1271 0.01
-35.8786 0.009
-36.6319 0.008
-37.3787 0.007
-38.1147 0.006
-38.8373 0.005
-39.5485 0.004
-40.2371 0.003
-40.9032 0.002
-41.5565 0.001
-42.198 -6.93889e-18
-42.8294 -0.001
-43.4465 -0.002
-44.035 -0.003
-44.614 -0.004
-45.184 -0.005
-45.7683 -0.006
-46.6414 -0.007
-47.5347 -0.008
-48.4247 -0.009
-49.2804 -0.01
-50.0943 -0.011
-50.8912 -0.012
-51.6728 -0.013
-52.4419 -0.014
-53.2122 -0.015
-53.9672 -0.016
-54.7048 -0.017
-55.4396 -0.018
-56.174 -0.019
-56.8914 -0.02
-57.5927 -0.021
-58.2799 -0.022
-58.9556 -0.023
-59.9009 -0.024
-61.7648 -0.025
-63.7998 -0.026
-65.8335 -0.027
-67.9102 -0.028
-70.0079 -0.029
-72.0827 -0.03
-74.1303 -0.031
-76.1813 -0.032
-78.2227 -0.033
-80.2412 -0.034
-82.2662 -0.035
-84.2679 -0.036
-86.2472 -0.037
-88.2117 -0.038
-90.1613 -0.039
-92.0907 -0.04
-94.0004 -0.041
-95.8907 -0.042
-97.7625 -0.043
-99.6163 -0.044
-101.456 -0.045
-103.286 -0.046
-105.098 -0.047
-106.895 -0.048
-108.677 -0.049
-110.443 -0.05
-112.194 -0.051
-113.931 -0.052
-115.654 -0.053
-117.364 -0.054
-119.06 -0.055
-120.744 -0.056
-122.415 -0.057
-124.074 -0.058
-125.721 -0.059
-127.357 -0.06
-128.982 -0.061
-130.595 -0.062
-132.198 -0.063
-133.79 -0.064
-135.373 -0.065
-136.944 -0.066
-138.505 -0.067
-140.057 -0.068
-141.6 -0.069
-143.133 -0.07
-144.657 -0.071
-146.173 -0.072
-147.68 -0.073
-149.178 -0.074
-150.669 -0.075
-152.151 -0.076
-153.625 -0.077
-155.092 -0.078
-156.551 -0.079
-158.002 -0.08
-159.445 -0.081
-160.881 -0.082
-162.31 -0.083
-163.732 -0.084
-165.146 -0.085
-166.552 -0.086
-167.947 -0.087
-169.334 -0.088
-170.714 -0.089
-172.086 -0.09
-173.451 -0.091
-174.804 -0.092
-176.149 -0.093
-177.487 -0.094
-178.818 -0.095
-180.141 -0.096
-181.452 -0.097
-182.752 -0.098
-184.041 -0.099
-185.323 -0.1
-186.578 -0.101
-187.69 -0.102
-188.717 -0.103
-189.703 -0.104
-190.54 -0.105
-191.316 -0.106
-192.113 -0.107
-192.871 -0.108
-193.597 -0.109
-194.275 -0.11
-190.319 -0.109
-186.424 -0.108
-182.574 -0.107
-178.768 -0.106
-175.006 -0.105
-171.287 -0.104
-167.61 -0.103
-163.974 -0.102
-160.381 -0.101
-156.829 -0.1
-153.319 -0.099
-149.85 -0.098
-146.422 -0.097
-143.035 -0.096
-139.689 -0.095
-136.384 -0.094
-133.118 -0.093
-129.892 -0.092
-126.706 -0.091
-123.558 -0.09
-120.448 -0.089
-117.377 -0.088
-114.343 -0.087
-111.347 -0.086
-108.387 -0.085
-105.464 -0.084
-102.577 -0.083
-99.7248 -0.082
-96.9078 -0.081
-94.125 -0.08
-91.3759 -0.079
-88.6593 -0.078
-85.9745 -0.077
-83.3225 -0.076
-80.7022 -0.075
-78.1133 -0.074
-75.5546 -0.073
-73.0259 -0.072
-70.5254 -0.071
-68.0546 -0.07
-65.6137 -0.069
-63.2018 -0.068
-60.8178 -0.067
-58.4583 -0.066
-56.126 -0.065
-53.8197 -0.064
-51.5393 -0.063
-49.2884 -0.062
-47.0617 -0.061
-44.8574 -0.06
-42.6757 -0.059
-40.5165 -0.058
-38.3793 -0.057
-36.2631 -0.056
-34.166 -0.055
-32.0883 -0.054
-30.0291 -0.053
-27.9919 -0.052
-25.9789 -0.051
-23.9831 -0.05
-22.0101 -0.049
-20.0549 -0.048
-18.1176 -0.047
-16.1993 -0.046
-14.2973 -0.045
-12.4127 -0.044
-10.5408 -0.043
-8.68699 -0.042
-6.85392 -0.041
-5.02754 -0.04
-3.20689 -0.039
-1.40161 -0.038
0.392203 -0.037
2.17139 -0.036
3.93332 -0.035
5.67386 -0.034
7.39852 -0.033
9.11232 -0.032
10.8045 -0.031
12.4767 -0.03
14.1238 -0.029
15.7463 -0.028
17.3014 -0.027
18.766 -0.026
20.173 -0.025
21.5325 -0.024
22.8543 -0.023
24.1427 -0.022
25.2493 -0.021
26.222 -0.02
27.1805 -0.019
28.1273 -0.018
29.0551 -0.017
29.891 -0.016
30.714 -0.015
31.524 -0.014
32.3216 -0.013
33.107 -0.012
33.8816 -0.011
34.6425 -0.01
35.3729 -0.009
36.0926 -0.008
36.8144 -0.007
37.5265 -0.006
38.226 -0.005
38.9119 -0.004
39.5644 -0.003
40.2025 -0.002
40.8292 -0.001
41.446 -6.93889e-18
42.0537 0.001
42.6521 0.002
43.2412 0.003
43.8224 0.004
44.3951 0.005
44.9593 0.006
45.5136 0.007
46.0428 0.008
46.5645 0.009
47.1929 0.01
47.9731 0.011
48.7737 0.012
49.5579 0.013
50.3578 0.014
51.1409 0.015
51.9124 0.016
52.6678 0.017
53.4107 0.018
54.1397 0.019
54.8657 0.02
55.5761 0.021
56.2704 0.022
56.9501 0.023
57.7655 0.024
59.0245 0.025
60.6343 0.026
62.6174 0.027
64.5864 0.028
66.532 0.029
68.4656 0.03
70.3919 0.031
72.3624 0.032
74.3187 0.033
76.2642 0.034
78.2125 0.035
80.143 0.036
82.0505 0.037
83.9354 0.038
85.8 0.039
87.6549 0.04
89.4899 0.041
91.3054 0.042
93.1022 0.043
94.8822 0.044
96.6481 0.045
98.4046 0.046
100.144 0.047
101.878 0.048
103.609 0.049
105.325 0.05
107.027 0.051
108.714 0.052
110.387 0.053
112.048 0.054
113.695 0.055
115.329 0.056
116.952 0.057
118.562 0.058
120.161 0.059
121.747 0.06
123.322 0.061
124.887 0.062
126.441 0.063
127.985 0.064
129.519 0.065
131.043 0.066
132.557 0.067
134.063 0.068
135.559 0.069
137.046 0.07
138.525 0.071
139.996 0.072
141.458 0.073
142.912 0.074
144.358 0.075
145.796 0.076
147.227 0.077
148.65 0.078
150.066 0.079
151.475 0.08
152.877 0.081
154.271 0.082
155.659 0.083
157.04 0.084
158.415 0.085
159.782 0.086
161.143 0.087
162.498 0.088
163.846 0.089
165.189 0.09
166.522 0.091
167.848 0.092
169.167 0.093
170.481 0.094
171.79 0.095
173.088 0.096
174.379 0.097
175.661 0.098
176.938 0.099
178.209 0.1
179.473 0.101
180.727 0.102
181.971 0.103
183.21 0.104
184.443 0.105
185.67 0.106
186.886 0.107
188.089 0.108
189.283 0.109
190.469 0.11
191.622 0.111
192.687 0.112
193.48 0.113
194.052 0.114
194.694 0.115
195.322 0.116
195.906 0.117
196.571 0.118
197.219 0.119
197.85 0.12
193.909 0.119
190.033 0.118
186.203 0.117
182.421 0.116
178.685 0.115
174.995 0.114
171.351 0.113
167.752 0.112
164.196 0.111
160.683 0.11
157.215 0.109
153.791 0.108
150.414 0.107
147.08 0.106
143.787 0.105
140.536 0.104
137.326 0.103
134.157 0.102
131.029 0.101
127.94 0.1
124.89 0.099
121.879 0.098
118.907 0.097
115.971 0.096
113.073 0.095
110.212 0.094
107.387 0.093
104.597 0.092
101.843 0.091
99.1234 0.09
96.4378 0.089
93.7868 0.088
91.1671 0.087
88.5807 0.086
86.0256 0.085
83.5017 0.084
81.0091 0.083
78.5458 0.082
76.113 0.081
73.7082 0.08
71.3328 0.079
68.9888 0.078
66.6737 0.077
64.3861 0.076
62.1246 0.075
59.8872 0.074
57.6756 0.073
55.4893 0.072
53.3278 0.071
51.1898 0.07
49.0747 0.069
46.9816 0.068
44.91 0.067
42.86 0.066
40.8308 0.065
38.8213 0.064
36.8314 0.063
34.8594 0.062
32.9053 0.061
30.9683 0.06
29.0482 0.059
27.149 0.058
25.271 0.057
23.4103 0.056
21.5704 0.055
19.7448 0.054
17.9351 0.053
16.1444 0.052
14.3683 0.051
12.6077 0.05
10.8599 0.049
9.12298 0.048
7.40507 0.047
5.70057 0.046
4.00348 0.045
2.31505 0.044
0.639079 0.043
-1.02449 0.042
-2.67254 0.041
-4.30998 0.04
-5.93173 0.039
-7.529 0.038
-9.11508 0.037
-10.6838 0.036
-12.2408 0.035
-13.7811 0.034
-15.2852 0.033
-16.7322 0.032
-18.1423 0.031
-19.5282 0.03
-20.8939 0.029
-22.1918 0.028
-23.4609 0.027
-24.7146 0.026
-25.8256 0.025
-26.766 0.024
-27.6884 0.023
-28.5989 0.022
-29.4823 0.021
-30.2738 0.02
-31.0492 0.019
-31.8136 0.018
-32.5673 0.017
-33.3107 0.016
-34.0423 0.015
-34.7629 0.014
-35.4757 0.013
-36.1784 0.012
-36.8711 0.011
-37.5516 0.01
-38.2208 0.009
-38.8833 0.008
-39.5479 0.007
-40.1941 0.006
-40.8281 0.005
-41.4504 0.004
-42.0618 0.003
-42.6627 0.002
-43.2546 0.001
-43.8377 -6.93889e-18
-44.4133 -0.001
-44.9803 -0.002
-45.5398 -0.003
-46.235 -0.004
-47.0786 -0.005
-47.948 -0.006
-48.8012 -0.007
-49.6041 -0.008
-50.4084 -0.009
-51.1979 -0.01
-51.9762 -0.011
-52.7131 -0.012
-53.4032 -0.013
-54.0851 -0.014
-54.7537 -0.015
-55.4192 -0.016
-56.0731 -0.017
-56.7141 -0.018
-57.3427 -0.019
-57.9592 -0.02
-58.5637 -0.021
-59.157 -0.022
-59.7403 -0.023
-60.3146 -0.024
-61.1067 -0.025
-62.3551 -0.026
-63.9347 -0.027
-65.7417 -0.028
-67.7014 -0.029
-69.6552 -0.03
-71.6098 -0.031
-73.5678 -0.032
-75.5514 -0.033
-77.5089 -0.034
-79.4413 -0.035
-81.349 -0.036
-83.2366 -0.037
-85.1009 -0.038
-86.9522 -0.039
-88.79 -0.04
-90.6082 -0.041
-92.4168 -0.042
-94.2064 -0.043
-95.9831 -0.044
-97.7601 -0.045
-99.5202 -0.046
-101.271 -0.047
-103.008 -0.048
-104.73 -0.049
-106.437 -0.05
-108.129 -0.051
-109.808 -0.052
-111.473 -0.053
-113.125 -0.054
-114.764 -0.055
-116.39 -0.056
-118.003 -0.057
-119.605 -0.058
-121.194 -0.059
-122.772 -0.06
-124.34 -0.061
-125.896 -0.062
-127.442 -0.063
-128.978 -0.064
-130.505 -0.065
-132.022 -0.066
-133.529 -0.067
-135.027 -0.068
-136.517 -0.069
-137.998 -0.07
-139.47 -0.071
-140.934 -0.072
-142.39 -0.073
-143.837 -0.074
-145.277 -0.075
-146.71 -0.076
-148.135 -0.077
-149.55 -0.078
-150.956 -0.079
-152.355 -0.08
-153.747 -0.081
-155.131 -0.082
-156.509 -0.083
-157.88 -0.084
-159.245 -0.085
-160.603 -0.086
-161.955 -0.087
-163.3 -0.088
-164.639 -0.089
-165.972 -0.09
-167.299 -0.091
-168.62 -0.092
-169.936 -0.093
-171.245 -0.094
-172.549 -0.095
-173.847 -0.096
-175.135 -0.097
-176.415 -0.098
-177.686 -0.099
-178.951 -0.1
-180.208 -0.101
-181.46 -0.102
-182.704 -0.103
-183.933 -0.104
-185.157 -0.105
-186.375 -0.106
-187.584 -0.107
-188.781 -0.108
-189.968 -0.109
-191.131 -0.11
-192.273 -0.111
-193.3 -0.112
-194.229 -0.113
-195.126 -0.114
-195.977 -0.115
-196.367 -0.116
-196.598 -0.117
-197.007 -0.118
-197.543 -0.119
-198.171 -0.12
-194.237 -0.119
-190.366 -0.118
-186.545 -0.117
-182.775 -0.116
-179.051 -0.115
-175.373 -0.114
-171.74 -0.113
-168.151 -0.112
-164.607 -0.111
-161.105 -0.11
-157.647 -0.109
-154.231 -0.108
-150.859 -0.107
-147.529 -0.106
-144.24 -0.105
-140.993 -0.104
-137.787 -0.103
-134.622 -0.102
-131.496 -0.101
-128.411 -0.1
-125.364 -0.099
-122.356 -0.098
-119.387 -0.097
-116.455 -0.096
-113.56 -0.095
-110.701 -0.094
-107.877 -0.093
-105.091 -0.092
-102.339 -0.091
-99.6235 -0.09
-96.9434 -0.089
-94.2945 -0.088
-91.6789 -0.087
-89.0953 -0.086
-86.5436 -0.085
-84.0224 -0.084
-81.5309 -0.083
-79.0697 -0.082
-76.6363 -0.081
-74.2328 -0.08
-71.8585 -0.079
-69.5129 -0.078
-67.1955 -0.077
-64.9046 -0.076
-62.6371 -0.075
-60.3957 -0.074
-58.1799 -0.073
-55.9891 -0.072
-53.8226 -0.071
-51.6795 -0.07
-49.5582 -0.069
-47.4585 -0.068
-45.3805 -0.067
-43.3235 -0.066
-41.2871 -0.065
-39.2703 -0.064
-37.2716 -0.063
-35.2909 -0.062
-33.3277 -0.061
-31.3817 -0.06
-29.453 -0.059
-27.5463 -0.058
-25.659 -0.057
-23.7923 -0.056
-21.9448 -0.055
-20.1113 -0.054
-18.2947 -0.053
-16.4947 -0.052
-14.7069 -0.051
-12.9348 -0.05
-11.1735 -0.049
-9.42408 -0.048
-7.69453 -0.047
-5.97921 -0.046
-4.27726 -0.045
-2.58685 -0.044
-0.911112 -0.043
0.751373 -0.042
2.39743 -0.041
4.03042 -0.04
5.64675 -0.039
7.25365 -0.038
8.84826 -0.037
10.4232 -0.036
11.9897 -0.035
13.5449 -0.034
15.0798 -0.033
16.5427 -0.032
17.9555 -0.031
19.3527 -0.03
20.7011 -0.029
21.9916 -0.028
23.2108 -0.027
24.4039 -0.026
25.5557 -0.025
26.4874 -0.024
27.3899 -0.023
28.2793 -0.022
29.1512 -0.021
30.0146 -0.02
30.808 -0.019
31.5723 -0.018
32.3249 -0.017
33.0658 -0.016
33.7891 -0.015
34.4982 -0.014
35.2004 -0.013
35.8898 -0.012
36.5678 -0.011
37.2366 -0.01
37.8926 -0.009
38.541 -0.008
39.189 -0.007
39.8273 -0.006
40.4561 -0.005
41.0734 -0.004
41.6684 -0.003
42.2545 -0.002
42.8318 -0.001
43.4011 -6.93974e-18
43.963 0.001
44.5133 0.002
45.0419 0.003
45.5633 0.004
46.0772 0.005
46.584 0.006
47.0836 0.007
47.8545 0.008
48.6348 0.009
49.4007 0.01
50.1255 0.011
50.8484 0.012
51.5699 0.013
52.2759 0.014
52.9668 0.015
53.6433 0.016
54.3057 0.017
54.9588 0.018
55.6006 0.019
56.2359 0.02
56.8636 0.021
57.479 0.022
58.0824 0.023
58.72 0.024
59.6327 0.025
60.7937 0.026
62.2285 0.027
63.6595 0.028
65.0868 0.029
66.4893 0.03
68.0402 0.031
69.8726 0.032
71.7257 0.033
73.5638 0.034
75.408 0.035
77.2408 0.036
79.0524 0.037
80.8534 0.038
82.6398 0.039
84.4094 0.04
86.1586 0.041
87.8879 0.042
89.6027 0.043
91.3252 0.044
93.0331 0.045
94.7316 0.046
96.4316 0.047
98.1174 0.048
99.7884 0.049
101.445 0.05
103.087 0.051
104.715 0.052
106.33 0.053
107.932 0.054
109.519 0.055
111.094 0.056
112.657 0.057
114.208 0.058
115.746 0.059
117.273 0.06
118.789 0.061
120.294 0.062
121.788 0.063
123.273 0.064
124.747 0.065
126.212 0.066
127.667 0.067
129.114 0.068
130.551 0.069
131.979 0.07
133.398 0.071
134.809 0.072
136.211 0.073
137.605 0.074
138.991 0.075
140.37 0.076
141.741 0.077
143.105 0.078
144.461 0.079
145.811 0.08
147.153 0.081
148.489 0.082
149.818 0.083
151.141 0.084
152.458 0.085
153.768 0.086
155.072 0.087
156.37 0.088
157.662 0.089
158.949 0.09
160.23 0.091
161.505 0.092
162.774 0.093
164.039 0.094
165.298 0.095
166.552 0.096
167.8 0.097
169.044 0.098
170.283 0.099
171.517 0.1
172.746 0.101
173.971 0.102
175.191 0.103
176.406 0.104
177.617 0.105
178.824 0.106
180.026 0.107
181.224 0.108
182.418 0.109
183.603 0.11
184.781 0.111
185.95 0.112
187.115 0.113
188.275 0.114
189.428 0.115
190.566 0.116
191.699 0.117
192.818 0.118
193.927 0.119
195.026 0.12
196.088 0.121
197.073 0.122
197.801 0.123
198.33 0.124
198.809 0.125
199.443 0.126
200.072 0.127
200.698 0.128
201.293 0.129
201.873 0.13
197.951 0.129
194.097 0.128
190.294 0.127
186.541 0.126
182.836 0.125
179.179 0.124
175.567 0.123
172.002 0.122
168.483 0.121
165.009 0.12
161.579 0.119
158.194 0.118
154.852 0.117
151.554 0.116
148.299 0.115
145.088 0.114
141.92 0.113
138.793 0.112
135.707 0.111
132.661 0.11
129.656 0.109
126.689 0.108
123.761 0.107
120.873 0.106
118.023 0.105
115.21 0.104
112.433 0.103
109.692 0.102
106.987 0.101
104.316 0.1
101.68 0.099
99.0777 0.098
96.5076 0.097
93.971 0.096
91.465 0.095
88.9914 0.094
86.5492 0.093
84.1365 0.092
81.754 0.091
79.4001 0.09
77.0753 0.089
74.7814 0.088
72.5193 0.087
70.2842 0.086
68.0757 0.085
65.8929 0.084
63.7336 0.083
61.5993 0.082
59.4897 0.081
57.404 0.08
55.3412 0.079
53.3007 0.078
51.282 0.077
49.2837 0.076
47.3063 0.075
45.3489 0.074
43.4109 0.073
41.4918 0.072
39.5908 0.071
37.7075 0.07
35.841 0.069
33.991 0.068
32.1568 0.067
30.3384 0.066
28.5375 0.065
26.7586 0.064
24.9979 0.063
23.2588 0.062
21.5328 0.061
19.819 0.06
18.1191 0.059
16.4346 0.058
14.7605 0.057
13.099 0.056
11.4493 0.055
9.80934 0.054
8.18939 0.053
6.5841 0.052
4.99056 0.051
3.40501 0.05
1.83458 0.049
0.27315 0.048
-1.27899 0.047
-2.82238 0.046
-4.35085 0.045
-5.86934 0.044
-7.37264 0.043
-8.86105 0.042
-10.325 0.041
-11.7729 0.04
-13.2105 0.039
-14.6103 0.038
-15.9963 0.037
-17.3583 0.036
-18.6984 0.035
-20.0146 0.034
-21.2726 0.033
-22.5059 0.032
-23.7047 0.031
-24.8602 0.03
-25.938 0.029
-26.9398 0.028
-27.8036 0.027
-28.666 0.026
-29.5186 0.025
-30.3473 0.024
-31.1044 0.023
-31.8501 0.022
-32.5857 0.021
-33.3107 0.02
-34.026 0.019
-34.7307 0.018
-35.4188 0.017
-36.0939 0.016
-36.7604 0.015
-37.4191 0.014
-38.0694 0.013
-38.7003 0.012
-39.3155 0.011
-39.9227 0.01
-40.5309 0.009
-41.1356 0.008
-41.7305 0.007
-42.3159 0.006
-42.8938 0.005
-43.462 0.004
-44.0214 0.003
-44.5714 0.002
-45.1132 0.001
-45.6474 -2.08167e-17
-46.4637 -0.001
-47.2949 -0.002
-48.1426 -0.003
-48.9896 -0.004
-49.8245 -0.005
-50.6476 -0.006
-51.4329 -0.007
-52.2131 -0.008
-52.9269 -0.009
-53.6174 -0.01
-54.2966 -0.011
-54.9652 -0.012
-55.6007 -0.013
-56.1974 -0.014
-56.7858 -0.015
-57.3716 -0.016
-57.9467 -0.017
-58.5117 -0.018
-59.0671 -0.019
-59.613 -0.02
-60.1498 -0.021
-60.6774 -0.022
-61.1963 -0.023
-61.7068 -0.024
-62.2774 -0.025
-63.1742 -0.026
-64.5277 -0.027
-65.9118 -0.028
-67.2839 -0.029
-68.6328 -0.03
-69.981 -0.031
-71.3198 -0.032
-73.1087 -0.033
-74.9246 -0.034
-76.7361 -0.035
-78.5493 -0.036
-80.3538 -0.037
-82.1501 -0.038
-83.925 -0.039
-85.6768 -0.04
-87.4067 -0.041
-89.1191 -0.042
-90.8307 -0.043
-92.541 -0.044
-94.2338 -0.045
-95.9117 -0.046
-97.5744 -0.047
-99.2211 -0.048
-100.855 -0.049
-102.495 -0.05
-104.121 -0.051
-105.74 -0.052
-107.347 -0.053
-108.942 -0.054
-110.523 -0.055
-112.09 -0.056
-113.646 -0.057
-115.189 -0.058
-116.72 -0.059
-118.24 -0.06
-119.749 -0.061
-121.247 -0.062
-122.736 -0.063
-124.214 -0.064
-125.682 -0.065
-127.141 -0.066
-128.59 -0.067
-130.03 -0.068
-131.46 -0.069
-132.882 -0.07
-134.296 -0.071
-135.701 -0.072
-137.099 -0.073
-138.488 -0.074
-139.87 -0.075
-141.244 -0.076
-142.611 -0.077
-143.971 -0.078
-145.323 -0.079
-146.669 -0.08
-148.008 -0.081
-149.341 -0.082
-150.667 -0.083
-151.987 -0.084
-153.3 -0.085
-154.608 -0.086
-155.909 -0.087
-157.205 -0.088
-158.495 -0.089
-159.779 -0.09
-161.058 -0.091
-162.332 -0.092
-163.6 -0.093
-164.863 -0.094
-166.12 -0.095
-167.373 -0.096
-168.621 -0.097
-169.864 -0.098
-171.102 -0.099
-172.335 -0.1
-173.564 -0.101
-174.789 -0.102
-176.008 -0.103
-177.224 -0.104
-178.435 -0.105
-179.642 -0.106
-180.845 -0.107
-182.043 -0.108
-183.238 -0.109
-184.428 -0.11
-185.615 -0.111
-186.794 -0.112
-187.961 -0.113
-189.121 -0.114
-190.275 -0.115
-191.421 -0.116
-192.547 -0.117
-193.663 -0.118
-194.768 -0.119
-195.861 -0.12
-196.888 -0.121
-197.722 -0.122
-198.425 -0.123
-199.051 -0.124
-199.663 -0.125
-200.251 -0.126
-200.822 -0.127
-201.361 -0.128
-201.816 -0.129
-202.296 -0.13
-198.374 -0.129
-194.522 -0.128
-190.72 -0.127
-186.968 -0.126
-183.265 -0.125
-179.61 -0.124
-176.002 -0.123
-172.441 -0.122
-168.925 -0.121
-165.455 -0.12
-162.029 -0.119
-158.648 -0.118
-155.313 -0.117
-152.022 -0.116
-148.773 -0.115
-145.567 -0.114
-142.406 -0.113
-139.285 -0.112
-136.205 -0.111
-133.164 -0.11
-130.162 -0.109
-127.201 -0.108
-124.278 -0.107
-121.393 -0.106
-118.546 -0.105
-115.735 -0.104
-112.961 -0.103
-110.223 -0.102
-107.52 -0.101
-104.851 -0.1
-102.217 -0.099
-99.6141 -0.098
-97.0456 -0.097
-94.5089 -0.096
-92.005 -0.095
-89.5369 -0.094
-87.0986 -0.093
-84.6911 -0.092
-82.3116 -0.091
-79.9609 -0.09
-77.6391 -0.089
-75.3459 -0.088
-73.0807 -0.087
-70.8425 -0.086
-68.6303 -0.085
-66.4421 -0.084
-64.2791 -0.083
-62.1403 -0.082
-60.0257 -0.081
-57.9347 -0.08
-55.8668 -0.079
-53.8206 -0.078
-51.7951 -0.077
-49.7903 -0.076
-47.8057 -0.075
-45.841 -0.074
-43.8956 -0.073
-41.9687 -0.072
-40.0596 -0.071
-38.1673 -0.07
-36.2924 -0.069
-34.4336 -0.068
-32.5925 -0.067
-30.7675 -0.066
-28.9617 -0.065
-27.1768 -0.064
-25.4126 -0.063
-23.6622 -0.062
-21.9249 -0.061
-20.199 -0.06
-18.4874 -0.059
-16.7893 -0.058
-15.0999 -0.057
-13.4257 -0.056
-11.7635 -0.055
-10.1218 -0.054
-8.49024 -0.053
-6.87254 -0.052
-5.27113 -0.051
-3.67906 -0.05
-2.09525 -0.049
-0.520134 -0.048
1.04509 -0.047
2.59977 -0.046
4.13663 -0.045
5.65992 -0.044
7.17312 -0.043
8.67213 -0.042
10.1592 -0.041
11.6263 -0.04
13.0622 -0.039
14.4523 -0.038
15.808 -0.037
17.1409 -0.036
18.4649 -0.035
19.7751 -0.034
21.058 -0.033
22.2937 -0.032
23.4959 -0.031
24.6711 -0.03
25.7964 -0.029
26.8617 -0.028
27.7799 -0.027
28.6362 -0.026
29.477 -0.025
30.3074 -0.024
31.1302 -0.023
31.9337 -0.022
32.6575 -0.021
33.3592 -0.02
34.0516 -0.019
34.7344 -0.018
35.4089 -0.017
36.0706 -0.016
36.7196 -0.015
37.36 -0.014
37.9918 -0.013
38.6124 -0.012
39.2218 -0.011
39.821 -0.01
40.42 -0.009
41.0172 -0.008
41.6009 -0.007
42.1727 -0.006
42.7369 -0.005
43.2942 -0.004
43.8439 -0.003
44.3859 -0.002
44.9209 -0.001
45.4487 -6.93889e-18
45.9706 0.001
46.486 0.002
46.9953 0.003
47.4864 0.004
48.1581 0.005
48.9491 0.006
49.7205 0.007
50.4437 0.008
51.1627 0.009
51.8779 0.01
52.5995 0.011
53.2723 0.012
53.9118 0.013
54.5387 0.014
55.1539 0.015
55.7577 0.016
56.3504 0.017
56.9372 0.018
57.5137 0.019
58.0843 0.02
58.6507 0.021
59.2073 0.022
59.7542 0.023
60.2946 0.024
61.1162 0.025
62.2187 0.026
63.5396 0.027
64.8624 0.028
66.2059 0.029
67.5448 0.03
68.8577 0.031
70.1447 0.032
71.4067 0.033
72.6736 0.034
74.2634 0.035
75.9784 0.036
77.6842 0.037
79.3939 0.038
81.098 0.039
82.8034 0.04
84.5027 0.041
86.1807 0.042
87.8466 0.043
89.5093 0.044
91.1606 0.045
92.7956 0.046
94.4134 0.047
96.0118 0.048
97.5944 0.049
99.1616 0.05
100.715 0.051
102.275 0.052
103.825 0.053
105.366 0.054
106.894 0.055
108.409 0.056
109.913 0.057
111.405 0.058
112.886 0.059
114.356 0.06
115.815 0.061
117.265 0.062
118.704 0.063
120.134 0.064
121.555 0.065
122.966 0.066
124.369 0.067
125.763 0.068
127.148 0.069
128.526 0.07
129.895 0.071
131.257 0.072
132.612 0.073
133.959 0.074
135.298 0.075
136.631 0.076
137.957 0.077
139.277 0.078
140.589 0.079
141.896 0.08
143.196 0.081
144.488 0.082
145.77 0.083
147.044 0.084
148.313 0.085
149.576 0.086
150.831 0.087
152.08 0.088
153.322 0.089
154.56 0.09
155.791 0.091
157.018 0.092
158.239 0.093
159.455 0.094
160.666 0.095
161.872 0.096
163.073 0.097
164.269 0.098
165.461 0.099
166.648 0.1
167.831 0.101
169.009 0.102
170.183 0.103
171.353 0.104
172.518 0.105
173.68 0.106
174.837 0.107
175.99 0.108
177.14 0.109
178.285 0.11
179.427 0.111
180.565 0.112
181.699 0.113
182.83 0.114
183.957 0.115
185.081 0.116
186.201 0.117
187.317 0.118
188.431 0.119
189.541 0.12
190.648 0.121
191.751 0.122
192.852 0.123
193.949 0.124
195.036 0.125
196.102 0.126
197.154 0.127
198.181 0.128
199.204 0.129
200.199 0.13
201.062 0.131
201.834 0.132
202.573 0.133
203.259 0.134
203.836 0.135
204.411 0.136
204.958 0.137
205.495 0.138
206.021 0.139
206.534 0.14
202.634 0.139
198.804 0.138
195.027 0.137
191.302 0.136
187.628 0.135
184.004 0.134
180.428 0.133
176.9 0.132
173.419 0.131
169.984 0.13
166.596 0.129
163.253 0.128
159.955 0.127
156.7 0.126
153.49 0.125
150.322 0.124
147.197 0.123
144.115 0.122
141.076 0.121
138.078 0.12
135.118 0.119
132.199 0.118
129.319 0.117
126.477 0.116
123.672 0.115
120.905 0.114
118.174 0.113
115.48 0.112
112.822 0.111
110.198 0.11
107.608 0.109
105.053 0.108
102.528 0.107
100.036 0.106
97.5758 0.105
95.147 0.104
92.7496 0.103
90.3812 0.102
88.0426 0.101
85.7331 0.1
83.4508 0.099
81.197 0.098
78.9706 0.097
76.7715 0.096
74.5994 0.095
72.4534 0.094
70.3322 0.093
68.2346 0.092
66.1607 0.091
64.1105 0.09
62.0832 0.089
60.0783 0.088
58.0954 0.087
56.1338 0.086
54.1931 0.085
52.2715 0.084
50.3698 0.083
48.4868 0.082
46.6224 0.081
44.7762 0.08
42.9475 0.079
41.136 0.078
39.3409 0.077
37.5612 0.076
35.7975 0.075
34.0494 0.074
32.3202 0.073
30.6052 0.072
28.907 0.071
27.229 0.07
25.5686 0.069
23.9207 0.068
22.2847 0.067
20.6602 0.066
19.0459 0.065
17.4472 0.064
15.8589 0.063
14.2804 0.062
12.7151 0.061
11.1604 0.06
9.62103 0.059
8.09497 0.058
6.57955 0.057
5.07546 0.056
3.58397 0.055
2.09945 0.054
0.622862 0.053
-0.846586 0.052
-2.30733 0.051
-3.75838 0.05
-5.18791 0.049
-6.59814 0.048
-7.9982 0.047
-9.39002 0.046
-10.762 0.045
-12.0981 0.044
-13.4286 0.043
-14.7479 0.042
-16.0529 0.041
-17.3382 0.04
-18.6057 0.039
-19.8375 0.038
-21.0528 0.037
-22.2592 0.036
-23.4509 0.035
-24.6088 0.034
-25.6903 0.033
-26.7069 0.032
-27.6993 0.031
-28.5769 0.03
-29.379 0.029
-30.1736 0.028
-30.9602 0.027
-31.7378 0.026
-32.4781 0.025
-33.1677 0.024
-33.8496 0.023
-34.5227 0.022
-35.1865 0.021
-35.8417 0.02
-36.4885 0.019
-37.1259 0.018
-37.7549 0.017
-38.3762 0.016
-38.9903 0.015
-39.5976 0.014
-40.1914 0.013
-40.7723 0.012
-41.3438 0.011
-41.9076 0.01
-42.4629 0.009
-43.0206 0.008
-43.5641 0.007
-44.0987 0.006
-44.6261 0.005
-45.1466 0.004
-45.6596 0.003
-46.1651 0.002
-46.663 0.001
-47.3283 -2.08167e-17
-48.141 -0.001
-48.9519 -0.002
-49.7248 -0.003
-50.4964 -0.004
-51.2632 -0.005
-52.0319 -0.006
-52.7866 -0.007
-53.5004 -0.008
-54.2051 -0.009
-54.8606 -0.01
-55.4864 -0.011
-56.1032 -0.012
-56.711 -0.013
-57.2743 -0.014
-57.8163 -0.015
-58.3517 -0.016
-58.8783 -0.017
-59.4014 -0.018
-59.9202 -0.019
-60.4304 -0.02
-60.9328 -0.021
-61.4272 -0.022
-61.9141 -0.023
-62.3937 -0.024
-62.9528 -0.025
-63.8494 -0.026
-65.1248 -0.027
-66.3853 -0.028
-67.6501 -0.029
-68.9224 -0.03
-70.1779 -0.031
-71.4092 -0.032
-72.6172 -0.033
-73.8022 -0.034
-75.0635 -0.035
-76.5678 -0.036
-78.2328 -0.037
-79.9101 -0.038
-81.6098 -0.039
-83.298 -0.04
-84.9686 -0.041
-86.6337 -0.042
-88.2783 -0.043
-89.9037 -0.044
-91.5103 -0.045
-93.0991 -0.046
-94.6997 -0.047
-96.294 -0.048
-97.8785 -0.049
-99.4483 -0.05
-101.004 -0.051
-102.545 -0.052
-104.074 -0.053
-105.592 -0.054
-107.098 -0.055
-108.602 -0.056
-110.103 -0.057
-111.592 -0.058
-113.071 -0.059
-114.539 -0.06
-115.997 -0.061
-117.445 -0.062
-118.883 -0.063
-120.312 -0.064
-121.732 -0.065
-123.143 -0.066
-124.546 -0.067
-125.94 -0.068
-127.326 -0.069
-128.704 -0.07
-130.074 -0.071
-131.437 -0.072
-132.793 -0.073
-134.141 -0.074
-135.481 -0.075
-136.815 -0.076
-138.141 -0.077
-139.456 -0.078
-140.765 -0.079
-142.068 -0.08
-143.362 -0.081
-144.648 -0.082
-145.928 -0.083
-147.201 -0.084
-148.468 -0.085
-149.73 -0.086
-150.985 -0.087
-152.235 -0.088
-153.48 -0.089
-154.719 -0.09
-155.953 -0.091
-157.181 -0.092
-158.405 -0.093
-159.623 -0.094
-160.837 -0.095
-162.045 -0.096
-163.249 -0.097
-164.449 -0.098
-165.644 -0.099
-166.834 -0.1
-168.02 -0.101
-169.202 -0.102
-170.379 -0.103
-171.552 -0.104
-172.722 -0.105
-173.887 -0.106
-175.048 -0.107
-176.205 -0.108
-177.359 -0.109
-178.508 -0.11
-179.654 -0.111
-180.797 -0.112
-181.936 -0.113
-183.071 -0.114
-184.203 -0.115
-185.331 -0.116
-186.456 -0.117
-187.578 -0.118
-188.696 -0.119
-189.811 -0.12
-190.923 -0.121
-192.032 -0.122
-193.138 -0.123
-194.241 -0.124
-195.336 -0.125
-196.425 -0.126
-197.501 -0.127
-198.553 -0.128
-199.589 -0.129
-200.608 -0.13
-201.542 -0.131
-202.213 -0.132
-202.794 -0.133
-203.372 -0.134
-203.944 -0.135
-204.511 -0.136
-205.043 -0.137
-205.552 -0.138
-206.07 -0.139
-206.601 -0.14
-202.701 -0.139
-198.871 -0.138
-195.094 -0.137
-191.371 -0.136
-187.698 -0.135
-184.076 -0.134
-180.502 -0.133
-176.977 -0.132
-173.498 -0.131
-170.066 -0.13
-166.68 -0.129
-163.338 -0.128
-160.041 -0.127
-156.788 -0.126
-153.58 -0.125
-150.417 -0.124
-147.296 -0.123
-144.218 -0.122
-141.18 -0.121
-138.184 -0.12
-135.227 -0.119
-132.31 -0.118
-129.432 -0.117
-126.592 -0.116
-123.79 -0.115
-121.024 -0.114
-118.296 -0.113
-115.604 -0.112
-112.946 -0.111
-110.324 -0.11
-107.735 -0.109
-105.179 -0.108
-102.657 -0.107
-100.166 -0.106
-97.7077 -0.105
-95.2802 -0.104
-92.8824 -0.103
-90.5153 -0.102
-88.1772 -0.101
-85.8669 -0.1
-83.586 -0.099
-81.3338 -0.098
-79.1096 -0.097
-76.9121 -0.096
-74.741 -0.095
-72.5953 -0.094
-70.474 -0.093
-68.3765 -0.092
-66.3033 -0.091
-64.2538 -0.09
-62.227 -0.089
-60.2222 -0.088
-58.2391 -0.087
-56.2768 -0.086
-54.3346 -0.085
-52.412 -0.084
-50.5088 -0.083
-48.6248 -0.082
-46.7593 -0.081
-44.9115 -0.08
-43.0827 -0.079
-41.2727 -0.078
-39.4787 -0.077
-37.7009 -0.076
-35.9385 -0.075
-34.1911 -0.074
-32.4585 -0.073
-30.7392 -0.072
-29.0398 -0.071
-27.3605 -0.07
-25.6947 -0.069
-24.0414 -0.068
-22.3987 -0.067
-20.7674 -0.066
-19.1474 -0.065
-17.5431 -0.064
-15.9479 -0.063
-14.3638 -0.062
-12.7906 -0.061
-11.2348 -0.06
-9.69104 -0.059
-8.15762 -0.058
-6.63761 -0.057
-5.12816 -0.056
-3.62564 -0.055
-2.13119 -0.054
-0.644311 -0.053
0.834104 -0.052
2.30562 -0.051
3.76043 -0.05
5.1952 -0.049
6.61836 -0.048
8.02475 -0.047
9.41451 -0.046
10.7775 -0.045
12.1123 -0.044
13.4377 -0.043
14.7539 -0.042
16.0526 -0.041
17.3303 -0.04
18.5951 -0.039
19.8281 -0.038
21.0424 -0.037
22.2387 -0.036
23.3976 -0.035
24.5152 -0.034
25.5794 -0.033
26.6077 -0.032
27.6117 -0.031
28.5351 -0.03
29.3416 -0.029
30.1295 -0.028
30.9086 -0.027
31.6784 -0.026
32.4421 -0.025
33.1836 -0.024
33.8627 -0.023
34.5325 -0.022
35.1911 -0.021
35.8417 -0.02
36.4845 -0.019
37.1191 -0.018
37.7413 -0.017
38.3558 -0.016
38.9605 -0.015
39.5573 -0.014
40.1356 -0.013
40.7001 -0.012
41.2543 -0.011
41.7994 -0.01
42.3359 -0.009
42.8734 -0.008
43.4107 -0.007
43.9425 -0.006
44.4674 -0.005
44.9844 -0.004
45.4943 -0.003
45.999 -0.002
46.4965 -0.001
46.9855 -6.93889e-18
47.4631 0.001
48.0088 0.002
48.7655 0.003
49.5465 0.004
50.3181 0.005
51.0727 0.006
51.7967 0.007
52.5126 0.008
53.1946 0.009
53.8385 0.01
54.4825 0.011
55.1167 0.012
55.7297 0.013
56.2949 0.014
56.8501 0.015
57.3959 0.016
57.9326 0.017
58.4604 0.018
58.9794 0.019
59.4941 0.02
60.0009 0.021
60.4998 0.022
60.9976 0.023
61.4896 0.024
62.0386 0.025
62.8715 0.026
63.915 0.027
65.1355 0.028
66.3727 0.029
67.607 0.03
68.8215 0.031
70.0134 0.032
71.1921 0.033
72.3624 0.034
73.5214 0.035
74.6594 0.036
75.8961 0.037
77.4974 0.038
79.1227 0.039
80.7247 0.04
82.3113 0.041
83.9049 0.042
85.5114 0.043
87.1124 0.044
88.6999 0.045
90.2701 0.046
91.8243 0.047
93.3664 0.048
94.9041 0.049
96.45 0.05
97.9805 0.051
99.4985 0.052
101.003 0.053
102.494 0.054
103.977 0.055
105.448 0.056
106.907 0.057
108.354 0.058
109.789 0.059
111.214 0.06
112.628 0.061
114.032 0.062
115.426 0.063
116.81 0.064
118.185 0.065
119.551 0.066
120.908 0.067
122.256 0.068
123.597 0.069
124.929 0.07
126.253 0.071
127.57 0.072
128.879 0.073
130.181 0.074
131.476 0.075
132.764 0.076
134.045 0.077
135.32 0.078
136.588 0.079
137.851 0.08
139.107 0.081
140.357 0.082
141.602 0.083
142.841 0.084
144.074 0.085
145.302 0.086
146.523 0.087
147.739 0.088
148.951 0.089
150.157 0.09
151.358 0.091
152.555 0.092
153.747 0.093
154.935 0.094
156.118 0.095
157.297 0.096
158.471 0.097
159.642 0.098
160.808 0.099
161.97 0.1
163.128 0.101
164.282 0.102
165.432 0.103
166.577 0.104
167.714 0.105
168.848 0.106
169.977 0.107
171.102 0.108
172.224 0.109
173.341 0.11
174.452 0.111
175.559 0.112
176.663 0.113
177.763 0.114
178.86 0.115
179.954 0.116
181.044 0.117
182.131 0.118
183.214 0.119
184.294 0.12
185.372 0.121
186.446 0.122
187.517 0.123
188.585 0.124
189.651 0.125
190.713 0.126
191.773 0.127
192.829 0.128
193.883 0.129
194.934 0.13
195.983 0.131
197.029 0.132
198.072 0.133
199.107 0.134
200.138 0.135
201.159 0.136
202.174 0.137
203.177 0.138
204.174 0.139
205.109 0.14
205.884 0.141
206.522 0.142
206.967 0.143
207.391 0.144
207.785 0.145
208.25 0.146
208.732 0.147
209.199 0.148
209.583 0.149
209.903 0.15
206.013 0.149
202.203 0.148
198.452 0.147
194.757 0.146
191.115 0.145
187.525 0.144
183.986 0.143
180.496 0.142
177.054 0.141
173.661 0.14
170.315 0.139
167.015 0.138
163.76 0.137
160.551 0.136
157.386 0.135
154.265 0.134
151.187 0.133
148.152 0.132
145.16 0.131
142.211 0.13
139.303 0.129
136.435 0.128
133.605 0.127
130.814 0.126
128.062 0.125
125.346 0.124
122.666 0.123
120.022 0.122
117.413 0.121
114.839 0.12
112.3 0.119
109.792 0.118
107.318 0.117
104.877 0.116
102.466 0.115
100.087 0.114
97.7391 0.113
95.4187 0.112
93.1282 0.111
90.8662 0.11
88.6312 0.109
86.4242 0.108
84.2447 0.107
82.0922 0.106
79.9662 0.105
77.8658 0.104
75.7895 0.103
73.7376 0.102
71.7083 0.101
69.7018 0.1
67.7181 0.099
65.7569 0.098
63.8172 0.097
61.8984 0.096
59.9999 0.095
58.1217 0.094
56.262 0.093
54.4213 0.092
52.5991 0.091
50.7951 0.09
49.0087 0.089
47.2392 0.088
45.4867 0.087
43.7507 0.086
42.0303 0.085
40.325 0.084
38.635 0.083
36.9598 0.082
35.2988 0.081
33.6517 0.08
32.018 0.079
30.3969 0.078
28.7975 0.077
27.2134 0.076
25.6408 0.075
24.0792 0.074
22.5292 0.073
20.9903 0.072
19.4625 0.071
17.9535 0.07
16.4574 0.069
14.9698 0.068
13.4926 0.067
12.0254 0.066
10.5748 0.065
9.13644 0.064
7.70551 0.063
6.28646 0.062
4.87355 0.061
3.47066 0.06
2.07671 0.059
0.689723 0.058
-0.689607 0.057
-2.063 0.056
-3.42914 0.055
-4.78487 0.054
-6.12899 0.053
-7.46012 0.052
-8.75848 0.051
-10.0382 0.05
-11.2993 0.049
-12.5515 0.048
-13.7961 0.047
-15.0324 0.046
-16.2601 0.045
-17.4623 0.044
-18.642 0.043
-19.8086 0.042
-20.9621 0.041
-22.1016 0.04
-23.2282 0.039
-24.3263 0.038
-25.3686 0.037
-26.3591 0.036
-27.3394 0.035
-28.2976 0.034
-29.172 0.033
-29.979 0.032
-30.7304 0.031
-31.4743 0.03
-32.2105 0.029
-32.9392 0.028
-33.6391 0.027
-34.2891 0.026
-34.9306 0.025
-35.5639 0.024
-36.1891 0.023
-36.8068 0.022
-37.4158 0.021
-38.0121 0.02
-38.5994 0.019
-39.1795 0.018
-39.753 0.017
-40.3211 0.016
-40.88 0.015
-41.4311 0.014
-41.9753 0.013
-42.5085 0.012
-43.0343 0.011
-43.5513 0.01
-44.0602 0.009
-44.5622 0.008
-45.0561 0.007
-45.5582 0.006
-46.0584 0.005
-46.5509 0.004
-47.0366 0.003
-47.706 0.002
-48.5257 0.001
-49.2826 -2.08235e-17
-50.0229 -0.001
-50.7551 -0.002
-51.4892 -0.003
-52.2265 -0.004
-52.9518 -0.005
-53.6447 -0.006
-54.3414 -0.007
-55.0351 -0.008
-55.7058 -0.009
-56.3322 -0.01
-56.9507 -0.011
-57.5374 -0.012
-58.0898 -0.013
-58.6347 -0.014
-59.1724 -0.015
-59.6644 -0.016
-60.1466 -0.017
-60.6231 -0.018
-61.0925 -0.019
-61.5573 -0.02
-62.0239 -0.021
-62.4838 -0.022
-62.9372 -0.023
-63.3843 -0.024
-63.8251 -0.025
-64.3484 -0.026
-65.1426 -0.027
-66.3182 -0.028
-67.5367 -0.029
-68.735 -0.03
-69.9133 -0.031
-71.072 -0.032
-72.2139 -0.033
-73.3546 -0.034
-74.4746 -0.035
-75.5742 -0.036
-76.8706 -0.037
-78.2838 -0.038
-79.8747 -0.039
-81.4473 -0.04
-83.0092 -0.041
-84.5648 -0.042
-86.1363 -0.043
-87.6908 -0.044
-89.2369 -0.045
-90.7865 -0.046
-92.3383 -0.047
-93.8853 -0.048
-95.4204 -0.049
-96.9384 -0.05
-98.4441 -0.051
-99.9371 -0.052
-101.431 -0.053
-102.912 -0.054
-104.381 -0.055
-105.837 -0.056
-107.282 -0.057
-108.717 -0.058
-110.145 -0.059
-111.563 -0.06
-112.969 -0.061
-114.366 -0.062
-115.754 -0.063
-117.132 -0.064
-118.501 -0.065
-119.861 -0.066
-121.213 -0.067
-122.556 -0.068
-123.892 -0.069
-125.219 -0.07
-126.539 -0.071
-127.852 -0.072
-129.157 -0.073
-130.456 -0.074
-131.746 -0.075
-133.03 -0.076
-134.308 -0.077
-135.579 -0.078
-136.844 -0.079
-138.103 -0.08
-139.357 -0.081
-140.604 -0.082
-141.846 -0.083
-143.083 -0.084
-144.315 -0.085
-145.541 -0.086
-146.762 -0.087
-147.978 -0.088
-149.19 -0.089
-150.396 -0.09
-151.598 -0.091
-152.796 -0.092
-153.989 -0.093
-155.177 -0.094
-156.361 -0.095
-157.541 -0.096
-158.717 -0.097
-159.889 -0.098
-161.057 -0.099
-162.216 -0.1
-163.37 -0.101
-164.52 -0.102
-165.667 -0.103
-166.809 -0.104
-167.945 -0.105
-169.077 -0.106
-170.204 -0.107
-171.327 -0.108
-172.446 -0.109
-173.563 -0.11
-174.675 -0.111
-175.784 -0.112
-176.89 -0.113
-177.992 -0.114
-179.091 -0.115
-180.186 -0.116
-181.279 -0.117
-182.368 -0.118
-183.455 -0.119
-184.538 -0.12
-185.618 -0.121
-186.695 -0.122
-187.77 -0.123
-188.841 -0.124
-189.909 -0.125
-190.975 -0.126
-192.038 -0.127
-193.098 -0.128
-194.156 -0.129
-195.211 -0.13
-196.263 -0.131
-197.312 -0.132
-198.359 -0.133
-199.4 -0.134
-200.435 -0.135
-201.462 -0.136
-202.476 -0.137
-203.483 -0.138
-204.485 -0.139
-205.459 -0.14
-206.22 -0.141
-206.809 -0.142
-207.307 -0.143
-207.786 -0.144
-208.227 -0.145
-208.647 -0.146
-209.038 -0.147
-209.422 -0.148
-209.9 -0.149
-210.365 -0.15
-206.476 -0.149
-202.663 -0.148
-198.913 -0.147
-195.218 -0.146
-191.577 -0.145
-187.988 -0.144
-184.449 -0.143
-180.959 -0.142
-177.518 -0.141
-174.125 -0.14
-170.779 -0.139
-167.478 -0.138
-164.224 -0.137
-161.014 -0.136
-157.849 -0.135
-154.728 -0.134
-151.65 -0.133
-148.614 -0.132
-145.623 -0.131
-142.674 -0.13
-139.765 -0.129
-136.895 -0.128
-134.065 -0.127
-131.274 -0.126
-128.518 -0.125
-125.8 -0.124
-123.119 -0.123
-120.473 -0.122
-117.863 -0.121
-115.288 -0.12
-112.746 -0.119
-110.237 -0.118
-107.762 -0.117
-105.318 -0.116
-102.907 -0.115
-100.526 -0.114
-98.1744 -0.113
-95.8537 -0.112
-93.562 -0.111
-91.2975 -0.11
-89.0617 -0.109
-86.8541 -0.108
-84.6742 -0.107
-82.521 -0.106
-80.3937 -0.105
-78.292 -0.104
-76.2147 -0.103
-74.1614 -0.102
-72.1309 -0.101
-70.1237 -0.1
-68.1392 -0.099
-66.1763 -0.098
-64.2352 -0.097
-62.315 -0.096
-60.4155 -0.095
-58.5351 -0.094
-56.6738 -0.093
-54.8314 -0.092
-53.0073 -0.091
-51.2017 -0.09
-49.4132 -0.089
-47.6424 -0.088
-45.8879 -0.087
-44.1496 -0.086
-42.4264 -0.085
-40.719 -0.084
-39.0262 -0.083
-37.3484 -0.082
-35.6845 -0.081
-34.0336 -0.08
-32.3961 -0.079
-30.776 -0.078
-29.1734 -0.077
-27.584 -0.076
-26.0066 -0.075
-24.4405 -0.074
-22.8854 -0.073
-21.3419 -0.072
-19.8092 -0.071
-18.2951 -0.07
-16.7929 -0.069
-15.2978 -0.068
-13.8159 -0.067
-12.3505 -0.066
-10.893 -0.065
-9.44319 -0.064
-8.00284 -0.063
-6.57437 -0.062
-5.1528 -0.061
-3.74433 -0.06
-2.34242 -0.059
-0.947901 -0.058
0.440096 -0.057
1.82133 -0.056
3.18803 -0.055
4.52853 -0.054
5.85864 -0.053
7.18104 -0.052
8.4715 -0.051
9.75034 -0.05
11.0165 -0.049
12.2727 -0.048
13.521 -0.047
14.7565 -0.046
15.9771 -0.045
17.1814 -0.044
18.3653 -0.043
19.5361 -0.042
20.6878 -0.041
21.8204 -0.04
22.9441 -0.039
24.0406 -0.038
25.0608 -0.037
26.0438 -0.036
27.0141 -0.035
27.9797 -0.034
28.9161 -0.033
29.786 -0.032
30.5436 -0.031
31.2808 -0.03
32.0122 -0.029
32.7382 -0.028
33.4571 -0.027
34.1659 -0.026
34.7981 -0.025
35.4212 -0.024
36.0371 -0.023
36.6461 -0.022
37.2478 -0.021
37.8403 -0.02
38.4243 -0.019
39.0017 -0.018
39.5722 -0.017
40.1361 -0.016
40.6907 -0.015
41.2368 -0.014
41.7745 -0.013
42.3023 -0.012
42.8183 -0.011
43.3274 -0.01
43.8298 -0.009
44.3263 -0.008
44.8218 -0.007
45.3198 -0.006
45.8136 -0.005
46.3011 -0.004
46.7759 -0.003
47.2414 -0.002
47.7026 -0.001
48.3432 -6.93889e-18
