0 0
0.01 -8.2557
0.02 -8.65962
0.03 -7.86682
0.04 -9.04525
0.05 -7.60225
0.06 -9.1586
0.07 -7.53873
0.08 -9.23406
0.09 -7.49745
0.1 -9.1454
0.11 -7.70903
0.12 -8.90049
0.13 -7.92338
0.14 -8.67363
0.15 -8.22487
0.16 -8.31284
0.17 -8.5588
0.18 -8.0527
0.19 -8.78295
0.2 -7.81375
0.21 -9.01964
0.22 -7.64895
0.23 -9.08652
0.24 -7.6406
0.25 -9.08743
0.26 -7.66349
0.27 -8.99689
0.28 -7.83746
0.29 -8.79356
0.3 -8.03753
0.31 -8.60197
0.32 -8.26527
0.33 -8.34472
0.34 -8.51676
0.35 -8.12451
0.36 -8.63978
0.37 -7.96925
0.38 -8.87422
0.39 -7.88343
0.4 -8.86326
0.41 -7.89205
0.42 -8.90128
0.43 -7.89643
0.44 -8.7862
0.45 -8.00354
0.46 -8.57763
0.47 -8.08274
0.48 -8.4093
0.49 -8.19891
0.5 -8.23059
0.51 -8.39413
0.52 -8.07721
0.53 -8.47459
0.54 -8.07467
0.55 -8.68272
0.56 -8.03578
0.57 -8.74413
0.58 -8.17551
0.59 -8.704
0.6 -8.12626
0.61 -8.70226
0.62 -8.28129
0.63 -8.44279
0.64 -8.16756
0.65 -8.20894
0.66 -8.30441
0.67 -8.32242
0.68 -8.67465
0.69 -8.27322
0.7 -8.6315
0.71 -8.25132
0.72 -8.76064
0.73 -8.16835
0.74 -8.63118
0.75 -7.98711
0.76 -8.30652
0.77 -8.01271
0.78 -8.43331
0.79 -8.02034
0.8 -8.19799
0.81 -8.23035
0.82 -8.17058
0.83 -8.15249
0.84 -8.11174
0.85 -8.35913
0.86 -8.08064
0.87 -8.56272
0.88 -8.07921
0.89 -8.17954
0.9 -7.95541
0.91 -8.53165
0.92 -7.90655
0.93 -8.19453
0.94 -8.16142
0.95 -8.40408
0.96 -8.31419
0.97 -8.81558
0.98 -8.64346
0.99 -8.35279
1 -8.64733
1.01 -8.59242
1.02 -8.24757
1.03 -8.0615
1.04 -8.52082
1.05 -7.9099
1.06 -8.01408
1.07 -8.20603
1.08 -8.37086
1.09 -8.02956
1.1 -8.88023
1.11 -8.90397
1.12 -8.40896
1.13 -8.4614
1.14 -9.00742
1.15 -8.62066
1.16 -8.33437
1.17 -8.91435
1.18 -8.76065
1.19 -8.46493
1.2 -8.53737
1.21 -8.66096
1.22 -7.81458
1.23 -8.4471
1.24 -9.19072
1.25 -8.78235
1.26 -8.08755
1.27 -9.01323
1.28 -9.01773
1.29 -8.32291
1.3 -8.63372
1.31 -9.15812
1.32 -8.57885
1.33 -8.38511
1.34 -9.11294
1.35 -8.78312
1.36 -8.38946
1.37 -8.49465
1.38 -8.71458
1.39 -8.47201
1.4 -8.96754
1.41 -8.83725
1.42 -8.57983
1.43 -8.6776
1.44 -9.02351
1.45 -8.62573
1.46 -8.61696
1.47 -8.93547
1.48 -8.8005
1.49 -8.58261
1.5 -8.80467
1.51 -8.9413
1.52 -8.59455
1.53 -8.78533
1.54 -8.91773
1.55 -8.79727
1.56 -8.6158
1.57 -8.95607
1.58 -8.81579
1.59 -8.69193
1.6 -8.78707
1.61 -8.77674
1.62 -8.26482
1.63 -8.50895
1.64 -9.1224
1.65 -8.54408
1.66 -8.02368
1.67 -8.99053
1.68 -9.39472
1.69 -8.30737
1.7 -8.54713
1.71 -9.3342
1.72 -8.77267
1.73 -8.26471
1.74 -9.14826
1.75 -9.0466
1.76 -8.25618
1.77 -8.25478
1.78 -8.27891
1.79 -7.99757
1.8 -8.80429
1.81 -9.39766
1.82 -8.55312
1.83 -8.43135
1.84 -9.22072
1.85 -8.96154
1.86 -8.31281
1.87 -8.97251
1.88 -9.13632
1.89 -8.50038
1.9 -8.63134
1.91 -9.21157
1.92 -8.70402
1.93 -8.49753
1.94 -9.03893
1.95 -8.95873
1.96 -8.47617
1.97 -8.82763
1.98 -8.98584
1.99 -8.21279
2 -8.11608
2.01 -8.74156
2.02 -8.51935
2.03 -7.73482
2.04 -7.87629
2.05 -7.79441
2.06 -7.24098
2.07 -8.03773
2.08 -9.54762
2.09 -9.00143
2.1 -8.12324
2.11 -8.99176
2.12 -9.33643
2.13 -8.3041
2.14 -8.26888
2.15 -8.82179
2.16 -8.20856
2.17 -7.87834
2.18 -8.64975
2.19 -8.57231
2.2 -7.91067
2.21 -8.87019
2.22 -9.49522
2.23 -8.20398
2.24 -7.88192
2.25 -9.3151
2.26 -9.24448
2.27 -8.19777
2.28 -8.58524
2.29 -8.69571
2.3 -7.50077
2.31 -7.45092
2.32 -8.1921
2.33 -7.70135
2.34 -7.54819
2.35 -8.49938
2.36 -8.3918
2.37 -7.55627
2.38 -8.10521
2.39 -8.57955
2.4 -8.0947
2.41 -8.60829
2.42 -9.50327
2.43 -8.74967
2.44 -8.28931
2.45 -9.21434
2.46 -9.14864
2.47 -8.32421
2.48 -8.8376
2.49 -9.32075
2.5 -8.57419
2.51 -8.53747
2.52 -8.98858
2.53 -8.44205
2.54 -8.31859
2.55 -8.99288
2.56 -8.70351
2.57 -8.50753
2.58 -9.19866
2.59 -9.04531
2.6 -8.12578
2.61 -7.66157
2.62 -7.25848
2.63 -7.21054
2.64 -8.11167
2.65 -8.96702
2.66 -8.99058
2.67 -8.78927
2.68 -8.88005
2.69 -8.88304
2.7 -8.32173
2.71 -7.68121
2.72 -8.17982
2.73 -9.08388
2.74 -8.88305
2.75 -8.55223
2.76 -9.08463
2.77 -9.10824
2.78 -8.61769
2.79 -8.88744
2.8 -9.19508
2.81 -8.77019
2.82 -8.71738
2.83 -9.14686
2.84 -8.91396
2.85 -8.2778
2.86 -7.73731
2.87 -7.25315
2.88 -7.45686
2.89 -8.57053
2.9 -9.2314
2.91 -8.91716
2.92 -8.7334
2.93 -8.9091
2.94 -8.22336
2.95 -7.07134
2.96 -7.18601
2.97 -7.85847
2.98 -7.4696
2.99 -7.10074
3 -7.69819
3.01 -8.03123
3.02 -8.33383
3.03 -9.25771
3.04 -9.31333
3.05 -8.52917
3.06 -8.85573
3.07 -9.40968
3.08 -8.81656
3.09 -8.62465
3.1 -9.28153
3.11 -9.09443
3.12 -8.58859
3.13 -9.04554
3.14 -9.25866
3.15 -8.71189
3.16 -8.63276
3.17 -8.58277
3.18 -7.89204
3.19 -7.6408
3.2 -7.71285
3.21 -7.34893
3.22 -7.34058
3.23 -7.78753
3.24 -7.9033
3.25 -8.17397
3.26 -8.55647
3.27 -8.25862
3.28 -8.21393
3.29 -8.92574
3.3 -8.87346
3.31 -8.15501
3.32 -8.19862
3.33 -8.45883
3.34 -8.18389
3.35 -8.16556
3.36 -8.46676
3.37 -8.31189
3.38 -8.11927
3.39 -8.3457
3.4 -8.10646
3.41 -7.31452
3.42 -7.32202
3.43 -7.87097
3.44 -7.62552
3.45 -7.29944
3.46 -8.01469
3.47 -8.64477
3.48 -8.42412
3.49 -8.691
3.5 -9.43537
3.51 -8.87857
3.52 -7.79727
3.53 -8.20997
3.54 -8.66269
3.55 -7.55703
3.56 -7.25736
3.57 -8.73622
3.58 -8.8984
3.59 -7.71676
3.6 -8.15726
3.61 -9.00639
3.62 -8.17534
3.63 -7.86824
3.64 -8.80522
3.65 -8.56774
3.66 -7.83411
3.67 -8.4641
3.68 -8.79732
3.69 -8.02511
3.7 -8.15112
3.71 -8.80353
3.72 -8.34945
3.73 -8.02413
3.74 -8.64554
3.75 -8.59946
3.76 -8.04987
3.77 -8.40037
3.78 -8.71848
3.79 -8.21645
3.8 -8.20608
3.81 -8.69816
3.82 -8.46342
3.83 -8.16003
3.84 -8.54965
3.85 -8.54186
3.86 -7.75376
3.87 -7.29834
3.88 -7.21097
3.89 -6.8926
3.9 -6.86273
3.91 -7.21895
3.92 -7.22761
3.93 -7.55621
3.94 -8.68412
3.95 -8.91319
3.96 -8.10118
3.97 -8.26586
3.98 -8.91964
3.99 -8.64924
4 -8.88471
4.01 -10.0504
4.02 -10.1839
4.03 -9.5951
4.04 -9.76648
4.05 -9.61264
4.06 -8.56237
4.07 -8.26632
4.08 -8.74591
4.09 -8.60439
4.1 -8.3056
4.11 -8.62518
4.12 -8.70811
4.13 -8.36971
4.14 -8.48609
4.15 -8.74056
4.16 -8.49862
4.17 -8.42697
4.18 -8.65169
4.19 -8.09628
4.2 -6.97513
4.21 -6.83549
4.22 -7.42834
4.23 -7.26746
4.24 -6.86178
4.25 -7.21577
4.26 -7.40716
4.27 -7.22665
4.28 -8.06668
4.29 -9.16385
4.3 -8.82748
4.31 -8.77309
4.32 -10.3234
4.33 -10.7155
4.34 -9.40192
4.35 -9.35777
4.36 -9.9925
4.37 -9.06192
4.38 -8.23506
4.39 -8.81834
4.4 -8.92691
4.41 -8.34767
4.42 -8.61155
4.43 -8.99234
4.44 -8.54118
4.45 -8.47295
4.46 -8.96186
4.47 -8.76452
4.48 -8.40338
4.49 -8.36581
4.5 -7.45779
4.51 -6.58682
4.52 -7.37763
4.53 -7.84627
4.54 -6.91859
4.55 -6.99093
4.56 -7.83888
4.57 -7.32551
4.58 -6.93769
4.59 -8.25956
4.6 -9.18836
4.61 -8.68243
4.62 -8.79068
4.63 -9.48919
4.64 -8.98679
4.65 -8.59879
4.66 -9.29316
4.67 -8.98761
4.68 -8.20277
4.69 -9.0146
4.7 -9.707
4.71 -8.78145
4.72 -8.35375
4.73 -9.11474
4.74 -9.06742
4.75 -8.44828
4.76 -8.83398
4.77 -9.1883
4.78 -8.63911
4.79 -8.62448
4.8 -9.1498
4.81 -8.89447
4.82 -8.5829
4.83 -9.01647
4.84 -8.96525
4.85 -7.8434
4.86 -7.04128
4.87 -7.40103
4.88 -7.75856
4.89 -7.36064
4.9 -7.40092
4.91 -8.46687
4.92 -9.00726
4.93 -8.58246
4.94 -8.76645
4.95 -9.31023
4.96 -8.9785
4.97 -8.96913
4.98 -9.54984
4.99 -8.99652
5 -8.41032
5.01 -9.19436
5.02 -9.37295
5.03 -8.54304
5.04 -8.83692
5.05 -9.44777
5.06 -8.84521
5.07 -8.61793
5.08 -9.19606
5.09 -8.42367
5.1 -7.00519
5.11 -7.3879
5.12 -8.16102
5.13 -7.46027
5.14 -7.1643
5.15 -7.98704
5.16 -7.86577
5.17 -7.50814
5.18 -8.60251
5.19 -9.40646
5.2 -8.89194
5.21 -8.90553
5.22 -9.4261
5.23 -9.08141
5.24 -8.81111
5.25 -9.46167
5.26 -9.93339
5.27 -9.5879
5.28 -9.05432
5.29 -8.96461
5.3 -9.0231
5.31 -8.16139
5.32 -7.1415
5.33 -7.68743
5.34 -8.71283
5.35 -8.87745
5.36 -9.05466
5.37 -8.94179
5.38 -7.86754
5.39 -7.4524
5.4 -8.04022
5.41 -7.96733
5.42 -7.52805
5.43 -7.87917
5.44 -8.08586
5.45 -7.6524
5.46 -7.72602
5.47 -8.12346
5.48 -7.86015
5.49 -7.64635
5.5 -8.01775
5.51 -8.0283
5.52 -7.71523
5.53 -7.92525
5.54 -8.53673
5.55 -9.27252
5.56 -9.73162
5.57 -9.36792
5.58 -9.07933
5.59 -9.53122
5.6 -9.58997
5.61 -9.16076
5.62 -9.37081
5.63 -9.6837
5.64 -9.32968
5.65 -9.24111
5.66 -9.63508
5.67 -9.46535
5.68 -8.8175
5.69 -8.59605
5.7 -8.77453
5.71 -8.78201
5.72 -8.40949
5.73 -7.95694
5.74 -7.93815
5.75 -8.21107
5.76 -8.14706
5.77 -7.91583
5.78 -7.83846
5.79 -7.79016
5.8 -8.0562
5.81 -8.57441
5.82 -9.02921
5.83 -9.64155
5.84 -9.91475
5.85 -9.44359
5.86 -9.37257
5.87 -9.832
5.88 -9.47175
5.89 -8.79467
5.9 -8.76291
5.91 -8.33992
5.92 -7.73601
5.93 -8.24971
5.94 -8.39725
5.95 -7.44178
5.96 -7.59665
5.97 -8.57219
5.98 -8.33366
5.99 -7.92426
6 -8.47024
6.01 -8.51871
6.02 -7.99905
6.03 -8.43205
6.04 -9.29074
6.05 -9.38398
6.06 -9.31265
6.07 -9.61466
6.08 -9.84069
6.09 -9.8208
6.1 -9.74179
6.11 -9.46143
6.12 -8.88207
6.13 -8.41738
6.14 -8.33527
6.15 -8.41667
6.16 -8.48648
6.17 -8.78003
6.18 -9.25691
6.19 -9.15558
6.2 -8.37362
6.21 -8.15114
6.22 -8.65217
6.23 -8.69984
6.24 -8.68741
6.25 -9.37703
6.26 -9.51701
6.27 -8.84114
6.28 -8.70814
6.29 -8.71224
6.3 -8.28739
6.31 -8.2343
6.32 -8.08626
6.33 -7.23243
6.34 -7.10897
6.35 -7.81552
6.36 -7.93209
6.37 -8.22613
6.38 -9.05122
6.39 -8.81702
6.4 -8.5315
6.41 -9.75739
6.42 -10.2647
6.43 -9.0531
6.44 -8.54981
6.45 -8.95709
6.46 -8.61285
6.47 -8.35848
6.48 -8.89179
6.49 -8.76343
6.5 -7.65235
6.51 -6.93557
6.52 -7.2939
6.53 -8.08945
6.54 -8.49661
6.55 -8.67249
6.56 -9.21085
6.57 -9.54727
6.58 -8.91438
6.59 -8.32936
6.6 -8.80306
6.61 -9.08136
6.62 -8.55429
6.63 -8.58014
6.64 -9.05815
6.65 -8.76525
6.66 -8.24319
6.67 -8.38788
6.68 -8.47153
6.69 -7.95868
6.7 -7.6155
6.71 -7.53259
6.72 -7.15964
6.73 -6.88213
6.74 -7.15731
6.75 -7.52416
6.76 -7.71438
6.77 -8.34382
6.78 -9.20728
6.79 -9.07096
6.8 -8.50868
6.81 -8.87298
6.82 -8.97873
6.83 -8.25854
6.84 -8.61718
6.85 -9.36952
6.86 -8.46606
6.87 -8.08556
6.88 -9.4775
6.89 -9.43103
6.9 -8.19955
6.91 -8.87493
6.92 -9.65889
6.93 -8.60793
6.94 -8.47368
6.95 -9.54093
6.96 -9.10855
6.97 -8.36732
6.98 -8.9524
6.99 -8.65427
7 -7.57974
7.01 -8.09934
7.02 -8.36477
7.03 -7.00085
7.04 -7.04711
7.05 -8.27314
7.06 -7.61235
7.07 -6.8555
7.08 -7.91348
7.09 -8.05584
7.1 -7.04808
7.11 -7.84236
7.12 -9.09637
7.13 -8.29275
7.14 -7.72441
7.15 -8.69135
7.16 -8.34036
7.17 -6.92154
7.18 -7.29428
7.19 -7.74663
7.2 -6.49985
7.21 -6.4646
7.22 -8.00716
7.23 -8.06309
7.24 -7.67583
7.25 -8.92483
7.26 -9.6338
7.27 -8.90972
7.28 -9.21087
7.29 -9.9635
7.3 -9.03588
7.31 -8.26744
7.32 -8.80543
7.33 -8.57943
7.34 -7.96264
7.35 -8.57468
7.36 -8.65475
7.37 -7.41448
7.38 -7.30051
7.39 -8.14958
7.4 -7.28106
7.41 -5.77421
7.42 -6.39616
7.43 -7.68276
7.44 -7.51395
7.45 -7.43792
7.46 -8.30487
7.47 -8.55791
7.48 -8.31075
7.49 -8.27177
7.5 -7.79824
7.51 -7.41979
7.52 -7.93646
7.53 -8.07248
7.54 -7.31591
7.55 -7.27071
7.56 -8.07929
7.57 -8.07869
7.58 -7.51032
7.59 -7.78381
7.6 -8.15349
7.61 -7.73986
7.62 -7.65742
7.63 -8.09308
7.64 -7.92728
7.65 -7.61924
7.66 -8.02647
7.67 -8.64509
7.68 -9.2156
7.69 -9.64215
7.7 -9.40728
7.71 -9.22998
7.72 -10.1939
7.73 -11.0124
7.74 -10.5403
7.75 -10.0628
7.76 -9.74904
7.77 -9.02744
7.78 -9.06466
7.79 -9.19964
7.8 -7.80788
7.81 -7.17211
7.82 -8.46206
7.83 -8.75248
7.84 -7.75943
7.85 -7.83732
7.86 -8.3046
7.87 -7.86074
7.88 -7.74039
7.89 -8.22846
7.9 -8.07864
7.91 -7.7357
7.92 -8.0627
7.93 -7.88807
7.94 -6.99236
7.95 -7.04764
7.96 -7.72978
7.97 -7.59712
7.98 -7.72719
7.99 -8.73092
8 -8.64061
8.01 -7.58346
8.02 -7.81687
8.03 -8.51902
8.04 -7.73664
8.05 -7.13698
8.06 -7.95907
8.07 -8.20261
8.08 -7.66816
8.09 -7.8082
8.1 -7.87451
8.11 -7.34237
8.12 -7.12583
8.13 -6.86224
8.14 -6.30481
8.15 -6.47079
8.16 -6.98926
8.17 -7.13253
8.18 -7.83832
8.19 -9.01645
8.2 -9.54411
8.21 -9.96615
8.22 -10.8721
8.23 -11.2547
8.24 -10.8301
8.25 -10.764
8.26 -11.0823
8.27 -10.5381
8.28 -9.39169
8.29 -9.04435
8.3 -8.87861
8.31 -7.86935
8.32 -7.53228
8.33 -8.37985
8.34 -8.30649
8.35 -7.59501
8.36 -8.27754
8.37 -9.26634
8.38 -9.14902
8.39 -9.17321
8.4 -9.3102
8.41 -8.34433
8.42 -7.6362
8.43 -8.17767
8.44 -8.29741
8.45 -7.89421
8.46 -8.75248
8.47 -10.0004
8.48 -9.65457
8.49 -9.0173
8.5 -9.61315
8.51 -9.84884
8.52 -9.19026
8.53 -9.34044
8.54 -9.86181
8.55 -9.43302
8.56 -9.1764
8.57 -9.34526
8.58 -8.22987
8.59 -6.8639
8.6 -6.88723
8.61 -6.29911
8.62 -4.6498
8.63 -4.74658
8.64 -5.79339
8.65 -5.26358
8.66 -5.37039
8.67 -7.30236
8.68 -7.48904
8.69 -6.31096
8.7 -7.23157
8.71 -7.81143
8.72 -5.9861
8.73 -5.84533
8.74 -7.70479
8.75 -7.7417
8.76 -7.4313
8.77 -8.99489
8.78 -9.81401
8.79 -9.18551
8.8 -9.37254
8.81 -9.78529
8.82 -8.94176
8.83 -8.19562
8.84 -8.31211
8.85 -8.04437
8.86 -7.6949
8.87 -8.12265
8.88 -8.24901
8.89 -7.7679
8.9 -7.92382
8.91 -8.52376
8.92 -9.00686
8.93 -9.98954
8.94 -11.083
8.95 -11.3537
8.96 -11.4795
8.97 -11.3608
8.98 -9.94567
8.99 -8.64224
9 -8.50765
9.01 -7.87246
9.02 -7.07442
9.03 -7.95946
9.04 -9.12345
9.05 -9.58164
9.06 -10.9716
9.07 -12.4865
9.08 -12.3696
9.09 -12.6645
9.1 -14.2256
9.11 -13.8542
9.12 -11.9454
9.13 -11.6979
9.14 -11.4458
9.15 -9.4725
9.16 -8.65097
9.17 -8.86911
9.18 -7.51657
9.19 -6.29869
9.2 -6.40294
9.21 -5.29459
9.22 -3.32248
9.23 -3.26661
9.24 -3.88848
9.25 -3.18549
9.26 -3.06967
9.27 -4.14924
9.28 -3.87924
9.29 -3.00729
9.3 -3.71229
9.31 -4.13769
9.32 -3.25145
9.33 -3.35416
9.34 -4.4608
9.35 -4.96072
9.36 -5.76538
9.37 -7.84963
9.38 -10.5922
9.39 -13.6624
9.4 -16.78
9.41 -18.6787
9.42 -18.9015
9.43 -18.544
9.44 -17.7878
9.45 -15.7395
9.46 -12.8696
9.47 -10.2261
9.48 -8.01857
9.49 -6.81828
9.5 -6.66533
9.51 -6.48756
9.52 -6.30532
9.53 -7.19099
9.54 -8.73634
9.55 -9.73923
9.56 -10.4598
9.57 -11.166
9.58 -10.9452
9.59 -10.3845
9.6 -10.8079
9.61 -11.1159
9.62 -10.5519
9.63 -10.2938
9.64 -9.99753
9.65 -8.85375
9.66 -8.01149
9.67 -7.86923
9.68 -7.55786
9.69 -7.16606
9.7 -7.39144
9.71 -8.00398
9.72 -8.05006
9.73 -7.99141
9.74 -9.18372
9.75 -10.6232
9.76 -10.9137
9.77 -11.4685
9.78 -12.5063
9.79 -11.6214
9.8 -9.83647
9.81 -9.83337
9.82 -9.60421
9.83 -7.62457
9.84 -7.08085
9.85 -8.60023
9.86 -9.17034
9.87 -8.9486
9.88 -9.42854
9.89 -9.48863
9.9 -9.08968
9.91 -9.59419
9.92 -9.61024
9.93 -7.97764
9.94 -6.84524
9.95 -6.44692
9.96 -4.57464
9.97 -2.82174
9.98 -3.58466
9.99 -4.97767
10 -6.03701
10.01 -8.64965
10.02 -11.3342
10.03 -11.5429
10.04 -11.5306
10.05 -12.5903
10.06 -12.0992
10.07 -10.5084
10.08 -10.433
10.09 -10.5363
10.1 -9.64107
10.11 -9.99757
10.12 -11.2832
10.13 -10.7274
10.14 -9.86596
10.15 -10.707
10.16 -10.4562
10.17 -8.19153
10.18 -6.77891
10.19 -5.83937
10.2 -3.79976
10.21 -2.84495
10.22 -3.60172
10.23 -3.50252
10.24 -2.79344
10.25 -3.06002
10.26 -3.22884
10.27 -2.99536
10.28 -3.39196
10.29 -3.99775
10.3 -4.83127
10.31 -6.36413
10.32 -7.6798
10.33 -8.83861
10.34 -10.3873
10.35 -11.1107
10.36 -10.6785
10.37 -10.3802
10.38 -10.4678
10.39 -10.1238
10.4 -8.90105
10.41 -7.52987
10.42 -7.28286
10.43 -7.75962
10.44 -7.78275
10.45 -8.11898
10.46 -9.54229
10.47 -10.596
10.48 -10.7844
10.49 -11.2277
10.5 -11.4529
10.51 -10.7363
10.52 -10.2178
10.53 -10.3829
10.54 -10.0645
10.55 -9.22224
10.56 -8.93705
10.57 -9.05168
10.58 -8.86202
10.59 -8.38099
10.6 -7.61212
10.61 -6.77642
10.62 -6.14721
10.63 -5.19987
10.64 -3.62002
10.65 -2.38087
10.66 -1.85253
10.67 -0.871439
10.68 0.0185818
10.69 -0.586
10.7 -1.16833
10.71 -0.760369
10.72 -1.32778
10.73 -2.53332
10.74 -2.73326
10.75 -3.61958
10.76 -5.88518
10.77 -7.16552
10.78 -7.89232
10.79 -9.79828
10.8 -11.3012
10.81 -11.83
10.82 -13.3094
10.83 -15.0196
10.84 -15.3152
10.85 -15.9884
10.86 -17.8325
10.87 -18.5371
10.88 -18.39
10.89 -19.1515
10.9 -19.368
10.91 -18.5217
10.92 -18.6685
10.93 -18.8321
10.94 -17.1805
10.95 -15.8476
10.96 -15.6347
10.97 -13.6337
10.98 -9.87828
10.99 -6.74828
11 -3.6653
11.01 -0.251851
11.02 1.35388
11.03 1.22946
11.04 1.29734
11.05 1.06185
11.06 -0.370151
11.07 -2.57907
11.08 -5.88612
11.09 -9.51419
11.1 -11.3387
11.11 -12.1784
11.12 -13.4087
11.13 -13.358
11.14 -11.7339
11.15 -10.9853
11.16 -11.2038
11.17 -10.6116
11.18 -9.76745
11.19 -9.65695
11.2 -9.01513
11.21 -7.52939
11.22 -6.58527
11.23 -5.68761
11.24 -4.1873
11.25 -3.41573
11.26 -3.25859
11.27 -2.75319
11.28 -3.15244
11.29 -4.43823
11.3 -4.76947
11.31 -4.72245
11.32 -5.19219
11.33 -5.07018
11.34 -4.56992
11.35 -4.43565
11.36 -3.94929
11.37 -3.88976
11.38 -5.07806
11.39 -5.64633
11.4 -5.5571
11.41 -7.17529
11.42 -9.13601
11.43 -8.86978
11.44 -8.48515
11.45 -9.85765
11.46 -10.712
11.47 -10.5692
11.48 -11.7207
11.49 -13.5167
11.5 -13.9116
11.51 -13.9416
11.52 -14.5533
11.53 -14.4193
11.54 -13.7397
11.55 -13.3463
11.56 -12.003
11.57 -9.96854
11.58 -9.20547
11.59 -9.26201
11.6 -9.00766
11.61 -8.84719
11.62 -8.3816
11.63 -7.35851
11.64 -7.24533
11.65 -7.47738
11.66 -6.08769
11.67 -4.56516
11.68 -4.50205
11.69 -3.83723
11.7 -2.14998
11.71 -1.72043
11.72 -2.33751
11.73 -2.80588
11.74 -4.16958
11.75 -6.75158
11.76 -8.85232
11.77 -9.92968
11.78 -10.6554
11.79 -10.7552
11.8 -10.2153
11.81 -9.83016
11.82 -9.29351
11.83 -8.61803
11.84 -8.90528
11.85 -9.39536
11.86 -8.91072
11.87 -8.68074
11.88 -9.21887
11.89 -9.11648
11.9 -8.6714
11.91 -9.01173
11.92 -9.22981
11.93 -8.77045
11.94 -8.79243
11.95 -9.18575
11.96 -8.98947
11.97 -9.0913
11.98 -9.83124
11.99 -9.37494
12 -7.80432
12.01 -6.72899
12.02 -5.63661
12.03 -4.59462
12.04 -5.02134
12.05 -6.27737
12.06 -7.40639
12.07 -9.1421
12.08 -11.5181
12.09 -13.291
12.1 -13.8847
12.11 -14.0551
12.12 -13.9401
12.13 -12.9263
12.14 -11.7332
12.15 -10.843
12.16 -9.42139
12.17 -8.03328
12.18 -7.71117
12.19 -7.5661
12.2 -7.6542
12.21 -8.83851
12.22 -9.42906
12.23 -8.49297
12.24 -8.3938
12.25 -9.24061
12.26 -8.72487
12.27 -7.49265
12.28 -6.79078
12.29 -5.20037
12.3 -2.72463
12.31 -1.29278
12.32 -0.280562
12.33 1.46658
12.34 2.758
12.35 3.12681
12.36 3.25587
12.37 2.58012
12.38 0.846238
12.39 -1.44601
12.4 -4.7362
12.41 -8.82464
12.42 -12.4827
12.43 -15.7187
12.44 -18.6334
12.45 -20.3092
12.46 -21.1033
12.47 -21.9269
12.48 -22.0645
12.49 -21.4301
12.5 -21.4796
12.51 -21.398
12.52 -19.5774
12.53 -17.972
12.54 -17.8331
12.55 -16.9235
12.56 -14.8548
12.57 -13.2499
12.58 -11.2588
12.59 -7.66053
12.6 -4.02349
12.61 -1.51919
12.62 0.936237
12.63 3.19255
12.64 3.72373
12.65 3.55278
12.66 3.88654
12.67 2.83387
12.68 0.21896
12.69 -0.871541
12.7 -0.838331
12.71 -1.89034
12.72 -2.54103
12.73 -2.13289
12.74 -2.81282
12.75 -4.27133
12.76 -5.71947
12.77 -8.65846
12.78 -12.2564
12.79 -14.3249
12.8 -16.0041
12.81 -18.3917
12.82 -19.6283
12.83 -19.7994
12.84 -20.7102
12.85 -21.6872
12.86 -21.5144
12.87 -20.8183
12.88 -19.7263
12.89 -17.8364
12.9 -15.576
12.91 -13.1292
12.92 -10.2578
12.93 -7.05446
12.94 -4.10281
12.95 -2.51975
12.96 -2.72947
12.97 -3.1887
12.98 -3.33751
12.99 -4.53015
13 -6.40038
13.01 -6.92995
13.02 -6.54287
13.03 -6.85312
13.04 -6.73388
13.05 -5.15034
13.06 -4.07049
13.07 -4.21137
13.08 -3.52317
13.09 -2.76761
13.1 -4.12338
13.11 -5.66273
13.12 -6.10327
13.13 -8.19985
13.14 -11.4282
13.15 -12.5745
13.16 -12.5843
13.17 -13.1223
13.18 -12.9996
13.19 -12.4522
13.2 -12.8752
13.21 -13.167
13.22 -12.6051
13.23 -12.6382
13.24 -13.1448
13.25 -12.8274
13.26 -12.5337
13.27 -12.9881
13.28 -12.9699
13.29 -12.1612
13.3 -11.4124
13.31 -10.4619
13.32 -8.94538
13.33 -7.8264
13.34 -7.66811
13.35 -7.46632
13.36 -6.93639
13.37 -7.50653
13.38 -8.86116
13.39 -8.80069
13.4 -7.82061
13.41 -7.53514
13.42 -7.08307
13.43 -6.34529
13.44 -6.16377
13.45 -5.58976
13.46 -4.20236
13.47 -2.71504
13.48 -1.189
13.49 -0.212316
13.5 0.0371383
13.51 0.683106
13.52 1.33505
13.53 0.816183
13.54 0.044537
13.55 -0.293092
13.56 -1.49194
13.57 -3.47423
13.58 -4.90448
13.59 -6.33025
13.6 -8.26554
13.61 -9.4579
13.62 -10.1197
13.63 -11.4677
13.64 -12.7707
13.65 -13.1384
13.66 -13.5499
13.67 -14.3773
13.68 -14.0224
13.69 -12.3952
13.7 -11.6885
13.71 -12.189
13.72 -12.1796
13.73 -12.1329
13.74 -13.262
13.75 -14.0153
13.76 -13.0738
13.77 -12.0531
13.78 -11.3451
13.79 -9.39611
13.8 -7.19574
13.81 -6.60938
13.82 -6.2979
13.83 -5.20169
13.84 -5.11314
13.85 -6.01242
13.86 -6.08078
13.87 -5.96099
13.88 -6.67823
13.89 -7.4234
13.9 -8.14534
13.91 -9.26091
13.92 -10.1283
13.93 -10.7041
13.94 -11.6787
13.95 -12.7108
13.96 -13.3424
13.97 -14.0356
13.98 -14.3183
13.99 -12.9609
14 -10.1708
14.01 -6.75993
14.02 -3.10671
14.03 -0.508218
14.04 0.0717954
14.05 0.0532207
14.06 0.45477
14.07 -0.0147842
14.08 -1.4942
14.09 -2.46959
14.1 -3.54441
14.11 -5.81842
14.12 -7.79352
14.13 -8.76289
14.14 -10.0334
14.15 -11.3963
14.16 -12.2418
14.17 -13.2398
14.18 -13.8548
14.19 -13.0979
14.2 -11.6124
14.21 -9.68138
14.22 -6.63567
14.23 -2.98844
14.24 -0.0955812
14.25 1.79649
14.26 3.17936
14.27 3.99231
14.28 3.63962
14.29 1.94459
14.3 -0.374981
14.31 -3.14512
14.32 -7.08541
14.33 -11.3363
14.34 -13.7708
14.35 -14.6081
14.36 -15.693
14.37 -16.8667
14.38 -16.8843
14.39 -16.2393
14.4 -16.096
14.41 -15.8934
14.42 -14.8517
14.43 -13.9098
14.44 -13.3042
14.45 -12.1266
14.46 -11.4753
14.47 -12.1971
14.48 -12.3716
14.49 -11.6536
14.5 -11.7775
14.51 -11.5741
14.52 -9.54135
14.53 -7.71552
14.54 -6.2371
14.55 -2.88639
14.56 0.865184
14.57 2.6844
14.58 3.68649
14.59 4.39625
14.6 3.86035
14.61 2.69119
14.62 0.789477
14.63 -2.57585
14.64 -5.94538
14.65 -9.32881
14.66 -13.5941
14.67 -15.6239
14.68 -14.8652
14.69 -15.3948
14.7 -16.475
14.71 -15.1638
14.72 -14.0542
14.73 -14.4686
14.74 -13.4507
14.75 -12.0095
14.76 -12.7905
14.77 -13.6481
14.78 -13.5197
14.79 -14.9556
14.8 -17.5455
14.81 -18.9411
14.82 -19.302
14.83 -19.347
14.84 -18.718
14.85 -17.5658
14.86 -15.8788
14.87 -13.0579
14.88 -10.1634
14.89 -8.26917
14.9 -5.36513
14.91 -0.466671
14.92 3.64194
14.93 6.44412
14.94 10.4841
14.95 14.7135
14.96 16.0267
14.97 15.8465
14.98 15.7694
14.99 13.3518
15 8.60012
15.01 4.75047
15.02 1.55653
15.03 -2.70295
15.04 -7.87138
15.05 -13.6642
15.06 -19.2224
15.07 -22.3435
15.08 -23.0774
15.09 -24.7313
15.1 -27.1459
15.11 -27.2931
15.12 -26.2905
15.13 -26.3724
15.14 -25.1622
15.15 -22.0921
15.16 -20.0192
15.17 -18.1958
15.18 -15.4646
15.19 -13.9715
15.2 -13.4821
15.21 -11.5638
15.22 -9.66055
15.23 -9.27505
15.24 -8.11174
15.25 -5.95047
15.26 -4.85719
15.27 -3.89794
15.28 -1.92405
15.29 -0.791575
15.3 -0.544415
15.31 0.291687
15.32 0.806912
15.33 0.010923
15.34 -0.515796
15.35 -0.870214
15.36 -2.36304
15.37 -4.20243
15.38 -5.54069
15.39 -7.05548
15.4 -9.10672
15.41 -12.1989
15.42 -16.4069
15.43 -19.8371
15.44 -21.7767
15.45 -23.0256
15.46 -23.241
15.47 -21.8782
15.48 -20.4644
15.49 -19.0268
15.5 -16.5072
15.51 -13.8929
15.52 -11.0832
15.53 -6.60768
15.54 -3.46525
15.55 -3.66615
15.56 -2.78691
15.57 0.160145
15.58 0.420503
15.59 -1.33923
15.6 -0.918989
15.61 -0.651808
15.62 -2.61661
15.63 -3.03245
15.64 -1.82775
15.65 -2.59452
15.66 -4.31403
15.67 -5.82575
15.68 -9.14313
15.69 -13.3508
15.7 -15.7386
15.71 -16.5247
15.72 -16.8335
15.73 -16.4511
15.74 -15.4528
15.75 -14.244
15.76 -12.5051
15.77 -9.68223
15.78 -6.35517
15.79 -3.18412
15.8 -0.409563
15.81 1.33183
15.82 1.9024
15.83 2.24962
15.84 2.67423
15.85 2.63396
15.86 2.56713
15.87 3.18549
15.88 3.61689
15.89 3.05018
15.9 2.31455
15.91 1.00868
15.92 -2.02453
15.93 -5.53507
15.94 -8.27825
15.95 -11.038
15.96 -12.7221
15.97 -11.9303
15.98 -10.7887
15.99 -10.5998
16 -9.62658
16.01 -8.19505
16.02 -7.83977
16.03 -7.64921
16.04 -7.06191
16.05 -7.1723
16.06 -7.97638
16.07 -9.00746
16.08 -10.6447
16.09 -12.0093
16.1 -12.0146
16.11 -12.0069
16.12 -12.8638
16.13 -12.9309
16.14 -12.4141
16.15 -13.21
16.16 -13.9103
16.17 -12.6243
16.18 -11.2919
16.19 -11.1222
16.2 -10.057
16.21 -8.38128
16.22 -8.69663
16.23 -10.1884
16.24 -10.6039
16.25 -11.0698
16.26 -12.2667
16.27 -12.2275
16.28 -11.4638
16.29 -12.172
16.3 -12.493
16.31 -10.2678
16.32 -7.87327
16.33 -6.77651
16.34 -5.09418
16.35 -3.10683
16.36 -2.97274
16.37 -3.63956
16.38 -3.88654
16.39 -5.42062
16.4 -7.66587
16.41 -7.88506
16.42 -7.60671
16.43 -8.56032
16.44 -8.25659
16.45 -6.66948
16.46 -6.58028
16.47 -6.66731
16.48 -5.8207
16.49 -6.87427
16.5 -9.017
16.51 -8.92894
16.52 -8.37727
16.53 -9.27928
16.54 -9.2861
16.55 -8.4037
16.56 -8.899
16.57 -9.46524
16.58 -9.10773
16.59 -10.5533
16.6 -13.2449
16.61 -13.6342
16.62 -13.5631
16.63 -15.479
16.64 -16.3092
16.65 -15.5231
16.66 -16.1559
16.67 -16.6098
16.68 -14.7281
16.69 -13.375
16.7 -13.6133
16.71 -12.4912
16.72 -10.1338
16.73 -9.20736
16.74 -8.86617
16.75 -6.93399
16.76 -4.89751
16.77 -4.614
16.78 -4.37363
16.79 -3.35696
16.8 -3.53829
16.81 -4.36702
16.82 -4.10958
16.83 -4.36038
16.84 -6.08845
16.85 -7.24889
16.86 -7.48604
16.87 -8.12724
16.88 -8.16846
16.89 -6.85298
16.9 -5.79367
16.91 -5.17484
16.92 -3.79154
16.93 -2.63515
16.94 -2.94785
16.95 -3.52961
16.96 -3.52929
16.97 -3.99016
16.98 -5.07413
16.99 -5.78016
17 -5.99576
17.01 -6.12423
17.02 -6.64206
17.03 -7.78583
17.04 -8.75883
17.05 -9.02448
17.06 -9.74938
17.07 -11.2494
17.08 -11.7263
17.09 -11.2928
17.1 -11.6354
17.11 -11.5587
17.12 -10.0061
17.13 -9.56217
17.14 -10.4315
17.15 -9.41591
17.16 -7.39298
17.17 -7.35556
17.18 -7.75836
17.19 -7.02268
17.2 -7.05982
17.21 -7.89077
17.22 -8.18037
17.23 -8.98483
17.24 -10.4406
17.25 -11.0405
17.26 -11.6975
17.27 -13.3078
17.28 -14.0496
17.29 -13.7524
17.3 -14.3253
17.31 -14.9509
17.32 -13.7031
17.33 -12.2532
17.34 -12.37
17.35 -12.1274
17.36 -10.7318
17.37 -10.1415
17.38 -9.66779
17.39 -7.99353
17.4 -6.75675
17.41 -5.96622
17.42 -4.32295
17.43 -3.13648
17.44 -2.94253
17.45 -2.15778
17.46 -1.14971
17.47 -1.03851
17.48 -0.675224
17.49 0.378197
17.5 0.429451
17.51 -0.0630967
17.52 0.274829
17.53 -0.031632
17.54 -1.25465
17.55 -1.38638
17.56 -1.18123
17.57 -2.18916
17.58 -2.69692
17.59 -2.26445
17.6 -3.53249
17.61 -6.06326
17.62 -7.42392
17.63 -9.25446
17.64 -12.8478
17.65 -15.4456
17.66 -16.3989
17.67 -17.5382
17.68 -18.3027
17.69 -17.934
17.7 -17.5053
17.71 -16.9409
17.72 -15.568
17.73 -14.028
17.74 -12.5057
17.75 -10.5694
17.76 -8.87717
17.77 -8.2343
17.78 -8.0053
17.79 -7.27816
17.8 -6.78022
17.81 -7.24153
17.82 -7.51754
17.83 -7.49607
17.84 -8.47428
17.85 -9.4221
17.86 -9.14942
17.87 -9.12452
17.88 -9.62981
17.89 -9.33538
17.9 -9.1588
17.91 -10.1298
17.92 -10.7878
17.93 -10.8956
17.94 -11.6313
17.95 -11.9078
17.96 -10.9238
17.97 -10.238
17.98 -10.0244
17.99 -9.03782
18 -8.08039
18.01 -8.45905
18.02 -8.96938
18.03 -8.7556
18.04 -9.35438
18.05 -10.0864
18.06 -8.72079
18.07 -7.38488
18.08 -7.9006
18.09 -7.50092
18.1 -6.32624
18.11 -7.25536
18.12 -8.58246
18.13 -8.75296
18.14 -10.1603
18.15 -12.164
18.16 -12.4258
18.17 -12.7405
18.18 -14.0262
18.19 -14.1182
18.2 -13.4669
18.21 -13.3465
18.22 -12.5903
18.23 -11.2987
18.24 -11.1108
18.25 -11.1085
18.26 -9.8431
18.27 -9.26164
18.28 -10.1803
18.29 -9.62888
18.3 -7.74158
18.31 -7.55277
18.32 -7.51335
18.33 -5.39555
18.34 -3.68838
18.35 -3.69962
18.36 -3.0586
18.37 -2.07609
18.38 -2.76986
18.39 -3.3496
18.4 -2.62173
18.41 -3.28475
18.42 -4.96645
18.43 -4.43275
18.44 -3.61387
18.45 -5.47017
18.46 -7.18035
18.47 -7.34543
18.48 -9.33689
18.49 -12.3019
18.5 -12.9637
18.51 -13.3087
18.52 -14.8265
18.53 -14.6423
18.54 -12.785
18.55 -11.9436
18.56 -11.3661
18.57 -9.43887
18.58 -7.85215
18.59 -7.717
18.6 -7.24616
18.61 -6.40376
18.62 -6.34088
18.63 -5.91165
18.64 -5.41383
18.65 -6.82125
18.66 -8.20377
18.67 -8.22653
18.68 -9.99283
18.69 -12.8388
18.7 -12.8781
18.71 -12.0928
18.72 -13.2035
18.73 -13.3976
18.74 -12.2248
18.75 -12.6064
18.76 -12.7935
18.77 -10.7596
18.78 -9.88342
18.79 -10.6444
18.8 -9.72282
18.81 -8.79084
18.82 -10.2443
18.83 -10.727
18.84 -9.29957
18.85 -9.604
18.86 -10.7411
18.87 -9.84272
18.88 -9.28821
18.89 -10.2817
18.9 -9.48055
18.91 -7.36061
18.92 -7.08221
18.93 -6.67979
18.94 -4.31608
18.95 -3.17857
18.96 -3.46283
18.97 -2.45142
18.98 -1.36997
18.99 -1.47575
19 -1.28273
19.01 -1.44551
19.02 -3.45454
19.03 -5.44319
19.04 -6.16135
19.05 -7.99108
19.06 -11.067
19.07 -12.2007
19.08 -12.0388
19.09 -13.0247
19.1 -13.3457
19.11 -11.7285
19.12 -10.5218
19.13 -9.38287
19.14 -6.20419
19.15 -3.27492
19.16 -2.44052
19.17 -1.07949
19.18 1.25779
19.19 2.22939
19.2 2.67049
19.21 4.23276
19.22 5.35962
19.23 4.74946
19.24 4.29393
19.25 4.47969
19.26 3.56703
19.27 1.40689
19.28 -0.0677156
19.29 -0.843851
19.3 -2.81293
19.31 -4.82925
19.32 -5.46746
19.33 -6.83895
19.34 -9.40747
19.35 -10.1843
19.36 -10.1869
19.37 -11.7816
19.38 -12.4283
19.39 -11.526
19.4 -12.5897
19.41 -13.4511
19.42 -11.0182
19.43 -9.99211
19.44 -11.2881
19.45 -9.22227
19.46 -5.9946
19.47 -6.49342
19.48 -6.5611
19.49 -4.60907
19.5 -5.3607
19.51 -7.29198
19.52 -6.90612
19.53 -7.5707
19.54 -10.3788
19.55 -11.0911
19.56 -10.8416
19.57 -13.177
19.58 -14.8493
19.59 -13.8155
19.6 -14.1347
19.61 -15.9296
19.62 -15.9405
19.63 -15.4434
19.64 -16.0989
19.65 -16.1227
19.66 -15.4736
19.67 -15.8153
19.68 -15.7566
19.69 -14.0527
19.7 -12.9539
19.71 -12.9849
19.72 -11.9239
19.73 -10.3386
19.74 -9.79227
19.75 -8.99725
19.76 -7.59446
19.77 -7.17068
19.78 -7.3855
19.79 -7.22069
19.8 -7.76671
19.81 -9.58479
19.82 -11.1738
19.83 -12.2186
19.84 -13.6665
19.85 -14.8832
19.86 -15.3071
19.87 -15.9494
19.88 -16.3802
19.89 -15.8002
19.9 -15.6229
19.91 -16.3535
19.92 -16.8453
19.93 -17.3497
19.94 -17.791
19.95 -17.3127
19.96 -16.5334
19.97 -15.6393
19.98 -13.8489
19.99 -11.7225
20 -9.83553
20.01 -7.86603
20.02 -6.46571
20.03 -6.00916
20.04 -5.42477
20.05 -4.63207
20.06 -4.48999
20.07 -4.50995
20.08 -4.29619
20.09 -4.40773
20.1 -4.83558
20.11 -5.52553
20.12 -6.32689
20.13 -6.70195
20.14 -7.34253
20.15 -8.71976
20.16 -9.57182
20.17 -9.88281
20.18 -10.5094
20.19 -10.528
20.2 -9.92311
20.21 -10.177
20.22 -10.6149
20.23 -9.72363
20.24 -8.45414
20.25 -7.72195
20.26 -6.44964
20.27 -4.91847
20.28 -4.58861
20.29 -4.66972
20.3 -4.32288
20.31 -4.45208
20.32 -4.90195
20.33 -5.06483
20.34 -5.5586
20.35 -6.21239
20.36 -6.1018
20.37 -5.76992
20.38 -6.03476
20.39 -6.18153
20.4 -5.87694
20.41 -5.91693
20.42 -6.35712
20.43 -6.99506
20.44 -7.81367
20.45 -8.25351
20.46 -8.94331
20.47 -10.5347
20.48 -11.4569
20.49 -11.4609
20.5 -12.164
20.51 -12.9423
20.52 -12.8729
20.53 -13.1578
20.54 -13.4471
20.55 -12.1365
20.56 -10.8103
20.57 -10.9146
20.58 -9.98991
20.59 -7.91752
20.6 -7.5893
20.61 -7.79195
20.62 -6.31813
20.63 -5.47275
20.64 -6.38526
20.65 -6.45904
20.66 -5.65748
20.67 -6.07174
20.68 -6.85084
20.69 -6.72697
20.7 -6.86066
20.71 -7.60483
20.72 -7.8172
20.73 -7.4955
20.74 -7.53683
20.75 -7.75794
20.76 -7.60994
20.77 -7.49652
20.78 -7.50657
20.79 -7.15874
20.8 -6.63208
20.81 -6.1725
20.82 -5.81074
20.83 -5.43162
20.84 -4.46081
20.85 -3.28002
20.86 -2.94457
20.87 -2.56874
20.88 -1.30567
20.89 -0.585778
20.9 -0.624915
20.91 0.0691912
20.92 1.10118
20.93 1.15256
20.94 0.797447
20.95 0.714087
20.96 0.0883032
20.97 -1.01297
20.98 -1.66957
20.99 -2.61749
21 -4.47022
21.01 -6.19592
21.02 -7.31207
21.03 -8.15874
21.04 -9.03029
21.05 -10.1766
21.06 -10.9817
21.07 -10.9736
21.08 -11.1682
21.09 -11.6649
21.1 -11.3822
21.11 -10.8401
21.12 -10.811
21.13 -10.9611
21.14 -11.4379
21.15 -12.1843
21.16 -12.3203
21.17 -12.2056
21.18 -12.8077
21.19 -13.2174
21.2 -12.6887
21.21 -12.5639
21.22 -13.0882
21.23 -12.6864
21.24 -11.7369
21.25 -11.5117
21.26 -11.0707
21.27 -10.2065
21.28 -10.3052
21.29 -10.4886
21.3 -10.0274
21.31 -10.6875
21.32 -12.0419
21.33 -12.38
21.34 -12.7221
21.35 -13.6379
21.36 -13.772
21.37 -13.415
21.38 -13.4726
21.39 -13.1125
21.4 -12.177
21.41 -11.6058
21.42 -11.0234
21.43 -10.2233
21.44 -10.0387
21.45 -9.91163
21.46 -9.16948
21.47 -9.00961
21.48 -9.59966
21.49 -9.4699
21.5 -9.02332
21.51 -9.35584
21.52 -9.24362
21.53 -8.14045
21.54 -7.61691
21.55 -7.29818
21.56 -5.92329
21.57 -4.82488
21.58 -4.69836
21.59 -4.25329
21.6 -3.7867
21.61 -3.8641
21.62 -3.60117
21.63 -3.32867
21.64 -3.84442
21.65 -4.20817
21.66 -3.93025
21.67 -4.36779
21.68 -5.94533
21.69 -7.21446
21.7 -7.73804
21.71 -8.51704
21.72 -9.9162
21.73 -11.4735
21.74 -12.5423
21.75 -13.3526
21.76 -14.8355
21.77 -16.2859
21.78 -16.2627
21.79 -15.928
21.8 -16.7744
21.81 -17.0715
21.82 -15.7818
21.83 -14.9542
21.84 -14.5464
21.85 -12.7802
21.86 -11.4463
21.87 -11.851
21.88 -11.1862
21.89 -9.46258
21.9 -9.85303
21.91 -10.5036
21.92 -8.62681
21.93 -7.5478
21.94 -8.47946
21.95 -7.61977
21.96 -6.17147
21.97 -7.09584
21.98 -7.25241
21.99 -5.94699
22 -6.76571
22.01 -7.38338
22.02 -5.2339
22.03 -4.70128
22.04 -5.62709
22.05 -3.35533
22.06 -1.20262
22.07 -2.33266
22.08 -1.67426
22.09 0.995488
22.1 0.499248
22.11 -0.390953
22.12 1.85173
22.13 2.04155
22.14 -0.765023
22.15 -0.56309
22.16 0.81685
22.17 -1.43747
22.18 -3.29789
22.19 -2.32256
22.2 -3.28573
22.21 -5.93019
22.22 -6.28028
22.23 -6.49284
22.24 -8.50289
22.25 -9.27007
22.26 -9.06163
22.27 -10.8402
22.28 -12.8653
22.29 -12.8919
22.3 -12.8837
22.31 -13.5559
22.32 -13.2231
22.33 -12.7414
22.34 -13.3298
22.35 -13.3118
22.36 -11.9275
22.37 -11.2173
22.38 -11.8583
22.39 -12.0715
22.4 -11.8819
22.41 -12.9022
22.42 -13.8293
22.43 -13.0415
22.44 -12.6118
22.45 -12.9462
22.46 -11.7624
22.47 -10.5801
22.48 -10.9736
22.49 -10.0604
22.5 -7.8153
22.51 -7.40594
22.52 -7.82297
22.53 -6.9031
22.54 -5.88841
22.55 -5.81671
22.56 -5.62707
22.57 -4.71502
22.58 -4.09673
22.59 -4.18443
22.6 -3.52368
22.61 -2.40128
22.62 -2.88493
22.63 -3.57891
22.64 -2.25706
22.65 -1.04378
22.66 -1.69664
22.67 -2.01113
22.68 -1.21062
22.69 -1.06931
22.7 -1.58867
22.71 -1.66416
22.72 -1.61472
22.73 -2.38891
22.74 -4.18539
22.75 -6.00891
22.76 -7.43853
22.77 -9.44284
22.78 -11.6209
22.79 -12.8653
22.8 -13.8332
22.81 -15.1093
22.82 -16.0563
22.83 -16.7401
22.84 -17.5257
22.85 -17.7437
22.86 -17.273
22.87 -17.5981
22.88 -19.0124
22.89 -19.4621
22.9 -18.6121
22.91 -18.6061
22.92 -19.2949
22.93 -18.5379
22.94 -17.0271
22.95 -16.7204
22.96 -16.5996
22.97 -15.4063
22.98 -14.1332
22.99 -13.15
23 -12.2452
23.01 -11.5282
23.02 -10.2936
23.03 -8.8787
23.04 -8.24867
23.05 -7.19604
23.06 -5.57726
23.07 -5.32477
23.08 -5.32726
23.09 -3.97315
23.1 -3.51695
23.11 -4.00965
23.12 -2.80794
23.13 -1.55059
23.14 -1.93586
23.15 -1.6264
23.16 -0.413352
23.17 -0.344917
23.18 -0.984069
23.19 -1.29145
23.2 -1.54632
23.21 -1.60481
23.22 -1.41435
23.23 -2.0887
23.24 -3.5574
23.25 -4.57057
23.26 -6.09611
23.27 -9.18156
23.28 -11.4792
23.29 -11.8439
23.3 -12.9029
23.31 -14.8784
23.32 -15.3696
23.33 -15.3561
23.34 -16.3557
23.35 -16.6863
23.36 -16.2895
23.37 -16.721
23.38 -16.9789
23.39 -16.5439
23.4 -16.4896
23.41 -16.0782
23.42 -15.0001
23.43 -14.2814
23.44 -13.3604
23.45 -12.0469
23.46 -11.3781
23.47 -10.4469
23.48 -8.69389
23.49 -7.92355
23.5 -7.78342
23.51 -6.08203
23.52 -3.85581
23.53 -3.19239
23.54 -2.63496
23.55 -0.750181
23.56 0.44923
23.57 -0.0390192
23.58 -0.297475
23.59 -0.409498
23.6 -1.9904
23.61 -3.50137
23.62 -3.33474
23.63 -3.59131
23.64 -4.80568
23.65 -4.48675
23.66 -3.56586
23.67 -4.23551
23.68 -4.2329
23.69 -2.13515
23.7 -0.719747
23.71 -0.470083
23.72 0.848497
23.73 2.40244
23.74 2.59749
23.75 2.86361
23.76 3.66572
23.77 3.70341
23.78 3.27754
23.79 3.0619
23.8 2.62646
23.81 1.42472
23.82 -0.594516
23.83 -2.23826
23.84 -2.70688
23.85 -3.72524
23.86 -6.15003
23.87 -7.81506
23.88 -8.06912
23.89 -9.19796
23.9 -11.7103
23.91 -13.9501
23.92 -15.2093
23.93 -16.2243
23.94 -17.9504
23.95 -19.7211
23.96 -20.3159
23.97 -21.1901
23.98 -23.5838
23.99 -25.0065
24 -24.4501
24.01 -24.6457
24.02 -25.5317
24.03 -24.6196
24.04 -23.2561
24.05 -22.5071
24.06 -20.0076
24.07 -16.8478
24.08 -15.9876
24.09 -15.2593
24.1 -12.9629
24.11 -12.0722
24.12 -12.6412
24.13 -11.369
24.14 -9.2841
24.15 -9.0599
24.16 -8.63238
24.17 -6.51099
24.18 -5.38434
24.19 -5.39885
24.2 -4.18759
24.21 -2.73136
24.22 -2.55724
24.23 -1.86734
24.24 -0.3047
24.25 0.285605
24.26 0.193966
24.27 0.511224
24.28 0.829711
24.29 1.3043
24.3 1.64464
24.31 0.751326
24.32 -0.120619
24.33 0.33584
24.34 0.314805
24.35 -0.819581
24.36 -0.719605
24.37 -0.0588942
24.38 -1.03935
24.39 -1.55965
24.4 -0.305059
24.41 -0.616527
24.42 -2.16423
24.43 -2.05257
24.44 -2.44278
24.45 -4.89622
24.46 -6.21618
24.47 -6.71061
24.48 -9.58463
24.49 -12.6884
24.5 -13.5325
24.51 -14.6351
24.52 -16.7403
24.53 -17.2429
24.54 -16.9112
24.55 -18.0064
24.56 -19.0552
24.57 -18.3545
24.58 -17.9316
24.59 -18.7221
24.6 -18.6199
24.61 -17.5457
24.62 -17.0526
24.63 -16.9122
24.64 -16.3793
24.65 -15.6103
24.66 -15.0403
24.67 -14.7063
24.68 -13.7589
24.69 -12.4293
24.7 -11.7763
24.71 -11.3046
24.72 -10.4103
24.73 -10.148
24.74 -10.5647
24.75 -10.4954
24.76 -10.4157
24.77 -11.1834
24.78 -11.5161
24.79 -10.7496
24.8 -10.3101
24.81 -10.279
24.82 -9.87529
24.83 -9.80775
24.84 -10.3428
24.85 -10.4611
24.86 -10.2441
24.87 -10.1221
24.88 -9.71707
24.89 -9.21185
24.9 -8.75911
24.91 -7.67533
24.92 -6.52788
24.93 -6.49215
24.94 -6.61534
24.95 -5.87322
24.96 -5.74512
24.97 -6.87551
24.98 -7.20074
24.99 -6.72703
25 -7.72556
25.01 -8.92615
25.02 -8.09924
25.03 -7.48588
25.04 -8.23013
25.05 -7.41941
25.06 -5.71065
25.07 -5.94801
25.08 -5.96838
25.09 -4.11715
25.1 -3.34572
25.11 -4.10468
25.12 -3.92153
25.13 -3.39945
25.14 -3.90196
25.15 -4.07224
25.16 -3.5025
25.17 -3.66594
25.18 -4.10257
25.19 -3.71561
25.2 -3.77508
25.21 -4.83126
25.22 -5.34642
25.23 -5.59619
25.24 -6.77279
25.25 -7.64305
25.26 -7.78887
25.27 -8.65972
25.28 -9.79507
25.29 -10.2591
25.3 -10.9039
25.31 -11.8684
25.32 -12.4204
25.33 -12.5943
25.34 -12.4878
25.35 -12.3122
25.36 -12.4486
25.37 -12.5697
25.38 -12.3753
25.39 -12.3672
25.4 -12.4407
25.41 -11.7709
25.42 -10.769
25.43 -10.751
25.44 -10.979
25.45 -10.0892
25.46 -9.30764
25.47 -9.68274
25.48 -9.79758
25.49 -9.05178
25.5 -8.5927
25.51 -8.44169
25.52 -8.01778
25.53 -7.71726
25.54 -7.34339
25.55 -6.48334
25.56 -6.27017
25.57 -6.53437
25.58 -5.70978
25.59 -4.87886
25.6 -5.66076
25.61 -6.54481
25.62 -6.4127
25.63 -6.61084
25.64 -7.07417
25.65 -6.70588
25.66 -6.57979
25.67 -7.80596
25.68 -8.8652
25.69 -8.94605
25.7 -9.46145
25.71 -10.2053
25.72 -10.0232
25.73 -10.1085
25.74 -10.9293
25.75 -11.0903
25.76 -10.9383
25.77 -11.2425
25.78 -11.2332
25.79 -10.7716
25.8 -10.3242
25.81 -9.65895
25.82 -9.28534
25.83 -9.33736
25.84 -8.50909
25.85 -7.23854
25.86 -6.92752
25.87 -6.77972
25.88 -5.89379
25.89 -5.12235
25.9 -5.22162
25.91 -5.38614
25.92 -4.46657
25.93 -3.41959
25.94 -3.70391
25.95 -3.89044
25.96 -2.74923
25.97 -2.14459
25.98 -2.753
25.99 -3.02525
26 -3.16135
26.01 -4.03718
26.02 -4.7956
26.03 -5.04295
26.04 -5.49354
26.05 -6.09647
26.06 -6.73013
26.07 -7.77232
26.08 -8.5734
26.09 -8.41115
26.1 -8.49661
26.11 -9.7038
26.12 -10.5818
26.13 -10.7746
26.14 -11.6548
26.15 -12.7707
26.16 -13.4715
26.17 -14.5757
26.18 -15.6644
26.19 -15.9268
26.2 -16.399
26.21 -17.3246
26.22 -17.2535
26.23 -16.5496
26.24 -16.7209
26.25 -16.5869
26.26 -15.032
26.27 -14.1029
26.28 -13.8582
26.29 -12.0064
26.3 -9.97389
26.31 -9.81286
26.32 -9.12934
26.33 -7.2624
26.34 -7.02289
26.35 -7.40072
26.36 -6.33712
26.37 -6.1753
26.38 -7.24274
26.39 -6.39016
26.4 -4.89343
26.41 -5.35281
26.42 -5.41005
26.43 -3.90438
26.44 -3.64529
26.45 -4.28306
26.46 -3.68224
26.47 -3.3622
26.48 -4.14637
26.49 -4.17727
26.5 -4.30816
26.51 -5.74255
26.52 -6.08888
26.53 -5.61038
26.54 -6.8505
26.55 -7.66946
26.56 -6.71594
26.57 -7.15245
26.58 -8.23084
26.59 -6.97183
26.6 -5.88079
26.61 -7.01423
26.62 -7.26462
26.63 -6.1456
26.64 -6.24258
26.65 -6.15854
26.66 -4.68621
26.67 -4.75688
26.68 -6.0137
26.69 -5.41121
26.7 -5.2298
26.71 -7.31945
26.72 -7.83779
26.73 -6.98492
26.74 -8.44025
26.75 -9.5886
26.76 -8.65225
26.77 -9.48049
26.78 -11.3253
26.79 -10.9162
26.8 -10.5705
26.81 -11.6044
26.82 -11.2544
26.83 -9.88621
26.84 -9.69558
26.85 -9.76737
26.86 -9.14215
26.87 -8.73069
26.88 -8.5258
26.89 -8.06538
26.9 -8.01845
26.91 -8.17041
26.92 -7.51323
26.93 -7.13104
26.94 -8.02603
26.95 -8.16718
26.96 -7.01808
26.97 -7.16026
26.98 -8.41273
26.99 -8.2897
27 -7.35148
27.01 -7.54031
27.02 -8.39307
27.03 -8.48468
27.04 -8.06163
27.05 -8.29551
27.06 -9.17746
27.07 -9.86452
27.08 -10.3753
27.09 -11.2346
27.1 -12.0478
27.11 -12.4322
27.12 -12.8755
27.13 -13.398
27.14 -13.4339
27.15 -13.2075
27.16 -13.2717
27.17 -13.2489
27.18 -12.6577
27.19 -12.2827
27.2 -12.5499
27.21 -11.8517
27.22 -9.91611
27.23 -9.20046
27.24 -9.54385
27.25 -8.39357
27.26 -7.34948
27.27 -8.27823
27.28 -7.83272
27.29 -5.56239
27.3 -5.63814
27.31 -6.53893
27.32 -4.57618
27.33 -3.03714
27.34 -4.29891
27.35 -4.5397
27.36 -3.26746
27.37 -3.84702
27.38 -5.20602
27.39 -5.19235
27.4 -5.47827
27.41 -6.7141
27.42 -7.1497
27.43 -7.17482
27.44 -8.20238
27.45 -9.21486
27.46 -9.50426
27.47 -10.4401
27.48 -11.7402
27.49 -11.9657
27.5 -12.3521
27.51 -13.8762
27.52 -14.5501
27.53 -13.871
27.54 -14.0442
27.55 -15.2833
27.56 -15.5716
27.57 -15.1014
27.58 -15.5159
27.59 -15.9498
27.6 -15.3702
27.61 -15.2606
27.62 -15.8277
27.63 -15.3463
27.64 -14.3729
27.65 -14.2336
27.66 -13.7949
27.67 -12.7155
27.68 -12.5352
27.69 -12.5629
27.7 -11.3806
27.71 -10.5354
27.72 -10.8466
27.73 -10.4119
27.74 -9.35445
27.75 -9.52973
27.76 -9.70212
27.77 -8.31393
27.78 -7.64256
27.79 -8.69903
27.8 -8.77267
27.81 -7.75398
27.82 -7.68207
27.83 -7.35806
27.84 -6.08673
27.85 -5.71361
27.86 -5.71493
27.87 -4.76012
27.88 -4.2112
27.89 -4.38355
27.9 -3.75191
27.91 -3.15319
27.92 -3.70047
27.93 -3.66448
27.94 -2.80304
27.95 -3.14956
27.96 -3.78991
27.97 -3.13937
27.98 -2.81226
27.99 -3.15221
28 -2.50989
28.01 -2.02626
28.02 -2.5688
28.03 -2.02118
28.04 -0.831981
28.05 -1.5039
28.06 -2.52106
28.07 -1.78661
28.08 -1.69337
28.09 -3.53111
28.1 -4.55416
28.11 -4.49385
28.12 -5.69868
28.13 -7.15607
28.14 -7.28011
28.15 -7.60235
28.16 -8.68669
28.17 -9.1586
28.18 -9.27818
28.19 -9.8615
28.2 -10.0562
28.21 -9.60942
28.22 -9.64143
28.23 -9.78806
28.24 -8.73676
28.25 -7.46836
28.26 -7.3914
28.27 -7.21147
28.28 -5.81537
28.29 -4.95999
28.3 -5.21949
28.31 -4.4182
28.32 -2.83461
28.33 -2.94111
28.34 -3.56016
28.35 -2.49778
28.36 -1.8664
28.37 -2.91743
28.38 -2.94357
28.39 -1.95767
28.4 -2.45097
28.41 -3.08706
28.42 -2.35737
28.43 -2.60355
28.44 -3.90779
28.45 -3.50597
28.46 -2.84907
28.47 -4.19345
28.48 -4.80536
28.49 -4.03613
28.5 -5.16008
28.51 -6.92232
28.52 -6.70817
28.53 -6.95525
28.54 -8.62479
28.55 -9.02553
28.56 -9.00367
28.57 -10.4907
28.58 -11.3858
28.59 -10.9749
28.6 -11.5978
28.61 -12.6881
28.62 -12.4925
28.63 -12.3884
28.64 -13.2565
28.65 -13.5914
28.66 -13.3085
28.67 -13.8416
28.68 -14.508
28.69 -14.3238
28.7 -14.606
28.71 -15.6512
28.72 -15.8944
28.73 -15.8262
28.74 -16.4638
28.75 -16.7999
28.76 -16.7103
28.77 -16.9893
28.78 -17.0385
28.79 -16.4578
28.8 -16.3619
28.81 -16.9082
28.82 -16.774
28.83 -16.1297
28.84 -16.2079
28.85 -16.0561
28.86 -15.0037
28.87 -14.5163
28.88 -14.373
28.89 -13.2685
28.9 -11.9216
28.91 -10.8925
28.92 -9.49543
28.93 -8.02402
28.94 -6.94522
28.95 -5.92476
28.96 -5.26423
28.97 -5.23041
28.98 -4.75931
28.99 -3.80548
29 -3.86536
29.01 -4.33281
29.02 -3.70762
29.03 -3.35751
29.04 -4.09224
29.05 -4.18753
29.06 -4.01375
29.07 -4.80481
29.08 -5.23681
29.09 -5.07271
29.1 -5.80401
29.11 -6.82401
29.12 -7.22229
29.13 -7.86804
29.14 -8.78621
29.15 -9.22069
29.16 -9.84714
29.17 -10.9489
29.18 -11.458
29.19 -11.6238
29.2 -12.2939
29.21 -12.6793
29.22 -12.3137
29.23 -12.4889
29.24 -13.3628
29.25 -13.4078
29.26 -12.9221
29.27 -13.5926
29.28 -14.3799
29.29 -13.7499
29.3 -13.4439
29.31 -14.4549
29.32 -14.4708
29.33 -13.2885
29.34 -13.2643
29.35 -13.5671
29.36 -12.6023
29.37 -11.7324
29.38 -11.4852
29.39 -10.5963
29.4 -9.24845
29.41 -8.34581
29.42 -7.50312
29.43 -6.01381
29.44 -4.76988
29.45 -4.4494
29.46 -3.61264
29.47 -2.01266
29.48 -1.56035
29.49 -1.9521
29.5 -1.39376
29.51 -0.932339
29.52 -1.37816
29.53 -1.28657
29.54 -1.18265
29.55 -2.25394
29.56 -2.6738
29.57 -2.08204
29.58 -2.68998
29.59 -3.61923
29.6 -3.24537
29.61 -3.31345
29.62 -4.30405
29.63 -4.36818
29.64 -4.10877
29.65 -5.00128
29.66 -6.0051
29.67 -6.0416
29.68 -6.18881
29.69 -6.71182
29.7 -6.49197
29.71 -6.09988
29.72 -6.521
29.73 -6.88679
29.74 -6.62266
29.75 -6.33809
29.76 -6.2835
29.77 -6.34684
29.78 -6.3957
29.79 -6.33747
29.8 -6.30404
29.81 -6.37128
29.82 -6.36449
29.83 -6.29566
29.84 -6.34842
29.85 -6.67826
29.86 -7.13745
29.87 -7.17469
29.88 -7.04332
29.89 -7.61977
29.9 -8.19899
29.91 -8.09881
29.92 -8.72026
29.93 -9.76749
29.94 -9.47085
29.95 -9.30566
29.96 -10.6098
29.97 -11.0542
29.98 -10.3455
29.99 -10.9921
30 -12.0039
30.01 -11.4826
30.02 -11.498
30.03 -12.4509
30.04 -11.5981
30.05 -10.368
30.06 -11.3347
30.07 -11.5977
30.08 -9.77471
30.09 -9.31436
30.1 -9.81701
30.11 -8.52772
30.12 -7.57297
30.13 -8.17161
30.14 -7.24289
30.15 -5.40252
30.16 -5.90944
30.17 -6.8246
30.18 -5.53462
30.19 -4.60561
30.2 -5.20928
30.21 -4.97393
30.22 -4.48667
30.23 -5.33457
30.24 -6.02374
30.25 -5.91432
30.26 -6.09015
30.27 -6.39862
30.28 -6.84423
30.29 -7.74762
30.3 -8.2797
30.31 -8.51031
30.32 -9.28199
30.33 -10.0236
30.34 -10.3242
30.35 -10.8519
30.36 -11.597
30.37 -12.1402
30.38 -12.6825
30.39 -13.2932
30.4 -13.3808
30.41 -13.0307
30.42 -13.0914
30.43 -13.358
30.44 -13.1684
30.45 -13.0204
30.46 -13.2462
30.47 -13.106
30.48 -12.4782
30.49 -12.3768
30.5 -12.9049
30.51 -12.693
30.52 -11.8663
30.53 -11.7729
30.54 -11.8467
30.55 -11.2059
30.56 -10.4988
30.57 -10.0275
30.58 -9.4644
30.59 -8.81849
30.6 -8.29536
30.61 -7.73564
30.62 -6.72057
30.63 -5.72792
30.64 -5.50315
30.65 -5.21019
30.66 -4.17639
30.67 -3.88181
30.68 -4.62734
30.69 -4.64812
30.7 -4.45101
30.71 -5.46277
30.72 -6.17418
30.73 -5.95672
30.74 -6.75478
30.75 -7.83504
30.76 -7.33586
30.77 -7.4406
30.78 -9.14149
30.79 -9.14036
30.8 -7.89634
30.81 -8.97448
30.82 -10.4615
30.83 -9.71749
30.84 -9.53838
30.85 -10.9365
30.86 -11.158
30.87 -10.8057
30.88 -11.6677
30.89 -11.8598
30.9 -10.8762
30.91 -10.7941
30.92 -11.0021
30.93 -10.1977
30.94 -9.51612
30.95 -9.3207
30.96 -9.04214
30.97 -9.01551
30.98 -8.84643
30.99 -8.19101
31 -8.22901
31.01 -8.86178
31.02 -8.90603
31.03 -8.97698
31.04 -9.3889
31.05 -9.19783
31.06 -9.15685
31.07 -10.0706
31.08 -10.3759
31.09 -10.0136
31.1 -10.5963
31.11 -11.0301
31.12 -10.2818
31.13 -10.241
31.14 -10.9638
31.15 -10.5985
31.16 -10.1038
31.17 -10.6368
31.18 -10.4287
31.19 -9.30415
31.2 -9.37242
31.21 -9.66432
31.22 -8.71312
31.23 -8.57871
31.24 -9.53973
31.25 -9.16805
31.26 -8.28432
31.27 -8.48015
31.28 -8.14563
31.29 -7.01233
31.3 -6.88631
31.31 -7.11702
31.32 -6.45672
31.33 -6.17185
31.34 -6.88572
31.35 -7.16642
31.36 -6.92878
31.37 -7.21962
31.38 -7.55324
31.39 -7.20683
31.4 -6.99922
31.41 -7.54038
31.42 -7.79467
31.43 -7.28359
31.44 -7.01296
31.45 -7.191
31.46 -7.01446
31.47 -6.61611
31.48 -6.62531
31.49 -6.82437
31.5 -6.7133
31.51 -6.57652
31.52 -6.83789
31.53 -7.3218
31.54 -7.61685
31.55 -7.68995
31.56 -8.02093
31.57 -8.44276
31.58 -8.58261
31.59 -8.82554
31.6 -9.04031
31.61 -8.7557
31.62 -8.64917
31.63 -8.93787
31.64 -8.82384
31.65 -8.57281
31.66 -8.80333
31.67 -8.91173
31.68 -8.62809
31.69 -8.68223
31.7 -8.90649
31.71 -8.72863
31.72 -8.61041
31.73 -8.8352
31.74 -8.79591
31.75 -8.57492
31.76 -8.70678
31.77 -8.79416
31.78 -8.3044
31.79 -7.85817
31.8 -8.34281
31.81 -9.01576
31.82 -8.70968
31.83 -8.34162
31.84 -9.08638
31.85 -9.7249
31.86 -9.29154
31.87 -9.22742
31.88 -10.1822
31.89 -10.6349
31.9 -10.202
31.91 -10.2801
31.92 -10.8981
31.93 -10.7827
31.94 -10.2607
31.95 -10.2092
31.96 -9.97954
31.97 -9.5602
31.98 -9.67557
31.99 -9.42269
32 -8.3886
32.01 -7.78659
32.02 -7.62644
32.03 -7.10055
32.04 -6.76203
32.05 -7.0746
32.06 -7.12081
32.07 -6.48776
32.08 -6.1257
32.09 -6.4142
32.1 -6.49403
32.11 -6.23051
32.12 -6.31677
32.13 -6.53728
32.14 -6.35974
32.15 -6.0929
32.16 -5.85064
32.17 -5.61556
32.18 -5.75548
32.19 -5.9666
32.2 -5.78224
32.21 -5.7234
32.22 -6.02895
32.23 -6.29228
32.24 -6.5662
32.25 -6.72517
32.26 -6.5452
32.27 -6.72728
32.28 -7.38964
32.29 -7.12743
32.3 -6.19667
32.31 -6.4387
32.32 -6.92593
32.33 -5.98751
32.34 -5.44817
32.35 -6.07966
32.36 -5.6668
32.37 -4.77817
32.38 -5.18109
32.39 -5.62997
32.4 -5.48153
32.41 -5.79345
32.42 -6.14855
32.43 -6.22406
32.44 -6.78779
32.45 -7.39995
32.46 -7.45188
32.47 -7.77415
32.48 -8.45729
32.49 -8.68691
32.5 -9.01452
32.51 -9.82312
32.52 -10.208
32.53 -10.3883
32.54 -11.0345
32.55 -11.3538
32.56 -11.2924
32.57 -11.7949
32.58 -12.3186
32.59 -12.1174
32.6 -12.1251
32.61 -12.7509
32.62 -12.7829
32.63 -12.2205
32.64 -12.3133
32.65 -12.7734
32.66 -12.7681
32.67 -12.7288
32.68 -12.8821
32.69 -12.9966
32.7 -13.1432
32.71 -13.0728
32.72 -12.571
32.73 -12.1209
32.74 -11.8957
32.75 -11.594
32.76 -11.3086
32.77 -10.8986
32.78 -10.2315
32.79 -9.90471
32.8 -9.86866
32.81 -9.38467
32.82 -8.83858
32.83 -8.61985
32.84 -8.25168
32.85 -7.97133
32.86 -7.8918
32.87 -7.34676
32.88 -6.93734
32.89 -7.23664
32.9 -6.97672
32.91 -6.16473
32.92 -6.15516
32.93 -6.17378
32.94 -5.37534
32.95 -5.31378
32.96 -5.9924
32.97 -5.41691
32.98 -4.41428
32.99 -4.91939
33 -5.51197
33.01 -4.87014
33.02 -4.66406
33.03 -5.40953
33.04 -5.42009
33.05 -4.89582
33.06 -5.37234
33.07 -5.95015
33.08 -5.49315
33.09 -5.37487
33.1 -6.05543
33.11 -6.16693
33.12 -6.076
33.13 -6.53245
33.14 -6.58561
33.15 -6.25553
33.16 -6.70136
33.17 -7.29438
33.18 -7.03003
33.19 -7.02141
33.2 -7.96238
33.21 -8.33221
33.22 -7.91133
33.23 -8.4304
33.24 -9.29741
33.25 -9.08429
33.26 -9.09464
33.27 -9.80677
33.28 -9.63449
33.29 -9.45842
33.3 -10.4053
33.31 -10.4801
33.32 -9.64717
33.33 -10.246
33.34 -11.1082
33.35 -10.4192
33.36 -10.1038
33.37 -10.8146
33.38 -10.5921
33.39 -10.0913
33.4 -10.8175
33.41 -11.1312
33.42 -10.2659
33.43 -10.1754
33.44 -10.8449
33.45 -10.4866
33.46 -9.69707
33.47 -9.86718
33.48 -10.1316
33.49 -9.72169
33.5 -9.61783
33.51 -9.92752
33.52 -9.72106
33.53 -9.43814
33.54 -9.7632
33.55 -9.96298
33.56 -9.65634
33.57 -9.62364
33.58 -9.92958
33.59 -9.86345
33.6 -9.59104
33.61 -9.65169
33.62 -9.70402
33.63 -9.46976
33.64 -9.35003
33.65 -9.30308
33.66 -9.00837
33.67 -8.80689
33.68 -8.89362
33.69 -8.77162
33.7 -8.44302
33.71 -8.40589
33.72 -8.50007
33.73 -8.3845
33.74 -8.32686
33.75 -8.43023
33.76 -8.43296
33.77 -8.43089
33.78 -8.53728
33.79 -8.56259
33.8 -8.52893
33.81 -8.54461
33.82 -8.4834
33.83 -8.34491
33.84 -8.2798
33.85 -8.28511
33.86 -8.23668
33.87 -8.11927
33.88 -8.07199
33.89 -8.11072
33.9 -8.04204
33.91 -7.88423
33.92 -7.854
33.93 -7.86279
33.94 -7.75294
33.95 -7.