0 0
0.01 -3.32796e-06
0.02 -8.21817e-06
0.03 -5.86019e-06
0.04 -2.78215e-06
0.05 -6.8415e-06
0.06 -7.56914e-06
0.07 -3.53214e-06
0.08 -5.21566e-06
0.09 -8.14048e-06
0.1 -5.03167e-06
0.11 -4.13847e-06
0.12 -7.5919e-06
0.13 -6.55789e-06
0.14 -3.97302e-06
0.15 -6.41398e-06
0.16 -7.48096e-06
0.17 -4.62934e-06
0.18 -5.23697e-06
0.19 -7.53542e-06
0.2 -5.67481e-06
0.21 -4.54213e-06
0.22 -6.86856e-06
0.23 -6.56569e-06
0.24 -4.51583e-06
0.25 -5.86398e-06
0.26 -6.93648e-06
0.27 -4.98811e-06
0.28 -4.95681e-06
0.29 -6.58532e-06
0.3 -5.44897e-06
0.31 -4.35257e-06
0.32 -5.85438e-06
0.33 -5.86971e-06
0.34 -4.32643e-06
0.35 -6.12935e-06
0.36 -8.81053e-06
0.37 -5.79306e-06
0.38 -2.07855e-06
0.39 -4.97231e-06
0.4 -6.81029e-06
0.41 -3.11491e-06
0.42 -3.07642e-06
0.43 -6.2204e-06
0.44 -5.28531e-06
0.45 -6.04286e-06
0.46 -1.02788e-05
0.47 -1.05264e-05
0.48 -1.07194e-05
0.49 -1.34414e-05
0.5 -1.2183e-05
0.51 -1.04047e-05
0.52 -1.31176e-05
0.53 -1.31887e-05
0.54 -7.11562e-06
0.55 -4.41303e-06
0.56 -6.59481e-06
0.57 -2.33602e-06
0.58 2.41047e-06
0.59 -2.84531e-06
0.6 -4.53797e-06
0.61 1.69554e-06
0.62 1.65254e-07
0.63 -8.4752e-06
0.64 -1.40149e-05
0.65 -1.61073e-05
0.66 -1.27367e-05
0.67 -2.26891e-06
0.68 4.76286e-06
0.69 3.64505e-07
0.7 -3.00956e-06
0.71 2.4228e-06
0.72 3.28365e-06
0.73 -1.856e-06
0.74 -4.86198e-06
0.75 -1.40253e-05
0.76 -2.35393e-05
0.77 -1.62177e-05
0.78 -1.05664e-05
0.79 -2.03849e-05
0.8 -2.11337e-05
0.81 -1.21348e-05
0.82 -1.68063e-05
0.83 -2.30538e-05
0.84 -1.57369e-05
0.85 -1.37479e-05
0.86 -1.45131e-05
0.87 -4.13326e-06
0.88 -1.0967e-05
0.89 -3.0478e-05
0.9 -1.95923e-05
0.91 -6.27461e-06
0.92 -2.35047e-05
0.93 -2.72909e-05
0.94 -9.48467e-06
0.95 -9.99241e-06
0.96 -4.97039e-06
0.97 2.00551e-05
0.98 1.38527e-05
0.99 -6.79341e-06
1 9.37162e-06
1.01 1.40324e-05
1.02 -1.88919e-05
1.03 -1.94985e-05
1.04 -1.71094e-06
1.05 -2.65658e-05
1.06 -3.70777e-05
1.07 -7.44487e-06
1.08 -1.16509e-05
1.09 -2.21558e-05
1.1 2.09555e-05
1.11 3.47136e-05
1.12 -7.11597e-06
1.13 9.13205e-07
1.14 3.56834e-05
1.15 1.01571e-05
1.16 -7.49381e-06
1.17 2.64248e-05
1.18 2.44616e-05
1.19 -5.42507e-06
1.2 1.01575e-05
1.21 9.33319e-06
1.22 -3.56148e-05
1.23 -8.70546e-06
1.24 5.40318e-05
1.25 1.68228e-05
1.26 -2.17443e-05
1.27 3.19899e-05
1.28 4.03875e-05
1.29 -1.16898e-05
1.3 1.05352e-05
1.31 4.68819e-05
1.32 6.35531e-06
1.33 -4.35962e-06
1.34 3.96732e-05
1.35 2.54392e-05
1.36 -9.93089e-06
1.37 7.23563e-06
1.38 1.25513e-05
1.39 4.21646e-06
1.4 2.80702e-05
1.41 2.92903e-05
1.42 3.25485e-06
1.43 1.64291e-05
1.44 3.45078e-05
1.45 1.23864e-05
1.46 7.97982e-06
1.47 3.12748e-05
1.48 2.26506e-05
1.49 6.00965e-06
1.5 2.351e-05
1.51 2.94498e-05
1.52 1.06584e-05
1.53 1.74053e-05
1.54 3.28567e-05
1.55 1.86016e-05
1.56 1.21831e-05
1.57 2.90994e-05
1.58 2.57632e-05
1.59 1.20062e-05
1.6 2.25245e-05
1.61 2.00893e-05
1.62 -1.15214e-05
1.63 1.15875e-06
1.64 4.33532e-05
1.65 7.89077e-06
1.66 -3.12649e-05
1.67 3.45475e-05
1.68 6.08717e-05
1.69 -8.8578e-06
1.7 1.32233e-06
1.71 5.99765e-05
1.72 1.87545e-05
1.73 -1.29847e-05
1.74 4.26677e-05
1.75 4.09776e-05
1.76 -1.55227e-05
1.77 -1.18065e-05
1.78 -1.00125e-05
1.79 -3.06068e-05
1.8 2.07364e-05
1.81 6.17071e-05
1.82 6.73064e-06
1.83 -5.21885e-06
1.84 5.10506e-05
1.85 3.19616e-05
1.86 -9.77847e-06
1.87 3.07405e-05
1.88 4.67824e-05
1.89 8.69279e-08
1.9 1.1051e-05
1.91 4.81463e-05
1.92 1.70947e-05
1.93 -2.031e-07
1.94 3.81384e-05
1.95 3.26542e-05
1.96 -7.48867e-08
1.97 2.31128e-05
1.98 3.49452e-05
1.99 -1.48072e-05
2 -2.41567e-05
2.01 1.99738e-05
2.02 4.5265e-06
2.03 -4.55569e-05
2.04 -3.80512e-05
2.05 -3.84019e-05
2.06 -7.88714e-05
2.07 -2.86983e-05
2.08 7.04036e-05
2.09 3.71848e-05
2.1 -2.47645e-05
2.11 3.37739e-05
2.12 5.85806e-05
2.13 -1.09369e-05
2.14 -1.3168e-05
2.15 2.47111e-05
2.16 -1.44219e-05
2.17 -3.93538e-05
2.18 1.32132e-05
2.19 9.39895e-06
2.2 -3.6564e-05
2.21 2.39354e-05
2.22 6.99976e-05
2.23 -1.64748e-05
2.24 -3.94204e-05
2.25 5.4881e-05
2.26 5.30645e-05
2.27 -1.91652e-05
2.28 7.63223e-06
2.29 1.86867e-05
2.3 -6.1501e-05
2.31 -6.52903e-05
2.32 -1.46323e-05
2.33 -4.66251e-05
2.34 -6.05166e-05
2.35 4.15064e-06
2.36 -2.05635e-06
2.37 -5.85108e-05
2.38 -2.3518e-05
2.39 1.08297e-05
2.4 -2.45012e-05
2.41 7.50159e-06
2.42 6.85401e-05
2.43 1.959e-05
2.44 -1.38514e-05
2.45 4.88257e-05
2.46 4.60739e-05
2.47 -1.06062e-05
2.48 2.31402e-05
2.49 5.69621e-05
2.5 7.1341e-06
2.51 2.77869e-06
2.52 3.62999e-05
2.53 -1.05315e-06
2.54 -1.09723e-05
2.55 3.54918e-05
2.56 1.65586e-05
2.57 4.55451e-07
2.58 4.80862e-05
2.59 3.86945e-05
2.6 -2.15572e-05
2.61 -4.93903e-05
2.62 -7.48475e-05
2.63 -8.02694e-05
2.64 -2.23253e-05
2.65 3.28253e-05
2.66 3.39597e-05
2.67 2.06812e-05
2.68 2.64846e-05
2.69 2.7686e-05
2.7 -7.55753e-06
2.71 -4.93251e-05
2.72 -1.97375e-05
2.73 4.13822e-05
2.74 2.75299e-05
2.75 4.28783e-06
2.76 3.98787e-05
2.77 4.27072e-05
2.78 8.91485e-06
2.79 2.6449e-05
2.8 4.81812e-05
2.81 1.94942e-05
2.82 1.5266e-05
2.83 4.43016e-05
2.84 2.9883e-05
2.85 -1.16641e-05
2.86 -4.41167e-05
2.87 -7.61366e-05
2.88 -6.45477e-05
2.89 6.58183e-06
2.9 5.01993e-05
2.91 2.90943e-05
2.92 1.65101e-05
2.93 2.93843e-05
2.94 -1.25506e-05
2.95 -8.81646e-05
2.96 -8.18315e-05
2.97 -3.5839e-05
2.98 -6.14555e-05
2.99 -8.72324e-05
3 -4.75987e-05
3.01 -2.58371e-05
3.02 -1.01516e-05
3.03 5.09335e-05
3.04 5.62719e-05
3.05 3.16181e-06
3.06 2.36613e-05
3.07 6.24079e-05
3.08 2.27627e-05
3.09 8.49555e-06
3.1 5.31218e-05
3.11 4.15837e-05
3.12 6.58923e-06
3.13 3.6809e-05
3.14 5.24705e-05
3.15 1.52992e-05
3.16 1.05592e-05
3.17 9.87495e-06
3.18 -3.58162e-05
3.19 -5.23376e-05
3.2 -4.52942e-05
3.21 -7.00436e-05
3.22 -7.14196e-05
3.23 -4.13833e-05
3.24 -3.49399e-05
3.25 -1.90416e-05
3.26 7.59623e-06
3.27 -1.19742e-05
3.28 -1.73307e-05
3.29 3.02111e-05
3.3 2.8068e-05
3.31 -2.0055e-05
3.32 -1.67894e-05
3.33 1.32951e-06
3.34 -1.73287e-05
3.35 -1.92101e-05
3.36 1.37322e-06
3.37 -8.55312e-06
3.38 -2.21972e-05
3.39 -6.69276e-06
3.4 -2.04239e-05
3.41 -7.22632e-05
3.42 -7.30611e-05
3.43 -3.56086e-05
3.44 -5.14942e-05
3.45 -7.44575e-05
3.46 -2.86307e-05
3.47 1.3305e-05
3.48 -2.24397e-06
3.49 1.27473e-05
3.5 6.31007e-05
3.51 2.88456e-05
3.52 -4.33117e-05
3.53 -1.69365e-05
3.54 1.60219e-05
3.55 -5.60502e-05
3.56 -7.92821e-05
3.57 1.81005e-05
3.58 3.15115e-05
3.59 -4.88765e-05
3.6 -2.09029e-05
3.61 3.78481e-05
3.62 -1.74113e-05
3.63 -4.01246e-05
3.64 2.34972e-05
3.65 9.11801e-06
3.66 -4.17447e-05
3.67 9.15126e-08
3.68 2.4067e-05
3.69 -2.80784e-05
3.7 -2.11439e-05
3.71 2.39407e-05
3.72 -6.16849e-06
3.73 -2.92962e-05
3.74 1.25462e-05
3.75 1.07332e-05
3.76 -2.71344e-05
3.77 -4.1526e-06
3.78 1.83325e-05
3.79 -1.54647e-05
3.8 -1.7188e-05
3.81 1.63636e-05
3.82 1.23889e-06
3.83 -2.01251e-05
3.84 6.08794e-06
3.85 6.89803e-06
3.86 -4.41355e-05
3.87 -7.3583e-05
3.88 -7.74643e-05
3.89 -9.84389e-05
3.9 -0.000101486
3.91 -7.72668e-05
3.92 -7.71099e-05
3.93 -5.88897e-05
3.94 1.42728e-05
3.95 3.1352e-05
3.96 -2.35235e-05
3.97 -1.36731e-05
3.98 3.10806e-05
3.99 1.21282e-05
4 2.4248e-05
4.01 0.000101327
4.02 0.000110531
4.03 7.02499e-05
4.04 8.2409e-05
4.05 7.52326e-05
4.06 6.34286e-06
4.07 -1.34837e-05
4.08 1.92655e-05
4.09 1.00365e-05
4.1 -1.06387e-05
4.11 1.0624e-05
4.12 1.70634e-05
4.13 -6.13546e-06
4.14 1.29098e-06
4.15 1.88508e-05
4.16 2.78465e-06
4.17 -2.81595e-06
4.18 1.31022e-05
4.19 -2.08335e-05
4.2 -9.36542e-05
4.21 -0.000103698
4.22 -6.37978e-05
4.23 -7.37765e-05
4.24 -0.000101839
4.25 -7.82994e-05
4.26 -6.47401e-05
4.27 -7.87039e-05
4.28 -2.67214e-05
4.29 4.65082e-05
4.3 2.4428e-05
4.31 1.6283e-05
4.32 0.00011748
4.33 0.000146156
4.34 5.8192e-05
4.35 5.45431e-05
4.36 9.96906e-05
4.37 3.92045e-05
4.38 -1.63379e-05
4.39 2.31729e-05
4.4 3.15109e-05
4.41 -8.14193e-06
4.42 8.88126e-06
4.43 3.55186e-05
4.44 5.22639e-06
4.45 -4.73492e-07
4.46 3.28732e-05
4.47 2.03292e-05
4.48 -4.67621e-06
4.49 -4.32814e-06
4.5 -6.07021e-05
4.51 -0.000120519
4.52 -6.87823e-05
4.53 -3.52018e-05
4.54 -9.77794e-05
4.55 -9.47654e-05
4.56 -3.66285e-05
4.57 -7.00833e-05
4.58 -9.8753e-05
4.59 -1.31123e-05
4.6 4.83049e-05
4.61 1.3947e-05
4.62 1.87474e-05
4.63 6.7056e-05
4.64 3.46854e-05
4.65 5.90414e-06
4.66 5.4096e-05
4.67 3.57886e-05
4.68 -1.86757e-05
4.69 3.41138e-05
4.7 8.15285e-05
4.71 2.07989e-05
4.72 -8.8452e-06
4.73 4.22569e-05
4.74 4.03666e-05
4.75 -2.21017e-06
4.76 2.3113e-05
4.77 4.80678e-05
4.78 1.11588e-05
4.79 8.99961e-06
4.8 4.49753e-05
4.81 2.83643e-05
4.82 6.41117e-06
4.83 3.55204e-05
4.84 3.38091e-05
4.85 -3.77742e-05
4.86 -9.03318e-05
4.87 -6.71512e-05
4.88 -4.24764e-05
4.89 -6.90528e-05
4.9 -6.82149e-05
4.91 2.00682e-08
4.92 3.66606e-05
4.93 7.30646e-06
4.94 1.7849e-05
4.95 5.56393e-05
4.96 3.30615e-05
4.97 3.0091e-05
4.98 7.05728e-05
4.99 3.57977e-05
5 -5.89439e-06
5.01 4.67582e-05
5.02 6.02789e-05
5.03 4.05831e-06
5.04 2.22766e-05
5.05 6.48978e-05
5.06 2.46844e-05
5.07 7.90367e-06
5.08 4.81748e-05
5.09 7.70044e-07
5.1 -9.33445e-05
5.11 -6.92343e-05
5.12 -1.57319e-05
5.13 -6.25376e-05
5.14 -8.39148e-05
5.15 -2.84926e-05
5.16 -3.5345e-05
5.17 -6.2669e-05
5.18 8.42344e-06
5.19 6.22366e-05
5.2 2.67682e-05
5.21 2.67919e-05
5.22 6.25595e-05
5.23 4.00598e-05
5.24 2.05173e-05
5.25 6.33595e-05
5.26 9.37167e-05
5.27 7.18877e-05
5.28 3.76532e-05
5.29 3.13594e-05
5.3 3.66597e-05
5.31 -1.63634e-05
5.32 -8.46494e-05
5.33 -5.01802e-05
5.34 1.78471e-05
5.35 2.5733e-05
5.36 3.7143e-05
5.37 3.29553e-05
5.38 -3.6857e-05
5.39 -6.53107e-05
5.4 -2.52388e-05
5.41 -2.96164e-05
5.42 -5.98127e-05
5.43 -3.67121e-05
5.44 -2.17559e-05
5.45 -5.11808e-05
5.46 -4.71076e-05
5.47 -1.97897e-05
5.48 -3.71244e-05
5.49 -5.22389e-05
5.5 -2.73429e-05
5.51 -2.58839e-05
5.52 -4.75714e-05
5.53 -3.38593e-05
5.54 4.70245e-06
5.55 5.04781e-05
5.56 8.14787e-05
5.57 5.8154e-05
5.58 3.76745e-05
5.59 6.79395e-05
5.6 7.27902e-05
5.61 4.34509e-05
5.62 5.68374e-05
5.63 7.86756e-05
5.64 5.50294e-05
5.65 4.82017e-05
5.66 7.4964e-05
5.67 6.45543e-05
5.68 2.26203e-05
5.69 8.35279e-06
5.7 2.01773e-05
5.71 2.09509e-05
5.72 -2.37589e-06
5.73 -3.14967e-05
5.74 -3.33833e-05
5.75 -1.50112e-05
5.76 -1.89426e-05
5.77 -3.45093e-05
5.78 -3.84506e-05
5.79 -4.21474e-05
5.8 -2.62149e-05
5.81 7.8765e-06
5.82 3.52329e-05
5.83 7.40855e-05
5.84 9.33777e-05
5.85 6.2149e-05
5.86 5.62593e-05
5.87 8.75894e-05
5.88 6.5532e-05
5.89 1.98857e-05
5.9 1.98835e-05
5.91 -5.41409e-06
5.92 -4.73903e-05
5.93 -1.36238e-05
5.94 -7.00604e-07
5.95 -6.49057e-05
5.96 -5.66105e-05
5.97 9.25275e-06
5.98 -6.91282e-06
5.99 -3.53931e-05
6 1.12181e-06
6.01 5.71812e-06
6.02 -3.01191e-05
6.03 -2.86954e-06
6.04 5.35474e-05
6.05 5.85745e-05
6.06 5.32286e-05
6.07 7.3003e-05
6.08 8.73672e-05
6.09 8.60137e-05
6.1 8.10596e-05
6.11 6.41245e-05
6.12 2.72235e-05
6.13 -2.71812e-06
6.14 -7.60892e-06
6.15 -2.55627e-06
6.16 1.91979e-06
6.17 1.95188e-05
6.18 5.06047e-05
6.19 4.54929e-05
6.2 -5.07096e-06
6.21 -2.0686e-05
6.22 1.28285e-05
6.23 1.62663e-05
6.24 1.26758e-05
6.25 5.80154e-05
6.26 6.88017e-05
6.27 2.34298e-05
6.28 1.53364e-05
6.29 1.77364e-05
6.3 -1.13359e-05
6.31 -1.43962e-05
6.32 -2.13616e-05
6.33 -7.70669e-05
6.34 -8.70187e-05
6.35 -3.92014e-05
6.36 -3.26655e-05
6.37 -1.70336e-05
6.38 3.89866e-05
6.39 2.4197e-05
6.4 1.65231e-06
6.41 8.13473e-05
6.42 0.000117315
6.43 3.71962e-05
6.44 4.12832e-06
6.45 3.3098e-05
6.46 1.05268e-05
6.47 -8.09085e-06
6.48 2.80966e-05
6.49 2.10658e-05
6.5 -5.02654e-05
6.51 -9.646e-05
6.52 -7.43121e-05
6.53 -2.29915e-05
6.54 2.77921e-06
6.55 1.29647e-05
6.56 4.67723e-05
6.57 7.00648e-05
6.58 2.99278e-05
6.59 -9.54235e-06
6.6 2.13412e-05
6.61 4.12428e-05
6.62 5.65122e-06
6.63 6.45315e-06
6.64 3.91372e-05
6.65 2.02011e-05
6.66 -1.41592e-05
6.67 -4.66262e-06
6.68 2.19833e-06
6.69 -3.11427e-05
6.7 -5.36336e-05
6.71 -5.71394e-05
6.72 -8.15088e-05
6.73 -9.96762e-05
6.74 -8.22378e-05
6.75 -5.84507e-05
6.76 -4.70232e-05
6.77 -8.80602e-06
6.78 4.81893e-05
6.79 4.02223e-05
6.8 1.84421e-06
6.81 2.56066e-05
6.82 3.54509e-05
6.83 -1.35009e-05
6.84 7.6793e-06
6.85 6.05119e-05
6.86 1.78655e-06
6.87 -2.76011e-05
6.88 6.53377e-05
6.89 6.52203e-05
6.9 -1.92818e-05
6.91 2.46768e-05
6.92 7.95181e-05
6.93 9.22304e-06
6.94 -2.29362e-06
6.95 7.06378e-05
6.96 4.29016e-05
6.97 -8.5786e-06
6.98 3.19953e-05
6.99 1.56799e-05
7 -5.7825e-05
7.01 -2.37527e-05
7.02 -1.4719e-06
7.03 -9.26997e-05
7.04 -9.23851e-05
7.05 -8.55262e-06
7.06 -5.12935e-05
7.07 -0.000104673
7.08 -3.36964e-05
7.09 -2.18848e-05
7.1 -9.1098e-05
7.11 -4.13622e-05
7.12 4.35953e-05
7.13 -9.26726e-06
7.14 -4.95923e-05
7.15 1.59731e-05
7.16 -3.77018e-06
7.17 -9.90412e-05
7.18 -7.50007e-05
7.19 -4.05144e-05
7.2 -0.000123806
7.21 -0.000129349
7.22 -2.64742e-05
7.23 -2.28839e-05
7.24 -5.25693e-05
7.25 2.89142e-05
7.26 7.71544e-05
7.27 2.73308e-05
7.28 4.51919e-05
7.29 9.78305e-05
7.3 3.78229e-05
7.31 -1.49279e-05
7.32 2.34456e-05
7.33 9.47281e-06
7.34 -3.33348e-05
7.35 7.04292e-06
7.36 1.57199e-05
7.37 -6.61967e-05
7.38 -7.5514e-05
7.39 -1.71387e-05
7.4 -7.1224e-05
7.41 -0.00017117
7.42 -0.00013213
7.43 -4.64565e-05
7.44 -5.91167e-05
7.45 -6.64522e-05
7.46 -8.84584e-06
7.47 7.37973e-06
7.48 -1.02677e-05
7.49 -1.06151e-05
7.5 -4.04226e-05
7.51 -6.70231e-05
7.52 -3.28132e-05
7.53 -2.23211e-05
7.54 -7.20291e-05
7.55 -7.65464e-05
7.56 -2.31726e-05
7.57 -2.21416e-05
7.58 -6.08295e-05
7.59 -4.31682e-05
7.6 -1.7473e-05
7.61 -4.52044e-05
7.62 -5.16827e-05
7.63 -2.19868e-05
7.64 -3.24805e-05
7.65 -5.39709e-05
7.66 -2.73608e-05
7.67 1.18133e-05
7.68 4.68869e-05
7.69 7.55401e-05
7.7 6.06683e-05
7.71 4.71085e-05
7.72 0.000108001
7.73 0.000163142
7.74 0.000131501
7.75 0.000100153
7.76 8.3766e-05
7.77 3.52305e-05
7.78 3.66912e-05
7.79 5.00007e-05
7.8 -3.96208e-05
7.81 -8.49686e-05
7.82 1.14882e-06
7.83 2.14018e-05
7.84 -4.54277e-05
7.85 -4.00337e-05
7.86 -7.8277e-06
7.87 -3.73874e-05
7.88 -4.68225e-05
7.89 -1.32369e-05
7.9 -2.30032e-05
7.91 -4.65992e-05
7.92 -2.48341e-05
7.93 -3.35364e-05
7.94 -9.29456e-05
7.95 -9.05322e-05
7.96 -4.42448e-05
7.97 -5.38319e-05
7.98 -4.8331e-05
7.99 1.7835e-05
8 1.43348e-05
8.01 -5.64013e-05
8.02 -4.21241e-05
8.03 6.28533e-06
8.04 -4.40601e-05
8.05 -8.59974e-05
8.06 -3.09153e-05
8.07 -1.3962e-05
8.08 -5.12587e-05
8.09 -4.08091e-05
8.1 -3.51773e-05
8.11 -7.06481e-05
8.12 -8.39676e-05
8.13 -9.88368e-05
8.14 -0.000136257
8.15 -0.000126283
8.16 -9.11983e-05
8.17 -8.4258e-05
8.18 -4.08183e-05
8.19 3.59482e-05
8.2 6.8484e-05
8.21 9.36522e-05
8.22 0.000151974
8.23 0.000177565
8.24 0.000149442
8.25 0.000144198
8.26 0.000166382
8.27 0.000132885
8.28 5.86462e-05
8.29 3.60855e-05
8.3 2.88645e-05
8.31 -3.64624e-05
8.32 -6.08848e-05
8.33 -3.90921e-06
8.34 -7.31957e-06
8.35 -5.61846e-05
8.36 -1.29287e-05
8.37 5.29321e-05
8.38 4.33604e-05
8.39 4.37613e-05
8.4 5.61012e-05
8.41 -6.07806e-06
8.42 -5.38135e-05
8.43 -1.7261e-05
8.44 -8.30904e-06
8.45 -3.69614e-05
8.46 1.63873e-05
8.47 9.91105e-05
8.48 7.69546e-05
8.49 3.31008e-05
8.5 7.27019e-05
8.51 8.99124e-05
8.52 4.52603e-05
8.53 5.42406e-05
8.54 9.03186e-05
8.55 6.19113e-05
8.56 4.36166e-05
8.57 5.7902e-05
8.58 -1.16824e-05
8.59 -0.000102658
8.6 -9.84648e-05
8.61 -0.000132089
8.62 -0.000241241
8.63 -0.000236498
8.64 -0.000165006
8.65 -0.000200165
8.66 -0.000199347
8.67 -7.1643e-05
8.68 -5.67702e-05
8.69 -0.000138796
8.7 -7.89996e-05
8.71 -3.50567e-05
8.72 -0.000156301
8.73 -0.000169595
8.74 -4.44834e-05
8.75 -4.34047e-05
8.76 -6.87398e-05
8.77 3.38632e-05
8.78 8.81974e-05
8.79 4.45114e-05
8.8 5.65036e-05
8.81 8.59228e-05
8.82 3.13973e-05
8.83 -1.79494e-05
8.84 -8.24573e-06
8.85 -2.48115e-05
8.86 -4.96215e-05
8.87 -2.09623e-05
8.88 -1.15406e-05
8.89 -4.40899e-05
8.9 -3.46182e-05
8.91 4.89076e-06
8.92 3.35085e-05
8.93 9.50556e-05
8.94 0.000166315
8.95 0.000182612
8.96 0.000189348
8.97 0.000185385
8.98 9.5648e-05
8.99 9.63611e-06
9 4.43057e-06
9.01 -3.4688e-05
9.02 -8.94478e-05
9.03 -3.29313e-05
9.04 4.38831e-05
9.05 6.87579e-05
9.06 0.000155956
9.07 0.000256157
9.08 0.000246798
9.09 0.000261301
9.1 0.000364419
9.11 0.000344697
9.12 0.000217242
9.13 0.000203322
9.14 0.000192892
9.15 6.37596e-05
9.16 9.52681e-06
9.17 2.9486e-05
9.18 -5.7539e-05
9.19 -0.000138866
9.2 -0.000127194
9.21 -0.000195935
9.22 -0.000324837
9.23 -0.000328977
9.24 -0.000284909
9.25 -0.00033169
9.26 -0.000342603
9.27 -0.000269706
9.28 -0.000285832
9.29 -0.000346003
9.3 -0.000299558
9.31 -0.00026887
9.32 -0.000328909
9.33 -0.000323576
9.34 -0.000250628
9.35 -0.000220544
9.36 -0.000172118
9.37 -3.99234e-05
9.38 0.00013222
9.39 0.000325297
9.4 0.000522925
9.41 0.000645069
9.42 0.000658314
9.43 0.000635222
9.44 0.000590179
9.45 0.000461449
9.46 0.000279459
9.47 0.000113168
9.48 -2.64832e-05
9.49 -0.000104435
9.5 -0.000112175
9.51 -0.000123362
9.52 -0.000136614
9.53 -8.16145e-05
9.54 1.74285e-05
9.55 8.09768e-05
9.56 0.000124599
9.57 0.000171579
9.58 0.000158276
9.59 0.000119889
9.6 0.000147461
9.61 0.000169528
9.62 0.000131544
9.63 0.000115134
9.64 9.94621e-05
9.65 2.53655e-05
9.66 -2.88082e-05
9.67 -3.61442e-05
9.68 -5.62367e-05
9.69 -8.14545e-05
9.7 -6.81917e-05
9.71 -2.8255e-05
9.72 -2.44134e-05
9.73 -3.11958e-05
9.74 4.3797e-05
9.75 0.000137881
9.76 0.000154725
9.77 0.000186934
9.78 0.000256939
9.79 0.000203079
9.8 8.44036e-05
9.81 8.60287e-05
9.82 7.68026e-05
9.83 -5.25598e-05
9.84 -9.04299e-05
9.85 9.89641e-06
9.86 4.65979e-05
9.87 2.88867e-05
9.88 6.15852e-05
9.89 6.67429e-05
9.9 3.81739e-05
9.91 7.096e-05
9.92 7.60703e-05
9.93 -2.93816e-05
9.94 -0.000103399
9.95 -0.00012352
9.96 -0.000241566
9.97 -0.000358286
9.98 -0.000308089
9.99 -0.000218002
10 -0.000155503
10.01 8.31617e-06
10.02 0.000183928
10.03 0.000195409
10.04 0.000189816
10.05 0.000262407
10.06 0.000232413
10.07 0.000127592
10.08 0.000123441
10.09 0.000134052
10.1 7.37371e-05
10.11 9.37253e-05
10.12 0.000180546
10.13 0.000145215
10.14 8.53614e-05
10.15 0.000141937
10.16 0.000130696
10.17 -1.70452e-05
10.18 -0.000106453
10.19 -0.000161028
10.2 -0.000292683
10.21 -0.00035655
10.22 -0.000304531
10.23 -0.000310109
10.24 -0.000358618
10.25 -0.000339877
10.26 -0.00032776
10.27 -0.000345498
10.28 -0.000319277
10.29 -0.000280611
10.3 -0.000230756
10.31 -0.000132351
10.32 -4.87849e-05
10.33 2.16253e-05
10.34 0.000121471
10.35 0.000168785
10.36 0.000139735
10.37 0.000120868
10.38 0.000126945
10.39 0.000106326
10.4 2.97018e-05
10.41 -5.86768e-05
10.42 -7.53038e-05
10.43 -4.30299e-05
10.44 -4.21318e-05
10.45 -2.36429e-05
10.46 6.76035e-05
10.47 0.00013611
10.48 0.000145528
10.49 0.000173955
10.5 0.000190565
10.51 0.000143913
10.52 0.000109988
10.53 0.000121725
10.54 0.000102946
10.55 4.78355e-05
10.56 2.9747e-05
10.57 3.82048e-05
10.58 2.57198e-05
10.59 -4.03136e-06
10.6 -5.21737e-05
10.61 -0.000105869
10.62 -0.000144734
10.63 -0.000203408
10.64 -0.000303398
10.65 -0.000383408
10.66 -0.000415047
10.67 -0.00047554
10.68 -0.000536181
10.69 -0.000496616
10.7 -0.000456706
10.71 -0.000485854
10.72 -0.000451601
10.73 -0.000371205
10.74 -0.000360751
10.75 -0.000308809
10.76 -0.000161641
10.77 -8.02441e-05
10.78 -3.88919e-05
10.79 8.33711e-05
10.8 0.000180911
10.81 0.000210276
10.82 0.000303269
10.83 0.000415091
10.84 0.000432076
10.85 0.000470743
10.86 0.000591072
10.87 0.000636916
10.88 0.00062317
10.89 0.000673461
10.9 0.000690059
10.91 0.000632726
10.92 0.00064161
10.93 0.000657215
10.94 0.000550845
10.95 0.000463094
10.96 0.000454743
10.97 0.000330975
10.98 9.03393e-05
10.99 -0.000105796
11 -0.000297518
11.01 -0.000516525
11.02 -0.000619829
11.03 -0.00060895
11.04 -0.000614093
11.05 -0.000601844
11.06 -0.000510357
11.07 -0.000372695
11.08 -0.0001662
11.09 6.67913e-05
11.1 0.000182427
11.11 0.000231684
11.12 0.000312458
11.13 0.000311914
11.14 0.000206353
11.15 0.000157691
11.16 0.00017449
11.17 0.000137194
11.18 8.13045e-05
11.19 7.61791e-05
11.2 3.77255e-05
11.21 -5.84807e-05
11.22 -0.000118001
11.23 -0.000171649
11.24 -0.000268928
11.25 -0.00031859
11.26 -0.000325552
11.27 -0.000359652
11.28 -0.000336882
11.29 -0.000251939
11.3 -0.000231437
11.31 -0.000237012
11.32 -0.000204779
11.33 -0.000212009
11.34 -0.000245986
11.35 -0.00025226
11.36 -0.00028279
11.37 -0.000290641
11.38 -0.000212807
11.39 -0.000174935
11.4 -0.000185191
11.41 -8.39346e-05
11.42 4.55064e-05
11.43 2.73862e-05
11.44 -1.79231e-06
11.45 8.80727e-05
11.46 0.00014415
11.47 0.000131136
11.48 0.000202895
11.49 0.000320049
11.5 0.000344328
11.51 0.000343443
11.52 0.00038489
11.53 0.000377197
11.54 0.00033161
11.55 0.000309409
11.56 0.000226593
11.57 9.44768e-05
11.58 4.63925e-05
11.59 5.19727e-05
11.6 3.44016e-05
11.61 2.44859e-05
11.62 -2.54387e-06
11.63 -6.94686e-05
11.64 -7.82379e-05
11.65 -5.87893e-05
11.66 -0.000147029
11.67 -0.000247317
11.68 -0.000248392
11.69 -0.000287627
11.7 -0.0003981
11.71 -0.000425848
11.72 -0.000384413
11.73 -0.000357159
11.74 -0.000273098
11.75 -0.00010869
11.76 2.52009e-05
11.77 9.18965e-05
11.78 0.000138431
11.79 0.000146262
11.8 0.000110475
11.81 8.66946e-05
11.82 5.44034e-05
11.83 9.12039e-06
11.84 2.69748e-05
11.85 6.10284e-05
11.86 2.88925e-05
11.87 1.23699e-05
11.88 4.87863e-05
11.89 4.29105e-05
11.9 1.21393e-05
11.91 3.46374e-05
11.92 5.02828e-05
11.93 1.93629e-05
11.94 2.00255e-05
11.95 4.70371e-05
11.96 3.39414e-05
11.97 3.7893e-05
11.98 8.74712e-05
11.99 6.07899e-05
12 -4.16588e-05
12.01 -0.000108063
12.02 -0.000175379
12.03 -0.000245041
12.04 -0.000217764
12.05 -0.000137144
12.06 -6.77284e-05
12.07 4.08508e-05
12.08 0.000191677
12.09 0.000304832
12.1 0.00034222
12.11 0.000351933
12.12 0.000347085
12.13 0.000282946
12.14 0.000205811
12.15 0.000152188
12.16 6.24307e-05
12.17 -2.75462e-05
12.18 -4.70175e-05
12.19 -5.47963e-05
12.2 -5.30431e-05
12.21 2.32022e-05
12.22 6.42835e-05
12.23 1.93986e-06
12.24 -6.56252e-06
12.25 5.12629e-05
12.26 1.89111e-05
12.27 -6.18616e-05
12.28 -0.000103322
12.29 -0.000201629
12.3 -0.000361067
12.31 -0.000451544
12.32 -0.00051203
12.33 -0.00062444
12.34 -0.000707069
12.35 -0.000728752
12.36 -0.000738331
12.37 -0.000697332
12.38 -0.000587064
12.39 -0.000444033
12.4 -0.000238453
12.41 2.13363e-05
12.42 0.000251681
12.43 0.00045462
12.44 0.000640556
12.45 0.000746993
12.46 0.00079524
12.47 0.00084839
12.48 0.000858702
12.49 0.000816813
12.5 0.000819128
12.51 0.000818352
12.52 0.0007026
12.53 0.000596798
12.54 0.000592135
12.55 0.000536292
12.56 0.000403105
12.57 0.000302861
12.58 0.000180509
12.59 -4.68379e-05
12.6 -0.000279008
12.61 -0.000434858
12.62 -0.000588998
12.63 -0.000734447
12.64 -0.000768608
12.65 -0.000754332
12.66 -0.000778295
12.67 -0.000715626
12.68 -0.000546102
12.69 -0.000475373
12.7 -0.000482955
12.71 -0.000414048
12.72 -0.000370066
12.73 -0.00040002
12.74 -0.000357557
12.75 -0.00026285
12.76 -0.000175441
12.77 8.30407e-06
12.78 0.000239965
12.79 0.000368935
12.8 0.000472216
12.81 0.000625204
12.82 0.000705729
12.83 0.000712192
12.84 0.000770909
12.85 0.000834586
12.86 0.00082296
12.87 0.00077916
12.88 0.000711885
12.89 0.000592654
12.9 0.000449761
12.91 0.000297021
12.92 0.000115586
12.93 -8.56838e-05
12.94 -0.000273193
12.95 -0.000375291
12.96 -0.000361543
12.97 -0.000330444
12.98 -0.000323987
12.99 -0.000249873
13 -0.000129015
13.01 -9.45279e-05
13.02 -0.000121746
13.03 -0.000101745
13.04 -0.000105176
13.05 -0.000207604
13.06 -0.000278004
13.07 -0.000266398
13.08 -0.000308081
13.09 -0.000361702
13.1 -0.000275018
13.11 -0.000173267
13.12 -0.000150916
13.13 -2.09584e-05
13.14 0.00018862
13.15 0.000260559
13.16 0.000257888
13.17 0.000294695
13.18 0.00028783
13.19 0.000250019
13.2 0.000277745
13.21 0.000298766
13.22 0.000260714
13.23 0.000261982
13.24 0.000296664
13.25 0.000276044
13.26 0.000255162
13.27 0.000285844
13.28 0.000285766
13.29 0.000233441
13.3 0.000186701
13.31 0.00012816
13.32 3.17638e-05
13.33 -4.04308e-05
13.34 -4.96752e-05
13.35 -6.09396e-05
13.36 -9.63716e-05
13.37 -6.25238e-05
13.38 2.65774e-05
13.39 2.39956e-05
13.4 -4.14726e-05
13.41 -5.75044e-05
13.42 -8.46326e-05
13.43 -0.000134388
13.44 -0.000143628
13.45 -0.0001786
13.46 -0.000267531
13.47 -0.000360071
13.48 -0.000456728
13.49 -0.000520394
13.5 -0.000533934
13.51 -0.000574264
13.52 -0.000618339
13.53 -0.000584973
13.54 -0.000534512
13.55 -0.000515295
13.56 -0.000441475
13.57 -0.000313733
13.58 -0.000224328
13.59 -0.000136534
13.6 -1.23393e-05
13.61 6.38141e-05
13.62 0.000102712
13.63 0.000188497
13.64 0.000272469
13.65 0.000294844
13.66 0.000319269
13.67 0.000373255
13.68 0.000353721
13.69 0.000247986
13.7 0.000201908
13.71 0.000235719
13.72 0.000235649
13.73 0.000229301
13.74 0.000301592
13.75 0.000352691
13.76 0.000291689
13.77 0.000225563
13.78 0.000184527
13.79 6.20519e-05
13.8 -8.06721e-05
13.81 -0.000116754
13.82 -0.000133408
13.83 -0.000205303
13.84 -0.000213085
13.85 -0.000152518
13.86 -0.000149024
13.87 -0.000158932
13.88 -0.000112099
13.89 -6.51294e-05
13.9 -2.11297e-05
13.91 5.02309e-05
13.92 0.000105611
13.93 0.000140368
13.94 0.000201964
13.95 0.000268202
13.96 0.000307163
13.97 0.000350503
13.98 0.000371178
13.99 0.000286485
14 0.000110219
14.01 -0.000103653
14.02 -0.000334726
14.03 -0.000501672
14.04 -0.000537832
14.05 -0.000534413
14.06 -0.000561852
14.07 -0.000534181
14.08 -0.00043846
14.09 -0.000376848
14.1 -0.000312667
14.11 -0.000167687
14.12 -4.07871e-05
14.13 1.76413e-05
14.14 9.78533e-05
14.15 0.000185773
14.16 0.000237196
14.17 0.000300268
14.18 0.00034187
14.19 0.000293569
14.2 0.000199696
14.21 8.00559e-05
14.22 -0.00011139
14.23 -0.000342596
14.24 -0.000525936
14.25 -0.00064464
14.26 -0.000732358
14.27 -0.000784472
14.28 -0.000763749
14.29 -0.000657217
14.3 -0.000510229
14.31 -0.000338075
14.32 -9.04131e-05
14.33 0.000180469
14.34 0.000335722
14.35 0.000386178
14.36 0.000454221
14.37 0.000530693
14.38 0.0005319
14.39 0.00048998
14.4 0.000480636
14.41 0.000470348
14.42 0.000403681
14.43 0.000342706
14.44 0.000307301
14.45 0.000232269
14.46 0.000187729
14.47 0.000235696
14.48 0.000248934
14.49 0.00020015
14.5 0.000208145
14.51 0.000200323
14.52 6.96775e-05
14.53 -4.79779e-05
14.54 -0.000135105
14.55 -0.000347053
14.56 -0.000587767
14.57 -0.000701224
14.58 -0.000763246
14.59 -0.000811142
14.6 -0.000777037
14.61 -0.000702094
14.62 -0.000586919
14.63 -0.000372648
14.64 -0.000158707
14.65 4.92611e-05
14.66 0.000322165
14.67 0.000456341
14.68 0.000401407
14.69 0.000433916
14.7 0.000509347
14.71 0.000423849
14.72 0.000349064
14.73 0.000381094
14.74 0.00031787
14.75 0.000220146
14.76 0.000272173
14.77 0.000329621
14.78 0.000316574
14.79 0.00040585
14.8 0.000573
14.81 0.000660464
14.82 0.000682799
14.83 0.000686824
14.84 0.000647614
14.85 0.000574439
14.86 0.000470256
14.87 0.000293062
14.88 0.000107097
14.89 -9.98277e-06
14.9 -0.000188762
14.91 -0.000500397
14.92 -0.000762483
14.93 -0.000923267
14.94 -0.00112562
14.95 -0.00131899
14.96 -0.00136953
14.97 -0.00136048
14.98 -0.00136044
14.99 -0.00125664
15 -0.00103975
15.01 -0.00083322
15.02 -0.000634085
15.03 -0.000366764
15.04 -4.03554e-05
15.05 0.000322565
15.06 0.00067677
15.07 0.000876171
15.08 0.000918189
15.09 0.00101761
15.1 0.00117394
15.11 0.00118312
15.12 0.0011162
15.13 0.00112442
15.14 0.00105389
15.15 0.000857237
15.16 0.0007277
15.17 0.000618138
15.18 0.000441387
15.19 0.000345893
15.2 0.000319575
15.21 0.000198394
15.22 7.34613e-05
15.23 5.28649e-05
15.24 -1.78362e-05
15.25 -0.000159029
15.26 -0.000226314
15.27 -0.000284213
15.28 -0.000410606
15.29 -0.000484724
15.3 -0.000495881
15.31 -0.000550644
15.32 -0.000585264
15.33 -0.000533821
15.34 -0.000498622
15.35 -0.000480689
15.36 -0.000385147
15.37 -0.000267989
15.38 -0.000185187
15.39 -8.95247e-05
15.4 3.8861e-05
15.41 0.000231583
15.42 0.000497985
15.43 0.00071751
15.44 0.000837004
15.45 0.000917202
15.46 0.000931233
15.47 0.000847126
15.48 0.00075505
15.49 0.00066945
15.5 0.000509263
15.51 0.00034232
15.52 0.0001713
15.53 -0.000113071
15.54 -0.000318711
15.55 -0.000301053
15.56 -0.00035077
15.57 -0.00054451
15.58 -0.000563797
15.59 -0.000445004
15.6 -0.00047277
15.61 -0.00049743
15.62 -0.000366725
15.63 -0.000337567
15.64 -0.000420747
15.65 -0.000371211
15.66 -0.000259793
15.67 -0.000169432
15.68 3.83874e-05
15.69 0.000308489
15.7 0.000458564
15.71 0.000507924
15.72 0.000528049
15.73 0.000504949
15.74 0.000441247
15.75 0.000365773
15.76 0.000257554
15.77 8.02374e-05
15.78 -0.000130663
15.79 -0.000329588
15.8 -0.000505813
15.81 -0.000617029
15.82 -0.000652135
15.83 -0.000673668
15.84 -0.000701265
15.85 -0.000699313
15.86 -0.000692918
15.87 -0.000732638
15.88 -0.000761853
15.89 -0.000725304
15.9 -0.000678175
15.91 -0.000599994
15.92 -0.000408232
15.93 -0.000184571
15.94 -1.36146e-05
15.95 0.000160222
15.96 0.000271891
15.97 0.000220115
15.98 0.000145131
15.99 0.000136552
16 7.61053e-05
16.01 -1.77564e-05
16.02 -3.88264e-05
16.03 -4.92178e-05
16.04 -8.86242e-05
16.05 -8.18733e-05
16.06 -3.04469e-05
16.07 3.31995e-05
16.08 0.000135911
16.09 0.000225383
16.1 0.000224601
16.11 0.000221489
16.12 0.000277936
16.13 0.000283998
16.14 0.00024727
16.15 0.000297659
16.16 0.000346851
16.17 0.000263828
16.18 0.000176897
16.19 0.000169068
16.2 0.000104174
16.21 -6.55268e-06
16.22 1.24987e-05
16.23 0.000110418
16.24 0.000135516
16.25 0.000161811
16.26 0.000240923
16.27 0.000239982
16.28 0.000187143
16.29 0.000232557
16.3 0.000258634
16.31 0.000116316
16.32 -3.81136e-05
16.33 -0.000103774
16.34 -0.000208954
16.35 -0.00033815
16.36 -0.000347321
16.37 -0.000301365
16.38 -0.00028972
16.39 -0.000194991
16.4 -4.79126e-05
16.41 -3.41778e-05
16.42 -5.70599e-05
16.43 7.45601e-06
16.44 -8.71642e-06
16.45 -0.000114587
16.46 -0.000119348
16.47 -0.000109034
16.48 -0.00016804
16.49 -0.000104037
16.5 3.82726e-05
16.51 3.1253e-05
16.52 -8.28402e-06
16.53 5.2525e-05
16.54 5.51086e-05
16.55 -5.60721e-06
16.56 2.66855e-05
16.57 6.63178e-05
16.58 3.92724e-05
16.59 0.000127107
16.6 0.000303762
16.61 0.000328417
16.62 0.000316468
16.63 0.00044241
16.64 0.000498339
16.65 0.000442369
16.66 0.00048338
16.67 0.000517999
16.68 0.000396154
16.69 0.000306881
16.7 0.000326791
16.71 0.000257821
16.72 0.000104929
16.73 4.62643e-05
16.74 2.87156e-05
16.75 -9.32326e-05
16.76 -0.00022595
16.77 -0.000242269
16.78 -0.000254373
16.79 -0.000322282
16.8 -0.000312023
16.81 -0.000255349
16.82 -0.00027372
16.83 -0.000261226
16.84 -0.000149453
16.85 -7.48715e-05
16.86 -6.24682e-05
16.87 -2.1426e-05
16.88 -1.50512e-05
16.89 -0.000100813
16.9 -0.000168251
16.91 -0.000204638
16.92 -0.000292421
16.93 -0.00036811
16.94 -0.000347919
16.95 -0.000308993
16.96 -0.000311077
16.97 -0.00028281
16.98 -0.000213087
16.99 -0.000168439
17 -0.000155108
17.01 -0.000146928
17.02 -0.000115736
17.03 -4.31556e-05
17.04 1.97611e-05
17.05 3.55375e-05
17.06 7.89806e-05
17.07 0.000175877
17.08 0.000208236
17.09 0.000176911
17.1 0.000199642
17.11 0.000198811
17.12 9.78816e-05
17.13 6.61936e-05
17.14 0.000126728
17.15 6.42609e-05
17.16 -6.93806e-05
17.17 -7.04667e-05
17.18 -4.11545e-05
17.19 -9.09823e-05
17.2 -9.0134e-05
17.21 -3.40617e-05
17.22 -1.82033e-05
17.23 3.07741e-05
17.24 0.00012579
17.25 0.000163097
17.26 0.000201179
17.27 0.000305422
17.28 0.00035438
17.29 0.000332039
17.3 0.000368192
17.31 0.000411519
17.32 0.000332848
17.33 0.000236862
17.34 0.00024655
17.35 0.000234385
17.36 0.000142699
17.37 0.000105167
17.38 7.98263e-05
17.39 -2.87054e-05
17.4 -0.000108184
17.41 -0.000153558
17.42 -0.00025979
17.43 -0.000336353
17.44 -0.000345986
17.45 -0.000395094
17.46 -0.000461325
17.47 -0.00046732
17.48 -0.000487619
17.49 -0.000557174
17.5 -0.000561518
17.51 -0.000526541
17.52 -0.000550147
17.53 -0.000533611
17.54 -0.000452264
17.55 -0.000444067
17.56 -0.00046068
17.57 -0.000395386
17.58 -0.000360112
17.59 -0.000391875
17.6 -0.000314251
17.61 -0.000149594
17.62 -6.54755e-05
17.63 4.48608e-05
17.64 0.00027543
17.65 0.000441638
17.66 0.000498217
17.67 0.00057131
17.68 0.000621877
17.69 0.000596933
17.7 0.000569784
17.71 0.000536508
17.72 0.00044898
17.73 0.000351502
17.74 0.000257184
17.75 0.000134441
17.76 2.647e-05
17.77 -1.44394e-05
17.78 -2.72921e-05
17.79 -7.323e-05
17.8 -0.000107141
17.81 -7.67476e-05
17.82 -5.77032e-05
17.83 -6.23002e-05
17.84 -4.68191e-07
17.85 6.29714e-05
17.86 4.34508e-05
17.87 4.0396e-05
17.88 7.53148e-05
17.89 5.61722e-05
17.9 4.20015e-05
17.91 0.000105003
17.92 0.000148342
17.93 0.000151802
17.94 0.000199385
17.95 0.00022
17.96 0.000155382
17.97 0.000111486
17.98 0.000100281
17.99 3.81359e-05
18 -2.51334e-05
18.01 -9.13092e-07
18.02 3.41988e-05
18.03 1.79617e-05
18.04 5.41049e-05
18.05 0.000105866
18.06 1.91557e-05
18.07 -7.12328e-05
18.08 -3.38752e-05
18.09 -5.66137e-05
18.1 -0.000137481
18.11 -7.75933e-05
18.12 1.06508e-05
18.13 1.65901e-05
18.14 0.000103677
18.15 0.000236135
18.16 0.000250054
18.17 0.00026664
18.18 0.000352185
18.19 0.000358304
18.2 0.000313986
18.21 0.000309184
18.22 0.000262569
18.23 0.000178166
18.24 0.000166177
18.25 0.000169563
18.26 8.85946e-05
18.27 4.71627e-05
18.28 0.000109854
18.29 7.79668e-05
18.3 -4.69882e-05
18.31 -5.83875e-05
18.32 -5.49402e-05
18.33 -0.000191473
18.34 -0.000302586
18.35 -0.00029853
18.36 -0.000337344
18.37 -0.000404476
18.38 -0.000359466
18.39 -0.000318287
18.4 -0.000368871
18.41 -0.000329498
18.42 -0.000217303
18.43 -0.000250614
18.44 -0.000309728
18.45 -0.000189898
18.46 -7.70612e-05
18.47 -7.28403e-05
18.48 5.04869e-05
18.49 0.000244959
18.5 0.000284437
18.51 0.00030172
18.52 0.000402563
18.53 0.000393258
18.54 0.00027175
18.55 0.000219157
18.56 0.000186318
18.57 6.35339e-05
18.58 -3.98386e-05
18.59 -4.59809e-05
18.6 -7.39287e-05
18.61 -0.000131157
18.62 -0.00013261
18.63 -0.000158066
18.64 -0.000194623
18.65 -0.000105312
18.66 -1.25632e-05
18.67 -1.6748e-05
18.68 9.14015e-05
18.69 0.000279133
18.7 0.000280929
18.71 0.000224968
18.72 0.000299204
18.73 0.000315196
18.74 0.000234817
18.75 0.000259734
18.76 0.00027827
18.77 0.000145399
18.78 8.58543e-05
18.79 0.000141038
18.8 8.20928e-05
18.81 1.6597e-05
18.82 0.000112194
18.83 0.000147732
18.84 5.105e-05
18.85 6.9112e-05
18.86 0.000147669
18.87 8.82117e-05
18.88 4.85899e-05
18.89 0.000116764
18.9 6.89243e-05
18.91 -7.13988e-05
18.92 -8.74914e-05
18.93 -0.000106773
18.94 -0.000260612
18.95 -0.000335628
18.96 -0.000311171
18.97 -0.000377086
18.98 -0.000448446
18.99 -0.000438452
19 -0.000451154
19.01 -0.000444617
19.02 -0.000317403
19.03 -0.000187938
19.04 -0.000146091
19.05 -3.41175e-05
19.06 0.000165093
19.07 0.000238271
19.08 0.00022266
19.09 0.000287113
19.1 0.000311784
19.11 0.000206318
19.12 0.000129046
19.13 6.30131e-05
19.14 -0.000138549
19.15 -0.00032894
19.16 -0.000377305
19.17 -0.000460895
19.18 -0.000612714
19.19 -0.000673783
19.2 -0.000698084
19.21 -0.000798093
19.22 -0.000868754
19.23 -0.000832876
19.24 -0.000802024
19.25 -0.000815382
19.26 -0.000760691
19.27 -0.000621616
19.28 -0.000527674
19.29 -0.000481586
19.3 -0.00035868
19.31 -0.000226095
19.32 -0.000189582
19.33 -0.000105956
19.34 6.0461e-05
19.35 0.000111551
19.36 0.000104648
19.37 0.000208902
19.38 0.000254548
19.39 0.00019027
19.4 0.000257052
19.41 0.000321289
19.42 0.000162519
19.43 8.99043e-05
19.44 0.00018361
19.45 5.4293e-05
19.46 -0.000160764
19.47 -0.000124216
19.48 -0.000112731
19.49 -0.000246158
19.5 -0.000199018
19.51 -6.88798e-05
19.52 -9.8249e-05
19.53 -6.15273e-05
19.54 0.000122302
19.55 0.000169525
19.56 0.000144627
19.57 0.000295262
19.58 0.000407913
19.59 0.000335871
19.6 0.000353685
19.61 0.000473166
19.62 0.000472702
19.63 0.000437503
19.64 0.000481957
19.65 0.000484961
19.66 0.000440324
19.67 0.000462744
19.68 0.0004634
19.69 0.000353189
19.7 0.000281149
19.71 0.00028723
19.72 0.000220898
19.73 0.000117152
19.74 8.4794e-05
19.75 3.66747e-05
19.76 -5.50478e-05
19.77 -8.18294e-05
19.78 -6.63586e-05
19.79 -7.80247e-05
19.8 -4.61377e-05
19.81 7.00564e-05
19.82 0.000171641
19.83 0.000235023
19.84 0.000327073
19.85 0.000405716
19.86 0.000430763
19.87 0.000470657
19.88 0.00050128
19.89 0.000462613
19.9 0.000449477
19.91 0.000498028
19.92 0.000528179
19.93 0.000558768
19.94 0.000589637
19.95 0.000558495
19.96 0.000508508
19.97 0.000454815
19.98 0.000341422
19.99 0.000206457
20 8.87658e-05
20.01 -3.58342e-05
20.02 -0.000126301
20.03 -0.000153437
20.04 -0.000189569
20.05 -0.000241553
20.06 -0.000250104
20.07 -0.000247574
20.08 -0.000262619
20.09 -0.000255419
20.1 -0.000228134
20.11 -0.000186052
20.12 -0.000133619
20.13 -0.00011049
20.14 -7.24783e-05
20.15 1.64131e-05
20.16 7.11404e-05
20.17 8.83293e-05
20.18 0.000129323
20.19 0.000132566
20.2 9.10745e-05
20.21 0.000107336
20.22 0.000137775
20.23 8.13976e-05
20.24 -7.59675e-07
20.25 -4.51464e-05
20.26 -0.000123786
20.27 -0.000224059
20.28 -0.000244142
20.29 -0.000236984
20.3 -0.000261085
20.31 -0.000253055
20.32 -0.00022313
20.33 -0.000214184
20.34 -0.000183743
20.35 -0.000140439
20.36 -0.000147575
20.37 -0.000170116
20.38 -0.000152804
20.39 -0.000142116
20.4 -0.00016289
20.41 -0.000160632
20.42 -0.000132087
20.43 -9.34057e-05
20.44 -4.04277e-05
20.45 -1.22582e-05
20.46 2.7779e-05
20.47 0.000130538
20.48 0.0001907
20.49 0.000187646
20.5 0.000232332
20.51 0.000284148
20.52 0.000277677
20.53 0.000294574
20.54 0.000316906
20.55 0.000233932
20.56 0.000145771
20.57 0.000155625
20.58 0.000101095
20.59 -3.58471e-05
20.6 -5.62307e-05
20.61 -3.82147e-05
20.62 -0.00013388
20.63 -0.000191001
20.64 -0.000129871
20.65 -0.000123213
20.66 -0.000178265
20.67 -0.000151343
20.68 -9.95958e-05
20.69 -0.000109195
20.7 -0.00010195
20.71 -5.33138e-05
20.72 -3.93864e-05
20.73 -6.08436e-05
20.74 -5.852e-05
20.75 -4.32852e-05
20.76 -5.31158e-05
20.77 -6.1077e-05
20.78 -5.8959e-05
20.79 -8.12877e-05
20.8 -0.000114812
20.81 -0.000143182
20.82 -0.00016694
20.83 -0.00018949
20.84 -0.000249942
20.85 -0.000326602
20.86 -0.000347655
20.87 -0.000368345
20.88 -0.000450014
20.89 -0.000497286
20.9 -0.000491702
20.91 -0.000535668
20.92 -0.000602638
20.93 -0.000606104
20.94 -0.000581996
20.95 -0.000578179
20.96 -0.000540102
20.97 -0.000468243
20.98 -0.000427914
20.99 -0.000370217
21 -0.000252039
21.01 -0.000142696
21.02 -7.28059e-05
21.03 -1.89933e-05
21.04 3.50752e-05
21.05 0.000107311
21.06 0.000160244
21.07 0.000158414
21.08 0.000169369
21.09 0.000203264
21.1 0.000185232
21.11 0.000149223
21.12 0.000148731
21.13 0.000157428
21.14 0.000186546
21.15 0.000235207
21.16 0.000244225
21.17 0.000234981
21.18 0.000273165
21.19 0.000301808
21.2 0.000266516
21.21 0.000257098
21.22 0.000292738
21.23 0.00026831
21.24 0.000205595
21.25 0.000192505
21.26 0.000167017
21.27 0.000108884
21.28 0.000115534
21.29 0.000130408
21.3 9.75694e-05
21.31 0.000137991
21.32 0.000227448
21.33 0.000246951
21.34 0.000266756
21.35 0.000327061
21.36 0.000335947
21.37 0.000311258
21.38 0.000316331
21.39 0.000295092
21.4 0.000233975
21.41 0.000198592
21.42 0.0001633
21.43 0.000110703
21.44 9.9191e-05
21.45 9.34304e-05
21.46 4.49445e-05
21.47 3.31133e-05
21.48 7.28384e-05
21.49 6.51851e-05
21.5 3.42026e-05
21.51 5.65114e-05
21.52 5.20942e-05
21.53 -2.01471e-05
21.54 -5.3858e-05
21.55 -7.02606e-05
21.56 -0.00015857
21.57 -0.000230232
21.58 -0.000235537
21.59 -0.000263803
21.6 -0.000295489
21.61 -0.000288377
21.62 -0.000304944
21.63 -0.000324472
21.64 -0.000290715
21.65 -0.000266493
21.66 -0.000285291
21.67 -0.000259927
21.68 -0.000158936
21.69 -7.75381e-05
21.7 -4.62205e-05
21.71 2.72115e-06
21.72 9.06134e-05
21.73 0.000189289
21.74 0.000257734
21.75 0.00030671
21.76 0.000399986
21.77 0.000494272
21.78 0.000493112
21.79 0.000468427
21.8 0.000523164
21.81 0.000545902
21.82 0.000461512
21.83 0.000407899
21.84 0.000386663
21.85 0.000274355
21.86 0.000185145
21.87 0.000214831
21.88 0.000176048
21.89 6.09568e-05
21.9 8.53721e-05
21.91 0.000133891
21.92 1.20817e-05
21.93 -6.20148e-05
21.94 4.22796e-06
21.95 -4.89473e-05
21.96 -0.000148536
21.97 -8.57832e-05
21.98 -7.09313e-05
21.99 -0.00016154
22 -0.000109099
22.01 -6.10977e-05
22.02 -0.000203372
22.03 -0.000241945
22.04 -0.000172137
22.05 -0.00031762
22.06 -0.000463315
22.07 -0.000384046
22.08 -0.000420528
22.09 -0.000599403
22.1 -0.00056753
22.11 -0.000500861
22.12 -0.000649465
22.13 -0.000668982
22.14 -0.000480983
22.15 -0.000492398
22.16 -0.000590736
22.17 -0.000444349
22.18 -0.000319193
22.19 -0.000388742
22.2 -0.000331147
22.21 -0.000155846
22.22 -0.000136208
22.23 -0.000128489
22.24 3.60285e-06
22.25 5.38975e-05
22.26 3.45332e-05
22.27 0.000147451
22.28 0.000280329
22.29 0.000279374
22.3 0.000276641
22.31 0.000322778
22.32 0.000301551
22.33 0.000267686
22.34 0.000307127
22.35 0.000308378
22.36 0.000219158
22.37 0.000171932
22.38 0.000214324
22.39 0.000229451
22.4 0.000213702
22.41 0.000278263
22.42 0.000341223
22.43 0.000289463
22.44 0.000258879
22.45 0.000285662
22.46 0.000210625
22.47 0.000130164
22.48 0.00016015
22.49 0.000105397
22.5 -4.215e-05
22.51 -6.77682e-05
22.52 -3.72647e-05
22.53 -9.70788e-05
22.54 -0.000162637
22.55 -0.000166062
22.56 -0.000177011
22.57 -0.000234708
22.58 -0.000275934
22.59 -0.00026845
22.6 -0.000307961
22.61 -0.000383239
22.62 -0.000352999
22.63 -0.000303799
22.64 -0.000388928
22.65 -0.000469585
22.66 -0.000425987
22.67 -0.000403478
22.68 -0.000457208
22.69 -0.000466336
22.7 -0.0004319
22.71 -0.000427667
22.72 -0.000431458
22.73 -0.000384141
22.74 -0.0002707
22.75 -0.000154064
22.76 -6.59336e-05
22.77 5.95431e-05
22.78 0.000199801
22.79 0.00027709
22.8 0.000337189
22.81 0.000418692
22.82 0.000478678
22.83 0.000520738
22.84 0.000571043
22.85 0.000586432
22.86 0.000555048
22.87 0.000573444
22.88 0.000664623
22.89 0.000695805
22.9 0.00063907
22.91 0.000637265
22.92 0.000684433
22.93 0.000637403
22.94 0.000538877
22.95 0.00051971
22.96 0.000515494
22.97 0.000438333
22.98 0.000357703
22.99 0.000297257
23 0.000238094
23.01 0.000194762
23.02 0.000117873
23.03 2.56632e-05
23.04 -1.24581e-05
23.05 -7.63158e-05
23.06 -0.000182372
23.07 -0.0001989
23.08 -0.000193411
23.09 -0.000282275
23.1 -0.000314314
23.11 -0.000276733
23.12 -0.00035372
23.13 -0.000438213
23.14 -0.000409502
23.15 -0.000427692
23.16 -0.000507905
23.17 -0.000511828
23.18 -0.000470137
23.19 -0.000451717
23.2 -0.000435486
23.21 -0.000430585
23.22 -0.00044417
23.23 -0.000403428
23.24 -0.000308423
23.25 -0.000244914
23.26 -0.000152908
23.27 4.37284e-05
23.28 0.000192651
23.29 0.000212366
23.3 0.000276405
23.31 0.000405882
23.32 0.000436765
23.33 0.000431681
23.34 0.000497916
23.35 0.000520377
23.36 0.000491461
23.37 0.000520251
23.38 0.000538767
23.39 0.00050824
23.4 0.000506107
23.41 0.000482513
23.42 0.000411418
23.43 0.000367604
23.44 0.000311087
23.45 0.000225616
23.46 0.000184161
23.47 0.000128464
23.48 1.49685e-05
23.49 -3.52913e-05
23.5 -3.95244e-05
23.51 -0.000146818
23.52 -0.00029074
23.53 -0.00033214
23.54 -0.000363312
23.55 -0.000484355
23.56 -0.000563302
23.57 -0.00052988
23.58 -0.000512582
23.59 -0.000509472
23.6 -0.000409407
23.61 -0.000309703
23.62 -0.000322563
23.63 -0.000309687
23.64 -0.000228313
23.65 -0.000247383
23.66 -0.00031105
23.67 -0.000266286
23.68 -0.000261693
23.69 -0.000397617
23.7 -0.000489128
23.71 -0.000500763
23.72 -0.000583734
23.73 -0.000685764
23.74 -0.000696031
23.75 -0.000710856
23.76 -0.000764757
23.77 -0.000766326
23.78 -0.000738696
23.79 -0.00072603
23.8 -0.000698754
23.81 -0.000624504
23.82 -0.000496838
23.83 -0.000390618
23.84 -0.000362362
23.85 -0.000301678
23.86 -0.000146274
23.87 -3.86972e-05
23.88 -2.55419e-05
23.89 4.34421e-05
23.9 0.000203892
23.91 0.000345466
23.92 0.000425164
23.93 0.000487852
23.94 0.000595563
23.95 0.000710568
23.96 0.000747198
23.97 0.000798311
23.98 0.000950236
23.99 0.00104208
24 0.00100368
24.01 0.001014
24.02 0.00107402
24.03 0.00101709
24.04 0.000928332
24.05 0.000887483
24.06 0.000731661
24.07 0.000526224
24.08 0.000474063
24.09 0.000433065
24.1 0.000283853
24.11 0.00022455
24.12 0.000266339
24.13 0.000186915
24.14 4.9945e-05
24.15 3.74691e-05
24.16 1.55067e-05
24.17 -0.000122388
24.18 -0.000195781
24.19 -0.000189809
24.2 -0.000267098
24.21 -0.000362111
24.22 -0.000371301
24.23 -0.00041166
24.24 -0.000514499
24.25 -0.000551232
24.26 -0.000543658
24.27 -0.000565029
24.28 -0.00058474
24.29 -0.000613396
24.3 -0.000637968
24.31 -0.000581689
24.32 -0.000522571
24.33 -0.000553872
24.34 -0.000555046
24.35 -0.000480418
24.36 -0.000484363
24.37 -0.000532241
24.38 -0.000468226
24.39 -0.00043029
24.4 -0.000514461
24.41 -0.000498085
24.42 -0.000393068
24.43 -0.000403012
24.44 -0.000383792
24.45 -0.000224176
24.46 -0.000138765
24.47 -0.000114446
24.48 6.69621e-05
24.49 0.000269665
24.5 0.000318314
24.51 0.000385779
24.52 0.000522647
24.53 0.000555494
24.54 0.00052999
24.55 0.000599922
24.56 0.0006702
24.57 0.000624105
24.58 0.000594215
24.59 0.000647382
24.6 0.000642516
24.61 0.000571617
24.62 0.000541673
24.63 0.000533175
24.64 0.000499753
24.65 0.000451208
24.66 0.000414404
24.67 0.000394393
24.68 0.000336213
24.69 0.000249669
24.7 0.000209207
24.71 0.000180934
24.72 0.000123189
24.73 0.000105097
24.74 0.00013358
24.75 0.000129206
24.76 0.000121682
24.77 0.000171337
24.78 0.000194771
24.79 0.000144497
24.8 0.000115713
24.81 0.000116367
24.82 8.91526e-05
24.83 8.40137e-05
24.84 0.000119071
24.85 0.000127091
24.86 0.000111974
24.87 0.00010561
24.88 8.0244e-05
24.89 4.70254e-05
24.9 2.05246e-05
24.91 -4.76365e-05
24.92 -0.000122363
24.93 -0.000124514
24.94 -0.000114113
24.95 -0.000162269
24.96 -0.000173413
24.97 -9.94684e-05
24.98 -7.67495e-05
24.99 -0.000110946
25 -4.86401e-05
25.01 3.27984e-05
25.02 -2.1362e-05
25.03 -6.4565e-05
25.04 -1.24874e-05
25.05 -6.14112e-05
25.06 -0.000175908
25.07 -0.00015889
25.08 -0.000152124
25.09 -0.000273659
25.1 -0.000324502
25.11 -0.000272659
25.12 -0.000284207
25.13 -0.000320525
25.14 -0.000286915
25.15 -0.000274202
25.16 -0.000313025
25.17 -0.00030284
25.18 -0.000272681
25.19 -0.000298337
25.2 -0.000297254
25.21 -0.00022805
25.22 -0.000194854
25.23 -0.000182486
25.24 -0.000106809
25.25 -4.95773e-05
25.26 -4.37491e-05
25.27 1.13788e-05
25.28 8.52829e-05
25.29 0.000112776
25.3 0.000152876
25.31 0.00021515
25.32 0.000249553
25.33 0.000260699
25.34 0.000254622
25.35 0.000242241
25.36 0.000251357
25.37 0.000259662
25.38 0.000246879
25.39 0.000245686
25.4 0.000251898
25.41 0.000210353
25.42 0.000145114
25.43 0.000143209
25.44 0.000160996
25.45 0.00010397
25.46 5.17634e-05
25.47 7.74172e-05
25.48 8.59765e-05
25.49 3.76658e-05
25.5 7.94786e-06
25.51 2.4372e-07
25.52 -2.75754e-05
25.53 -4.69418e-05
25.54 -6.83033e-05
25.55 -0.00012421
25.56 -0.00013946
25.57 -0.000119103
25.58 -0.000171427
25.59 -0.000227602
25.6 -0.00017714
25.61 -0.000118765
25.62 -0.000129123
25.63 -0.000117792
25.64 -8.53472e-05
25.65 -0.000109902
25.66 -0.000120202
25.67 -4.22493e-05
25.68 2.73654e-05
25.69 3.0106e-05
25.7 6.14427e-05
25.71 0.000112048
25.72 9.86432e-05
25.73 0.000102024
25.74 0.000156597
25.75 0.000166695
25.76 0.000155016
25.77 0.000175927
25.78 0.000175825
25.79 0.000145611
25.8 0.000118461
25.81 7.66048e-05
25.82 5.07619e-05
25.83 5.67917e-05
25.84 5.56092e-06
25.85 -7.79408e-05
25.86 -9.6252e-05
25.87 -0.00010421
25.88 -0.000160714
25.89 -0.000210491
25.9 -0.000204557
25.91 -0.000191893
25.92 -0.000249548
25.93 -0.000318723
25.94 -0.000300371
25.95 -0.000284711
25.96 -0.000359127
25.97 -0.000399681
25.98 -0.000358556
25.99 -0.000341579
26 -0.000335141
26.01 -0.000278903
26.02 -0.000229861
26.03 -0.00021576
26.04 -0.000187222
26.05 -0.0001485
26.06 -0.000109991
26.07 -4.40285e-05
26.08 8.45718e-06
26.09 -2.35497e-06
26.1 3.15924e-07
26.11 7.78282e-05
26.12 0.000135389
26.13 0.000144377
26.14 0.000200064
26.15 0.000272672
26.16 0.000314276
26.17 0.000384241
26.18 0.000454896
26.19 0.000470385
26.2 0.000498425
26.21 0.000559228
26.22 0.000556013
26.23 0.00050844
26.24 0.000519908
26.25 0.000515261
26.26 0.000414904
26.27 0.000353404
26.28 0.000343583
26.29 0.000226431
26.3 9.31704e-05
26.31 8.56944e-05
26.32 4.66075e-05
26.33 -7.66244e-05
26.34 -9.26096e-05
26.35 -6.26215e-05
26.36 -0.000133756
26.37 -0.000147152
26.38 -7.40335e-05
26.39 -0.000126858
26.4 -0.00022771
26.41 -0.000195828
26.42 -0.000187864
26.43 -0.000287786
26.44 -0.000305344
26.45 -0.0002603
26.46 -0.000300121
26.47 -0.000323593
26.48 -0.0002703
26.49 -0.000268263
26.5 -0.000264904
26.51 -0.000170719
26.52 -0.00014584
26.53 -0.000182993
26.54 -0.000102512
26.55 -4.53279e-05
26.56 -0.000111369
26.57 -8.54205e-05
26.58 -1.01887e-05
26.59 -9.17168e-05
26.6 -0.00016627
26.61 -9.05187e-05
26.62 -7.15274e-05
26.63 -0.000147597
26.64 -0.00014049
26.65 -0.000140485
26.66 -0.000238561
26.67 -0.000236668
26.68 -0.000150837
26.69 -0.00019014
26.7 -0.000208766
26.71 -7.11105e-05
26.72 -3.43691e-05
26.73 -9.74391e-05
26.74 -2.95708e-06
26.75 7.65351e-05
26.76 9.68383e-06
26.77 6.04993e-05
26.78 0.000184436
26.79 0.000155592
26.8 0.00012954
26.81 0.000200042
26.82 0.000178954
26.83 8.84236e-05
26.84 7.78372e-05
26.85 8.4133e-05
26.86 4.31326e-05
26.87 1.69278e-05
26.88 5.48902e-06
26.89 -2.46741e-05
26.9 -2.87082e-05
26.91 -1.64799e-05
26.92 -5.83908e-05
26.93 -8.583e-05
26.94 -2.74432e-05
26.95 -1.49381e-05
26.96 -9.15854e-05
26.97 -8.44912e-05
26.98 -1.12115e-06
26.99 -8.87255e-06
27 -7.05421e-05
27.01 -5.90608e-05
27.02 -3.51267e-06
27.03 2.86408e-06
27.04 -2.5444e-05
27.05 -1.12715e-05
27.06 4.51087e-05
27.07 8.88169e-05
27.08 0.000119907
27.09 0.00017408
27.1 0.000226738
27.11 0.000249902
27.12 0.000277682
27.13 0.000311583
27.14 0.000314091
27.15 0.000298939
27.16 0.000302993
27.17 0.00030297
27.18 0.000265223
27.19 0.000239828
27.2 0.000258129
27.21 0.000217377
27.22 9.19668e-05
27.23 4.43369e-05
27.24 7.10521e-05
27.25 -1.44907e-06
27.26 -7.37247e-05
27.27 -1.0837e-05
27.28 -3.3579e-05
27.29 -0.000184713
27.3 -0.000180987
27.31 -0.000115525
27.32 -0.000242227
27.33 -0.000346286
27.34 -0.000261247
27.35 -0.000242693
27.36 -0.000329436
27.37 -0.000292751
27.38 -0.000202315
27.39 -0.000206031
27.4 -0.000189972
27.41 -0.000109226
27.42 -8.12014e-05
27.43 -8.2651e-05
27.44 -1.72189e-05
27.45 4.91842e-05
27.46 6.47662e-05
27.47 0.000122834
27.48 0.000208034
27.49 0.000221525
27.5 0.000242383
27.51 0.000341163
27.52 0.000386196
27.53 0.000340381
27.54 0.000349759
27.55 0.000430288
27.56 0.000450049
27.57 0.000417128
27.58 0.000443559
27.59 0.000474195
27.6 0.000435298
27.61 0.000426794
27.62 0.000465549
27.63 0.000435886
27.64 0.000371339
27.65 0.000364088
27.66 0.000338703
27.67 0.000267398
27.68 0.000255864
27.69 0.000261142
27.7 0.00018525
27.71 0.000128785
27.72 0.000151498
27.73 0.000125539
27.74 5.50773e-05
27.75 6.64438e-05
27.76 8.15504e-05
27.77 -7.96414e-06
27.78 -5.47249e-05
27.79 1.60221e-05
27.8 2.27563e-05
27.81 -4.59891e-05
27.82 -4.89836e-05
27.83 -6.59745e-05
27.84 -0.000150267
27.85 -0.000173769
27.86 -0.000170242
27.87 -0.000232557
27.88 -0.000268951
27.89 -0.00025511
27.9 -0.00029479
27.91 -0.000336375
27.92 -0.000299348
27.93 -0.000299232
27.94 -0.000357618
27.95 -0.000335992
27.96 -0.000291338
27.97 -0.000334705
27.98 -0.000357596
27.99 -0.000332068
28 -0.000373374
28.01 -0.000407723
28.02 -0.00036953
28.03 -0.000402475
28.04 -0.000482576
28.05 -0.000439993
28.06 -0.000370946
28.07 -0.000419454
28.08 -0.000430094
28.09 -0.00031028
28.1 -0.000243627
28.11 -0.000251943
28.12 -0.000175884
28.13 -7.98472e-05
28.14 -7.4515e-05
28.15 -5.58643e-05
28.16 1.50407e-05
28.17 4.47228e-05
28.18 5.05788e-05
28.19 8.82519e-05
28.2 0.000102313
28.21 7.20998e-05
28.22 7.36921e-05
28.23 8.56511e-05
28.24 1.95205e-05
28.25 -6.34687e-05
28.26 -6.75226e-05
28.27 -7.58037e-05
28.28 -0.000165505
28.29 -0.000222308
28.3 -0.000202711
28.31 -0.000251193
28.32 -0.00035566
28.33 -0.000349453
28.34 -0.000305368
28.35 -0.000374112
28.36 -0.000418654
28.37 -0.00034808
28.38 -0.000344251
28.39 -0.000411574
28.4 -0.000379772
28.41 -0.000335179
28.42 -0.000384635
28.43 -0.000372119
28.44 -0.000284359
28.45 -0.00030946
28.46 -0.000357185
28.47 -0.00026911
28.48 -0.000225961
28.49 -0.000281339
28.5 -0.000210948
28.51 -9.32443e-05
28.52 -0.000110273
28.53 -9.83867e-05
28.54 1.17803e-05
28.55 3.77031e-05
28.56 3.07579e-05
28.57 0.00012763
28.58 0.000187215
28.59 0.000156909
28.6 0.000195848
28.61 0.000268474
28.62 0.000254653
28.63 0.000245436
28.64 0.000302716
28.65 0.000324636
28.66 0.000304674
28.67 0.00033766
28.68 0.000382996
28.69 0.000369275
28.7 0.000385099
28.71 0.00045401
28.72 0.00046943
28.73 0.000462426
28.74 0.000504356
28.75 0.000526745
28.76 0.00051858
28.77 0.000537668
28.78 0.000541652
28.79 0.000504176
28.8 0.000496492
28.81 0.000532775
28.82 0.000525684
28.83 0.000482144
28.84 0.000487842
28.85 0.000481229
28.86 0.000412109
28.87 0.000380683
28.88 0.000374862
28.89 0.000304187
28.9 0.000218226
28.91 0.000154993
28.92 6.69141e-05
28.93 -2.71904e-05
28.94 -9.40751e-05
28.95 -0.000158714
28.96 -0.000201913
28.97 -0.000202826
28.98 -0.000230935
28.99 -0.000293567
29 -0.000290939
29.01 -0.000257588
29.02 -0.000298371
29.03 -0.00032368
29.04 -0.000274064
29.05 -0.000267473
29.06 -0.000282202
29.07 -0.000230074
29.08 -0.000201116
29.09 -0.000214835
29.1 -0.000168322
29.11 -0.000101879
29.12 -7.85008e-05
29.13 -3.83935e-05
29.14 2.12702e-05
29.15 4.79889e-05
29.16 8.57042e-05
29.17 0.000157219
29.18 0.000189818
29.19 0.000198015
29.2 0.000241483
29.21 0.000267177
29.22 0.000242942
29.23 0.000252056
29.24 0.00030959
29.25 0.000313553
29.26 0.000279767
29.27 0.000321813
29.28 0.000375433
29.29 0.000334131
29.3 0.00031136
29.31 0.000378209
29.32 0.000381843
29.33 0.000303175
29.34 0.000301146
29.35 0.000324962
29.36 0.000261291
29.37 0.000205564
29.38 0.000192144
29.39 0.000136215
29.4 5.02367e-05
29.41 -6.86269e-06
29.42 -5.82813e-05
29.43 -0.000152361
29.44 -0.000233316
29.45 -0.000251795
29.46 -0.000302274
29.47 -0.000406277
29.48 -0.000436119
29.49 -0.000407997
29.5 -0.000443644
29.51 -0.000476365
29.52 -0.000444637
29.53 -0.00045054
29.54 -0.000460717
29.55 -0.000391039
29.56 -0.000361535
29.57 -0.000403183
29.58 -0.000365437
29.59 -0.000301861
29.6 -0.000328677
29.61 -0.000326256
29.62 -0.000260475
29.63 -0.000256338
29.64 -0.000275741
29.65 -0.000218762
29.66 -0.000153274
29.67 -0.000152011
29.68 -0.000144396
29.69 -0.000108848
29.7 -0.000122649
29.71 -0.000149961
29.72 -0.000122029
29.73 -9.80079e-05
29.74 -0.000115431
29.75 -0.000133452
29.76 -0.000136851
29.77 -0.000133034
29.78 -0.000129519
29.79 -0.000133418
29.8 -0.000135722
29.81 -0.000131267
29.82 -0.000131525
29.83 -0.00013621
29.84 -0.000132936
29.85 -0.000112633
29.86 -8.30247e-05
29.87 -7.97806e-05
29.88 -9.00759e-05
29.89 -5.37994e-05
29.9 -1.46854e-05
29.91 -2.31004e-05
29.92 1.39916e-05
29.93 8.4673e-05
29.94 6.49322e-05
29.95 5.0179e-05
29.96 0.000135709
29.97 0.000166402
29.98 0.00011722
29.99 0.000157316
30 0.000226399
30.01 0.000190716
30.02 0.000188221
30.03 0.000254072
30.04 0.000200858
30.05 0.000116654
30.06 0.000180489
30.07 0.00020289
30.08 8.19894e-05
30.09 5.11755e-05
30.1 8.95137e-05
30.11 5.77901e-06
30.12 -5.91352e-05
30.13 -1.60352e-05
30.14 -7.24417e-05
30.15 -0.000195241
30.16 -0.000162646
30.17 -9.89139e-05
30.18 -0.000183018
30.19 -0.000245713
30.2 -0.00020294
30.21 -0.000217616
30.22 -0.000252886
30.23 -0.000196706
30.24 -0.00015199
30.25 -0.00016099
30.26 -0.00014928
30.27 -0.000129209
30.28 -0.000103212
30.29 -4.4799e-05
30.3 -1.02057e-05
30.31 1.75481e-06
30.32 5.15826e-05
30.33 9.91833e-05
30.34 0.000117007
30.35 0.000150095
30.36 0.00019775
30.37 0.000231792
30.38 0.000265389
30.39 0.000304744
30.4 0.000311188
30.41 0.000287751
30.42 0.000291209
30.43 0.000309591
30.44 0.000297071
30.45 0.000286678
30.46 0.000301992
30.47 0.000293949
30.48 0.000253417
30.49 0.000245622
30.5 0.000280513
30.51 0.000268946
30.52 0.000213742
30.53 0.00020841
30.54 0.00021512
30.55 0.000173408
30.56 0.00012884
30.57 9.95275e-05
30.58 6.40096e-05
30.59 2.32745e-05
30.6 -1.00724e-05
30.61 -4.43296e-05
30.62 -0.000108033
30.63 -0.000172429
30.64 -0.000186289
30.65 -0.000202507
30.66 -0.00026919
30.67 -0.0002905
30.68 -0.000240297
30.69 -0.000238435
30.7 -0.000254757
30.71 -0.000189312
30.72 -0.000141583
30.73 -0.000158907
30.74 -0.000109615
30.75 -3.6512e-05
30.76 -6.98911e-05
30.77 -6.83693e-05
30.78 4.42564e-05
30.79 4.70559e-05
30.8 -3.86114e-05
30.81 2.97514e-05
30.82 0.000130244
30.83 7.95222e-05
30.84 6.43726e-05
30.85 0.000157615
30.86 0.000171947
30.87 0.000145198
30.88 0.000202131
30.89 0.000217482
30.9 0.000150986
30.91 0.000146297
30.92 0.000162615
30.93 0.000109849
30.94 6.61471e-05
30.95 5.54808e-05
30.96 3.65668e-05
30.97 3.47703e-05
30.98 2.63623e-05
30.99 -1.71135e-05
31 -1.59618e-05
31.01 2.66381e-05
31.02 2.85109e-05
31.03 3.13541e-05
31.04 5.97768e-05
31.05 4.74421e-05
31.06 4.1943e-05
31.07 0.000101568
31.08 0.000123042
31.09 9.61885e-05
31.1 0.000133775
31.11 0.000164775
31.12 0.000114526
31.13 0.000110243
31.14 0.000159595
31.15 0.000136206
31.16 0.000101552
31.17 0.000137724
31.18 0.000127015
31.19 5.21552e-05
31.2 5.60349e-05
31.21 7.92751e-05
31.22 1.5994e-05
31.23 4.71538e-06
31.24 7.01314e-05
31.25 4.6719e-05
31.26 -1.29467e-05
31.27 1.9537e-06
31.28 -1.68923e-05
31.29 -9.21751e-05
31.3 -9.98099e-05
31.31 -8.24802e-05
31.32 -0.00012565
31.33 -0.000145679
31.34 -9.88488e-05
31.35 -7.99206e-05
31.36 -9.73529e-05
31.37 -7.83183e-05
31.38 -5.59011e-05
31.39 -7.8325e-05
31.4 -9.28348e-05
31.41 -5.82571e-05
31.42 -3.99765e-05
31.43 -7.40965e-05
31.44 -9.15081e-05
31.45 -7.9259e-05
31.46 -9.01098e-05
31.47 -0.000116183
31.48 -0.000115836
31.49 -0.00010226
31.5 -0.000109538
31.51 -0.00011884
31.52 -0.000102385
31.53 -7.16603e-05
31.54 -5.25843e-05
31.55 -4.84538e-05
31.56 -2.83908e-05
31.57 -7.95084e-08
31.58 7.52204e-06
31.59 2.26683e-05
31.6 3.77877e-05
31.61 1.90027e-05
31.62 1.1171e-05
31.63 3.08576e-05
31.64 2.3944e-05
31.65 6.36465e-06
31.66 2.18422e-05
31.67 2.95589e-05
31.68 1.05519e-05
31.69 1.35154e-05
31.7 2.92011e-05
31.71 1.73123e-05
31.72 9.00085e-06
31.73 2.41223e-05
31.74 2.20688e-05
31.75 6.91516e-06
31.76 1.55268e-05
31.77 2.21529e-05
31.78 -8.89334e-06
31.79 -3.84351e-05
31.8 -8.54698e-06
31.81 3.65432e-05
31.82 1.68666e-05
31.83 -8.88518e-06
31.84 3.87867e-05
31.85 8.15598e-05
31.86 5.28713e-05
31.87 4.6483e-05
31.88 0.000108698
31.89 0.000138607
31.9 0.000109686
31.91 0.000113458
31.92 0.000154478
31.93 0.000147811
31.94 0.000112676
31.95 0.000110706
31.96 9.72166e-05
31.97 6.84252e-05
31.98 7.68193e-05
31.99 6.2992e-05
32 -4.39907e-06
32.01 -4.26702e-05
32.02 -5.1223e-05
32.03 -8.49299e-05
32.04 -0.0001077
32.05 -8.71123e-05
32.06 -8.28132e-05
32.07 -0.000123753
32.08 -0.000147648
32.09 -0.00012867
32.1 -0.000122629
32.11 -0.000140709
32.12 -0.000135236
32.13 -0.000120181
32.14 -0.000131859
32.15 -0.000148957
32.16 -0.000163432
32.17 -0.000179344
32.18 -0.000170673
32.19 -0.000155986
32.2 -0.000168391
32.21 -0.000172849
32.22 -0.000152749
32.23 -0.00013644
32.24 -0.00011957
32.25 -0.000108203
32.26 -0.000120441
32.27 -0.000110301
32.28 -6.67976e-05
32.29 -8.13666e-05
32.3 -0.000143559
32.31 -0.000128803
32.32 -9.36661e-05
32.33 -0.000154684
32.34 -0.000192316
32.35 -0.000148216
32.36 -0.000173432
32.37 -0.000234109
32.38 -0.000206396
32.39 -0.000176716
32.4 -0.000188466
32.41 -0.000168196
32.42 -0.000144394
32.43 -0.000141665
32.44 -0.000105989
32.45 -6.55337e-05
32.46 -6.36553e-05
32.47 -4.42218e-05
32.48 5.71773e-07
32.49 1.47577e-05
32.5 3.34344e-05
32.51 8.64024e-05
32.52 0.000110912
32.53 0.00012023
32.54 0.000162357
32.55 0.000183524
32.56 0.000177544
32.57 0.00020948
32.58 0.000244415
32.59 0.000230725
32.6 0.000229696
32.61 0.000270671
32.62 0.000274143
32.63 0.000236285
32.64 0.00024206
32.65 0.000272741
32.66 0.000271558
32.67 0.000268652
32.68 0.000279117
32.69 0.000285647
32.7 0.000295166
32.71 0.000291676
32.72 0.000259499
32.73 0.000230653
32.74 0.000217104
32.75 0.000197949
32.76 0.000179508
32.77 0.0001551
32.78 0.000111837
32.79 9.06313e-05
32.8 8.98916e-05
32.81 5.92231e-05
32.82 2.35039e-05
32.83 1.09588e-05
32.84 -1.22922e-05
32.85 -3.14494e-05
32.86 -3.4421e-05
32.87 -6.9041e-05
32.88 -9.71683e-05
32.89 -7.63894e-05
32.9 -9.12249e-05
32.91 -0.0001454
32.92 -0.000145591
32.93 -0.00014163
32.94 -0.000194187
32.95 -0.000200177
32.96 -0.000153583
32.97 -0.000189316
32.98 -0.000256647
32.99 -0.000223901
33 -0.000183133
33.01 -0.000225876
33.02 -0.000240816
33.03 -0.000191305
33.04 -0.00018967
33.05 -0.000225555
33.06 -0.0001956
33.07 -0.000155812
33.08 -0.000186622
33.09 -0.000195941
33.1 -0.000150489
33.11 -0.000143388
33.12 -0.000151482
33.13 -0.000120855
33.14 -0.000116587
33.15 -0.000139737
33.16 -0.000111581
33.17 -7.19264e-05
33.18 -8.9414e-05
33.19 -9.24145e-05
33.2 -3.12586e-05
33.21 -5.96044e-06
33.22 -3.54299e-05
33.23 -3.6186e-06
33.24 5.49605e-05
33.25 3.96807e-05
33.26 3.80098e-05
33.27 8.63224e-05
33.28 7.54864e-05
33.29 6.02941e-05
33.3 0.000123023
33.31 0.000130424
33.32 7.28124e-05
33.33 0.000110938
33.34 0.000169785
33.35 0.000123962
33.36 0.000101215
33.37 0.000149918
33.38 0.000136109
33.39 0.00010064
33.4 0.000148328
33.41 0.000171048
33.42 0.000113427
33.43 0.000106439
33.44 0.000151768
33.45 0.000129365
33.46 7.69503e-05
33.47 8.82883e-05
33.48 0.000106963
33.49 7.95779e-05
33.5 7.21164e-05
33.51 9.34875e-05
33.52 8.03617e-05
33.53 6.07861e-05
33.54 8.216e-05
33.55 9.58624e-05
33.56 7.54707e-05
33.57 7.27556e-05
33.58 9.32171e-05
33.59 8.92658e-05
33.6 7.10035e-05
33.61 7.51396e-05
33.62 7.92704e-05
33.63 6.37946e-05
33.64 5.60368e-05
33.65 5.39748e-05
33.66 3.50185e-05
33.67 2.16002e-05
33.68 2.77482e-05
33.69 2.05857e-05
33.7 -1.11987e-06
33.71 -3.44337e-06
33.72 3.21207e-06
33.73 -4.45283e-06
33.74 -8.49993e-06
33.75 -1.42979e-06
33.76 -1.32342e-06
33.77 -1.93929e-06
33.78 5.27395e-06
33.79 6.82473e-06
33.8 4.43918e-06
33.81 5.6923e-06
33.82 1.94659e-06
33.83 -7.01133e-06
33.84 -1.11477e-05
33.85 -1.07155e-05
33.86 -1.36378e-05
33.87 -2.11524e-05
33.88 -2.43641e-05
33.89 -2.16465e-05
33.9 -2.5767e-05
33.91 -3.61089e-05
33.92 -3.80522e-05
33.93 -3.70709e-05
33.94 -4.42315e-05
33.95 -4.95678e-05
33.96 -4.93903e-05
33.97 -5.33498e-05
33.98 -5.86092e-05
33.99 -6.06357e-05
34 -6.47777e-05
34.01 -6.89357e-05
34.02 -6.69168e-05
34.03 -6.54482e-05
34.04 -6.87611e-05
34.05 -6.57822e-05
34.06 -5.70368e-05
34.07 -5.6432e-05
34.08 -5.951e-05
34.09 -5.4284e-05
34.1 -4.78881e-05
34.11 -4.77621e-05
34.12 -4.54004e-05
34.13 -3.90958e-05
34.14 -3.72913e-05
34.15 -3.6577e-05
34.16 -3.01294e-05
34.17 -2.4746e-05
34.18 -2.46357e-05
34.19 -2.08669e-05
34.2 -1.25277e-05
34.21 -9.21057e-06
34.22 -8.37738e-06
34.23 -2.81355e-06
34.24 1.51801e-06
34.25 1.75977e-06
34.26 4.97018e-06
34.27 8.52994e-06
34.28 7.04855e-06
34.29 6.73011e-06
34.3 8.84421e-06
34.31 7.16302e-06
34.32 5.12817e-06
34.33 6.87585e-06
34.34 6.31646e-06
34.35 3.0759e-06
34.36 3.81083e-06
34.37 5.12155e-06
34.38 2.53171e-06
34.39 1.8327e-06
34.4 3.81219e-06
34.41 2.86277e-06
34.42 1.37849e-06
34.43 2.69896e-06
34.44 2.95226e-06
34.45 1.69029e-06
34.46 2.5411e-06
34.47 3.55649e-06
34.48 2.4514e-06
34.49 2.4005e-06
34.5 3.83604e-06
34.51 3.408e-06
34.52 2.32805e-06
34.53 3.2555e-06
34.54 3.93715e-06
34.55 3.18408e-06
34.56 3.4554e-06
34.57 4.19244e-06
34.58 3.58351e-06
34.59 3.35938e-06
34.6 4.05486e-06
34.61 3.69454e-06
34.62 3.05902e-06
34.63 3.57784e-06
34.64 3.63876e-06
34.65 2.78661e-06
34.66 2.82944e-06
34.67 3.2395e-06
34.68 2.6396e-06
34.69 2.2753e-06
34.7 2.72076e-06
34.71 2.49884e-06
34.72 1.91052e-06
34.73 2.17762e-06
34.74 2.35785e-06
34.75 1.8247e-06
34.76 1.76615e-06
34.77 2.1064e-06
34.78 1.81112e-06
34.79 1.52229e-06
34.8 1.82431e-06
34.81 1.79453e-06
34.82 1.40401e-06
34.83 1.52398e-06
34.84 1.69663e-06
34.85 1.36866e-06
34.86 1.27129e-06
34.87 1.50774e-06
34.88 1.34046e-06
34.89 1.08589e-06
34.9 1.25334e-06
34.91 1.26477e-06
34.92 9.70065e-07
34.93 9.90318e-07
34.94 1.11889e-06
34.95 8.94011e-07
34.96 7.65858e-07
34.97 9.12338e-07
34.98 8.16199e-07
34.99 1.59453e-07
